[2021-07-18 16:26:29,103] {scheduler_job.py:181} INFO - Started process (PID=13942) to work on /home/julio/airflow/dags/treino01.py
[2021-07-18 16:26:29,105] {scheduler_job.py:632} INFO - Processing file /home/julio/airflow/dags/treino01.py for tasks to queue
[2021-07-18 16:26:29,106] {logging_mixin.py:104} INFO - [2021-07-18 16:26:29,106] {dagbag.py:496} INFO - Filling up the DagBag from /home/julio/airflow/dags/treino01.py
[2021-07-18 16:26:29,126] {scheduler_job.py:642} INFO - DAG(s) dict_keys(['treino-01']) retrieved from /home/julio/airflow/dags/treino01.py
[2021-07-18 16:26:29,730] {logging_mixin.py:104} INFO - [2021-07-18 16:26:29,729] {dag.py:1833} INFO - Sync 1 DAGs
[2021-07-18 16:26:29,734] {logging_mixin.py:104} INFO - [2021-07-18 16:26:29,734] {dag.py:1852} INFO - Creating ORM DAG for treino-01
[2021-07-18 16:26:29,737] {logging_mixin.py:104} INFO - [2021-07-18 16:26:29,737] {dag.py:2306} INFO - Setting next_dagrun for treino-01 to 2021-07-18T19:00:00+00:00
[2021-07-18 16:26:29,757] {scheduler_job.py:189} INFO - Processing /home/julio/airflow/dags/treino01.py took 0.656 seconds
[2021-07-18 16:27:04,852] {scheduler_job.py:181} INFO - Started process (PID=14249) to work on /home/julio/airflow/dags/treino01.py
[2021-07-18 16:27:04,853] {scheduler_job.py:632} INFO - Processing file /home/julio/airflow/dags/treino01.py for tasks to queue
[2021-07-18 16:27:04,855] {logging_mixin.py:104} INFO - [2021-07-18 16:27:04,855] {dagbag.py:496} INFO - Filling up the DagBag from /home/julio/airflow/dags/treino01.py
[2021-07-18 16:27:04,865] {scheduler_job.py:642} INFO - DAG(s) dict_keys(['treino-01']) retrieved from /home/julio/airflow/dags/treino01.py
[2021-07-18 16:27:04,878] {logging_mixin.py:104} INFO - [2021-07-18 16:27:04,878] {dag.py:1833} INFO - Sync 1 DAGs
[2021-07-18 16:27:04,891] {logging_mixin.py:104} INFO - [2021-07-18 16:27:04,891] {dag.py:2306} INFO - Setting next_dagrun for treino-01 to 2021-07-18T19:00:00+00:00
[2021-07-18 16:27:04,908] {scheduler_job.py:189} INFO - Processing /home/julio/airflow/dags/treino01.py took 0.059 seconds
[2021-07-18 16:27:36,316] {scheduler_job.py:181} INFO - Started process (PID=14347) to work on /home/julio/airflow/dags/treino01.py
[2021-07-18 16:27:36,319] {scheduler_job.py:632} INFO - Processing file /home/julio/airflow/dags/treino01.py for tasks to queue
[2021-07-18 16:27:36,320] {logging_mixin.py:104} INFO - [2021-07-18 16:27:36,320] {dagbag.py:496} INFO - Filling up the DagBag from /home/julio/airflow/dags/treino01.py
[2021-07-18 16:27:36,336] {scheduler_job.py:642} INFO - DAG(s) dict_keys(['treino-01']) retrieved from /home/julio/airflow/dags/treino01.py
[2021-07-18 16:27:36,370] {logging_mixin.py:104} INFO - [2021-07-18 16:27:36,370] {dag.py:1833} INFO - Sync 1 DAGs
[2021-07-18 16:27:36,388] {logging_mixin.py:104} INFO - [2021-07-18 16:27:36,387] {dag.py:2306} INFO - Setting next_dagrun for treino-01 to 2021-07-18T19:00:00+00:00
[2021-07-18 16:27:36,410] {scheduler_job.py:189} INFO - Processing /home/julio/airflow/dags/treino01.py took 0.096 seconds
[2021-07-18 16:28:09,654] {scheduler_job.py:181} INFO - Started process (PID=14429) to work on /home/julio/airflow/dags/treino01.py
[2021-07-18 16:28:09,656] {scheduler_job.py:632} INFO - Processing file /home/julio/airflow/dags/treino01.py for tasks to queue
[2021-07-18 16:28:09,662] {logging_mixin.py:104} INFO - [2021-07-18 16:28:09,659] {dagbag.py:496} INFO - Filling up the DagBag from /home/julio/airflow/dags/treino01.py
[2021-07-18 16:28:09,700] {scheduler_job.py:642} INFO - DAG(s) dict_keys(['treino-01']) retrieved from /home/julio/airflow/dags/treino01.py
[2021-07-18 16:28:09,720] {logging_mixin.py:104} INFO - [2021-07-18 16:28:09,720] {dag.py:1833} INFO - Sync 1 DAGs
[2021-07-18 16:28:09,740] {logging_mixin.py:104} INFO - [2021-07-18 16:28:09,740] {dag.py:2306} INFO - Setting next_dagrun for treino-01 to 2021-07-18T19:00:00+00:00
[2021-07-18 16:28:09,762] {scheduler_job.py:189} INFO - Processing /home/julio/airflow/dags/treino01.py took 0.116 seconds
[2021-07-18 16:28:45,000] {scheduler_job.py:181} INFO - Started process (PID=14525) to work on /home/julio/airflow/dags/treino01.py
[2021-07-18 16:28:45,002] {scheduler_job.py:632} INFO - Processing file /home/julio/airflow/dags/treino01.py for tasks to queue
[2021-07-18 16:28:45,002] {logging_mixin.py:104} INFO - [2021-07-18 16:28:45,002] {dagbag.py:496} INFO - Filling up the DagBag from /home/julio/airflow/dags/treino01.py
[2021-07-18 16:28:45,027] {scheduler_job.py:642} INFO - DAG(s) dict_keys(['treino-01']) retrieved from /home/julio/airflow/dags/treino01.py
[2021-07-18 16:28:45,324] {logging_mixin.py:104} INFO - [2021-07-18 16:28:45,324] {dag.py:1833} INFO - Sync 1 DAGs
[2021-07-18 16:28:45,349] {logging_mixin.py:104} INFO - [2021-07-18 16:28:45,349] {dag.py:2306} INFO - Setting next_dagrun for treino-01 to 2021-07-18T16:00:00+00:00
[2021-07-18 16:28:45,378] {scheduler_job.py:189} INFO - Processing /home/julio/airflow/dags/treino01.py took 0.380 seconds
[2021-07-18 16:29:17,672] {scheduler_job.py:181} INFO - Started process (PID=14601) to work on /home/julio/airflow/dags/treino01.py
[2021-07-18 16:29:17,681] {scheduler_job.py:632} INFO - Processing file /home/julio/airflow/dags/treino01.py for tasks to queue
[2021-07-18 16:29:17,684] {logging_mixin.py:104} INFO - [2021-07-18 16:29:17,683] {dagbag.py:496} INFO - Filling up the DagBag from /home/julio/airflow/dags/treino01.py
[2021-07-18 16:29:17,727] {scheduler_job.py:642} INFO - DAG(s) dict_keys(['treino-01']) retrieved from /home/julio/airflow/dags/treino01.py
[2021-07-18 16:29:18,127] {logging_mixin.py:104} INFO - [2021-07-18 16:29:18,127] {dag.py:1833} INFO - Sync 1 DAGs
[2021-07-18 16:29:18,137] {logging_mixin.py:104} INFO - [2021-07-18 16:29:18,137] {dag.py:2306} INFO - Setting next_dagrun for treino-01 to 2021-07-18T19:00:00+00:00
[2021-07-18 16:29:18,178] {scheduler_job.py:189} INFO - Processing /home/julio/airflow/dags/treino01.py took 0.510 seconds
[2021-07-18 16:30:12,699] {scheduler_job.py:181} INFO - Started process (PID=14780) to work on /home/julio/airflow/dags/treino01.py
[2021-07-18 16:30:12,702] {scheduler_job.py:632} INFO - Processing file /home/julio/airflow/dags/treino01.py for tasks to queue
[2021-07-18 16:30:12,706] {logging_mixin.py:104} INFO - [2021-07-18 16:30:12,706] {dagbag.py:496} INFO - Filling up the DagBag from /home/julio/airflow/dags/treino01.py
[2021-07-18 16:30:12,725] {scheduler_job.py:642} INFO - DAG(s) dict_keys(['treino-01']) retrieved from /home/julio/airflow/dags/treino01.py
[2021-07-18 16:30:12,738] {logging_mixin.py:104} INFO - [2021-07-18 16:30:12,738] {dag.py:1833} INFO - Sync 1 DAGs
[2021-07-18 16:30:12,749] {logging_mixin.py:104} INFO - [2021-07-18 16:30:12,748] {dag.py:2306} INFO - Setting next_dagrun for treino-01 to 2021-07-18 19:30:00+00:00
[2021-07-18 16:30:12,765] {scheduler_job.py:189} INFO - Processing /home/julio/airflow/dags/treino01.py took 0.068 seconds
[2021-07-18 16:31:44,300] {scheduler_job.py:181} INFO - Started process (PID=14991) to work on /home/julio/airflow/dags/treino01.py
[2021-07-18 16:31:44,305] {scheduler_job.py:632} INFO - Processing file /home/julio/airflow/dags/treino01.py for tasks to queue
[2021-07-18 16:31:44,305] {logging_mixin.py:104} INFO - [2021-07-18 16:31:44,305] {dagbag.py:496} INFO - Filling up the DagBag from /home/julio/airflow/dags/treino01.py
[2021-07-18 16:31:44,319] {scheduler_job.py:642} INFO - DAG(s) dict_keys(['treino-01']) retrieved from /home/julio/airflow/dags/treino01.py
[2021-07-18 16:31:44,617] {logging_mixin.py:104} INFO - [2021-07-18 16:31:44,616] {dag.py:1833} INFO - Sync 1 DAGs
[2021-07-18 16:31:44,630] {logging_mixin.py:104} INFO - [2021-07-18 16:31:44,630] {dag.py:2306} INFO - Setting next_dagrun for treino-01 to 2021-07-18 19:30:00+00:00
[2021-07-18 16:31:44,654] {scheduler_job.py:189} INFO - Processing /home/julio/airflow/dags/treino01.py took 0.357 seconds
[2021-07-18 16:32:14,973] {scheduler_job.py:181} INFO - Started process (PID=15066) to work on /home/julio/airflow/dags/treino01.py
[2021-07-18 16:32:14,974] {scheduler_job.py:632} INFO - Processing file /home/julio/airflow/dags/treino01.py for tasks to queue
[2021-07-18 16:32:14,974] {logging_mixin.py:104} INFO - [2021-07-18 16:32:14,974] {dagbag.py:496} INFO - Filling up the DagBag from /home/julio/airflow/dags/treino01.py
[2021-07-18 16:32:14,993] {scheduler_job.py:642} INFO - DAG(s) dict_keys(['treino-01']) retrieved from /home/julio/airflow/dags/treino01.py
[2021-07-18 16:32:15,013] {logging_mixin.py:104} INFO - [2021-07-18 16:32:15,013] {dag.py:1833} INFO - Sync 1 DAGs
[2021-07-18 16:32:15,024] {logging_mixin.py:104} INFO - [2021-07-18 16:32:15,024] {dag.py:2306} INFO - Setting next_dagrun for treino-01 to 2021-07-18 19:32:00+00:00
[2021-07-18 16:32:15,050] {scheduler_job.py:189} INFO - Processing /home/julio/airflow/dags/treino01.py took 0.080 seconds
[2021-07-18 16:32:45,116] {scheduler_job.py:181} INFO - Started process (PID=15140) to work on /home/julio/airflow/dags/treino01.py
[2021-07-18 16:32:45,118] {scheduler_job.py:632} INFO - Processing file /home/julio/airflow/dags/treino01.py for tasks to queue
[2021-07-18 16:32:45,118] {logging_mixin.py:104} INFO - [2021-07-18 16:32:45,118] {dagbag.py:496} INFO - Filling up the DagBag from /home/julio/airflow/dags/treino01.py
[2021-07-18 16:32:45,131] {scheduler_job.py:642} INFO - DAG(s) dict_keys(['treino-01']) retrieved from /home/julio/airflow/dags/treino01.py
[2021-07-18 16:32:45,142] {logging_mixin.py:104} INFO - [2021-07-18 16:32:45,142] {dag.py:1833} INFO - Sync 1 DAGs
[2021-07-18 16:32:45,151] {logging_mixin.py:104} INFO - [2021-07-18 16:32:45,151] {dag.py:2306} INFO - Setting next_dagrun for treino-01 to 2021-07-18 19:32:00+00:00
[2021-07-18 16:32:45,167] {scheduler_job.py:189} INFO - Processing /home/julio/airflow/dags/treino01.py took 0.055 seconds
[2021-07-18 16:33:20,608] {scheduler_job.py:181} INFO - Started process (PID=15230) to work on /home/julio/airflow/dags/treino01.py
[2021-07-18 16:33:20,611] {scheduler_job.py:632} INFO - Processing file /home/julio/airflow/dags/treino01.py for tasks to queue
[2021-07-18 16:33:20,612] {logging_mixin.py:104} INFO - [2021-07-18 16:33:20,612] {dagbag.py:496} INFO - Filling up the DagBag from /home/julio/airflow/dags/treino01.py
[2021-07-18 16:33:20,626] {scheduler_job.py:642} INFO - DAG(s) dict_keys(['treino-01']) retrieved from /home/julio/airflow/dags/treino01.py
[2021-07-18 16:33:20,638] {logging_mixin.py:104} INFO - [2021-07-18 16:33:20,638] {dag.py:1833} INFO - Sync 1 DAGs
[2021-07-18 16:33:20,647] {logging_mixin.py:104} INFO - [2021-07-18 16:33:20,647] {dag.py:2306} INFO - Setting next_dagrun for treino-01 to 2021-07-18 19:32:00+00:00
[2021-07-18 16:33:20,665] {scheduler_job.py:189} INFO - Processing /home/julio/airflow/dags/treino01.py took 0.061 seconds
[2021-07-18 16:33:54,104] {scheduler_job.py:181} INFO - Started process (PID=15300) to work on /home/julio/airflow/dags/treino01.py
[2021-07-18 16:33:54,108] {scheduler_job.py:632} INFO - Processing file /home/julio/airflow/dags/treino01.py for tasks to queue
[2021-07-18 16:33:54,110] {logging_mixin.py:104} INFO - [2021-07-18 16:33:54,109] {dagbag.py:496} INFO - Filling up the DagBag from /home/julio/airflow/dags/treino01.py
[2021-07-18 16:33:54,127] {scheduler_job.py:642} INFO - DAG(s) dict_keys(['treino-01']) retrieved from /home/julio/airflow/dags/treino01.py
[2021-07-18 16:33:54,315] {logging_mixin.py:104} INFO - [2021-07-18 16:33:54,313] {dag.py:1833} INFO - Sync 1 DAGs
[2021-07-18 16:33:54,328] {logging_mixin.py:104} INFO - [2021-07-18 16:33:54,327] {dag.py:2306} INFO - Setting next_dagrun for treino-01 to 2021-07-18 19:32:00+00:00
[2021-07-18 16:33:54,346] {scheduler_job.py:189} INFO - Processing /home/julio/airflow/dags/treino01.py took 0.247 seconds
[2021-07-18 16:34:26,043] {scheduler_job.py:181} INFO - Started process (PID=15357) to work on /home/julio/airflow/dags/treino01.py
[2021-07-18 16:34:26,045] {scheduler_job.py:632} INFO - Processing file /home/julio/airflow/dags/treino01.py for tasks to queue
[2021-07-18 16:34:26,046] {logging_mixin.py:104} INFO - [2021-07-18 16:34:26,046] {dagbag.py:496} INFO - Filling up the DagBag from /home/julio/airflow/dags/treino01.py
[2021-07-18 16:34:26,058] {scheduler_job.py:642} INFO - DAG(s) dict_keys(['treino-01']) retrieved from /home/julio/airflow/dags/treino01.py
[2021-07-18 16:34:26,069] {logging_mixin.py:104} INFO - [2021-07-18 16:34:26,069] {dag.py:1833} INFO - Sync 1 DAGs
[2021-07-18 16:34:26,077] {logging_mixin.py:104} INFO - [2021-07-18 16:34:26,076] {dag.py:2306} INFO - Setting next_dagrun for treino-01 to 2021-07-18 19:32:00+00:00
[2021-07-18 16:34:26,090] {scheduler_job.py:189} INFO - Processing /home/julio/airflow/dags/treino01.py took 0.051 seconds
[2021-07-18 16:34:58,038] {scheduler_job.py:181} INFO - Started process (PID=15410) to work on /home/julio/airflow/dags/treino01.py
[2021-07-18 16:34:58,040] {scheduler_job.py:632} INFO - Processing file /home/julio/airflow/dags/treino01.py for tasks to queue
[2021-07-18 16:34:58,040] {logging_mixin.py:104} INFO - [2021-07-18 16:34:58,040] {dagbag.py:496} INFO - Filling up the DagBag from /home/julio/airflow/dags/treino01.py
[2021-07-18 16:34:58,061] {scheduler_job.py:642} INFO - DAG(s) dict_keys(['treino-01']) retrieved from /home/julio/airflow/dags/treino01.py
[2021-07-18 16:34:58,072] {logging_mixin.py:104} INFO - [2021-07-18 16:34:58,072] {dag.py:1833} INFO - Sync 1 DAGs
[2021-07-18 16:34:58,086] {logging_mixin.py:104} INFO - [2021-07-18 16:34:58,086] {dag.py:2306} INFO - Setting next_dagrun for treino-01 to 2021-07-18 19:32:00+00:00
[2021-07-18 16:34:58,117] {scheduler_job.py:189} INFO - Processing /home/julio/airflow/dags/treino01.py took 0.081 seconds
[2021-07-18 16:35:31,444] {scheduler_job.py:181} INFO - Started process (PID=15474) to work on /home/julio/airflow/dags/treino01.py
[2021-07-18 16:35:31,446] {scheduler_job.py:632} INFO - Processing file /home/julio/airflow/dags/treino01.py for tasks to queue
[2021-07-18 16:35:31,446] {logging_mixin.py:104} INFO - [2021-07-18 16:35:31,446] {dagbag.py:496} INFO - Filling up the DagBag from /home/julio/airflow/dags/treino01.py
[2021-07-18 16:35:31,456] {scheduler_job.py:642} INFO - DAG(s) dict_keys(['treino-01']) retrieved from /home/julio/airflow/dags/treino01.py
[2021-07-18 16:35:31,466] {logging_mixin.py:104} INFO - [2021-07-18 16:35:31,466] {dag.py:1833} INFO - Sync 1 DAGs
[2021-07-18 16:35:31,474] {logging_mixin.py:104} INFO - [2021-07-18 16:35:31,474] {dag.py:2306} INFO - Setting next_dagrun for treino-01 to 2021-07-18 19:32:00+00:00
[2021-07-18 16:35:31,489] {scheduler_job.py:189} INFO - Processing /home/julio/airflow/dags/treino01.py took 0.058 seconds
[2021-07-18 16:36:05,010] {scheduler_job.py:181} INFO - Started process (PID=15532) to work on /home/julio/airflow/dags/treino01.py
[2021-07-18 16:36:05,014] {scheduler_job.py:632} INFO - Processing file /home/julio/airflow/dags/treino01.py for tasks to queue
[2021-07-18 16:36:05,015] {logging_mixin.py:104} INFO - [2021-07-18 16:36:05,015] {dagbag.py:496} INFO - Filling up the DagBag from /home/julio/airflow/dags/treino01.py
[2021-07-18 16:36:05,035] {scheduler_job.py:642} INFO - DAG(s) dict_keys(['treino-01']) retrieved from /home/julio/airflow/dags/treino01.py
[2021-07-18 16:36:05,056] {logging_mixin.py:104} INFO - [2021-07-18 16:36:05,056] {dag.py:1833} INFO - Sync 1 DAGs
[2021-07-18 16:36:05,073] {logging_mixin.py:104} INFO - [2021-07-18 16:36:05,072] {dag.py:2306} INFO - Setting next_dagrun for treino-01 to 2021-07-18 19:32:00+00:00
[2021-07-18 16:36:05,095] {scheduler_job.py:189} INFO - Processing /home/julio/airflow/dags/treino01.py took 0.087 seconds
[2021-07-18 16:36:35,339] {scheduler_job.py:181} INFO - Started process (PID=15584) to work on /home/julio/airflow/dags/treino01.py
[2021-07-18 16:36:35,344] {scheduler_job.py:632} INFO - Processing file /home/julio/airflow/dags/treino01.py for tasks to queue
[2021-07-18 16:36:35,346] {logging_mixin.py:104} INFO - [2021-07-18 16:36:35,345] {dagbag.py:496} INFO - Filling up the DagBag from /home/julio/airflow/dags/treino01.py
[2021-07-18 16:36:35,361] {scheduler_job.py:642} INFO - DAG(s) dict_keys(['treino-01']) retrieved from /home/julio/airflow/dags/treino01.py
[2021-07-18 16:36:35,373] {logging_mixin.py:104} INFO - [2021-07-18 16:36:35,373] {dag.py:1833} INFO - Sync 1 DAGs
[2021-07-18 16:36:35,385] {logging_mixin.py:104} INFO - [2021-07-18 16:36:35,385] {dag.py:2306} INFO - Setting next_dagrun for treino-01 to 2021-07-18 19:32:00+00:00
[2021-07-18 16:36:35,401] {scheduler_job.py:189} INFO - Processing /home/julio/airflow/dags/treino01.py took 0.067 seconds
[2021-07-18 16:37:06,842] {scheduler_job.py:181} INFO - Started process (PID=15642) to work on /home/julio/airflow/dags/treino01.py
[2021-07-18 16:37:06,844] {scheduler_job.py:632} INFO - Processing file /home/julio/airflow/dags/treino01.py for tasks to queue
[2021-07-18 16:37:06,846] {logging_mixin.py:104} INFO - [2021-07-18 16:37:06,846] {dagbag.py:496} INFO - Filling up the DagBag from /home/julio/airflow/dags/treino01.py
[2021-07-18 16:37:06,859] {scheduler_job.py:642} INFO - DAG(s) dict_keys(['treino-01']) retrieved from /home/julio/airflow/dags/treino01.py
[2021-07-18 16:37:06,873] {logging_mixin.py:104} INFO - [2021-07-18 16:37:06,872] {dag.py:1833} INFO - Sync 1 DAGs
[2021-07-18 16:37:06,883] {logging_mixin.py:104} INFO - [2021-07-18 16:37:06,883] {dag.py:2306} INFO - Setting next_dagrun for treino-01 to 2021-07-18 19:32:00+00:00
[2021-07-18 16:37:06,900] {scheduler_job.py:189} INFO - Processing /home/julio/airflow/dags/treino01.py took 0.063 seconds
[2021-07-18 16:37:42,068] {scheduler_job.py:181} INFO - Started process (PID=15713) to work on /home/julio/airflow/dags/treino01.py
[2021-07-18 16:37:42,069] {scheduler_job.py:632} INFO - Processing file /home/julio/airflow/dags/treino01.py for tasks to queue
[2021-07-18 16:37:42,070] {logging_mixin.py:104} INFO - [2021-07-18 16:37:42,070] {dagbag.py:496} INFO - Filling up the DagBag from /home/julio/airflow/dags/treino01.py
[2021-07-18 16:37:42,084] {scheduler_job.py:642} INFO - DAG(s) dict_keys(['treino-01']) retrieved from /home/julio/airflow/dags/treino01.py
[2021-07-18 16:37:42,098] {logging_mixin.py:104} INFO - [2021-07-18 16:37:42,098] {dag.py:1833} INFO - Sync 1 DAGs
[2021-07-18 16:37:42,110] {logging_mixin.py:104} INFO - [2021-07-18 16:37:42,110] {dag.py:2306} INFO - Setting next_dagrun for treino-01 to 2021-07-18 19:32:00+00:00
[2021-07-18 16:37:42,140] {scheduler_job.py:189} INFO - Processing /home/julio/airflow/dags/treino01.py took 0.075 seconds
[2021-07-18 16:38:17,062] {scheduler_job.py:181} INFO - Started process (PID=15792) to work on /home/julio/airflow/dags/treino01.py
[2021-07-18 16:38:17,064] {scheduler_job.py:632} INFO - Processing file /home/julio/airflow/dags/treino01.py for tasks to queue
[2021-07-18 16:38:17,064] {logging_mixin.py:104} INFO - [2021-07-18 16:38:17,064] {dagbag.py:496} INFO - Filling up the DagBag from /home/julio/airflow/dags/treino01.py
[2021-07-18 16:38:17,080] {scheduler_job.py:642} INFO - DAG(s) dict_keys(['treino-01']) retrieved from /home/julio/airflow/dags/treino01.py
[2021-07-18 16:38:17,092] {logging_mixin.py:104} INFO - [2021-07-18 16:38:17,092] {dag.py:1833} INFO - Sync 1 DAGs
[2021-07-18 16:38:17,101] {logging_mixin.py:104} INFO - [2021-07-18 16:38:17,101] {dag.py:2306} INFO - Setting next_dagrun for treino-01 to 2021-07-18 19:38:00+00:00
[2021-07-18 16:38:17,119] {scheduler_job.py:189} INFO - Processing /home/julio/airflow/dags/treino01.py took 0.060 seconds
[2021-07-18 16:39:49,518] {scheduler_job.py:181} INFO - Started process (PID=15887) to work on /home/julio/airflow/dags/treino01.py
[2021-07-18 16:39:49,522] {scheduler_job.py:632} INFO - Processing file /home/julio/airflow/dags/treino01.py for tasks to queue
[2021-07-18 16:39:49,523] {logging_mixin.py:104} INFO - [2021-07-18 16:39:49,523] {dagbag.py:496} INFO - Filling up the DagBag from /home/julio/airflow/dags/treino01.py
[2021-07-18 16:39:49,539] {scheduler_job.py:642} INFO - DAG(s) dict_keys(['treino-01']) retrieved from /home/julio/airflow/dags/treino01.py
[2021-07-18 16:39:49,591] {logging_mixin.py:104} INFO - [2021-07-18 16:39:49,591] {dag.py:1833} INFO - Sync 1 DAGs
[2021-07-18 16:39:49,608] {logging_mixin.py:104} INFO - [2021-07-18 16:39:49,608] {dag.py:2306} INFO - Setting next_dagrun for treino-01 to 2021-07-18 19:38:00+00:00
[2021-07-18 16:39:49,636] {scheduler_job.py:189} INFO - Processing /home/julio/airflow/dags/treino01.py took 0.120 seconds
[2021-07-18 16:40:52,748] {scheduler_job.py:181} INFO - Started process (PID=15930) to work on /home/julio/airflow/dags/treino01.py
[2021-07-18 16:40:52,749] {scheduler_job.py:632} INFO - Processing file /home/julio/airflow/dags/treino01.py for tasks to queue
[2021-07-18 16:40:52,749] {logging_mixin.py:104} INFO - [2021-07-18 16:40:52,749] {dagbag.py:496} INFO - Filling up the DagBag from /home/julio/airflow/dags/treino01.py
[2021-07-18 16:40:52,758] {scheduler_job.py:642} INFO - DAG(s) dict_keys(['treino-01']) retrieved from /home/julio/airflow/dags/treino01.py
[2021-07-18 16:40:52,996] {logging_mixin.py:104} INFO - [2021-07-18 16:40:52,996] {dag.py:1833} INFO - Sync 1 DAGs
[2021-07-18 16:40:53,002] {logging_mixin.py:104} INFO - [2021-07-18 16:40:53,001] {dag.py:2306} INFO - Setting next_dagrun for treino-01 to 2021-07-18 19:38:00+00:00
[2021-07-18 16:40:53,019] {scheduler_job.py:189} INFO - Processing /home/julio/airflow/dags/treino01.py took 0.273 seconds
[2021-07-18 16:41:29,887] {scheduler_job.py:181} INFO - Started process (PID=16034) to work on /home/julio/airflow/dags/treino01.py
[2021-07-18 16:41:29,889] {scheduler_job.py:632} INFO - Processing file /home/julio/airflow/dags/treino01.py for tasks to queue
[2021-07-18 16:41:29,890] {logging_mixin.py:104} INFO - [2021-07-18 16:41:29,890] {dagbag.py:496} INFO - Filling up the DagBag from /home/julio/airflow/dags/treino01.py
[2021-07-18 16:41:29,907] {scheduler_job.py:642} INFO - DAG(s) dict_keys(['treino-01']) retrieved from /home/julio/airflow/dags/treino01.py
[2021-07-18 16:41:29,933] {logging_mixin.py:104} INFO - [2021-07-18 16:41:29,933] {dag.py:1833} INFO - Sync 1 DAGs
[2021-07-18 16:41:29,956] {logging_mixin.py:104} INFO - [2021-07-18 16:41:29,956] {dag.py:2306} INFO - Setting next_dagrun for treino-01 to 2021-07-18 19:40:00+00:00
[2021-07-18 16:41:29,981] {scheduler_job.py:189} INFO - Processing /home/julio/airflow/dags/treino01.py took 0.099 seconds
[2021-07-18 16:42:01,176] {scheduler_job.py:181} INFO - Started process (PID=16115) to work on /home/julio/airflow/dags/treino01.py
[2021-07-18 16:42:01,178] {scheduler_job.py:632} INFO - Processing file /home/julio/airflow/dags/treino01.py for tasks to queue
[2021-07-18 16:42:01,181] {logging_mixin.py:104} INFO - [2021-07-18 16:42:01,180] {dagbag.py:496} INFO - Filling up the DagBag from /home/julio/airflow/dags/treino01.py
[2021-07-18 16:42:01,191] {scheduler_job.py:642} INFO - DAG(s) dict_keys(['treino-01']) retrieved from /home/julio/airflow/dags/treino01.py
[2021-07-18 16:42:01,205] {logging_mixin.py:104} INFO - [2021-07-18 16:42:01,204] {dag.py:1833} INFO - Sync 1 DAGs
[2021-07-18 16:42:01,217] {logging_mixin.py:104} INFO - [2021-07-18 16:42:01,217] {dag.py:2306} INFO - Setting next_dagrun for treino-01 to 2021-07-18 19:40:00+00:00
[2021-07-18 16:42:01,240] {scheduler_job.py:189} INFO - Processing /home/julio/airflow/dags/treino01.py took 0.067 seconds
