[2021-07-18 15:56:24,474] {scheduler_job.py:181} INFO - Started process (PID=11746) to work on /home/julio/anaconda3/lib/python3.8/site-packages/airflow/example_dags/example_dag_decorator.py
[2021-07-18 15:56:24,474] {scheduler_job.py:632} INFO - Processing file /home/julio/anaconda3/lib/python3.8/site-packages/airflow/example_dags/example_dag_decorator.py for tasks to queue
[2021-07-18 15:56:24,475] {logging_mixin.py:104} INFO - [2021-07-18 15:56:24,475] {dagbag.py:496} INFO - Filling up the DagBag from /home/julio/anaconda3/lib/python3.8/site-packages/airflow/example_dags/example_dag_decorator.py
[2021-07-18 15:56:24,487] {scheduler_job.py:642} INFO - DAG(s) dict_keys(['example_dag_decorator']) retrieved from /home/julio/anaconda3/lib/python3.8/site-packages/airflow/example_dags/example_dag_decorator.py
[2021-07-18 15:56:24,721] {logging_mixin.py:104} INFO - [2021-07-18 15:56:24,721] {dag.py:1833} INFO - Sync 1 DAGs
[2021-07-18 15:56:24,730] {logging_mixin.py:104} INFO - [2021-07-18 15:56:24,730] {dag.py:2306} INFO - Setting next_dagrun for example_dag_decorator to None
[2021-07-18 15:56:24,742] {scheduler_job.py:189} INFO - Processing /home/julio/anaconda3/lib/python3.8/site-packages/airflow/example_dags/example_dag_decorator.py took 0.271 seconds
[2021-07-18 15:56:55,763] {scheduler_job.py:181} INFO - Started process (PID=11779) to work on /home/julio/anaconda3/lib/python3.8/site-packages/airflow/example_dags/example_dag_decorator.py
[2021-07-18 15:56:55,764] {scheduler_job.py:632} INFO - Processing file /home/julio/anaconda3/lib/python3.8/site-packages/airflow/example_dags/example_dag_decorator.py for tasks to queue
[2021-07-18 15:56:55,764] {logging_mixin.py:104} INFO - [2021-07-18 15:56:55,764] {dagbag.py:496} INFO - Filling up the DagBag from /home/julio/anaconda3/lib/python3.8/site-packages/airflow/example_dags/example_dag_decorator.py
[2021-07-18 15:56:55,779] {scheduler_job.py:642} INFO - DAG(s) dict_keys(['example_dag_decorator']) retrieved from /home/julio/anaconda3/lib/python3.8/site-packages/airflow/example_dags/example_dag_decorator.py
[2021-07-18 15:56:55,975] {logging_mixin.py:104} INFO - [2021-07-18 15:56:55,975] {dag.py:1833} INFO - Sync 1 DAGs
[2021-07-18 15:56:55,980] {logging_mixin.py:104} INFO - [2021-07-18 15:56:55,980] {dag.py:2306} INFO - Setting next_dagrun for example_dag_decorator to None
[2021-07-18 15:56:55,994] {scheduler_job.py:189} INFO - Processing /home/julio/anaconda3/lib/python3.8/site-packages/airflow/example_dags/example_dag_decorator.py took 0.234 seconds
[2021-07-18 15:57:28,129] {scheduler_job.py:181} INFO - Started process (PID=11818) to work on /home/julio/anaconda3/lib/python3.8/site-packages/airflow/example_dags/example_dag_decorator.py
[2021-07-18 15:57:28,131] {scheduler_job.py:632} INFO - Processing file /home/julio/anaconda3/lib/python3.8/site-packages/airflow/example_dags/example_dag_decorator.py for tasks to queue
[2021-07-18 15:57:28,132] {logging_mixin.py:104} INFO - [2021-07-18 15:57:28,132] {dagbag.py:496} INFO - Filling up the DagBag from /home/julio/anaconda3/lib/python3.8/site-packages/airflow/example_dags/example_dag_decorator.py
[2021-07-18 15:57:28,150] {scheduler_job.py:642} INFO - DAG(s) dict_keys(['example_dag_decorator']) retrieved from /home/julio/anaconda3/lib/python3.8/site-packages/airflow/example_dags/example_dag_decorator.py
[2021-07-18 15:57:28,352] {logging_mixin.py:104} INFO - [2021-07-18 15:57:28,352] {dag.py:1833} INFO - Sync 1 DAGs
[2021-07-18 15:57:28,359] {logging_mixin.py:104} INFO - [2021-07-18 15:57:28,358] {dag.py:2306} INFO - Setting next_dagrun for example_dag_decorator to None
[2021-07-18 15:57:28,373] {scheduler_job.py:189} INFO - Processing /home/julio/anaconda3/lib/python3.8/site-packages/airflow/example_dags/example_dag_decorator.py took 0.251 seconds
[2021-07-18 15:58:00,536] {scheduler_job.py:181} INFO - Started process (PID=11851) to work on /home/julio/anaconda3/lib/python3.8/site-packages/airflow/example_dags/example_dag_decorator.py
[2021-07-18 15:58:00,536] {scheduler_job.py:632} INFO - Processing file /home/julio/anaconda3/lib/python3.8/site-packages/airflow/example_dags/example_dag_decorator.py for tasks to queue
[2021-07-18 15:58:00,537] {logging_mixin.py:104} INFO - [2021-07-18 15:58:00,537] {dagbag.py:496} INFO - Filling up the DagBag from /home/julio/anaconda3/lib/python3.8/site-packages/airflow/example_dags/example_dag_decorator.py
[2021-07-18 15:58:00,552] {scheduler_job.py:642} INFO - DAG(s) dict_keys(['example_dag_decorator']) retrieved from /home/julio/anaconda3/lib/python3.8/site-packages/airflow/example_dags/example_dag_decorator.py
[2021-07-18 15:58:00,785] {logging_mixin.py:104} INFO - [2021-07-18 15:58:00,785] {dag.py:1833} INFO - Sync 1 DAGs
[2021-07-18 15:58:00,791] {logging_mixin.py:104} INFO - [2021-07-18 15:58:00,791] {dag.py:2306} INFO - Setting next_dagrun for example_dag_decorator to None
[2021-07-18 15:58:00,821] {scheduler_job.py:189} INFO - Processing /home/julio/anaconda3/lib/python3.8/site-packages/airflow/example_dags/example_dag_decorator.py took 0.288 seconds
[2021-07-18 15:58:33,106] {scheduler_job.py:181} INFO - Started process (PID=11886) to work on /home/julio/anaconda3/lib/python3.8/site-packages/airflow/example_dags/example_dag_decorator.py
[2021-07-18 15:58:33,107] {scheduler_job.py:632} INFO - Processing file /home/julio/anaconda3/lib/python3.8/site-packages/airflow/example_dags/example_dag_decorator.py for tasks to queue
[2021-07-18 15:58:33,108] {logging_mixin.py:104} INFO - [2021-07-18 15:58:33,108] {dagbag.py:496} INFO - Filling up the DagBag from /home/julio/anaconda3/lib/python3.8/site-packages/airflow/example_dags/example_dag_decorator.py
[2021-07-18 15:58:33,125] {scheduler_job.py:642} INFO - DAG(s) dict_keys(['example_dag_decorator']) retrieved from /home/julio/anaconda3/lib/python3.8/site-packages/airflow/example_dags/example_dag_decorator.py
[2021-07-18 15:58:33,426] {logging_mixin.py:104} INFO - [2021-07-18 15:58:33,426] {dag.py:1833} INFO - Sync 1 DAGs
[2021-07-18 15:58:33,435] {logging_mixin.py:104} INFO - [2021-07-18 15:58:33,435] {dag.py:2306} INFO - Setting next_dagrun for example_dag_decorator to None
[2021-07-18 15:58:33,453] {scheduler_job.py:189} INFO - Processing /home/julio/anaconda3/lib/python3.8/site-packages/airflow/example_dags/example_dag_decorator.py took 0.350 seconds
[2021-07-18 16:23:35,970] {scheduler_job.py:181} INFO - Started process (PID=13605) to work on /home/julio/anaconda3/lib/python3.8/site-packages/airflow/example_dags/example_dag_decorator.py
[2021-07-18 16:23:35,972] {scheduler_job.py:632} INFO - Processing file /home/julio/anaconda3/lib/python3.8/site-packages/airflow/example_dags/example_dag_decorator.py for tasks to queue
[2021-07-18 16:23:35,973] {logging_mixin.py:104} INFO - [2021-07-18 16:23:35,973] {dagbag.py:496} INFO - Filling up the DagBag from /home/julio/anaconda3/lib/python3.8/site-packages/airflow/example_dags/example_dag_decorator.py
[2021-07-18 16:23:35,999] {scheduler_job.py:642} INFO - DAG(s) dict_keys(['example_dag_decorator']) retrieved from /home/julio/anaconda3/lib/python3.8/site-packages/airflow/example_dags/example_dag_decorator.py
[2021-07-18 16:23:36,323] {logging_mixin.py:104} INFO - [2021-07-18 16:23:36,323] {dag.py:1833} INFO - Sync 1 DAGs
[2021-07-18 16:23:36,338] {logging_mixin.py:104} INFO - [2021-07-18 16:23:36,338] {dag.py:2306} INFO - Setting next_dagrun for example_dag_decorator to None
[2021-07-18 16:23:36,360] {scheduler_job.py:189} INFO - Processing /home/julio/anaconda3/lib/python3.8/site-packages/airflow/example_dags/example_dag_decorator.py took 0.392 seconds
[2021-07-18 16:24:07,472] {scheduler_job.py:181} INFO - Started process (PID=13658) to work on /home/julio/anaconda3/lib/python3.8/site-packages/airflow/example_dags/example_dag_decorator.py
[2021-07-18 16:24:07,474] {scheduler_job.py:632} INFO - Processing file /home/julio/anaconda3/lib/python3.8/site-packages/airflow/example_dags/example_dag_decorator.py for tasks to queue
[2021-07-18 16:24:07,474] {logging_mixin.py:104} INFO - [2021-07-18 16:24:07,474] {dagbag.py:496} INFO - Filling up the DagBag from /home/julio/anaconda3/lib/python3.8/site-packages/airflow/example_dags/example_dag_decorator.py
[2021-07-18 16:24:07,491] {scheduler_job.py:642} INFO - DAG(s) dict_keys(['example_dag_decorator']) retrieved from /home/julio/anaconda3/lib/python3.8/site-packages/airflow/example_dags/example_dag_decorator.py
[2021-07-18 16:24:07,756] {logging_mixin.py:104} INFO - [2021-07-18 16:24:07,756] {dag.py:1833} INFO - Sync 1 DAGs
[2021-07-18 16:24:07,763] {logging_mixin.py:104} INFO - [2021-07-18 16:24:07,763] {dag.py:2306} INFO - Setting next_dagrun for example_dag_decorator to None
[2021-07-18 16:24:07,783] {scheduler_job.py:189} INFO - Processing /home/julio/anaconda3/lib/python3.8/site-packages/airflow/example_dags/example_dag_decorator.py took 0.313 seconds
[2021-07-18 16:24:41,812] {scheduler_job.py:181} INFO - Started process (PID=13727) to work on /home/julio/anaconda3/lib/python3.8/site-packages/airflow/example_dags/example_dag_decorator.py
[2021-07-18 16:24:41,812] {scheduler_job.py:632} INFO - Processing file /home/julio/anaconda3/lib/python3.8/site-packages/airflow/example_dags/example_dag_decorator.py for tasks to queue
[2021-07-18 16:24:41,813] {logging_mixin.py:104} INFO - [2021-07-18 16:24:41,813] {dagbag.py:496} INFO - Filling up the DagBag from /home/julio/anaconda3/lib/python3.8/site-packages/airflow/example_dags/example_dag_decorator.py
[2021-07-18 16:24:41,836] {scheduler_job.py:642} INFO - DAG(s) dict_keys(['example_dag_decorator']) retrieved from /home/julio/anaconda3/lib/python3.8/site-packages/airflow/example_dags/example_dag_decorator.py
[2021-07-18 16:24:42,290] {logging_mixin.py:104} INFO - [2021-07-18 16:24:42,290] {dag.py:1833} INFO - Sync 1 DAGs
[2021-07-18 16:24:42,299] {logging_mixin.py:104} INFO - [2021-07-18 16:24:42,299] {dag.py:2306} INFO - Setting next_dagrun for example_dag_decorator to None
[2021-07-18 16:24:42,345] {scheduler_job.py:189} INFO - Processing /home/julio/anaconda3/lib/python3.8/site-packages/airflow/example_dags/example_dag_decorator.py took 0.536 seconds
[2021-07-18 16:25:15,429] {scheduler_job.py:181} INFO - Started process (PID=13803) to work on /home/julio/anaconda3/lib/python3.8/site-packages/airflow/example_dags/example_dag_decorator.py
[2021-07-18 16:25:15,432] {scheduler_job.py:632} INFO - Processing file /home/julio/anaconda3/lib/python3.8/site-packages/airflow/example_dags/example_dag_decorator.py for tasks to queue
[2021-07-18 16:25:15,432] {logging_mixin.py:104} INFO - [2021-07-18 16:25:15,432] {dagbag.py:496} INFO - Filling up the DagBag from /home/julio/anaconda3/lib/python3.8/site-packages/airflow/example_dags/example_dag_decorator.py
[2021-07-18 16:25:15,455] {scheduler_job.py:642} INFO - DAG(s) dict_keys(['example_dag_decorator']) retrieved from /home/julio/anaconda3/lib/python3.8/site-packages/airflow/example_dags/example_dag_decorator.py
[2021-07-18 16:25:15,694] {logging_mixin.py:104} INFO - [2021-07-18 16:25:15,694] {dag.py:1833} INFO - Sync 1 DAGs
[2021-07-18 16:25:15,709] {logging_mixin.py:104} INFO - [2021-07-18 16:25:15,709] {dag.py:2306} INFO - Setting next_dagrun for example_dag_decorator to None
[2021-07-18 16:25:15,726] {scheduler_job.py:189} INFO - Processing /home/julio/anaconda3/lib/python3.8/site-packages/airflow/example_dags/example_dag_decorator.py took 0.300 seconds
[2021-07-18 16:25:47,720] {scheduler_job.py:181} INFO - Started process (PID=13865) to work on /home/julio/anaconda3/lib/python3.8/site-packages/airflow/example_dags/example_dag_decorator.py
[2021-07-18 16:25:47,721] {scheduler_job.py:632} INFO - Processing file /home/julio/anaconda3/lib/python3.8/site-packages/airflow/example_dags/example_dag_decorator.py for tasks to queue
[2021-07-18 16:25:47,722] {logging_mixin.py:104} INFO - [2021-07-18 16:25:47,722] {dagbag.py:496} INFO - Filling up the DagBag from /home/julio/anaconda3/lib/python3.8/site-packages/airflow/example_dags/example_dag_decorator.py
[2021-07-18 16:25:47,737] {scheduler_job.py:642} INFO - DAG(s) dict_keys(['example_dag_decorator']) retrieved from /home/julio/anaconda3/lib/python3.8/site-packages/airflow/example_dags/example_dag_decorator.py
[2021-07-18 16:25:47,971] {logging_mixin.py:104} INFO - [2021-07-18 16:25:47,971] {dag.py:1833} INFO - Sync 1 DAGs
[2021-07-18 16:25:47,985] {logging_mixin.py:104} INFO - [2021-07-18 16:25:47,985] {dag.py:2306} INFO - Setting next_dagrun for example_dag_decorator to None
[2021-07-18 16:25:48,014] {scheduler_job.py:189} INFO - Processing /home/julio/anaconda3/lib/python3.8/site-packages/airflow/example_dags/example_dag_decorator.py took 0.296 seconds
[2021-07-18 16:26:58,338] {scheduler_job.py:181} INFO - Started process (PID=14235) to work on /home/julio/anaconda3/lib/python3.8/site-packages/airflow/example_dags/example_dag_decorator.py
[2021-07-18 16:26:58,340] {scheduler_job.py:632} INFO - Processing file /home/julio/anaconda3/lib/python3.8/site-packages/airflow/example_dags/example_dag_decorator.py for tasks to queue
[2021-07-18 16:26:58,341] {logging_mixin.py:104} INFO - [2021-07-18 16:26:58,341] {dagbag.py:496} INFO - Filling up the DagBag from /home/julio/anaconda3/lib/python3.8/site-packages/airflow/example_dags/example_dag_decorator.py
[2021-07-18 16:26:58,359] {scheduler_job.py:642} INFO - DAG(s) dict_keys(['example_dag_decorator']) retrieved from /home/julio/anaconda3/lib/python3.8/site-packages/airflow/example_dags/example_dag_decorator.py
[2021-07-18 16:26:58,574] {logging_mixin.py:104} INFO - [2021-07-18 16:26:58,574] {dag.py:1833} INFO - Sync 1 DAGs
[2021-07-18 16:26:58,591] {logging_mixin.py:104} INFO - [2021-07-18 16:26:58,591] {dag.py:2306} INFO - Setting next_dagrun for example_dag_decorator to None
[2021-07-18 16:26:58,617] {scheduler_job.py:189} INFO - Processing /home/julio/anaconda3/lib/python3.8/site-packages/airflow/example_dags/example_dag_decorator.py took 0.282 seconds
[2021-07-18 16:27:32,319] {scheduler_job.py:181} INFO - Started process (PID=14321) to work on /home/julio/anaconda3/lib/python3.8/site-packages/airflow/example_dags/example_dag_decorator.py
[2021-07-18 16:27:32,320] {scheduler_job.py:632} INFO - Processing file /home/julio/anaconda3/lib/python3.8/site-packages/airflow/example_dags/example_dag_decorator.py for tasks to queue
[2021-07-18 16:27:32,320] {logging_mixin.py:104} INFO - [2021-07-18 16:27:32,320] {dagbag.py:496} INFO - Filling up the DagBag from /home/julio/anaconda3/lib/python3.8/site-packages/airflow/example_dags/example_dag_decorator.py
[2021-07-18 16:27:32,338] {scheduler_job.py:642} INFO - DAG(s) dict_keys(['example_dag_decorator']) retrieved from /home/julio/anaconda3/lib/python3.8/site-packages/airflow/example_dags/example_dag_decorator.py
[2021-07-18 16:27:32,637] {logging_mixin.py:104} INFO - [2021-07-18 16:27:32,637] {dag.py:1833} INFO - Sync 1 DAGs
[2021-07-18 16:27:32,656] {logging_mixin.py:104} INFO - [2021-07-18 16:27:32,656] {dag.py:2306} INFO - Setting next_dagrun for example_dag_decorator to None
[2021-07-18 16:27:32,680] {scheduler_job.py:189} INFO - Processing /home/julio/anaconda3/lib/python3.8/site-packages/airflow/example_dags/example_dag_decorator.py took 0.363 seconds
[2021-07-18 16:28:08,072] {scheduler_job.py:181} INFO - Started process (PID=14425) to work on /home/julio/anaconda3/lib/python3.8/site-packages/airflow/example_dags/example_dag_decorator.py
[2021-07-18 16:28:08,074] {scheduler_job.py:632} INFO - Processing file /home/julio/anaconda3/lib/python3.8/site-packages/airflow/example_dags/example_dag_decorator.py for tasks to queue
[2021-07-18 16:28:08,074] {logging_mixin.py:104} INFO - [2021-07-18 16:28:08,074] {dagbag.py:496} INFO - Filling up the DagBag from /home/julio/anaconda3/lib/python3.8/site-packages/airflow/example_dags/example_dag_decorator.py
[2021-07-18 16:28:08,102] {scheduler_job.py:642} INFO - DAG(s) dict_keys(['example_dag_decorator']) retrieved from /home/julio/anaconda3/lib/python3.8/site-packages/airflow/example_dags/example_dag_decorator.py
[2021-07-18 16:28:08,430] {logging_mixin.py:104} INFO - [2021-07-18 16:28:08,430] {dag.py:1833} INFO - Sync 1 DAGs
[2021-07-18 16:28:08,448] {logging_mixin.py:104} INFO - [2021-07-18 16:28:08,448] {dag.py:2306} INFO - Setting next_dagrun for example_dag_decorator to None
[2021-07-18 16:28:08,482] {scheduler_job.py:189} INFO - Processing /home/julio/anaconda3/lib/python3.8/site-packages/airflow/example_dags/example_dag_decorator.py took 0.413 seconds
[2021-07-18 16:28:43,274] {scheduler_job.py:181} INFO - Started process (PID=14522) to work on /home/julio/anaconda3/lib/python3.8/site-packages/airflow/example_dags/example_dag_decorator.py
[2021-07-18 16:28:43,278] {scheduler_job.py:632} INFO - Processing file /home/julio/anaconda3/lib/python3.8/site-packages/airflow/example_dags/example_dag_decorator.py for tasks to queue
[2021-07-18 16:28:43,278] {logging_mixin.py:104} INFO - [2021-07-18 16:28:43,278] {dagbag.py:496} INFO - Filling up the DagBag from /home/julio/anaconda3/lib/python3.8/site-packages/airflow/example_dags/example_dag_decorator.py
[2021-07-18 16:28:43,322] {scheduler_job.py:642} INFO - DAG(s) dict_keys(['example_dag_decorator']) retrieved from /home/julio/anaconda3/lib/python3.8/site-packages/airflow/example_dags/example_dag_decorator.py
[2021-07-18 16:28:43,995] {logging_mixin.py:104} INFO - [2021-07-18 16:28:43,995] {dag.py:1833} INFO - Sync 1 DAGs
[2021-07-18 16:28:44,002] {logging_mixin.py:104} INFO - [2021-07-18 16:28:44,002] {dag.py:2306} INFO - Setting next_dagrun for example_dag_decorator to None
[2021-07-18 16:28:44,023] {scheduler_job.py:189} INFO - Processing /home/julio/anaconda3/lib/python3.8/site-packages/airflow/example_dags/example_dag_decorator.py took 0.751 seconds
[2021-07-18 16:29:20,458] {scheduler_job.py:181} INFO - Started process (PID=14609) to work on /home/julio/anaconda3/lib/python3.8/site-packages/airflow/example_dags/example_dag_decorator.py
[2021-07-18 16:29:20,461] {scheduler_job.py:632} INFO - Processing file /home/julio/anaconda3/lib/python3.8/site-packages/airflow/example_dags/example_dag_decorator.py for tasks to queue
[2021-07-18 16:29:20,462] {logging_mixin.py:104} INFO - [2021-07-18 16:29:20,462] {dagbag.py:496} INFO - Filling up the DagBag from /home/julio/anaconda3/lib/python3.8/site-packages/airflow/example_dags/example_dag_decorator.py
[2021-07-18 16:29:20,486] {scheduler_job.py:642} INFO - DAG(s) dict_keys(['example_dag_decorator']) retrieved from /home/julio/anaconda3/lib/python3.8/site-packages/airflow/example_dags/example_dag_decorator.py
[2021-07-18 16:29:20,750] {logging_mixin.py:104} INFO - [2021-07-18 16:29:20,750] {dag.py:1833} INFO - Sync 1 DAGs
[2021-07-18 16:29:20,773] {logging_mixin.py:104} INFO - [2021-07-18 16:29:20,773] {dag.py:2306} INFO - Setting next_dagrun for example_dag_decorator to None
[2021-07-18 16:29:20,798] {scheduler_job.py:189} INFO - Processing /home/julio/anaconda3/lib/python3.8/site-packages/airflow/example_dags/example_dag_decorator.py took 0.344 seconds
[2021-07-18 16:30:25,287] {scheduler_job.py:181} INFO - Started process (PID=14808) to work on /home/julio/anaconda3/lib/python3.8/site-packages/airflow/example_dags/example_dag_decorator.py
[2021-07-18 16:30:25,292] {scheduler_job.py:632} INFO - Processing file /home/julio/anaconda3/lib/python3.8/site-packages/airflow/example_dags/example_dag_decorator.py for tasks to queue
[2021-07-18 16:30:25,294] {logging_mixin.py:104} INFO - [2021-07-18 16:30:25,294] {dagbag.py:496} INFO - Filling up the DagBag from /home/julio/anaconda3/lib/python3.8/site-packages/airflow/example_dags/example_dag_decorator.py
[2021-07-18 16:30:25,319] {scheduler_job.py:642} INFO - DAG(s) dict_keys(['example_dag_decorator']) retrieved from /home/julio/anaconda3/lib/python3.8/site-packages/airflow/example_dags/example_dag_decorator.py
[2021-07-18 16:30:25,693] {logging_mixin.py:104} INFO - [2021-07-18 16:30:25,693] {dag.py:1833} INFO - Sync 1 DAGs
[2021-07-18 16:30:25,716] {logging_mixin.py:104} INFO - [2021-07-18 16:30:25,716] {dag.py:2306} INFO - Setting next_dagrun for example_dag_decorator to None
[2021-07-18 16:30:25,751] {scheduler_job.py:189} INFO - Processing /home/julio/anaconda3/lib/python3.8/site-packages/airflow/example_dags/example_dag_decorator.py took 0.467 seconds
[2021-07-18 16:32:09,798] {scheduler_job.py:181} INFO - Started process (PID=15053) to work on /home/julio/anaconda3/lib/python3.8/site-packages/airflow/example_dags/example_dag_decorator.py
[2021-07-18 16:32:09,799] {scheduler_job.py:632} INFO - Processing file /home/julio/anaconda3/lib/python3.8/site-packages/airflow/example_dags/example_dag_decorator.py for tasks to queue
[2021-07-18 16:32:09,799] {logging_mixin.py:104} INFO - [2021-07-18 16:32:09,799] {dagbag.py:496} INFO - Filling up the DagBag from /home/julio/anaconda3/lib/python3.8/site-packages/airflow/example_dags/example_dag_decorator.py
[2021-07-18 16:32:09,824] {scheduler_job.py:642} INFO - DAG(s) dict_keys(['example_dag_decorator']) retrieved from /home/julio/anaconda3/lib/python3.8/site-packages/airflow/example_dags/example_dag_decorator.py
[2021-07-18 16:32:10,113] {logging_mixin.py:104} INFO - [2021-07-18 16:32:10,113] {dag.py:1833} INFO - Sync 1 DAGs
[2021-07-18 16:32:10,120] {logging_mixin.py:104} INFO - [2021-07-18 16:32:10,120] {dag.py:2306} INFO - Setting next_dagrun for example_dag_decorator to None
[2021-07-18 16:32:10,141] {scheduler_job.py:189} INFO - Processing /home/julio/anaconda3/lib/python3.8/site-packages/airflow/example_dags/example_dag_decorator.py took 0.345 seconds
[2021-07-18 16:32:44,547] {scheduler_job.py:181} INFO - Started process (PID=15139) to work on /home/julio/anaconda3/lib/python3.8/site-packages/airflow/example_dags/example_dag_decorator.py
[2021-07-18 16:32:44,548] {scheduler_job.py:632} INFO - Processing file /home/julio/anaconda3/lib/python3.8/site-packages/airflow/example_dags/example_dag_decorator.py for tasks to queue
[2021-07-18 16:32:44,548] {logging_mixin.py:104} INFO - [2021-07-18 16:32:44,548] {dagbag.py:496} INFO - Filling up the DagBag from /home/julio/anaconda3/lib/python3.8/site-packages/airflow/example_dags/example_dag_decorator.py
[2021-07-18 16:32:44,568] {scheduler_job.py:642} INFO - DAG(s) dict_keys(['example_dag_decorator']) retrieved from /home/julio/anaconda3/lib/python3.8/site-packages/airflow/example_dags/example_dag_decorator.py
[2021-07-18 16:32:44,834] {logging_mixin.py:104} INFO - [2021-07-18 16:32:44,834] {dag.py:1833} INFO - Sync 1 DAGs
[2021-07-18 16:32:44,840] {logging_mixin.py:104} INFO - [2021-07-18 16:32:44,840] {dag.py:2306} INFO - Setting next_dagrun for example_dag_decorator to None
[2021-07-18 16:32:44,856] {scheduler_job.py:189} INFO - Processing /home/julio/anaconda3/lib/python3.8/site-packages/airflow/example_dags/example_dag_decorator.py took 0.312 seconds
[2021-07-18 16:33:25,756] {scheduler_job.py:181} INFO - Started process (PID=15242) to work on /home/julio/anaconda3/lib/python3.8/site-packages/airflow/example_dags/example_dag_decorator.py
[2021-07-18 16:33:25,758] {scheduler_job.py:632} INFO - Processing file /home/julio/anaconda3/lib/python3.8/site-packages/airflow/example_dags/example_dag_decorator.py for tasks to queue
[2021-07-18 16:33:25,759] {logging_mixin.py:104} INFO - [2021-07-18 16:33:25,759] {dagbag.py:496} INFO - Filling up the DagBag from /home/julio/anaconda3/lib/python3.8/site-packages/airflow/example_dags/example_dag_decorator.py
[2021-07-18 16:33:25,778] {scheduler_job.py:642} INFO - DAG(s) dict_keys(['example_dag_decorator']) retrieved from /home/julio/anaconda3/lib/python3.8/site-packages/airflow/example_dags/example_dag_decorator.py
[2021-07-18 16:33:25,978] {logging_mixin.py:104} INFO - [2021-07-18 16:33:25,978] {dag.py:1833} INFO - Sync 1 DAGs
[2021-07-18 16:33:25,992] {logging_mixin.py:104} INFO - [2021-07-18 16:33:25,992] {dag.py:2306} INFO - Setting next_dagrun for example_dag_decorator to None
[2021-07-18 16:33:26,014] {scheduler_job.py:189} INFO - Processing /home/julio/anaconda3/lib/python3.8/site-packages/airflow/example_dags/example_dag_decorator.py took 0.261 seconds
[2021-07-18 16:34:00,360] {scheduler_job.py:181} INFO - Started process (PID=15311) to work on /home/julio/anaconda3/lib/python3.8/site-packages/airflow/example_dags/example_dag_decorator.py
[2021-07-18 16:34:00,365] {scheduler_job.py:632} INFO - Processing file /home/julio/anaconda3/lib/python3.8/site-packages/airflow/example_dags/example_dag_decorator.py for tasks to queue
[2021-07-18 16:34:00,369] {logging_mixin.py:104} INFO - [2021-07-18 16:34:00,368] {dagbag.py:496} INFO - Filling up the DagBag from /home/julio/anaconda3/lib/python3.8/site-packages/airflow/example_dags/example_dag_decorator.py
[2021-07-18 16:34:00,383] {scheduler_job.py:642} INFO - DAG(s) dict_keys(['example_dag_decorator']) retrieved from /home/julio/anaconda3/lib/python3.8/site-packages/airflow/example_dags/example_dag_decorator.py
[2021-07-18 16:34:00,583] {logging_mixin.py:104} INFO - [2021-07-18 16:34:00,583] {dag.py:1833} INFO - Sync 1 DAGs
[2021-07-18 16:34:00,590] {logging_mixin.py:104} INFO - [2021-07-18 16:34:00,590] {dag.py:2306} INFO - Setting next_dagrun for example_dag_decorator to None
[2021-07-18 16:34:00,615] {scheduler_job.py:189} INFO - Processing /home/julio/anaconda3/lib/python3.8/site-packages/airflow/example_dags/example_dag_decorator.py took 0.260 seconds
[2021-07-18 16:34:34,358] {scheduler_job.py:181} INFO - Started process (PID=15373) to work on /home/julio/anaconda3/lib/python3.8/site-packages/airflow/example_dags/example_dag_decorator.py
[2021-07-18 16:34:34,359] {scheduler_job.py:632} INFO - Processing file /home/julio/anaconda3/lib/python3.8/site-packages/airflow/example_dags/example_dag_decorator.py for tasks to queue
[2021-07-18 16:34:34,360] {logging_mixin.py:104} INFO - [2021-07-18 16:34:34,360] {dagbag.py:496} INFO - Filling up the DagBag from /home/julio/anaconda3/lib/python3.8/site-packages/airflow/example_dags/example_dag_decorator.py
[2021-07-18 16:34:34,374] {scheduler_job.py:642} INFO - DAG(s) dict_keys(['example_dag_decorator']) retrieved from /home/julio/anaconda3/lib/python3.8/site-packages/airflow/example_dags/example_dag_decorator.py
[2021-07-18 16:34:34,603] {logging_mixin.py:104} INFO - [2021-07-18 16:34:34,603] {dag.py:1833} INFO - Sync 1 DAGs
[2021-07-18 16:34:34,619] {logging_mixin.py:104} INFO - [2021-07-18 16:34:34,619] {dag.py:2306} INFO - Setting next_dagrun for example_dag_decorator to None
[2021-07-18 16:34:34,639] {scheduler_job.py:189} INFO - Processing /home/julio/anaconda3/lib/python3.8/site-packages/airflow/example_dags/example_dag_decorator.py took 0.283 seconds
[2021-07-18 16:35:12,574] {scheduler_job.py:181} INFO - Started process (PID=15439) to work on /home/julio/anaconda3/lib/python3.8/site-packages/airflow/example_dags/example_dag_decorator.py
[2021-07-18 16:35:12,576] {scheduler_job.py:632} INFO - Processing file /home/julio/anaconda3/lib/python3.8/site-packages/airflow/example_dags/example_dag_decorator.py for tasks to queue
[2021-07-18 16:35:12,577] {logging_mixin.py:104} INFO - [2021-07-18 16:35:12,577] {dagbag.py:496} INFO - Filling up the DagBag from /home/julio/anaconda3/lib/python3.8/site-packages/airflow/example_dags/example_dag_decorator.py
[2021-07-18 16:35:12,589] {scheduler_job.py:642} INFO - DAG(s) dict_keys(['example_dag_decorator']) retrieved from /home/julio/anaconda3/lib/python3.8/site-packages/airflow/example_dags/example_dag_decorator.py
[2021-07-18 16:35:12,782] {logging_mixin.py:104} INFO - [2021-07-18 16:35:12,782] {dag.py:1833} INFO - Sync 1 DAGs
[2021-07-18 16:35:12,789] {logging_mixin.py:104} INFO - [2021-07-18 16:35:12,789] {dag.py:2306} INFO - Setting next_dagrun for example_dag_decorator to None
[2021-07-18 16:35:12,807] {scheduler_job.py:189} INFO - Processing /home/julio/anaconda3/lib/python3.8/site-packages/airflow/example_dags/example_dag_decorator.py took 0.235 seconds
[2021-07-18 16:35:47,009] {scheduler_job.py:181} INFO - Started process (PID=15504) to work on /home/julio/anaconda3/lib/python3.8/site-packages/airflow/example_dags/example_dag_decorator.py
[2021-07-18 16:35:47,012] {scheduler_job.py:632} INFO - Processing file /home/julio/anaconda3/lib/python3.8/site-packages/airflow/example_dags/example_dag_decorator.py for tasks to queue
[2021-07-18 16:35:47,013] {logging_mixin.py:104} INFO - [2021-07-18 16:35:47,012] {dagbag.py:496} INFO - Filling up the DagBag from /home/julio/anaconda3/lib/python3.8/site-packages/airflow/example_dags/example_dag_decorator.py
[2021-07-18 16:35:47,032] {scheduler_job.py:642} INFO - DAG(s) dict_keys(['example_dag_decorator']) retrieved from /home/julio/anaconda3/lib/python3.8/site-packages/airflow/example_dags/example_dag_decorator.py
[2021-07-18 16:35:47,609] {logging_mixin.py:104} INFO - [2021-07-18 16:35:47,608] {dag.py:1833} INFO - Sync 1 DAGs
[2021-07-18 16:35:47,617] {logging_mixin.py:104} INFO - [2021-07-18 16:35:47,617] {dag.py:2306} INFO - Setting next_dagrun for example_dag_decorator to None
[2021-07-18 16:35:47,641] {scheduler_job.py:189} INFO - Processing /home/julio/anaconda3/lib/python3.8/site-packages/airflow/example_dags/example_dag_decorator.py took 0.635 seconds
[2021-07-18 16:36:22,301] {scheduler_job.py:181} INFO - Started process (PID=15565) to work on /home/julio/anaconda3/lib/python3.8/site-packages/airflow/example_dags/example_dag_decorator.py
[2021-07-18 16:36:22,303] {scheduler_job.py:632} INFO - Processing file /home/julio/anaconda3/lib/python3.8/site-packages/airflow/example_dags/example_dag_decorator.py for tasks to queue
[2021-07-18 16:36:22,304] {logging_mixin.py:104} INFO - [2021-07-18 16:36:22,304] {dagbag.py:496} INFO - Filling up the DagBag from /home/julio/anaconda3/lib/python3.8/site-packages/airflow/example_dags/example_dag_decorator.py
[2021-07-18 16:36:22,337] {scheduler_job.py:642} INFO - DAG(s) dict_keys(['example_dag_decorator']) retrieved from /home/julio/anaconda3/lib/python3.8/site-packages/airflow/example_dags/example_dag_decorator.py
[2021-07-18 16:36:22,845] {logging_mixin.py:104} INFO - [2021-07-18 16:36:22,845] {dag.py:1833} INFO - Sync 1 DAGs
[2021-07-18 16:36:22,853] {logging_mixin.py:104} INFO - [2021-07-18 16:36:22,853] {dag.py:2306} INFO - Setting next_dagrun for example_dag_decorator to None
[2021-07-18 16:36:22,870] {scheduler_job.py:189} INFO - Processing /home/julio/anaconda3/lib/python3.8/site-packages/airflow/example_dags/example_dag_decorator.py took 0.572 seconds
[2021-07-18 16:36:57,409] {scheduler_job.py:181} INFO - Started process (PID=15628) to work on /home/julio/anaconda3/lib/python3.8/site-packages/airflow/example_dags/example_dag_decorator.py
[2021-07-18 16:36:57,410] {scheduler_job.py:632} INFO - Processing file /home/julio/anaconda3/lib/python3.8/site-packages/airflow/example_dags/example_dag_decorator.py for tasks to queue
[2021-07-18 16:36:57,410] {logging_mixin.py:104} INFO - [2021-07-18 16:36:57,410] {dagbag.py:496} INFO - Filling up the DagBag from /home/julio/anaconda3/lib/python3.8/site-packages/airflow/example_dags/example_dag_decorator.py
[2021-07-18 16:36:57,422] {scheduler_job.py:642} INFO - DAG(s) dict_keys(['example_dag_decorator']) retrieved from /home/julio/anaconda3/lib/python3.8/site-packages/airflow/example_dags/example_dag_decorator.py
[2021-07-18 16:36:57,636] {logging_mixin.py:104} INFO - [2021-07-18 16:36:57,636] {dag.py:1833} INFO - Sync 1 DAGs
[2021-07-18 16:36:57,645] {logging_mixin.py:104} INFO - [2021-07-18 16:36:57,644] {dag.py:2306} INFO - Setting next_dagrun for example_dag_decorator to None
[2021-07-18 16:36:57,661] {scheduler_job.py:189} INFO - Processing /home/julio/anaconda3/lib/python3.8/site-packages/airflow/example_dags/example_dag_decorator.py took 0.255 seconds
[2021-07-18 16:37:34,091] {scheduler_job.py:181} INFO - Started process (PID=15697) to work on /home/julio/anaconda3/lib/python3.8/site-packages/airflow/example_dags/example_dag_decorator.py
[2021-07-18 16:37:34,094] {scheduler_job.py:632} INFO - Processing file /home/julio/anaconda3/lib/python3.8/site-packages/airflow/example_dags/example_dag_decorator.py for tasks to queue
[2021-07-18 16:37:34,095] {logging_mixin.py:104} INFO - [2021-07-18 16:37:34,094] {dagbag.py:496} INFO - Filling up the DagBag from /home/julio/anaconda3/lib/python3.8/site-packages/airflow/example_dags/example_dag_decorator.py
[2021-07-18 16:37:34,108] {scheduler_job.py:642} INFO - DAG(s) dict_keys(['example_dag_decorator']) retrieved from /home/julio/anaconda3/lib/python3.8/site-packages/airflow/example_dags/example_dag_decorator.py
[2021-07-18 16:37:34,378] {logging_mixin.py:104} INFO - [2021-07-18 16:37:34,378] {dag.py:1833} INFO - Sync 1 DAGs
[2021-07-18 16:37:34,387] {logging_mixin.py:104} INFO - [2021-07-18 16:37:34,387] {dag.py:2306} INFO - Setting next_dagrun for example_dag_decorator to None
[2021-07-18 16:37:34,402] {scheduler_job.py:189} INFO - Processing /home/julio/anaconda3/lib/python3.8/site-packages/airflow/example_dags/example_dag_decorator.py took 0.313 seconds
[2021-07-18 16:38:14,496] {scheduler_job.py:181} INFO - Started process (PID=15788) to work on /home/julio/anaconda3/lib/python3.8/site-packages/airflow/example_dags/example_dag_decorator.py
[2021-07-18 16:38:14,501] {scheduler_job.py:632} INFO - Processing file /home/julio/anaconda3/lib/python3.8/site-packages/airflow/example_dags/example_dag_decorator.py for tasks to queue
[2021-07-18 16:38:14,502] {logging_mixin.py:104} INFO - [2021-07-18 16:38:14,502] {dagbag.py:496} INFO - Filling up the DagBag from /home/julio/anaconda3/lib/python3.8/site-packages/airflow/example_dags/example_dag_decorator.py
[2021-07-18 16:38:14,523] {scheduler_job.py:642} INFO - DAG(s) dict_keys(['example_dag_decorator']) retrieved from /home/julio/anaconda3/lib/python3.8/site-packages/airflow/example_dags/example_dag_decorator.py
[2021-07-18 16:38:14,726] {logging_mixin.py:104} INFO - [2021-07-18 16:38:14,726] {dag.py:1833} INFO - Sync 1 DAGs
[2021-07-18 16:38:14,734] {logging_mixin.py:104} INFO - [2021-07-18 16:38:14,734] {dag.py:2306} INFO - Setting next_dagrun for example_dag_decorator to None
[2021-07-18 16:38:14,757] {scheduler_job.py:189} INFO - Processing /home/julio/anaconda3/lib/python3.8/site-packages/airflow/example_dags/example_dag_decorator.py took 0.266 seconds
[2021-07-18 16:41:23,220] {scheduler_job.py:181} INFO - Started process (PID=16021) to work on /home/julio/anaconda3/lib/python3.8/site-packages/airflow/example_dags/example_dag_decorator.py
[2021-07-18 16:41:23,221] {scheduler_job.py:632} INFO - Processing file /home/julio/anaconda3/lib/python3.8/site-packages/airflow/example_dags/example_dag_decorator.py for tasks to queue
[2021-07-18 16:41:23,221] {logging_mixin.py:104} INFO - [2021-07-18 16:41:23,221] {dagbag.py:496} INFO - Filling up the DagBag from /home/julio/anaconda3/lib/python3.8/site-packages/airflow/example_dags/example_dag_decorator.py
[2021-07-18 16:41:23,231] {scheduler_job.py:642} INFO - DAG(s) dict_keys(['example_dag_decorator']) retrieved from /home/julio/anaconda3/lib/python3.8/site-packages/airflow/example_dags/example_dag_decorator.py
[2021-07-18 16:41:23,546] {logging_mixin.py:104} INFO - [2021-07-18 16:41:23,545] {dag.py:1833} INFO - Sync 1 DAGs
[2021-07-18 16:41:23,553] {logging_mixin.py:104} INFO - [2021-07-18 16:41:23,553] {dag.py:2306} INFO - Setting next_dagrun for example_dag_decorator to None
[2021-07-18 16:41:23,572] {scheduler_job.py:189} INFO - Processing /home/julio/anaconda3/lib/python3.8/site-packages/airflow/example_dags/example_dag_decorator.py took 0.355 seconds
[2021-07-18 16:41:57,243] {scheduler_job.py:181} INFO - Started process (PID=16107) to work on /home/julio/anaconda3/lib/python3.8/site-packages/airflow/example_dags/example_dag_decorator.py
[2021-07-18 16:41:57,244] {scheduler_job.py:632} INFO - Processing file /home/julio/anaconda3/lib/python3.8/site-packages/airflow/example_dags/example_dag_decorator.py for tasks to queue
[2021-07-18 16:41:57,245] {logging_mixin.py:104} INFO - [2021-07-18 16:41:57,245] {dagbag.py:496} INFO - Filling up the DagBag from /home/julio/anaconda3/lib/python3.8/site-packages/airflow/example_dags/example_dag_decorator.py
[2021-07-18 16:41:57,258] {scheduler_job.py:642} INFO - DAG(s) dict_keys(['example_dag_decorator']) retrieved from /home/julio/anaconda3/lib/python3.8/site-packages/airflow/example_dags/example_dag_decorator.py
[2021-07-18 16:41:57,504] {logging_mixin.py:104} INFO - [2021-07-18 16:41:57,504] {dag.py:1833} INFO - Sync 1 DAGs
[2021-07-18 16:41:57,513] {logging_mixin.py:104} INFO - [2021-07-18 16:41:57,513] {dag.py:2306} INFO - Setting next_dagrun for example_dag_decorator to None
[2021-07-18 16:41:57,539] {scheduler_job.py:189} INFO - Processing /home/julio/anaconda3/lib/python3.8/site-packages/airflow/example_dags/example_dag_decorator.py took 0.299 seconds
