[2021-07-18 15:56:28,554] {scheduler_job.py:181} INFO - Started process (PID=11750) to work on /home/julio/anaconda3/lib/python3.8/site-packages/airflow/example_dags/example_branch_datetime_operator.py
[2021-07-18 15:56:28,555] {scheduler_job.py:632} INFO - Processing file /home/julio/anaconda3/lib/python3.8/site-packages/airflow/example_dags/example_branch_datetime_operator.py for tasks to queue
[2021-07-18 15:56:28,556] {logging_mixin.py:104} INFO - [2021-07-18 15:56:28,556] {dagbag.py:496} INFO - Filling up the DagBag from /home/julio/anaconda3/lib/python3.8/site-packages/airflow/example_dags/example_branch_datetime_operator.py
[2021-07-18 15:56:28,568] {scheduler_job.py:642} INFO - DAG(s) dict_keys(['example_branch_datetime_operator_2']) retrieved from /home/julio/anaconda3/lib/python3.8/site-packages/airflow/example_dags/example_branch_datetime_operator.py
[2021-07-18 15:56:28,580] {logging_mixin.py:104} INFO - [2021-07-18 15:56:28,580] {dag.py:1833} INFO - Sync 1 DAGs
[2021-07-18 15:56:28,593] {logging_mixin.py:104} INFO - [2021-07-18 15:56:28,593] {dag.py:2306} INFO - Setting next_dagrun for example_branch_datetime_operator_2 to 2021-07-16 00:00:00+00:00
[2021-07-18 15:56:28,610] {scheduler_job.py:189} INFO - Processing /home/julio/anaconda3/lib/python3.8/site-packages/airflow/example_dags/example_branch_datetime_operator.py took 0.062 seconds
[2021-07-18 15:56:59,988] {scheduler_job.py:181} INFO - Started process (PID=11783) to work on /home/julio/anaconda3/lib/python3.8/site-packages/airflow/example_dags/example_branch_datetime_operator.py
[2021-07-18 15:56:59,989] {scheduler_job.py:632} INFO - Processing file /home/julio/anaconda3/lib/python3.8/site-packages/airflow/example_dags/example_branch_datetime_operator.py for tasks to queue
[2021-07-18 15:56:59,989] {logging_mixin.py:104} INFO - [2021-07-18 15:56:59,989] {dagbag.py:496} INFO - Filling up the DagBag from /home/julio/anaconda3/lib/python3.8/site-packages/airflow/example_dags/example_branch_datetime_operator.py
[2021-07-18 15:57:00,000] {scheduler_job.py:642} INFO - DAG(s) dict_keys(['example_branch_datetime_operator_2']) retrieved from /home/julio/anaconda3/lib/python3.8/site-packages/airflow/example_dags/example_branch_datetime_operator.py
[2021-07-18 15:57:00,011] {logging_mixin.py:104} INFO - [2021-07-18 15:57:00,011] {dag.py:1833} INFO - Sync 1 DAGs
[2021-07-18 15:57:00,021] {logging_mixin.py:104} INFO - [2021-07-18 15:57:00,021] {dag.py:2306} INFO - Setting next_dagrun for example_branch_datetime_operator_2 to 2021-07-16 00:00:00+00:00
[2021-07-18 15:57:00,036] {scheduler_job.py:189} INFO - Processing /home/julio/anaconda3/lib/python3.8/site-packages/airflow/example_dags/example_branch_datetime_operator.py took 0.050 seconds
[2021-07-18 15:57:33,258] {scheduler_job.py:181} INFO - Started process (PID=11823) to work on /home/julio/anaconda3/lib/python3.8/site-packages/airflow/example_dags/example_branch_datetime_operator.py
[2021-07-18 15:57:33,259] {scheduler_job.py:632} INFO - Processing file /home/julio/anaconda3/lib/python3.8/site-packages/airflow/example_dags/example_branch_datetime_operator.py for tasks to queue
[2021-07-18 15:57:33,259] {logging_mixin.py:104} INFO - [2021-07-18 15:57:33,259] {dagbag.py:496} INFO - Filling up the DagBag from /home/julio/anaconda3/lib/python3.8/site-packages/airflow/example_dags/example_branch_datetime_operator.py
[2021-07-18 15:57:33,268] {scheduler_job.py:642} INFO - DAG(s) dict_keys(['example_branch_datetime_operator_2']) retrieved from /home/julio/anaconda3/lib/python3.8/site-packages/airflow/example_dags/example_branch_datetime_operator.py
[2021-07-18 15:57:33,278] {logging_mixin.py:104} INFO - [2021-07-18 15:57:33,278] {dag.py:1833} INFO - Sync 1 DAGs
[2021-07-18 15:57:33,288] {logging_mixin.py:104} INFO - [2021-07-18 15:57:33,288] {dag.py:2306} INFO - Setting next_dagrun for example_branch_datetime_operator_2 to 2021-07-16 00:00:00+00:00
[2021-07-18 15:57:33,302] {scheduler_job.py:189} INFO - Processing /home/julio/anaconda3/lib/python3.8/site-packages/airflow/example_dags/example_branch_datetime_operator.py took 0.046 seconds
[2021-07-18 15:58:07,862] {scheduler_job.py:181} INFO - Started process (PID=11857) to work on /home/julio/anaconda3/lib/python3.8/site-packages/airflow/example_dags/example_branch_datetime_operator.py
[2021-07-18 15:58:07,863] {scheduler_job.py:632} INFO - Processing file /home/julio/anaconda3/lib/python3.8/site-packages/airflow/example_dags/example_branch_datetime_operator.py for tasks to queue
[2021-07-18 15:58:07,864] {logging_mixin.py:104} INFO - [2021-07-18 15:58:07,864] {dagbag.py:496} INFO - Filling up the DagBag from /home/julio/anaconda3/lib/python3.8/site-packages/airflow/example_dags/example_branch_datetime_operator.py
[2021-07-18 15:58:07,874] {scheduler_job.py:642} INFO - DAG(s) dict_keys(['example_branch_datetime_operator_2']) retrieved from /home/julio/anaconda3/lib/python3.8/site-packages/airflow/example_dags/example_branch_datetime_operator.py
[2021-07-18 15:58:07,884] {logging_mixin.py:104} INFO - [2021-07-18 15:58:07,884] {dag.py:1833} INFO - Sync 1 DAGs
[2021-07-18 15:58:07,896] {logging_mixin.py:104} INFO - [2021-07-18 15:58:07,896] {dag.py:2306} INFO - Setting next_dagrun for example_branch_datetime_operator_2 to 2021-07-16 00:00:00+00:00
[2021-07-18 15:58:07,918] {scheduler_job.py:189} INFO - Processing /home/julio/anaconda3/lib/python3.8/site-packages/airflow/example_dags/example_branch_datetime_operator.py took 0.059 seconds
[2021-07-18 15:58:39,409] {scheduler_job.py:181} INFO - Started process (PID=11892) to work on /home/julio/anaconda3/lib/python3.8/site-packages/airflow/example_dags/example_branch_datetime_operator.py
[2021-07-18 15:58:39,412] {scheduler_job.py:632} INFO - Processing file /home/julio/anaconda3/lib/python3.8/site-packages/airflow/example_dags/example_branch_datetime_operator.py for tasks to queue
[2021-07-18 15:58:39,413] {logging_mixin.py:104} INFO - [2021-07-18 15:58:39,413] {dagbag.py:496} INFO - Filling up the DagBag from /home/julio/anaconda3/lib/python3.8/site-packages/airflow/example_dags/example_branch_datetime_operator.py
[2021-07-18 15:58:39,430] {scheduler_job.py:642} INFO - DAG(s) dict_keys(['example_branch_datetime_operator_2']) retrieved from /home/julio/anaconda3/lib/python3.8/site-packages/airflow/example_dags/example_branch_datetime_operator.py
[2021-07-18 15:58:39,442] {logging_mixin.py:104} INFO - [2021-07-18 15:58:39,442] {dag.py:1833} INFO - Sync 1 DAGs
[2021-07-18 15:58:39,457] {logging_mixin.py:104} INFO - [2021-07-18 15:58:39,457] {dag.py:2306} INFO - Setting next_dagrun for example_branch_datetime_operator_2 to 2021-07-16 00:00:00+00:00
[2021-07-18 15:58:39,483] {scheduler_job.py:189} INFO - Processing /home/julio/anaconda3/lib/python3.8/site-packages/airflow/example_dags/example_branch_datetime_operator.py took 0.076 seconds
[2021-07-18 16:23:40,226] {scheduler_job.py:181} INFO - Started process (PID=13612) to work on /home/julio/anaconda3/lib/python3.8/site-packages/airflow/example_dags/example_branch_datetime_operator.py
[2021-07-18 16:23:40,228] {scheduler_job.py:632} INFO - Processing file /home/julio/anaconda3/lib/python3.8/site-packages/airflow/example_dags/example_branch_datetime_operator.py for tasks to queue
[2021-07-18 16:23:40,229] {logging_mixin.py:104} INFO - [2021-07-18 16:23:40,229] {dagbag.py:496} INFO - Filling up the DagBag from /home/julio/anaconda3/lib/python3.8/site-packages/airflow/example_dags/example_branch_datetime_operator.py
[2021-07-18 16:23:40,241] {scheduler_job.py:642} INFO - DAG(s) dict_keys(['example_branch_datetime_operator_2']) retrieved from /home/julio/anaconda3/lib/python3.8/site-packages/airflow/example_dags/example_branch_datetime_operator.py
[2021-07-18 16:23:40,257] {logging_mixin.py:104} INFO - [2021-07-18 16:23:40,257] {dag.py:1833} INFO - Sync 1 DAGs
[2021-07-18 16:23:40,270] {logging_mixin.py:104} INFO - [2021-07-18 16:23:40,270] {dag.py:2306} INFO - Setting next_dagrun for example_branch_datetime_operator_2 to 2021-07-16 00:00:00+00:00
[2021-07-18 16:23:40,286] {scheduler_job.py:189} INFO - Processing /home/julio/anaconda3/lib/python3.8/site-packages/airflow/example_dags/example_branch_datetime_operator.py took 0.064 seconds
[2021-07-18 16:24:12,712] {scheduler_job.py:181} INFO - Started process (PID=13664) to work on /home/julio/anaconda3/lib/python3.8/site-packages/airflow/example_dags/example_branch_datetime_operator.py
[2021-07-18 16:24:12,714] {scheduler_job.py:632} INFO - Processing file /home/julio/anaconda3/lib/python3.8/site-packages/airflow/example_dags/example_branch_datetime_operator.py for tasks to queue
[2021-07-18 16:24:12,714] {logging_mixin.py:104} INFO - [2021-07-18 16:24:12,714] {dagbag.py:496} INFO - Filling up the DagBag from /home/julio/anaconda3/lib/python3.8/site-packages/airflow/example_dags/example_branch_datetime_operator.py
[2021-07-18 16:24:12,735] {scheduler_job.py:642} INFO - DAG(s) dict_keys(['example_branch_datetime_operator_2']) retrieved from /home/julio/anaconda3/lib/python3.8/site-packages/airflow/example_dags/example_branch_datetime_operator.py
[2021-07-18 16:24:12,752] {logging_mixin.py:104} INFO - [2021-07-18 16:24:12,752] {dag.py:1833} INFO - Sync 1 DAGs
[2021-07-18 16:24:12,769] {logging_mixin.py:104} INFO - [2021-07-18 16:24:12,769] {dag.py:2306} INFO - Setting next_dagrun for example_branch_datetime_operator_2 to 2021-07-16 00:00:00+00:00
[2021-07-18 16:24:12,800] {scheduler_job.py:189} INFO - Processing /home/julio/anaconda3/lib/python3.8/site-packages/airflow/example_dags/example_branch_datetime_operator.py took 0.096 seconds
[2021-07-18 16:24:46,446] {scheduler_job.py:181} INFO - Started process (PID=13735) to work on /home/julio/anaconda3/lib/python3.8/site-packages/airflow/example_dags/example_branch_datetime_operator.py
[2021-07-18 16:24:46,447] {scheduler_job.py:632} INFO - Processing file /home/julio/anaconda3/lib/python3.8/site-packages/airflow/example_dags/example_branch_datetime_operator.py for tasks to queue
[2021-07-18 16:24:46,447] {logging_mixin.py:104} INFO - [2021-07-18 16:24:46,447] {dagbag.py:496} INFO - Filling up the DagBag from /home/julio/anaconda3/lib/python3.8/site-packages/airflow/example_dags/example_branch_datetime_operator.py
[2021-07-18 16:24:46,461] {scheduler_job.py:642} INFO - DAG(s) dict_keys(['example_branch_datetime_operator_2']) retrieved from /home/julio/anaconda3/lib/python3.8/site-packages/airflow/example_dags/example_branch_datetime_operator.py
[2021-07-18 16:24:46,478] {logging_mixin.py:104} INFO - [2021-07-18 16:24:46,478] {dag.py:1833} INFO - Sync 1 DAGs
[2021-07-18 16:24:46,488] {logging_mixin.py:104} INFO - [2021-07-18 16:24:46,488] {dag.py:2306} INFO - Setting next_dagrun for example_branch_datetime_operator_2 to 2021-07-16 00:00:00+00:00
[2021-07-18 16:24:46,510] {scheduler_job.py:189} INFO - Processing /home/julio/anaconda3/lib/python3.8/site-packages/airflow/example_dags/example_branch_datetime_operator.py took 0.067 seconds
[2021-07-18 16:25:20,787] {scheduler_job.py:181} INFO - Started process (PID=13811) to work on /home/julio/anaconda3/lib/python3.8/site-packages/airflow/example_dags/example_branch_datetime_operator.py
[2021-07-18 16:25:20,788] {scheduler_job.py:632} INFO - Processing file /home/julio/anaconda3/lib/python3.8/site-packages/airflow/example_dags/example_branch_datetime_operator.py for tasks to queue
[2021-07-18 16:25:20,789] {logging_mixin.py:104} INFO - [2021-07-18 16:25:20,789] {dagbag.py:496} INFO - Filling up the DagBag from /home/julio/anaconda3/lib/python3.8/site-packages/airflow/example_dags/example_branch_datetime_operator.py
[2021-07-18 16:25:20,797] {scheduler_job.py:642} INFO - DAG(s) dict_keys(['example_branch_datetime_operator_2']) retrieved from /home/julio/anaconda3/lib/python3.8/site-packages/airflow/example_dags/example_branch_datetime_operator.py
[2021-07-18 16:25:20,809] {logging_mixin.py:104} INFO - [2021-07-18 16:25:20,809] {dag.py:1833} INFO - Sync 1 DAGs
[2021-07-18 16:25:20,821] {logging_mixin.py:104} INFO - [2021-07-18 16:25:20,821] {dag.py:2306} INFO - Setting next_dagrun for example_branch_datetime_operator_2 to 2021-07-16 00:00:00+00:00
[2021-07-18 16:25:20,837] {scheduler_job.py:189} INFO - Processing /home/julio/anaconda3/lib/python3.8/site-packages/airflow/example_dags/example_branch_datetime_operator.py took 0.053 seconds
[2021-07-18 16:25:53,935] {scheduler_job.py:181} INFO - Started process (PID=13883) to work on /home/julio/anaconda3/lib/python3.8/site-packages/airflow/example_dags/example_branch_datetime_operator.py
[2021-07-18 16:25:53,937] {scheduler_job.py:632} INFO - Processing file /home/julio/anaconda3/lib/python3.8/site-packages/airflow/example_dags/example_branch_datetime_operator.py for tasks to queue
[2021-07-18 16:25:53,938] {logging_mixin.py:104} INFO - [2021-07-18 16:25:53,938] {dagbag.py:496} INFO - Filling up the DagBag from /home/julio/anaconda3/lib/python3.8/site-packages/airflow/example_dags/example_branch_datetime_operator.py
[2021-07-18 16:25:53,952] {scheduler_job.py:642} INFO - DAG(s) dict_keys(['example_branch_datetime_operator_2']) retrieved from /home/julio/anaconda3/lib/python3.8/site-packages/airflow/example_dags/example_branch_datetime_operator.py
[2021-07-18 16:25:53,964] {logging_mixin.py:104} INFO - [2021-07-18 16:25:53,964] {dag.py:1833} INFO - Sync 1 DAGs
[2021-07-18 16:25:53,977] {logging_mixin.py:104} INFO - [2021-07-18 16:25:53,977] {dag.py:2306} INFO - Setting next_dagrun for example_branch_datetime_operator_2 to 2021-07-16 00:00:00+00:00
[2021-07-18 16:25:54,001] {scheduler_job.py:189} INFO - Processing /home/julio/anaconda3/lib/python3.8/site-packages/airflow/example_dags/example_branch_datetime_operator.py took 0.068 seconds
[2021-07-18 16:27:02,586] {scheduler_job.py:181} INFO - Started process (PID=14244) to work on /home/julio/anaconda3/lib/python3.8/site-packages/airflow/example_dags/example_branch_datetime_operator.py
[2021-07-18 16:27:02,587] {scheduler_job.py:632} INFO - Processing file /home/julio/anaconda3/lib/python3.8/site-packages/airflow/example_dags/example_branch_datetime_operator.py for tasks to queue
[2021-07-18 16:27:02,587] {logging_mixin.py:104} INFO - [2021-07-18 16:27:02,587] {dagbag.py:496} INFO - Filling up the DagBag from /home/julio/anaconda3/lib/python3.8/site-packages/airflow/example_dags/example_branch_datetime_operator.py
[2021-07-18 16:27:02,599] {scheduler_job.py:642} INFO - DAG(s) dict_keys(['example_branch_datetime_operator_2']) retrieved from /home/julio/anaconda3/lib/python3.8/site-packages/airflow/example_dags/example_branch_datetime_operator.py
[2021-07-18 16:27:02,616] {logging_mixin.py:104} INFO - [2021-07-18 16:27:02,616] {dag.py:1833} INFO - Sync 1 DAGs
[2021-07-18 16:27:02,628] {logging_mixin.py:104} INFO - [2021-07-18 16:27:02,628] {dag.py:2306} INFO - Setting next_dagrun for example_branch_datetime_operator_2 to 2021-07-16 00:00:00+00:00
[2021-07-18 16:27:02,649] {scheduler_job.py:189} INFO - Processing /home/julio/anaconda3/lib/python3.8/site-packages/airflow/example_dags/example_branch_datetime_operator.py took 0.065 seconds
[2021-07-18 16:27:39,837] {scheduler_job.py:181} INFO - Started process (PID=14356) to work on /home/julio/anaconda3/lib/python3.8/site-packages/airflow/example_dags/example_branch_datetime_operator.py
[2021-07-18 16:27:39,841] {scheduler_job.py:632} INFO - Processing file /home/julio/anaconda3/lib/python3.8/site-packages/airflow/example_dags/example_branch_datetime_operator.py for tasks to queue
[2021-07-18 16:27:39,841] {logging_mixin.py:104} INFO - [2021-07-18 16:27:39,841] {dagbag.py:496} INFO - Filling up the DagBag from /home/julio/anaconda3/lib/python3.8/site-packages/airflow/example_dags/example_branch_datetime_operator.py
[2021-07-18 16:27:39,857] {scheduler_job.py:642} INFO - DAG(s) dict_keys(['example_branch_datetime_operator_2']) retrieved from /home/julio/anaconda3/lib/python3.8/site-packages/airflow/example_dags/example_branch_datetime_operator.py
[2021-07-18 16:27:39,874] {logging_mixin.py:104} INFO - [2021-07-18 16:27:39,873] {dag.py:1833} INFO - Sync 1 DAGs
[2021-07-18 16:27:39,885] {logging_mixin.py:104} INFO - [2021-07-18 16:27:39,885] {dag.py:2306} INFO - Setting next_dagrun for example_branch_datetime_operator_2 to 2021-07-16 00:00:00+00:00
[2021-07-18 16:27:39,918] {scheduler_job.py:189} INFO - Processing /home/julio/anaconda3/lib/python3.8/site-packages/airflow/example_dags/example_branch_datetime_operator.py took 0.086 seconds
[2021-07-18 16:28:19,849] {scheduler_job.py:181} INFO - Started process (PID=14456) to work on /home/julio/anaconda3/lib/python3.8/site-packages/airflow/example_dags/example_branch_datetime_operator.py
[2021-07-18 16:28:19,851] {scheduler_job.py:632} INFO - Processing file /home/julio/anaconda3/lib/python3.8/site-packages/airflow/example_dags/example_branch_datetime_operator.py for tasks to queue
[2021-07-18 16:28:19,851] {logging_mixin.py:104} INFO - [2021-07-18 16:28:19,851] {dagbag.py:496} INFO - Filling up the DagBag from /home/julio/anaconda3/lib/python3.8/site-packages/airflow/example_dags/example_branch_datetime_operator.py
[2021-07-18 16:28:19,863] {scheduler_job.py:642} INFO - DAG(s) dict_keys(['example_branch_datetime_operator_2']) retrieved from /home/julio/anaconda3/lib/python3.8/site-packages/airflow/example_dags/example_branch_datetime_operator.py
[2021-07-18 16:28:19,874] {logging_mixin.py:104} INFO - [2021-07-18 16:28:19,874] {dag.py:1833} INFO - Sync 1 DAGs
[2021-07-18 16:28:19,889] {logging_mixin.py:104} INFO - [2021-07-18 16:28:19,888] {dag.py:2306} INFO - Setting next_dagrun for example_branch_datetime_operator_2 to 2021-07-16 00:00:00+00:00
[2021-07-18 16:28:19,923] {scheduler_job.py:189} INFO - Processing /home/julio/anaconda3/lib/python3.8/site-packages/airflow/example_dags/example_branch_datetime_operator.py took 0.077 seconds
[2021-07-18 16:28:55,090] {scheduler_job.py:181} INFO - Started process (PID=14548) to work on /home/julio/anaconda3/lib/python3.8/site-packages/airflow/example_dags/example_branch_datetime_operator.py
[2021-07-18 16:28:55,098] {scheduler_job.py:632} INFO - Processing file /home/julio/anaconda3/lib/python3.8/site-packages/airflow/example_dags/example_branch_datetime_operator.py for tasks to queue
[2021-07-18 16:28:55,099] {logging_mixin.py:104} INFO - [2021-07-18 16:28:55,099] {dagbag.py:496} INFO - Filling up the DagBag from /home/julio/anaconda3/lib/python3.8/site-packages/airflow/example_dags/example_branch_datetime_operator.py
[2021-07-18 16:28:55,130] {scheduler_job.py:642} INFO - DAG(s) dict_keys(['example_branch_datetime_operator_2']) retrieved from /home/julio/anaconda3/lib/python3.8/site-packages/airflow/example_dags/example_branch_datetime_operator.py
[2021-07-18 16:28:55,178] {logging_mixin.py:104} INFO - [2021-07-18 16:28:55,178] {dag.py:1833} INFO - Sync 1 DAGs
[2021-07-18 16:28:55,211] {logging_mixin.py:104} INFO - [2021-07-18 16:28:55,211] {dag.py:2306} INFO - Setting next_dagrun for example_branch_datetime_operator_2 to 2021-07-16 00:00:00+00:00
[2021-07-18 16:28:55,258] {scheduler_job.py:189} INFO - Processing /home/julio/anaconda3/lib/python3.8/site-packages/airflow/example_dags/example_branch_datetime_operator.py took 0.184 seconds
[2021-07-18 16:29:44,387] {scheduler_job.py:181} INFO - Started process (PID=14691) to work on /home/julio/anaconda3/lib/python3.8/site-packages/airflow/example_dags/example_branch_datetime_operator.py
[2021-07-18 16:29:44,392] {scheduler_job.py:632} INFO - Processing file /home/julio/anaconda3/lib/python3.8/site-packages/airflow/example_dags/example_branch_datetime_operator.py for tasks to queue
[2021-07-18 16:29:44,393] {logging_mixin.py:104} INFO - [2021-07-18 16:29:44,393] {dagbag.py:496} INFO - Filling up the DagBag from /home/julio/anaconda3/lib/python3.8/site-packages/airflow/example_dags/example_branch_datetime_operator.py
[2021-07-18 16:29:44,406] {scheduler_job.py:642} INFO - DAG(s) dict_keys(['example_branch_datetime_operator_2']) retrieved from /home/julio/anaconda3/lib/python3.8/site-packages/airflow/example_dags/example_branch_datetime_operator.py
[2021-07-18 16:29:44,418] {logging_mixin.py:104} INFO - [2021-07-18 16:29:44,418] {dag.py:1833} INFO - Sync 1 DAGs
[2021-07-18 16:29:44,431] {logging_mixin.py:104} INFO - [2021-07-18 16:29:44,431] {dag.py:2306} INFO - Setting next_dagrun for example_branch_datetime_operator_2 to 2021-07-16 00:00:00+00:00
[2021-07-18 16:29:44,449] {scheduler_job.py:189} INFO - Processing /home/julio/anaconda3/lib/python3.8/site-packages/airflow/example_dags/example_branch_datetime_operator.py took 0.066 seconds
[2021-07-18 16:31:41,976] {scheduler_job.py:181} INFO - Started process (PID=14985) to work on /home/julio/anaconda3/lib/python3.8/site-packages/airflow/example_dags/example_branch_datetime_operator.py
[2021-07-18 16:31:41,977] {scheduler_job.py:632} INFO - Processing file /home/julio/anaconda3/lib/python3.8/site-packages/airflow/example_dags/example_branch_datetime_operator.py for tasks to queue
[2021-07-18 16:31:41,978] {logging_mixin.py:104} INFO - [2021-07-18 16:31:41,978] {dagbag.py:496} INFO - Filling up the DagBag from /home/julio/anaconda3/lib/python3.8/site-packages/airflow/example_dags/example_branch_datetime_operator.py
[2021-07-18 16:31:42,002] {scheduler_job.py:642} INFO - DAG(s) dict_keys(['example_branch_datetime_operator_2']) retrieved from /home/julio/anaconda3/lib/python3.8/site-packages/airflow/example_dags/example_branch_datetime_operator.py
[2021-07-18 16:31:42,023] {logging_mixin.py:104} INFO - [2021-07-18 16:31:42,023] {dag.py:1833} INFO - Sync 1 DAGs
[2021-07-18 16:31:42,047] {logging_mixin.py:104} INFO - [2021-07-18 16:31:42,046] {dag.py:2306} INFO - Setting next_dagrun for example_branch_datetime_operator_2 to 2021-07-16 00:00:00+00:00
[2021-07-18 16:31:42,071] {scheduler_job.py:189} INFO - Processing /home/julio/anaconda3/lib/python3.8/site-packages/airflow/example_dags/example_branch_datetime_operator.py took 0.098 seconds
[2021-07-18 16:32:20,144] {scheduler_job.py:181} INFO - Started process (PID=15078) to work on /home/julio/anaconda3/lib/python3.8/site-packages/airflow/example_dags/example_branch_datetime_operator.py
[2021-07-18 16:32:20,145] {scheduler_job.py:632} INFO - Processing file /home/julio/anaconda3/lib/python3.8/site-packages/airflow/example_dags/example_branch_datetime_operator.py for tasks to queue
[2021-07-18 16:32:20,153] {logging_mixin.py:104} INFO - [2021-07-18 16:32:20,153] {dagbag.py:496} INFO - Filling up the DagBag from /home/julio/anaconda3/lib/python3.8/site-packages/airflow/example_dags/example_branch_datetime_operator.py
[2021-07-18 16:32:20,171] {scheduler_job.py:642} INFO - DAG(s) dict_keys(['example_branch_datetime_operator_2']) retrieved from /home/julio/anaconda3/lib/python3.8/site-packages/airflow/example_dags/example_branch_datetime_operator.py
[2021-07-18 16:32:20,184] {logging_mixin.py:104} INFO - [2021-07-18 16:32:20,184] {dag.py:1833} INFO - Sync 1 DAGs
[2021-07-18 16:32:20,208] {logging_mixin.py:104} INFO - [2021-07-18 16:32:20,208] {dag.py:2306} INFO - Setting next_dagrun for example_branch_datetime_operator_2 to 2021-07-16 00:00:00+00:00
[2021-07-18 16:32:20,231] {scheduler_job.py:189} INFO - Processing /home/julio/anaconda3/lib/python3.8/site-packages/airflow/example_dags/example_branch_datetime_operator.py took 0.089 seconds
[2021-07-18 16:32:55,486] {scheduler_job.py:181} INFO - Started process (PID=15166) to work on /home/julio/anaconda3/lib/python3.8/site-packages/airflow/example_dags/example_branch_datetime_operator.py
[2021-07-18 16:32:55,488] {scheduler_job.py:632} INFO - Processing file /home/julio/anaconda3/lib/python3.8/site-packages/airflow/example_dags/example_branch_datetime_operator.py for tasks to queue
[2021-07-18 16:32:55,488] {logging_mixin.py:104} INFO - [2021-07-18 16:32:55,488] {dagbag.py:496} INFO - Filling up the DagBag from /home/julio/anaconda3/lib/python3.8/site-packages/airflow/example_dags/example_branch_datetime_operator.py
[2021-07-18 16:32:55,500] {scheduler_job.py:642} INFO - DAG(s) dict_keys(['example_branch_datetime_operator_2']) retrieved from /home/julio/anaconda3/lib/python3.8/site-packages/airflow/example_dags/example_branch_datetime_operator.py
[2021-07-18 16:32:55,515] {logging_mixin.py:104} INFO - [2021-07-18 16:32:55,515] {dag.py:1833} INFO - Sync 1 DAGs
[2021-07-18 16:32:55,529] {logging_mixin.py:104} INFO - [2021-07-18 16:32:55,529] {dag.py:2306} INFO - Setting next_dagrun for example_branch_datetime_operator_2 to 2021-07-16 00:00:00+00:00
[2021-07-18 16:32:55,549] {scheduler_job.py:189} INFO - Processing /home/julio/anaconda3/lib/python3.8/site-packages/airflow/example_dags/example_branch_datetime_operator.py took 0.066 seconds
[2021-07-18 16:33:36,062] {scheduler_job.py:181} INFO - Started process (PID=15266) to work on /home/julio/anaconda3/lib/python3.8/site-packages/airflow/example_dags/example_branch_datetime_operator.py
[2021-07-18 16:33:36,066] {scheduler_job.py:632} INFO - Processing file /home/julio/anaconda3/lib/python3.8/site-packages/airflow/example_dags/example_branch_datetime_operator.py for tasks to queue
[2021-07-18 16:33:36,067] {logging_mixin.py:104} INFO - [2021-07-18 16:33:36,067] {dagbag.py:496} INFO - Filling up the DagBag from /home/julio/anaconda3/lib/python3.8/site-packages/airflow/example_dags/example_branch_datetime_operator.py
[2021-07-18 16:33:36,081] {scheduler_job.py:642} INFO - DAG(s) dict_keys(['example_branch_datetime_operator_2']) retrieved from /home/julio/anaconda3/lib/python3.8/site-packages/airflow/example_dags/example_branch_datetime_operator.py
[2021-07-18 16:33:36,101] {logging_mixin.py:104} INFO - [2021-07-18 16:33:36,101] {dag.py:1833} INFO - Sync 1 DAGs
[2021-07-18 16:33:36,113] {logging_mixin.py:104} INFO - [2021-07-18 16:33:36,113] {dag.py:2306} INFO - Setting next_dagrun for example_branch_datetime_operator_2 to 2021-07-16 00:00:00+00:00
[2021-07-18 16:33:36,133] {scheduler_job.py:189} INFO - Processing /home/julio/anaconda3/lib/python3.8/site-packages/airflow/example_dags/example_branch_datetime_operator.py took 0.075 seconds
[2021-07-18 16:34:13,787] {scheduler_job.py:181} INFO - Started process (PID=15334) to work on /home/julio/anaconda3/lib/python3.8/site-packages/airflow/example_dags/example_branch_datetime_operator.py
[2021-07-18 16:34:13,789] {scheduler_job.py:632} INFO - Processing file /home/julio/anaconda3/lib/python3.8/site-packages/airflow/example_dags/example_branch_datetime_operator.py for tasks to queue
[2021-07-18 16:34:13,790] {logging_mixin.py:104} INFO - [2021-07-18 16:34:13,790] {dagbag.py:496} INFO - Filling up the DagBag from /home/julio/anaconda3/lib/python3.8/site-packages/airflow/example_dags/example_branch_datetime_operator.py
[2021-07-18 16:34:13,807] {scheduler_job.py:642} INFO - DAG(s) dict_keys(['example_branch_datetime_operator_2']) retrieved from /home/julio/anaconda3/lib/python3.8/site-packages/airflow/example_dags/example_branch_datetime_operator.py
[2021-07-18 16:34:13,823] {logging_mixin.py:104} INFO - [2021-07-18 16:34:13,823] {dag.py:1833} INFO - Sync 1 DAGs
[2021-07-18 16:34:13,840] {logging_mixin.py:104} INFO - [2021-07-18 16:34:13,840] {dag.py:2306} INFO - Setting next_dagrun for example_branch_datetime_operator_2 to 2021-07-16 00:00:00+00:00
[2021-07-18 16:34:13,855] {scheduler_job.py:189} INFO - Processing /home/julio/anaconda3/lib/python3.8/site-packages/airflow/example_dags/example_branch_datetime_operator.py took 0.071 seconds
[2021-07-18 16:34:48,720] {scheduler_job.py:181} INFO - Started process (PID=15395) to work on /home/julio/anaconda3/lib/python3.8/site-packages/airflow/example_dags/example_branch_datetime_operator.py
[2021-07-18 16:34:48,723] {scheduler_job.py:632} INFO - Processing file /home/julio/anaconda3/lib/python3.8/site-packages/airflow/example_dags/example_branch_datetime_operator.py for tasks to queue
[2021-07-18 16:34:48,724] {logging_mixin.py:104} INFO - [2021-07-18 16:34:48,724] {dagbag.py:496} INFO - Filling up the DagBag from /home/julio/anaconda3/lib/python3.8/site-packages/airflow/example_dags/example_branch_datetime_operator.py
[2021-07-18 16:34:48,736] {scheduler_job.py:642} INFO - DAG(s) dict_keys(['example_branch_datetime_operator_2']) retrieved from /home/julio/anaconda3/lib/python3.8/site-packages/airflow/example_dags/example_branch_datetime_operator.py
[2021-07-18 16:34:48,745] {logging_mixin.py:104} INFO - [2021-07-18 16:34:48,745] {dag.py:1833} INFO - Sync 1 DAGs
[2021-07-18 16:34:48,754] {logging_mixin.py:104} INFO - [2021-07-18 16:34:48,754] {dag.py:2306} INFO - Setting next_dagrun for example_branch_datetime_operator_2 to 2021-07-16 00:00:00+00:00
[2021-07-18 16:34:48,769] {scheduler_job.py:189} INFO - Processing /home/julio/anaconda3/lib/python3.8/site-packages/airflow/example_dags/example_branch_datetime_operator.py took 0.051 seconds
[2021-07-18 16:35:25,170] {scheduler_job.py:181} INFO - Started process (PID=15463) to work on /home/julio/anaconda3/lib/python3.8/site-packages/airflow/example_dags/example_branch_datetime_operator.py
[2021-07-18 16:35:25,175] {scheduler_job.py:632} INFO - Processing file /home/julio/anaconda3/lib/python3.8/site-packages/airflow/example_dags/example_branch_datetime_operator.py for tasks to queue
[2021-07-18 16:35:25,176] {logging_mixin.py:104} INFO - [2021-07-18 16:35:25,176] {dagbag.py:496} INFO - Filling up the DagBag from /home/julio/anaconda3/lib/python3.8/site-packages/airflow/example_dags/example_branch_datetime_operator.py
[2021-07-18 16:35:25,192] {scheduler_job.py:642} INFO - DAG(s) dict_keys(['example_branch_datetime_operator_2']) retrieved from /home/julio/anaconda3/lib/python3.8/site-packages/airflow/example_dags/example_branch_datetime_operator.py
[2021-07-18 16:35:25,208] {logging_mixin.py:104} INFO - [2021-07-18 16:35:25,208] {dag.py:1833} INFO - Sync 1 DAGs
[2021-07-18 16:35:25,221] {logging_mixin.py:104} INFO - [2021-07-18 16:35:25,221] {dag.py:2306} INFO - Setting next_dagrun for example_branch_datetime_operator_2 to 2021-07-16 00:00:00+00:00
[2021-07-18 16:35:25,238] {scheduler_job.py:189} INFO - Processing /home/julio/anaconda3/lib/python3.8/site-packages/airflow/example_dags/example_branch_datetime_operator.py took 0.072 seconds
[2021-07-18 16:36:02,741] {scheduler_job.py:181} INFO - Started process (PID=15528) to work on /home/julio/anaconda3/lib/python3.8/site-packages/airflow/example_dags/example_branch_datetime_operator.py
[2021-07-18 16:36:02,743] {scheduler_job.py:632} INFO - Processing file /home/julio/anaconda3/lib/python3.8/site-packages/airflow/example_dags/example_branch_datetime_operator.py for tasks to queue
[2021-07-18 16:36:02,744] {logging_mixin.py:104} INFO - [2021-07-18 16:36:02,744] {dagbag.py:496} INFO - Filling up the DagBag from /home/julio/anaconda3/lib/python3.8/site-packages/airflow/example_dags/example_branch_datetime_operator.py
[2021-07-18 16:36:02,758] {scheduler_job.py:642} INFO - DAG(s) dict_keys(['example_branch_datetime_operator_2']) retrieved from /home/julio/anaconda3/lib/python3.8/site-packages/airflow/example_dags/example_branch_datetime_operator.py
[2021-07-18 16:36:02,772] {logging_mixin.py:104} INFO - [2021-07-18 16:36:02,772] {dag.py:1833} INFO - Sync 1 DAGs
[2021-07-18 16:36:02,787] {logging_mixin.py:104} INFO - [2021-07-18 16:36:02,786] {dag.py:2306} INFO - Setting next_dagrun for example_branch_datetime_operator_2 to 2021-07-16 00:00:00+00:00
[2021-07-18 16:36:02,807] {scheduler_job.py:189} INFO - Processing /home/julio/anaconda3/lib/python3.8/site-packages/airflow/example_dags/example_branch_datetime_operator.py took 0.068 seconds
[2021-07-18 16:36:39,311] {scheduler_job.py:181} INFO - Started process (PID=15594) to work on /home/julio/anaconda3/lib/python3.8/site-packages/airflow/example_dags/example_branch_datetime_operator.py
[2021-07-18 16:36:39,319] {scheduler_job.py:632} INFO - Processing file /home/julio/anaconda3/lib/python3.8/site-packages/airflow/example_dags/example_branch_datetime_operator.py for tasks to queue
[2021-07-18 16:36:39,320] {logging_mixin.py:104} INFO - [2021-07-18 16:36:39,320] {dagbag.py:496} INFO - Filling up the DagBag from /home/julio/anaconda3/lib/python3.8/site-packages/airflow/example_dags/example_branch_datetime_operator.py
[2021-07-18 16:36:39,330] {scheduler_job.py:642} INFO - DAG(s) dict_keys(['example_branch_datetime_operator_2']) retrieved from /home/julio/anaconda3/lib/python3.8/site-packages/airflow/example_dags/example_branch_datetime_operator.py
[2021-07-18 16:36:39,344] {logging_mixin.py:104} INFO - [2021-07-18 16:36:39,344] {dag.py:1833} INFO - Sync 1 DAGs
[2021-07-18 16:36:39,356] {logging_mixin.py:104} INFO - [2021-07-18 16:36:39,356] {dag.py:2306} INFO - Setting next_dagrun for example_branch_datetime_operator_2 to 2021-07-16 00:00:00+00:00
[2021-07-18 16:36:39,378] {scheduler_job.py:189} INFO - Processing /home/julio/anaconda3/lib/python3.8/site-packages/airflow/example_dags/example_branch_datetime_operator.py took 0.069 seconds
[2021-07-18 16:37:13,341] {scheduler_job.py:181} INFO - Started process (PID=15653) to work on /home/julio/anaconda3/lib/python3.8/site-packages/airflow/example_dags/example_branch_datetime_operator.py
[2021-07-18 16:37:13,343] {scheduler_job.py:632} INFO - Processing file /home/julio/anaconda3/lib/python3.8/site-packages/airflow/example_dags/example_branch_datetime_operator.py for tasks to queue
[2021-07-18 16:37:13,344] {logging_mixin.py:104} INFO - [2021-07-18 16:37:13,343] {dagbag.py:496} INFO - Filling up the DagBag from /home/julio/anaconda3/lib/python3.8/site-packages/airflow/example_dags/example_branch_datetime_operator.py
[2021-07-18 16:37:13,354] {scheduler_job.py:642} INFO - DAG(s) dict_keys(['example_branch_datetime_operator_2']) retrieved from /home/julio/anaconda3/lib/python3.8/site-packages/airflow/example_dags/example_branch_datetime_operator.py
[2021-07-18 16:37:13,365] {logging_mixin.py:104} INFO - [2021-07-18 16:37:13,365] {dag.py:1833} INFO - Sync 1 DAGs
[2021-07-18 16:37:13,376] {logging_mixin.py:104} INFO - [2021-07-18 16:37:13,376] {dag.py:2306} INFO - Setting next_dagrun for example_branch_datetime_operator_2 to 2021-07-16 00:00:00+00:00
[2021-07-18 16:37:13,394] {scheduler_job.py:189} INFO - Processing /home/julio/anaconda3/lib/python3.8/site-packages/airflow/example_dags/example_branch_datetime_operator.py took 0.061 seconds
[2021-07-18 16:37:56,778] {scheduler_job.py:181} INFO - Started process (PID=15751) to work on /home/julio/anaconda3/lib/python3.8/site-packages/airflow/example_dags/example_branch_datetime_operator.py
[2021-07-18 16:37:56,779] {scheduler_job.py:632} INFO - Processing file /home/julio/anaconda3/lib/python3.8/site-packages/airflow/example_dags/example_branch_datetime_operator.py for tasks to queue
[2021-07-18 16:37:56,779] {logging_mixin.py:104} INFO - [2021-07-18 16:37:56,779] {dagbag.py:496} INFO - Filling up the DagBag from /home/julio/anaconda3/lib/python3.8/site-packages/airflow/example_dags/example_branch_datetime_operator.py
[2021-07-18 16:37:56,788] {scheduler_job.py:642} INFO - DAG(s) dict_keys(['example_branch_datetime_operator_2']) retrieved from /home/julio/anaconda3/lib/python3.8/site-packages/airflow/example_dags/example_branch_datetime_operator.py
[2021-07-18 16:37:56,798] {logging_mixin.py:104} INFO - [2021-07-18 16:37:56,798] {dag.py:1833} INFO - Sync 1 DAGs
[2021-07-18 16:37:56,810] {logging_mixin.py:104} INFO - [2021-07-18 16:37:56,810] {dag.py:2306} INFO - Setting next_dagrun for example_branch_datetime_operator_2 to 2021-07-16 00:00:00+00:00
[2021-07-18 16:37:56,828] {scheduler_job.py:189} INFO - Processing /home/julio/anaconda3/lib/python3.8/site-packages/airflow/example_dags/example_branch_datetime_operator.py took 0.053 seconds
[2021-07-18 16:38:36,587] {scheduler_job.py:181} INFO - Started process (PID=15827) to work on /home/julio/anaconda3/lib/python3.8/site-packages/airflow/example_dags/example_branch_datetime_operator.py
[2021-07-18 16:38:36,592] {scheduler_job.py:632} INFO - Processing file /home/julio/anaconda3/lib/python3.8/site-packages/airflow/example_dags/example_branch_datetime_operator.py for tasks to queue
[2021-07-18 16:38:36,593] {logging_mixin.py:104} INFO - [2021-07-18 16:38:36,593] {dagbag.py:496} INFO - Filling up the DagBag from /home/julio/anaconda3/lib/python3.8/site-packages/airflow/example_dags/example_branch_datetime_operator.py
[2021-07-18 16:38:36,605] {scheduler_job.py:642} INFO - DAG(s) dict_keys(['example_branch_datetime_operator_2']) retrieved from /home/julio/anaconda3/lib/python3.8/site-packages/airflow/example_dags/example_branch_datetime_operator.py
[2021-07-18 16:38:36,616] {logging_mixin.py:104} INFO - [2021-07-18 16:38:36,616] {dag.py:1833} INFO - Sync 1 DAGs
[2021-07-18 16:38:36,627] {logging_mixin.py:104} INFO - [2021-07-18 16:38:36,626] {dag.py:2306} INFO - Setting next_dagrun for example_branch_datetime_operator_2 to 2021-07-16 00:00:00+00:00
[2021-07-18 16:38:36,646] {scheduler_job.py:189} INFO - Processing /home/julio/anaconda3/lib/python3.8/site-packages/airflow/example_dags/example_branch_datetime_operator.py took 0.065 seconds
[2021-07-18 16:41:28,358] {scheduler_job.py:181} INFO - Started process (PID=16031) to work on /home/julio/anaconda3/lib/python3.8/site-packages/airflow/example_dags/example_branch_datetime_operator.py
[2021-07-18 16:41:28,360] {scheduler_job.py:632} INFO - Processing file /home/julio/anaconda3/lib/python3.8/site-packages/airflow/example_dags/example_branch_datetime_operator.py for tasks to queue
[2021-07-18 16:41:28,361] {logging_mixin.py:104} INFO - [2021-07-18 16:41:28,361] {dagbag.py:496} INFO - Filling up the DagBag from /home/julio/anaconda3/lib/python3.8/site-packages/airflow/example_dags/example_branch_datetime_operator.py
[2021-07-18 16:41:28,374] {scheduler_job.py:642} INFO - DAG(s) dict_keys(['example_branch_datetime_operator_2']) retrieved from /home/julio/anaconda3/lib/python3.8/site-packages/airflow/example_dags/example_branch_datetime_operator.py
[2021-07-18 16:41:28,398] {logging_mixin.py:104} INFO - [2021-07-18 16:41:28,398] {dag.py:1833} INFO - Sync 1 DAGs
[2021-07-18 16:41:28,413] {logging_mixin.py:104} INFO - [2021-07-18 16:41:28,413] {dag.py:2306} INFO - Setting next_dagrun for example_branch_datetime_operator_2 to 2021-07-16 00:00:00+00:00
[2021-07-18 16:41:28,440] {scheduler_job.py:189} INFO - Processing /home/julio/anaconda3/lib/python3.8/site-packages/airflow/example_dags/example_branch_datetime_operator.py took 0.086 seconds
[2021-07-18 16:42:03,445] {scheduler_job.py:181} INFO - Started process (PID=16120) to work on /home/julio/anaconda3/lib/python3.8/site-packages/airflow/example_dags/example_branch_datetime_operator.py
[2021-07-18 16:42:03,447] {scheduler_job.py:632} INFO - Processing file /home/julio/anaconda3/lib/python3.8/site-packages/airflow/example_dags/example_branch_datetime_operator.py for tasks to queue
[2021-07-18 16:42:03,447] {logging_mixin.py:104} INFO - [2021-07-18 16:42:03,447] {dagbag.py:496} INFO - Filling up the DagBag from /home/julio/anaconda3/lib/python3.8/site-packages/airflow/example_dags/example_branch_datetime_operator.py
[2021-07-18 16:42:03,455] {scheduler_job.py:642} INFO - DAG(s) dict_keys(['example_branch_datetime_operator_2']) retrieved from /home/julio/anaconda3/lib/python3.8/site-packages/airflow/example_dags/example_branch_datetime_operator.py
[2021-07-18 16:42:03,467] {logging_mixin.py:104} INFO - [2021-07-18 16:42:03,467] {dag.py:1833} INFO - Sync 1 DAGs
[2021-07-18 16:42:03,479] {logging_mixin.py:104} INFO - [2021-07-18 16:42:03,479] {dag.py:2306} INFO - Setting next_dagrun for example_branch_datetime_operator_2 to 2021-07-16 00:00:00+00:00
[2021-07-18 16:42:03,497] {scheduler_job.py:189} INFO - Processing /home/julio/anaconda3/lib/python3.8/site-packages/airflow/example_dags/example_branch_datetime_operator.py took 0.054 seconds
