[2021-07-18 15:56:19,117] {scheduler_job.py:181} INFO - Started process (PID=11741) to work on /home/julio/anaconda3/lib/python3.8/site-packages/airflow/example_dags/example_task_group.py
[2021-07-18 15:56:19,118] {scheduler_job.py:632} INFO - Processing file /home/julio/anaconda3/lib/python3.8/site-packages/airflow/example_dags/example_task_group.py for tasks to queue
[2021-07-18 15:56:19,118] {logging_mixin.py:104} INFO - [2021-07-18 15:56:19,118] {dagbag.py:496} INFO - Filling up the DagBag from /home/julio/anaconda3/lib/python3.8/site-packages/airflow/example_dags/example_task_group.py
[2021-07-18 15:56:19,127] {scheduler_job.py:642} INFO - DAG(s) dict_keys(['example_task_group']) retrieved from /home/julio/anaconda3/lib/python3.8/site-packages/airflow/example_dags/example_task_group.py
[2021-07-18 15:56:19,304] {logging_mixin.py:104} INFO - [2021-07-18 15:56:19,304] {dag.py:1833} INFO - Sync 1 DAGs
[2021-07-18 15:56:19,309] {logging_mixin.py:104} INFO - [2021-07-18 15:56:19,309] {dag.py:2306} INFO - Setting next_dagrun for example_task_group to 2021-07-16 00:00:00+00:00
[2021-07-18 15:56:19,329] {scheduler_job.py:189} INFO - Processing /home/julio/anaconda3/lib/python3.8/site-packages/airflow/example_dags/example_task_group.py took 0.214 seconds
[2021-07-18 15:56:50,621] {scheduler_job.py:181} INFO - Started process (PID=11774) to work on /home/julio/anaconda3/lib/python3.8/site-packages/airflow/example_dags/example_task_group.py
[2021-07-18 15:56:50,621] {scheduler_job.py:632} INFO - Processing file /home/julio/anaconda3/lib/python3.8/site-packages/airflow/example_dags/example_task_group.py for tasks to queue
[2021-07-18 15:56:50,622] {logging_mixin.py:104} INFO - [2021-07-18 15:56:50,622] {dagbag.py:496} INFO - Filling up the DagBag from /home/julio/anaconda3/lib/python3.8/site-packages/airflow/example_dags/example_task_group.py
[2021-07-18 15:56:50,630] {scheduler_job.py:642} INFO - DAG(s) dict_keys(['example_task_group']) retrieved from /home/julio/anaconda3/lib/python3.8/site-packages/airflow/example_dags/example_task_group.py
[2021-07-18 15:56:50,640] {logging_mixin.py:104} INFO - [2021-07-18 15:56:50,640] {dag.py:1833} INFO - Sync 1 DAGs
[2021-07-18 15:56:50,653] {logging_mixin.py:104} INFO - [2021-07-18 15:56:50,653] {dag.py:2306} INFO - Setting next_dagrun for example_task_group to 2021-07-16 00:00:00+00:00
[2021-07-18 15:56:50,669] {scheduler_job.py:189} INFO - Processing /home/julio/anaconda3/lib/python3.8/site-packages/airflow/example_dags/example_task_group.py took 0.050 seconds
[2021-07-18 15:57:22,972] {scheduler_job.py:181} INFO - Started process (PID=11813) to work on /home/julio/anaconda3/lib/python3.8/site-packages/airflow/example_dags/example_task_group.py
[2021-07-18 15:57:22,973] {scheduler_job.py:632} INFO - Processing file /home/julio/anaconda3/lib/python3.8/site-packages/airflow/example_dags/example_task_group.py for tasks to queue
[2021-07-18 15:57:22,973] {logging_mixin.py:104} INFO - [2021-07-18 15:57:22,973] {dagbag.py:496} INFO - Filling up the DagBag from /home/julio/anaconda3/lib/python3.8/site-packages/airflow/example_dags/example_task_group.py
[2021-07-18 15:57:22,984] {scheduler_job.py:642} INFO - DAG(s) dict_keys(['example_task_group']) retrieved from /home/julio/anaconda3/lib/python3.8/site-packages/airflow/example_dags/example_task_group.py
[2021-07-18 15:57:22,994] {logging_mixin.py:104} INFO - [2021-07-18 15:57:22,994] {dag.py:1833} INFO - Sync 1 DAGs
[2021-07-18 15:57:23,002] {logging_mixin.py:104} INFO - [2021-07-18 15:57:23,001] {dag.py:2306} INFO - Setting next_dagrun for example_task_group to 2021-07-16 00:00:00+00:00
[2021-07-18 15:57:23,017] {scheduler_job.py:189} INFO - Processing /home/julio/anaconda3/lib/python3.8/site-packages/airflow/example_dags/example_task_group.py took 0.047 seconds
[2021-07-18 15:57:56,134] {scheduler_job.py:181} INFO - Started process (PID=11846) to work on /home/julio/anaconda3/lib/python3.8/site-packages/airflow/example_dags/example_task_group.py
[2021-07-18 15:57:56,135] {scheduler_job.py:632} INFO - Processing file /home/julio/anaconda3/lib/python3.8/site-packages/airflow/example_dags/example_task_group.py for tasks to queue
[2021-07-18 15:57:56,136] {logging_mixin.py:104} INFO - [2021-07-18 15:57:56,136] {dagbag.py:496} INFO - Filling up the DagBag from /home/julio/anaconda3/lib/python3.8/site-packages/airflow/example_dags/example_task_group.py
[2021-07-18 15:57:56,147] {scheduler_job.py:642} INFO - DAG(s) dict_keys(['example_task_group']) retrieved from /home/julio/anaconda3/lib/python3.8/site-packages/airflow/example_dags/example_task_group.py
[2021-07-18 15:57:56,162] {logging_mixin.py:104} INFO - [2021-07-18 15:57:56,162] {dag.py:1833} INFO - Sync 1 DAGs
[2021-07-18 15:57:56,173] {logging_mixin.py:104} INFO - [2021-07-18 15:57:56,172] {dag.py:2306} INFO - Setting next_dagrun for example_task_group to 2021-07-16 00:00:00+00:00
[2021-07-18 15:57:56,187] {scheduler_job.py:189} INFO - Processing /home/julio/anaconda3/lib/python3.8/site-packages/airflow/example_dags/example_task_group.py took 0.057 seconds
[2021-07-18 15:58:28,485] {scheduler_job.py:181} INFO - Started process (PID=11881) to work on /home/julio/anaconda3/lib/python3.8/site-packages/airflow/example_dags/example_task_group.py
[2021-07-18 15:58:28,486] {scheduler_job.py:632} INFO - Processing file /home/julio/anaconda3/lib/python3.8/site-packages/airflow/example_dags/example_task_group.py for tasks to queue
[2021-07-18 15:58:28,487] {logging_mixin.py:104} INFO - [2021-07-18 15:58:28,486] {dagbag.py:496} INFO - Filling up the DagBag from /home/julio/anaconda3/lib/python3.8/site-packages/airflow/example_dags/example_task_group.py
[2021-07-18 15:58:28,498] {scheduler_job.py:642} INFO - DAG(s) dict_keys(['example_task_group']) retrieved from /home/julio/anaconda3/lib/python3.8/site-packages/airflow/example_dags/example_task_group.py
[2021-07-18 15:58:28,511] {logging_mixin.py:104} INFO - [2021-07-18 15:58:28,511] {dag.py:1833} INFO - Sync 1 DAGs
[2021-07-18 15:58:28,521] {logging_mixin.py:104} INFO - [2021-07-18 15:58:28,521] {dag.py:2306} INFO - Setting next_dagrun for example_task_group to 2021-07-16 00:00:00+00:00
[2021-07-18 15:58:28,537] {scheduler_job.py:189} INFO - Processing /home/julio/anaconda3/lib/python3.8/site-packages/airflow/example_dags/example_task_group.py took 0.055 seconds
[2021-07-18 15:59:00,259] {scheduler_job.py:181} INFO - Started process (PID=11913) to work on /home/julio/anaconda3/lib/python3.8/site-packages/airflow/example_dags/example_task_group.py
[2021-07-18 15:59:00,260] {scheduler_job.py:632} INFO - Processing file /home/julio/anaconda3/lib/python3.8/site-packages/airflow/example_dags/example_task_group.py for tasks to queue
[2021-07-18 15:59:00,260] {logging_mixin.py:104} INFO - [2021-07-18 15:59:00,260] {dagbag.py:496} INFO - Filling up the DagBag from /home/julio/anaconda3/lib/python3.8/site-packages/airflow/example_dags/example_task_group.py
[2021-07-18 15:59:00,301] {scheduler_job.py:642} INFO - DAG(s) dict_keys(['example_task_group']) retrieved from /home/julio/anaconda3/lib/python3.8/site-packages/airflow/example_dags/example_task_group.py
[2021-07-18 15:59:00,324] {logging_mixin.py:104} INFO - [2021-07-18 15:59:00,324] {dag.py:1833} INFO - Sync 1 DAGs
[2021-07-18 15:59:00,345] {logging_mixin.py:104} INFO - [2021-07-18 15:59:00,344] {dag.py:2306} INFO - Setting next_dagrun for example_task_group to 2021-07-16 00:00:00+00:00
[2021-07-18 15:59:00,370] {scheduler_job.py:189} INFO - Processing /home/julio/anaconda3/lib/python3.8/site-packages/airflow/example_dags/example_task_group.py took 0.114 seconds
[2021-07-18 16:23:30,823] {scheduler_job.py:181} INFO - Started process (PID=13591) to work on /home/julio/anaconda3/lib/python3.8/site-packages/airflow/example_dags/example_task_group.py
[2021-07-18 16:23:30,825] {scheduler_job.py:632} INFO - Processing file /home/julio/anaconda3/lib/python3.8/site-packages/airflow/example_dags/example_task_group.py for tasks to queue
[2021-07-18 16:23:30,826] {logging_mixin.py:104} INFO - [2021-07-18 16:23:30,826] {dagbag.py:496} INFO - Filling up the DagBag from /home/julio/anaconda3/lib/python3.8/site-packages/airflow/example_dags/example_task_group.py
[2021-07-18 16:23:30,837] {scheduler_job.py:642} INFO - DAG(s) dict_keys(['example_task_group']) retrieved from /home/julio/anaconda3/lib/python3.8/site-packages/airflow/example_dags/example_task_group.py
[2021-07-18 16:23:30,848] {logging_mixin.py:104} INFO - [2021-07-18 16:23:30,848] {dag.py:1833} INFO - Sync 1 DAGs
[2021-07-18 16:23:30,860] {logging_mixin.py:104} INFO - [2021-07-18 16:23:30,860] {dag.py:2306} INFO - Setting next_dagrun for example_task_group to 2021-07-16 00:00:00+00:00
[2021-07-18 16:23:30,875] {scheduler_job.py:189} INFO - Processing /home/julio/anaconda3/lib/python3.8/site-packages/airflow/example_dags/example_task_group.py took 0.055 seconds
[2021-07-18 16:24:02,334] {scheduler_job.py:181} INFO - Started process (PID=13651) to work on /home/julio/anaconda3/lib/python3.8/site-packages/airflow/example_dags/example_task_group.py
[2021-07-18 16:24:02,335] {scheduler_job.py:632} INFO - Processing file /home/julio/anaconda3/lib/python3.8/site-packages/airflow/example_dags/example_task_group.py for tasks to queue
[2021-07-18 16:24:02,336] {logging_mixin.py:104} INFO - [2021-07-18 16:24:02,336] {dagbag.py:496} INFO - Filling up the DagBag from /home/julio/anaconda3/lib/python3.8/site-packages/airflow/example_dags/example_task_group.py
[2021-07-18 16:24:02,351] {scheduler_job.py:642} INFO - DAG(s) dict_keys(['example_task_group']) retrieved from /home/julio/anaconda3/lib/python3.8/site-packages/airflow/example_dags/example_task_group.py
[2021-07-18 16:24:02,368] {logging_mixin.py:104} INFO - [2021-07-18 16:24:02,368] {dag.py:1833} INFO - Sync 1 DAGs
[2021-07-18 16:24:02,386] {logging_mixin.py:104} INFO - [2021-07-18 16:24:02,386] {dag.py:2306} INFO - Setting next_dagrun for example_task_group to 2021-07-16 00:00:00+00:00
[2021-07-18 16:24:02,402] {scheduler_job.py:189} INFO - Processing /home/julio/anaconda3/lib/python3.8/site-packages/airflow/example_dags/example_task_group.py took 0.069 seconds
[2021-07-18 16:24:36,866] {scheduler_job.py:181} INFO - Started process (PID=13717) to work on /home/julio/anaconda3/lib/python3.8/site-packages/airflow/example_dags/example_task_group.py
[2021-07-18 16:24:36,867] {scheduler_job.py:632} INFO - Processing file /home/julio/anaconda3/lib/python3.8/site-packages/airflow/example_dags/example_task_group.py for tasks to queue
[2021-07-18 16:24:36,867] {logging_mixin.py:104} INFO - [2021-07-18 16:24:36,867] {dagbag.py:496} INFO - Filling up the DagBag from /home/julio/anaconda3/lib/python3.8/site-packages/airflow/example_dags/example_task_group.py
[2021-07-18 16:24:36,891] {scheduler_job.py:642} INFO - DAG(s) dict_keys(['example_task_group']) retrieved from /home/julio/anaconda3/lib/python3.8/site-packages/airflow/example_dags/example_task_group.py
[2021-07-18 16:24:36,908] {logging_mixin.py:104} INFO - [2021-07-18 16:24:36,908] {dag.py:1833} INFO - Sync 1 DAGs
[2021-07-18 16:24:36,924] {logging_mixin.py:104} INFO - [2021-07-18 16:24:36,924] {dag.py:2306} INFO - Setting next_dagrun for example_task_group to 2021-07-16 00:00:00+00:00
[2021-07-18 16:24:36,951] {scheduler_job.py:189} INFO - Processing /home/julio/anaconda3/lib/python3.8/site-packages/airflow/example_dags/example_task_group.py took 0.088 seconds
[2021-07-18 16:25:10,282] {scheduler_job.py:181} INFO - Started process (PID=13785) to work on /home/julio/anaconda3/lib/python3.8/site-packages/airflow/example_dags/example_task_group.py
[2021-07-18 16:25:10,284] {scheduler_job.py:632} INFO - Processing file /home/julio/anaconda3/lib/python3.8/site-packages/airflow/example_dags/example_task_group.py for tasks to queue
[2021-07-18 16:25:10,285] {logging_mixin.py:104} INFO - [2021-07-18 16:25:10,285] {dagbag.py:496} INFO - Filling up the DagBag from /home/julio/anaconda3/lib/python3.8/site-packages/airflow/example_dags/example_task_group.py
[2021-07-18 16:25:10,298] {scheduler_job.py:642} INFO - DAG(s) dict_keys(['example_task_group']) retrieved from /home/julio/anaconda3/lib/python3.8/site-packages/airflow/example_dags/example_task_group.py
[2021-07-18 16:25:10,316] {logging_mixin.py:104} INFO - [2021-07-18 16:25:10,316] {dag.py:1833} INFO - Sync 1 DAGs
[2021-07-18 16:25:10,328] {logging_mixin.py:104} INFO - [2021-07-18 16:25:10,328] {dag.py:2306} INFO - Setting next_dagrun for example_task_group to 2021-07-16 00:00:00+00:00
[2021-07-18 16:25:10,347] {scheduler_job.py:189} INFO - Processing /home/julio/anaconda3/lib/python3.8/site-packages/airflow/example_dags/example_task_group.py took 0.068 seconds
[2021-07-18 16:25:42,559] {scheduler_job.py:181} INFO - Started process (PID=13858) to work on /home/julio/anaconda3/lib/python3.8/site-packages/airflow/example_dags/example_task_group.py
[2021-07-18 16:25:42,562] {scheduler_job.py:632} INFO - Processing file /home/julio/anaconda3/lib/python3.8/site-packages/airflow/example_dags/example_task_group.py for tasks to queue
[2021-07-18 16:25:42,563] {logging_mixin.py:104} INFO - [2021-07-18 16:25:42,563] {dagbag.py:496} INFO - Filling up the DagBag from /home/julio/anaconda3/lib/python3.8/site-packages/airflow/example_dags/example_task_group.py
[2021-07-18 16:25:42,575] {scheduler_job.py:642} INFO - DAG(s) dict_keys(['example_task_group']) retrieved from /home/julio/anaconda3/lib/python3.8/site-packages/airflow/example_dags/example_task_group.py
[2021-07-18 16:25:42,594] {logging_mixin.py:104} INFO - [2021-07-18 16:25:42,590] {dag.py:1833} INFO - Sync 1 DAGs
[2021-07-18 16:25:42,603] {logging_mixin.py:104} INFO - [2021-07-18 16:25:42,603] {dag.py:2306} INFO - Setting next_dagrun for example_task_group to 2021-07-16 00:00:00+00:00
[2021-07-18 16:25:42,624] {scheduler_job.py:189} INFO - Processing /home/julio/anaconda3/lib/python3.8/site-packages/airflow/example_dags/example_task_group.py took 0.068 seconds
[2021-07-18 16:26:52,084] {scheduler_job.py:181} INFO - Started process (PID=14224) to work on /home/julio/anaconda3/lib/python3.8/site-packages/airflow/example_dags/example_task_group.py
[2021-07-18 16:26:52,086] {scheduler_job.py:632} INFO - Processing file /home/julio/anaconda3/lib/python3.8/site-packages/airflow/example_dags/example_task_group.py for tasks to queue
[2021-07-18 16:26:52,087] {logging_mixin.py:104} INFO - [2021-07-18 16:26:52,087] {dagbag.py:496} INFO - Filling up the DagBag from /home/julio/anaconda3/lib/python3.8/site-packages/airflow/example_dags/example_task_group.py
[2021-07-18 16:26:52,100] {scheduler_job.py:642} INFO - DAG(s) dict_keys(['example_task_group']) retrieved from /home/julio/anaconda3/lib/python3.8/site-packages/airflow/example_dags/example_task_group.py
[2021-07-18 16:26:52,435] {logging_mixin.py:104} INFO - [2021-07-18 16:26:52,435] {dag.py:1833} INFO - Sync 1 DAGs
[2021-07-18 16:26:52,446] {logging_mixin.py:104} INFO - [2021-07-18 16:26:52,446] {dag.py:2306} INFO - Setting next_dagrun for example_task_group to 2021-07-16 00:00:00+00:00
[2021-07-18 16:26:52,465] {scheduler_job.py:189} INFO - Processing /home/julio/anaconda3/lib/python3.8/site-packages/airflow/example_dags/example_task_group.py took 0.385 seconds
[2021-07-18 16:27:28,317] {scheduler_job.py:181} INFO - Started process (PID=14310) to work on /home/julio/anaconda3/lib/python3.8/site-packages/airflow/example_dags/example_task_group.py
[2021-07-18 16:27:28,319] {scheduler_job.py:632} INFO - Processing file /home/julio/anaconda3/lib/python3.8/site-packages/airflow/example_dags/example_task_group.py for tasks to queue
[2021-07-18 16:27:28,320] {logging_mixin.py:104} INFO - [2021-07-18 16:27:28,319] {dagbag.py:496} INFO - Filling up the DagBag from /home/julio/anaconda3/lib/python3.8/site-packages/airflow/example_dags/example_task_group.py
[2021-07-18 16:27:28,331] {scheduler_job.py:642} INFO - DAG(s) dict_keys(['example_task_group']) retrieved from /home/julio/anaconda3/lib/python3.8/site-packages/airflow/example_dags/example_task_group.py
[2021-07-18 16:27:28,345] {logging_mixin.py:104} INFO - [2021-07-18 16:27:28,345] {dag.py:1833} INFO - Sync 1 DAGs
[2021-07-18 16:27:28,356] {logging_mixin.py:104} INFO - [2021-07-18 16:27:28,356] {dag.py:2306} INFO - Setting next_dagrun for example_task_group to 2021-07-16 00:00:00+00:00
[2021-07-18 16:27:28,374] {scheduler_job.py:189} INFO - Processing /home/julio/anaconda3/lib/python3.8/site-packages/airflow/example_dags/example_task_group.py took 0.059 seconds
[2021-07-18 16:28:02,912] {scheduler_job.py:181} INFO - Started process (PID=14411) to work on /home/julio/anaconda3/lib/python3.8/site-packages/airflow/example_dags/example_task_group.py
[2021-07-18 16:28:02,914] {scheduler_job.py:632} INFO - Processing file /home/julio/anaconda3/lib/python3.8/site-packages/airflow/example_dags/example_task_group.py for tasks to queue
[2021-07-18 16:28:02,915] {logging_mixin.py:104} INFO - [2021-07-18 16:28:02,915] {dagbag.py:496} INFO - Filling up the DagBag from /home/julio/anaconda3/lib/python3.8/site-packages/airflow/example_dags/example_task_group.py
[2021-07-18 16:28:02,938] {scheduler_job.py:642} INFO - DAG(s) dict_keys(['example_task_group']) retrieved from /home/julio/anaconda3/lib/python3.8/site-packages/airflow/example_dags/example_task_group.py
[2021-07-18 16:28:02,952] {logging_mixin.py:104} INFO - [2021-07-18 16:28:02,952] {dag.py:1833} INFO - Sync 1 DAGs
[2021-07-18 16:28:02,963] {logging_mixin.py:104} INFO - [2021-07-18 16:28:02,963] {dag.py:2306} INFO - Setting next_dagrun for example_task_group to 2021-07-16 00:00:00+00:00
[2021-07-18 16:28:02,982] {scheduler_job.py:189} INFO - Processing /home/julio/anaconda3/lib/python3.8/site-packages/airflow/example_dags/example_task_group.py took 0.073 seconds
[2021-07-18 16:28:38,134] {scheduler_job.py:181} INFO - Started process (PID=14500) to work on /home/julio/anaconda3/lib/python3.8/site-packages/airflow/example_dags/example_task_group.py
[2021-07-18 16:28:38,136] {scheduler_job.py:632} INFO - Processing file /home/julio/anaconda3/lib/python3.8/site-packages/airflow/example_dags/example_task_group.py for tasks to queue
[2021-07-18 16:28:38,137] {logging_mixin.py:104} INFO - [2021-07-18 16:28:38,137] {dagbag.py:496} INFO - Filling up the DagBag from /home/julio/anaconda3/lib/python3.8/site-packages/airflow/example_dags/example_task_group.py
[2021-07-18 16:28:38,160] {scheduler_job.py:642} INFO - DAG(s) dict_keys(['example_task_group']) retrieved from /home/julio/anaconda3/lib/python3.8/site-packages/airflow/example_dags/example_task_group.py
[2021-07-18 16:28:38,179] {logging_mixin.py:104} INFO - [2021-07-18 16:28:38,179] {dag.py:1833} INFO - Sync 1 DAGs
[2021-07-18 16:28:38,190] {logging_mixin.py:104} INFO - [2021-07-18 16:28:38,190] {dag.py:2306} INFO - Setting next_dagrun for example_task_group to 2021-07-16 00:00:00+00:00
[2021-07-18 16:28:38,217] {scheduler_job.py:189} INFO - Processing /home/julio/anaconda3/lib/python3.8/site-packages/airflow/example_dags/example_task_group.py took 0.087 seconds
[2021-07-18 16:29:13,661] {scheduler_job.py:181} INFO - Started process (PID=14588) to work on /home/julio/anaconda3/lib/python3.8/site-packages/airflow/example_dags/example_task_group.py
[2021-07-18 16:29:13,666] {scheduler_job.py:632} INFO - Processing file /home/julio/anaconda3/lib/python3.8/site-packages/airflow/example_dags/example_task_group.py for tasks to queue
[2021-07-18 16:29:13,668] {logging_mixin.py:104} INFO - [2021-07-18 16:29:13,668] {dagbag.py:496} INFO - Filling up the DagBag from /home/julio/anaconda3/lib/python3.8/site-packages/airflow/example_dags/example_task_group.py
[2021-07-18 16:29:13,682] {scheduler_job.py:642} INFO - DAG(s) dict_keys(['example_task_group']) retrieved from /home/julio/anaconda3/lib/python3.8/site-packages/airflow/example_dags/example_task_group.py
[2021-07-18 16:29:13,693] {logging_mixin.py:104} INFO - [2021-07-18 16:29:13,693] {dag.py:1833} INFO - Sync 1 DAGs
[2021-07-18 16:29:13,704] {logging_mixin.py:104} INFO - [2021-07-18 16:29:13,704] {dag.py:2306} INFO - Setting next_dagrun for example_task_group to 2021-07-16 00:00:00+00:00
[2021-07-18 16:29:13,724] {scheduler_job.py:189} INFO - Processing /home/julio/anaconda3/lib/python3.8/site-packages/airflow/example_dags/example_task_group.py took 0.067 seconds
[2021-07-18 16:30:06,212] {scheduler_job.py:181} INFO - Started process (PID=14767) to work on /home/julio/anaconda3/lib/python3.8/site-packages/airflow/example_dags/example_task_group.py
[2021-07-18 16:30:06,215] {scheduler_job.py:632} INFO - Processing file /home/julio/anaconda3/lib/python3.8/site-packages/airflow/example_dags/example_task_group.py for tasks to queue
[2021-07-18 16:30:06,216] {logging_mixin.py:104} INFO - [2021-07-18 16:30:06,215] {dagbag.py:496} INFO - Filling up the DagBag from /home/julio/anaconda3/lib/python3.8/site-packages/airflow/example_dags/example_task_group.py
[2021-07-18 16:30:06,239] {scheduler_job.py:642} INFO - DAG(s) dict_keys(['example_task_group']) retrieved from /home/julio/anaconda3/lib/python3.8/site-packages/airflow/example_dags/example_task_group.py
[2021-07-18 16:30:06,261] {logging_mixin.py:104} INFO - [2021-07-18 16:30:06,261] {dag.py:1833} INFO - Sync 1 DAGs
[2021-07-18 16:30:06,277] {logging_mixin.py:104} INFO - [2021-07-18 16:30:06,277] {dag.py:2306} INFO - Setting next_dagrun for example_task_group to 2021-07-16 00:00:00+00:00
[2021-07-18 16:30:06,308] {scheduler_job.py:189} INFO - Processing /home/julio/anaconda3/lib/python3.8/site-packages/airflow/example_dags/example_task_group.py took 0.102 seconds
[2021-07-18 16:32:05,791] {scheduler_job.py:181} INFO - Started process (PID=15041) to work on /home/julio/anaconda3/lib/python3.8/site-packages/airflow/example_dags/example_task_group.py
[2021-07-18 16:32:05,794] {scheduler_job.py:632} INFO - Processing file /home/julio/anaconda3/lib/python3.8/site-packages/airflow/example_dags/example_task_group.py for tasks to queue
[2021-07-18 16:32:05,796] {logging_mixin.py:104} INFO - [2021-07-18 16:32:05,796] {dagbag.py:496} INFO - Filling up the DagBag from /home/julio/anaconda3/lib/python3.8/site-packages/airflow/example_dags/example_task_group.py
[2021-07-18 16:32:05,815] {scheduler_job.py:642} INFO - DAG(s) dict_keys(['example_task_group']) retrieved from /home/julio/anaconda3/lib/python3.8/site-packages/airflow/example_dags/example_task_group.py
[2021-07-18 16:32:05,840] {logging_mixin.py:104} INFO - [2021-07-18 16:32:05,840] {dag.py:1833} INFO - Sync 1 DAGs
[2021-07-18 16:32:05,855] {logging_mixin.py:104} INFO - [2021-07-18 16:32:05,854] {dag.py:2306} INFO - Setting next_dagrun for example_task_group to 2021-07-16 00:00:00+00:00
[2021-07-18 16:32:05,876] {scheduler_job.py:189} INFO - Processing /home/julio/anaconda3/lib/python3.8/site-packages/airflow/example_dags/example_task_group.py took 0.087 seconds
[2021-07-18 16:32:38,761] {scheduler_job.py:181} INFO - Started process (PID=15124) to work on /home/julio/anaconda3/lib/python3.8/site-packages/airflow/example_dags/example_task_group.py
[2021-07-18 16:32:38,763] {scheduler_job.py:632} INFO - Processing file /home/julio/anaconda3/lib/python3.8/site-packages/airflow/example_dags/example_task_group.py for tasks to queue
[2021-07-18 16:32:38,764] {logging_mixin.py:104} INFO - [2021-07-18 16:32:38,764] {dagbag.py:496} INFO - Filling up the DagBag from /home/julio/anaconda3/lib/python3.8/site-packages/airflow/example_dags/example_task_group.py
[2021-07-18 16:32:38,779] {scheduler_job.py:642} INFO - DAG(s) dict_keys(['example_task_group']) retrieved from /home/julio/anaconda3/lib/python3.8/site-packages/airflow/example_dags/example_task_group.py
[2021-07-18 16:32:38,792] {logging_mixin.py:104} INFO - [2021-07-18 16:32:38,791] {dag.py:1833} INFO - Sync 1 DAGs
[2021-07-18 16:32:38,803] {logging_mixin.py:104} INFO - [2021-07-18 16:32:38,803] {dag.py:2306} INFO - Setting next_dagrun for example_task_group to 2021-07-16 00:00:00+00:00
[2021-07-18 16:32:38,826] {scheduler_job.py:189} INFO - Processing /home/julio/anaconda3/lib/python3.8/site-packages/airflow/example_dags/example_task_group.py took 0.071 seconds
[2021-07-18 16:33:18,979] {scheduler_job.py:181} INFO - Started process (PID=15225) to work on /home/julio/anaconda3/lib/python3.8/site-packages/airflow/example_dags/example_task_group.py
[2021-07-18 16:33:18,981] {scheduler_job.py:632} INFO - Processing file /home/julio/anaconda3/lib/python3.8/site-packages/airflow/example_dags/example_task_group.py for tasks to queue
[2021-07-18 16:33:18,982] {logging_mixin.py:104} INFO - [2021-07-18 16:33:18,982] {dagbag.py:496} INFO - Filling up the DagBag from /home/julio/anaconda3/lib/python3.8/site-packages/airflow/example_dags/example_task_group.py
[2021-07-18 16:33:18,994] {scheduler_job.py:642} INFO - DAG(s) dict_keys(['example_task_group']) retrieved from /home/julio/anaconda3/lib/python3.8/site-packages/airflow/example_dags/example_task_group.py
[2021-07-18 16:33:19,011] {logging_mixin.py:104} INFO - [2021-07-18 16:33:19,011] {dag.py:1833} INFO - Sync 1 DAGs
[2021-07-18 16:33:19,023] {logging_mixin.py:104} INFO - [2021-07-18 16:33:19,022] {dag.py:2306} INFO - Setting next_dagrun for example_task_group to 2021-07-16 00:00:00+00:00
[2021-07-18 16:33:19,040] {scheduler_job.py:189} INFO - Processing /home/julio/anaconda3/lib/python3.8/site-packages/airflow/example_dags/example_task_group.py took 0.064 seconds
[2021-07-18 16:33:51,777] {scheduler_job.py:181} INFO - Started process (PID=15296) to work on /home/julio/anaconda3/lib/python3.8/site-packages/airflow/example_dags/example_task_group.py
[2021-07-18 16:33:51,778] {scheduler_job.py:632} INFO - Processing file /home/julio/anaconda3/lib/python3.8/site-packages/airflow/example_dags/example_task_group.py for tasks to queue
[2021-07-18 16:33:51,779] {logging_mixin.py:104} INFO - [2021-07-18 16:33:51,779] {dagbag.py:496} INFO - Filling up the DagBag from /home/julio/anaconda3/lib/python3.8/site-packages/airflow/example_dags/example_task_group.py
[2021-07-18 16:33:51,788] {scheduler_job.py:642} INFO - DAG(s) dict_keys(['example_task_group']) retrieved from /home/julio/anaconda3/lib/python3.8/site-packages/airflow/example_dags/example_task_group.py
[2021-07-18 16:33:51,799] {logging_mixin.py:104} INFO - [2021-07-18 16:33:51,799] {dag.py:1833} INFO - Sync 1 DAGs
[2021-07-18 16:33:51,807] {logging_mixin.py:104} INFO - [2021-07-18 16:33:51,807] {dag.py:2306} INFO - Setting next_dagrun for example_task_group to 2021-07-16 00:00:00+00:00
[2021-07-18 16:33:51,827] {scheduler_job.py:189} INFO - Processing /home/julio/anaconda3/lib/python3.8/site-packages/airflow/example_dags/example_task_group.py took 0.053 seconds
[2021-07-18 16:34:24,869] {scheduler_job.py:181} INFO - Started process (PID=15355) to work on /home/julio/anaconda3/lib/python3.8/site-packages/airflow/example_dags/example_task_group.py
[2021-07-18 16:34:24,870] {scheduler_job.py:632} INFO - Processing file /home/julio/anaconda3/lib/python3.8/site-packages/airflow/example_dags/example_task_group.py for tasks to queue
[2021-07-18 16:34:24,870] {logging_mixin.py:104} INFO - [2021-07-18 16:34:24,870] {dagbag.py:496} INFO - Filling up the DagBag from /home/julio/anaconda3/lib/python3.8/site-packages/airflow/example_dags/example_task_group.py
[2021-07-18 16:34:24,880] {scheduler_job.py:642} INFO - DAG(s) dict_keys(['example_task_group']) retrieved from /home/julio/anaconda3/lib/python3.8/site-packages/airflow/example_dags/example_task_group.py
[2021-07-18 16:34:24,897] {logging_mixin.py:104} INFO - [2021-07-18 16:34:24,897] {dag.py:1833} INFO - Sync 1 DAGs
[2021-07-18 16:34:24,912] {logging_mixin.py:104} INFO - [2021-07-18 16:34:24,911] {dag.py:2306} INFO - Setting next_dagrun for example_task_group to 2021-07-16 00:00:00+00:00
[2021-07-18 16:34:24,930] {scheduler_job.py:189} INFO - Processing /home/julio/anaconda3/lib/python3.8/site-packages/airflow/example_dags/example_task_group.py took 0.063 seconds
[2021-07-18 16:35:03,233] {scheduler_job.py:181} INFO - Started process (PID=15421) to work on /home/julio/anaconda3/lib/python3.8/site-packages/airflow/example_dags/example_task_group.py
[2021-07-18 16:35:03,235] {scheduler_job.py:632} INFO - Processing file /home/julio/anaconda3/lib/python3.8/site-packages/airflow/example_dags/example_task_group.py for tasks to queue
[2021-07-18 16:35:03,235] {logging_mixin.py:104} INFO - [2021-07-18 16:35:03,235] {dagbag.py:496} INFO - Filling up the DagBag from /home/julio/anaconda3/lib/python3.8/site-packages/airflow/example_dags/example_task_group.py
[2021-07-18 16:35:03,245] {scheduler_job.py:642} INFO - DAG(s) dict_keys(['example_task_group']) retrieved from /home/julio/anaconda3/lib/python3.8/site-packages/airflow/example_dags/example_task_group.py
[2021-07-18 16:35:03,255] {logging_mixin.py:104} INFO - [2021-07-18 16:35:03,255] {dag.py:1833} INFO - Sync 1 DAGs
[2021-07-18 16:35:03,263] {logging_mixin.py:104} INFO - [2021-07-18 16:35:03,262] {dag.py:2306} INFO - Setting next_dagrun for example_task_group to 2021-07-16 00:00:00+00:00
[2021-07-18 16:35:03,279] {scheduler_job.py:189} INFO - Processing /home/julio/anaconda3/lib/python3.8/site-packages/airflow/example_dags/example_task_group.py took 0.049 seconds
[2021-07-18 16:35:38,852] {scheduler_job.py:181} INFO - Started process (PID=15488) to work on /home/julio/anaconda3/lib/python3.8/site-packages/airflow/example_dags/example_task_group.py
[2021-07-18 16:35:38,854] {scheduler_job.py:632} INFO - Processing file /home/julio/anaconda3/lib/python3.8/site-packages/airflow/example_dags/example_task_group.py for tasks to queue
[2021-07-18 16:35:38,854] {logging_mixin.py:104} INFO - [2021-07-18 16:35:38,854] {dagbag.py:496} INFO - Filling up the DagBag from /home/julio/anaconda3/lib/python3.8/site-packages/airflow/example_dags/example_task_group.py
[2021-07-18 16:35:38,864] {scheduler_job.py:642} INFO - DAG(s) dict_keys(['example_task_group']) retrieved from /home/julio/anaconda3/lib/python3.8/site-packages/airflow/example_dags/example_task_group.py
[2021-07-18 16:35:38,890] {logging_mixin.py:104} INFO - [2021-07-18 16:35:38,890] {dag.py:1833} INFO - Sync 1 DAGs
[2021-07-18 16:35:38,903] {logging_mixin.py:104} INFO - [2021-07-18 16:35:38,903] {dag.py:2306} INFO - Setting next_dagrun for example_task_group to 2021-07-16 00:00:00+00:00
[2021-07-18 16:35:38,965] {scheduler_job.py:189} INFO - Processing /home/julio/anaconda3/lib/python3.8/site-packages/airflow/example_dags/example_task_group.py took 0.115 seconds
[2021-07-18 16:36:13,732] {scheduler_job.py:181} INFO - Started process (PID=15550) to work on /home/julio/anaconda3/lib/python3.8/site-packages/airflow/example_dags/example_task_group.py
[2021-07-18 16:36:13,738] {scheduler_job.py:632} INFO - Processing file /home/julio/anaconda3/lib/python3.8/site-packages/airflow/example_dags/example_task_group.py for tasks to queue
[2021-07-18 16:36:13,739] {logging_mixin.py:104} INFO - [2021-07-18 16:36:13,739] {dagbag.py:496} INFO - Filling up the DagBag from /home/julio/anaconda3/lib/python3.8/site-packages/airflow/example_dags/example_task_group.py
[2021-07-18 16:36:13,755] {scheduler_job.py:642} INFO - DAG(s) dict_keys(['example_task_group']) retrieved from /home/julio/anaconda3/lib/python3.8/site-packages/airflow/example_dags/example_task_group.py
[2021-07-18 16:36:13,777] {logging_mixin.py:104} INFO - [2021-07-18 16:36:13,777] {dag.py:1833} INFO - Sync 1 DAGs
[2021-07-18 16:36:13,791] {logging_mixin.py:104} INFO - [2021-07-18 16:36:13,791] {dag.py:2306} INFO - Setting next_dagrun for example_task_group to 2021-07-16 00:00:00+00:00
[2021-07-18 16:36:13,812] {scheduler_job.py:189} INFO - Processing /home/julio/anaconda3/lib/python3.8/site-packages/airflow/example_dags/example_task_group.py took 0.082 seconds
[2021-07-18 16:36:51,848] {scheduler_job.py:181} INFO - Started process (PID=15617) to work on /home/julio/anaconda3/lib/python3.8/site-packages/airflow/example_dags/example_task_group.py
[2021-07-18 16:36:51,851] {scheduler_job.py:632} INFO - Processing file /home/julio/anaconda3/lib/python3.8/site-packages/airflow/example_dags/example_task_group.py for tasks to queue
[2021-07-18 16:36:51,852] {logging_mixin.py:104} INFO - [2021-07-18 16:36:51,852] {dagbag.py:496} INFO - Filling up the DagBag from /home/julio/anaconda3/lib/python3.8/site-packages/airflow/example_dags/example_task_group.py
[2021-07-18 16:36:51,869] {scheduler_job.py:642} INFO - DAG(s) dict_keys(['example_task_group']) retrieved from /home/julio/anaconda3/lib/python3.8/site-packages/airflow/example_dags/example_task_group.py
[2021-07-18 16:36:51,884] {logging_mixin.py:104} INFO - [2021-07-18 16:36:51,884] {dag.py:1833} INFO - Sync 1 DAGs
[2021-07-18 16:36:51,901] {logging_mixin.py:104} INFO - [2021-07-18 16:36:51,901] {dag.py:2306} INFO - Setting next_dagrun for example_task_group to 2021-07-16 00:00:00+00:00
[2021-07-18 16:36:51,932] {scheduler_job.py:189} INFO - Processing /home/julio/anaconda3/lib/python3.8/site-packages/airflow/example_dags/example_task_group.py took 0.088 seconds
[2021-07-18 16:37:26,917] {scheduler_job.py:181} INFO - Started process (PID=15682) to work on /home/julio/anaconda3/lib/python3.8/site-packages/airflow/example_dags/example_task_group.py
[2021-07-18 16:37:26,918] {scheduler_job.py:632} INFO - Processing file /home/julio/anaconda3/lib/python3.8/site-packages/airflow/example_dags/example_task_group.py for tasks to queue
[2021-07-18 16:37:26,918] {logging_mixin.py:104} INFO - [2021-07-18 16:37:26,918] {dagbag.py:496} INFO - Filling up the DagBag from /home/julio/anaconda3/lib/python3.8/site-packages/airflow/example_dags/example_task_group.py
[2021-07-18 16:37:26,929] {scheduler_job.py:642} INFO - DAG(s) dict_keys(['example_task_group']) retrieved from /home/julio/anaconda3/lib/python3.8/site-packages/airflow/example_dags/example_task_group.py
[2021-07-18 16:37:26,947] {logging_mixin.py:104} INFO - [2021-07-18 16:37:26,947] {dag.py:1833} INFO - Sync 1 DAGs
[2021-07-18 16:37:26,954] {logging_mixin.py:104} INFO - [2021-07-18 16:37:26,954] {dag.py:2306} INFO - Setting next_dagrun for example_task_group to 2021-07-16 00:00:00+00:00
[2021-07-18 16:37:26,973] {scheduler_job.py:189} INFO - Processing /home/julio/anaconda3/lib/python3.8/site-packages/airflow/example_dags/example_task_group.py took 0.058 seconds
[2021-07-18 16:38:05,806] {scheduler_job.py:181} INFO - Started process (PID=15772) to work on /home/julio/anaconda3/lib/python3.8/site-packages/airflow/example_dags/example_task_group.py
[2021-07-18 16:38:05,807] {scheduler_job.py:632} INFO - Processing file /home/julio/anaconda3/lib/python3.8/site-packages/airflow/example_dags/example_task_group.py for tasks to queue
[2021-07-18 16:38:05,807] {logging_mixin.py:104} INFO - [2021-07-18 16:38:05,807] {dagbag.py:496} INFO - Filling up the DagBag from /home/julio/anaconda3/lib/python3.8/site-packages/airflow/example_dags/example_task_group.py
[2021-07-18 16:38:05,819] {scheduler_job.py:642} INFO - DAG(s) dict_keys(['example_task_group']) retrieved from /home/julio/anaconda3/lib/python3.8/site-packages/airflow/example_dags/example_task_group.py
[2021-07-18 16:38:05,830] {logging_mixin.py:104} INFO - [2021-07-18 16:38:05,830] {dag.py:1833} INFO - Sync 1 DAGs
[2021-07-18 16:38:05,839] {logging_mixin.py:104} INFO - [2021-07-18 16:38:05,839] {dag.py:2306} INFO - Setting next_dagrun for example_task_group to 2021-07-16 00:00:00+00:00
[2021-07-18 16:38:05,854] {scheduler_job.py:189} INFO - Processing /home/julio/anaconda3/lib/python3.8/site-packages/airflow/example_dags/example_task_group.py took 0.050 seconds
[2021-07-18 16:38:42,857] {scheduler_job.py:181} INFO - Started process (PID=15839) to work on /home/julio/anaconda3/lib/python3.8/site-packages/airflow/example_dags/example_task_group.py
[2021-07-18 16:38:42,862] {scheduler_job.py:632} INFO - Processing file /home/julio/anaconda3/lib/python3.8/site-packages/airflow/example_dags/example_task_group.py for tasks to queue
[2021-07-18 16:38:42,866] {logging_mixin.py:104} INFO - [2021-07-18 16:38:42,866] {dagbag.py:496} INFO - Filling up the DagBag from /home/julio/anaconda3/lib/python3.8/site-packages/airflow/example_dags/example_task_group.py
[2021-07-18 16:38:42,877] {scheduler_job.py:642} INFO - DAG(s) dict_keys(['example_task_group']) retrieved from /home/julio/anaconda3/lib/python3.8/site-packages/airflow/example_dags/example_task_group.py
[2021-07-18 16:38:42,894] {logging_mixin.py:104} INFO - [2021-07-18 16:38:42,894] {dag.py:1833} INFO - Sync 1 DAGs
[2021-07-18 16:38:42,907] {logging_mixin.py:104} INFO - [2021-07-18 16:38:42,907] {dag.py:2306} INFO - Setting next_dagrun for example_task_group to 2021-07-16 00:00:00+00:00
[2021-07-18 16:38:42,929] {scheduler_job.py:189} INFO - Processing /home/julio/anaconda3/lib/python3.8/site-packages/airflow/example_dags/example_task_group.py took 0.077 seconds
[2021-07-18 16:41:18,077] {scheduler_job.py:181} INFO - Started process (PID=16009) to work on /home/julio/anaconda3/lib/python3.8/site-packages/airflow/example_dags/example_task_group.py
[2021-07-18 16:41:18,078] {scheduler_job.py:632} INFO - Processing file /home/julio/anaconda3/lib/python3.8/site-packages/airflow/example_dags/example_task_group.py for tasks to queue
[2021-07-18 16:41:18,078] {logging_mixin.py:104} INFO - [2021-07-18 16:41:18,078] {dagbag.py:496} INFO - Filling up the DagBag from /home/julio/anaconda3/lib/python3.8/site-packages/airflow/example_dags/example_task_group.py
[2021-07-18 16:41:18,084] {scheduler_job.py:642} INFO - DAG(s) dict_keys(['example_task_group']) retrieved from /home/julio/anaconda3/lib/python3.8/site-packages/airflow/example_dags/example_task_group.py
[2021-07-18 16:41:18,097] {logging_mixin.py:104} INFO - [2021-07-18 16:41:18,097] {dag.py:1833} INFO - Sync 1 DAGs
[2021-07-18 16:41:18,109] {logging_mixin.py:104} INFO - [2021-07-18 16:41:18,109] {dag.py:2306} INFO - Setting next_dagrun for example_task_group to 2021-07-16 00:00:00+00:00
[2021-07-18 16:41:18,126] {scheduler_job.py:189} INFO - Processing /home/julio/anaconda3/lib/python3.8/site-packages/airflow/example_dags/example_task_group.py took 0.053 seconds
[2021-07-18 16:41:51,989] {scheduler_job.py:181} INFO - Started process (PID=16094) to work on /home/julio/anaconda3/lib/python3.8/site-packages/airflow/example_dags/example_task_group.py
[2021-07-18 16:41:51,993] {scheduler_job.py:632} INFO - Processing file /home/julio/anaconda3/lib/python3.8/site-packages/airflow/example_dags/example_task_group.py for tasks to queue
[2021-07-18 16:41:51,994] {logging_mixin.py:104} INFO - [2021-07-18 16:41:51,994] {dagbag.py:496} INFO - Filling up the DagBag from /home/julio/anaconda3/lib/python3.8/site-packages/airflow/example_dags/example_task_group.py
[2021-07-18 16:41:52,005] {scheduler_job.py:642} INFO - DAG(s) dict_keys(['example_task_group']) retrieved from /home/julio/anaconda3/lib/python3.8/site-packages/airflow/example_dags/example_task_group.py
[2021-07-18 16:41:52,021] {logging_mixin.py:104} INFO - [2021-07-18 16:41:52,021] {dag.py:1833} INFO - Sync 1 DAGs
[2021-07-18 16:41:52,031] {logging_mixin.py:104} INFO - [2021-07-18 16:41:52,031] {dag.py:2306} INFO - Setting next_dagrun for example_task_group to 2021-07-16 00:00:00+00:00
[2021-07-18 16:41:52,073] {scheduler_job.py:189} INFO - Processing /home/julio/anaconda3/lib/python3.8/site-packages/airflow/example_dags/example_task_group.py took 0.090 seconds
[2021-07-18 16:42:26,891] {scheduler_job.py:181} INFO - Started process (PID=16178) to work on /home/julio/anaconda3/lib/python3.8/site-packages/airflow/example_dags/example_task_group.py
[2021-07-18 16:42:26,891] {scheduler_job.py:632} INFO - Processing file /home/julio/anaconda3/lib/python3.8/site-packages/airflow/example_dags/example_task_group.py for tasks to queue
[2021-07-18 16:42:26,892] {logging_mixin.py:104} INFO - [2021-07-18 16:42:26,892] {dagbag.py:496} INFO - Filling up the DagBag from /home/julio/anaconda3/lib/python3.8/site-packages/airflow/example_dags/example_task_group.py
[2021-07-18 16:42:26,905] {scheduler_job.py:642} INFO - DAG(s) dict_keys(['example_task_group']) retrieved from /home/julio/anaconda3/lib/python3.8/site-packages/airflow/example_dags/example_task_group.py
[2021-07-18 16:42:26,923] {logging_mixin.py:104} INFO - [2021-07-18 16:42:26,923] {dag.py:1833} INFO - Sync 1 DAGs
[2021-07-18 16:42:26,938] {logging_mixin.py:104} INFO - [2021-07-18 16:42:26,938] {dag.py:2306} INFO - Setting next_dagrun for example_task_group to 2021-07-16 00:00:00+00:00
[2021-07-18 16:42:26,958] {scheduler_job.py:189} INFO - Processing /home/julio/anaconda3/lib/python3.8/site-packages/airflow/example_dags/example_task_group.py took 0.069 seconds
