[2021-07-18 15:56:29,698] {scheduler_job.py:181} INFO - Started process (PID=11751) to work on /home/julio/anaconda3/lib/python3.8/site-packages/airflow/example_dags/example_bash_operator.py
[2021-07-18 15:56:29,699] {scheduler_job.py:632} INFO - Processing file /home/julio/anaconda3/lib/python3.8/site-packages/airflow/example_dags/example_bash_operator.py for tasks to queue
[2021-07-18 15:56:29,700] {logging_mixin.py:104} INFO - [2021-07-18 15:56:29,700] {dagbag.py:496} INFO - Filling up the DagBag from /home/julio/anaconda3/lib/python3.8/site-packages/airflow/example_dags/example_bash_operator.py
[2021-07-18 15:56:29,712] {scheduler_job.py:642} INFO - DAG(s) dict_keys(['example_bash_operator']) retrieved from /home/julio/anaconda3/lib/python3.8/site-packages/airflow/example_dags/example_bash_operator.py
[2021-07-18 15:56:29,724] {logging_mixin.py:104} INFO - [2021-07-18 15:56:29,724] {dag.py:1833} INFO - Sync 1 DAGs
[2021-07-18 15:56:29,733] {logging_mixin.py:104} INFO - [2021-07-18 15:56:29,733] {dag.py:2306} INFO - Setting next_dagrun for example_bash_operator to 2021-07-16 00:00:00+00:00
[2021-07-18 15:56:29,749] {scheduler_job.py:189} INFO - Processing /home/julio/anaconda3/lib/python3.8/site-packages/airflow/example_dags/example_bash_operator.py took 0.054 seconds
[2021-07-18 15:57:03,407] {scheduler_job.py:181} INFO - Started process (PID=11786) to work on /home/julio/anaconda3/lib/python3.8/site-packages/airflow/example_dags/example_bash_operator.py
[2021-07-18 15:57:03,408] {scheduler_job.py:632} INFO - Processing file /home/julio/anaconda3/lib/python3.8/site-packages/airflow/example_dags/example_bash_operator.py for tasks to queue
[2021-07-18 15:57:03,409] {logging_mixin.py:104} INFO - [2021-07-18 15:57:03,409] {dagbag.py:496} INFO - Filling up the DagBag from /home/julio/anaconda3/lib/python3.8/site-packages/airflow/example_dags/example_bash_operator.py
[2021-07-18 15:57:03,421] {scheduler_job.py:642} INFO - DAG(s) dict_keys(['example_bash_operator']) retrieved from /home/julio/anaconda3/lib/python3.8/site-packages/airflow/example_dags/example_bash_operator.py
[2021-07-18 15:57:03,431] {logging_mixin.py:104} INFO - [2021-07-18 15:57:03,431] {dag.py:1833} INFO - Sync 1 DAGs
[2021-07-18 15:57:03,439] {logging_mixin.py:104} INFO - [2021-07-18 15:57:03,439] {dag.py:2306} INFO - Setting next_dagrun for example_bash_operator to 2021-07-16 00:00:00+00:00
[2021-07-18 15:57:03,457] {scheduler_job.py:189} INFO - Processing /home/julio/anaconda3/lib/python3.8/site-packages/airflow/example_dags/example_bash_operator.py took 0.054 seconds
[2021-07-18 15:57:35,544] {scheduler_job.py:181} INFO - Started process (PID=11825) to work on /home/julio/anaconda3/lib/python3.8/site-packages/airflow/example_dags/example_bash_operator.py
[2021-07-18 15:57:35,545] {scheduler_job.py:632} INFO - Processing file /home/julio/anaconda3/lib/python3.8/site-packages/airflow/example_dags/example_bash_operator.py for tasks to queue
[2021-07-18 15:57:35,545] {logging_mixin.py:104} INFO - [2021-07-18 15:57:35,545] {dagbag.py:496} INFO - Filling up the DagBag from /home/julio/anaconda3/lib/python3.8/site-packages/airflow/example_dags/example_bash_operator.py
[2021-07-18 15:57:35,556] {scheduler_job.py:642} INFO - DAG(s) dict_keys(['example_bash_operator']) retrieved from /home/julio/anaconda3/lib/python3.8/site-packages/airflow/example_dags/example_bash_operator.py
[2021-07-18 15:57:35,566] {logging_mixin.py:104} INFO - [2021-07-18 15:57:35,566] {dag.py:1833} INFO - Sync 1 DAGs
[2021-07-18 15:57:35,575] {logging_mixin.py:104} INFO - [2021-07-18 15:57:35,575] {dag.py:2306} INFO - Setting next_dagrun for example_bash_operator to 2021-07-16 00:00:00+00:00
[2021-07-18 15:57:35,593] {scheduler_job.py:189} INFO - Processing /home/julio/anaconda3/lib/python3.8/site-packages/airflow/example_dags/example_bash_operator.py took 0.052 seconds
[2021-07-18 15:58:08,163] {scheduler_job.py:181} INFO - Started process (PID=11858) to work on /home/julio/anaconda3/lib/python3.8/site-packages/airflow/example_dags/example_bash_operator.py
[2021-07-18 15:58:08,163] {scheduler_job.py:632} INFO - Processing file /home/julio/anaconda3/lib/python3.8/site-packages/airflow/example_dags/example_bash_operator.py for tasks to queue
[2021-07-18 15:58:08,164] {logging_mixin.py:104} INFO - [2021-07-18 15:58:08,164] {dagbag.py:496} INFO - Filling up the DagBag from /home/julio/anaconda3/lib/python3.8/site-packages/airflow/example_dags/example_bash_operator.py
[2021-07-18 15:58:08,176] {scheduler_job.py:642} INFO - DAG(s) dict_keys(['example_bash_operator']) retrieved from /home/julio/anaconda3/lib/python3.8/site-packages/airflow/example_dags/example_bash_operator.py
[2021-07-18 15:58:08,186] {logging_mixin.py:104} INFO - [2021-07-18 15:58:08,186] {dag.py:1833} INFO - Sync 1 DAGs
[2021-07-18 15:58:08,197] {logging_mixin.py:104} INFO - [2021-07-18 15:58:08,197] {dag.py:2306} INFO - Setting next_dagrun for example_bash_operator to 2021-07-16 00:00:00+00:00
[2021-07-18 15:58:08,216] {scheduler_job.py:189} INFO - Processing /home/julio/anaconda3/lib/python3.8/site-packages/airflow/example_dags/example_bash_operator.py took 0.055 seconds
[2021-07-18 15:58:41,717] {scheduler_job.py:181} INFO - Started process (PID=11894) to work on /home/julio/anaconda3/lib/python3.8/site-packages/airflow/example_dags/example_bash_operator.py
[2021-07-18 15:58:41,718] {scheduler_job.py:632} INFO - Processing file /home/julio/anaconda3/lib/python3.8/site-packages/airflow/example_dags/example_bash_operator.py for tasks to queue
[2021-07-18 15:58:41,719] {logging_mixin.py:104} INFO - [2021-07-18 15:58:41,719] {dagbag.py:496} INFO - Filling up the DagBag from /home/julio/anaconda3/lib/python3.8/site-packages/airflow/example_dags/example_bash_operator.py
[2021-07-18 15:58:41,734] {scheduler_job.py:642} INFO - DAG(s) dict_keys(['example_bash_operator']) retrieved from /home/julio/anaconda3/lib/python3.8/site-packages/airflow/example_dags/example_bash_operator.py
[2021-07-18 15:58:41,749] {logging_mixin.py:104} INFO - [2021-07-18 15:58:41,749] {dag.py:1833} INFO - Sync 1 DAGs
[2021-07-18 15:58:41,763] {logging_mixin.py:104} INFO - [2021-07-18 15:58:41,763] {dag.py:2306} INFO - Setting next_dagrun for example_bash_operator to 2021-07-16 00:00:00+00:00
[2021-07-18 15:58:41,783] {scheduler_job.py:189} INFO - Processing /home/julio/anaconda3/lib/python3.8/site-packages/airflow/example_dags/example_bash_operator.py took 0.068 seconds
[2021-07-18 16:23:41,369] {scheduler_job.py:181} INFO - Started process (PID=13614) to work on /home/julio/anaconda3/lib/python3.8/site-packages/airflow/example_dags/example_bash_operator.py
[2021-07-18 16:23:41,373] {scheduler_job.py:632} INFO - Processing file /home/julio/anaconda3/lib/python3.8/site-packages/airflow/example_dags/example_bash_operator.py for tasks to queue
[2021-07-18 16:23:41,374] {logging_mixin.py:104} INFO - [2021-07-18 16:23:41,374] {dagbag.py:496} INFO - Filling up the DagBag from /home/julio/anaconda3/lib/python3.8/site-packages/airflow/example_dags/example_bash_operator.py
[2021-07-18 16:23:41,385] {scheduler_job.py:642} INFO - DAG(s) dict_keys(['example_bash_operator']) retrieved from /home/julio/anaconda3/lib/python3.8/site-packages/airflow/example_dags/example_bash_operator.py
[2021-07-18 16:23:41,400] {logging_mixin.py:104} INFO - [2021-07-18 16:23:41,399] {dag.py:1833} INFO - Sync 1 DAGs
[2021-07-18 16:23:41,411] {logging_mixin.py:104} INFO - [2021-07-18 16:23:41,411] {dag.py:2306} INFO - Setting next_dagrun for example_bash_operator to 2021-07-16 00:00:00+00:00
[2021-07-18 16:23:41,430] {scheduler_job.py:189} INFO - Processing /home/julio/anaconda3/lib/python3.8/site-packages/airflow/example_dags/example_bash_operator.py took 0.067 seconds
[2021-07-18 16:24:13,972] {scheduler_job.py:181} INFO - Started process (PID=13670) to work on /home/julio/anaconda3/lib/python3.8/site-packages/airflow/example_dags/example_bash_operator.py
[2021-07-18 16:24:13,975] {scheduler_job.py:632} INFO - Processing file /home/julio/anaconda3/lib/python3.8/site-packages/airflow/example_dags/example_bash_operator.py for tasks to queue
[2021-07-18 16:24:13,977] {logging_mixin.py:104} INFO - [2021-07-18 16:24:13,977] {dagbag.py:496} INFO - Filling up the DagBag from /home/julio/anaconda3/lib/python3.8/site-packages/airflow/example_dags/example_bash_operator.py
[2021-07-18 16:24:13,993] {scheduler_job.py:642} INFO - DAG(s) dict_keys(['example_bash_operator']) retrieved from /home/julio/anaconda3/lib/python3.8/site-packages/airflow/example_dags/example_bash_operator.py
[2021-07-18 16:24:14,009] {logging_mixin.py:104} INFO - [2021-07-18 16:24:14,009] {dag.py:1833} INFO - Sync 1 DAGs
[2021-07-18 16:24:14,026] {logging_mixin.py:104} INFO - [2021-07-18 16:24:14,026] {dag.py:2306} INFO - Setting next_dagrun for example_bash_operator to 2021-07-16 00:00:00+00:00
[2021-07-18 16:24:14,049] {scheduler_job.py:189} INFO - Processing /home/julio/anaconda3/lib/python3.8/site-packages/airflow/example_dags/example_bash_operator.py took 0.081 seconds
[2021-07-18 16:24:49,316] {scheduler_job.py:181} INFO - Started process (PID=13740) to work on /home/julio/anaconda3/lib/python3.8/site-packages/airflow/example_dags/example_bash_operator.py
[2021-07-18 16:24:49,317] {scheduler_job.py:632} INFO - Processing file /home/julio/anaconda3/lib/python3.8/site-packages/airflow/example_dags/example_bash_operator.py for tasks to queue
[2021-07-18 16:24:49,317] {logging_mixin.py:104} INFO - [2021-07-18 16:24:49,317] {dagbag.py:496} INFO - Filling up the DagBag from /home/julio/anaconda3/lib/python3.8/site-packages/airflow/example_dags/example_bash_operator.py
[2021-07-18 16:24:49,337] {scheduler_job.py:642} INFO - DAG(s) dict_keys(['example_bash_operator']) retrieved from /home/julio/anaconda3/lib/python3.8/site-packages/airflow/example_dags/example_bash_operator.py
[2021-07-18 16:24:49,353] {logging_mixin.py:104} INFO - [2021-07-18 16:24:49,353] {dag.py:1833} INFO - Sync 1 DAGs
[2021-07-18 16:24:49,368] {logging_mixin.py:104} INFO - [2021-07-18 16:24:49,367] {dag.py:2306} INFO - Setting next_dagrun for example_bash_operator to 2021-07-16 00:00:00+00:00
[2021-07-18 16:24:49,390] {scheduler_job.py:189} INFO - Processing /home/julio/anaconda3/lib/python3.8/site-packages/airflow/example_dags/example_bash_operator.py took 0.077 seconds
[2021-07-18 16:25:25,342] {scheduler_job.py:181} INFO - Started process (PID=13820) to work on /home/julio/anaconda3/lib/python3.8/site-packages/airflow/example_dags/example_bash_operator.py
[2021-07-18 16:25:25,344] {scheduler_job.py:632} INFO - Processing file /home/julio/anaconda3/lib/python3.8/site-packages/airflow/example_dags/example_bash_operator.py for tasks to queue
[2021-07-18 16:25:25,346] {logging_mixin.py:104} INFO - [2021-07-18 16:25:25,346] {dagbag.py:496} INFO - Filling up the DagBag from /home/julio/anaconda3/lib/python3.8/site-packages/airflow/example_dags/example_bash_operator.py
[2021-07-18 16:25:25,368] {scheduler_job.py:642} INFO - DAG(s) dict_keys(['example_bash_operator']) retrieved from /home/julio/anaconda3/lib/python3.8/site-packages/airflow/example_dags/example_bash_operator.py
[2021-07-18 16:25:25,386] {logging_mixin.py:104} INFO - [2021-07-18 16:25:25,386] {dag.py:1833} INFO - Sync 1 DAGs
[2021-07-18 16:25:25,402] {logging_mixin.py:104} INFO - [2021-07-18 16:25:25,401] {dag.py:2306} INFO - Setting next_dagrun for example_bash_operator to 2021-07-16 00:00:00+00:00
[2021-07-18 16:25:25,423] {scheduler_job.py:189} INFO - Processing /home/julio/anaconda3/lib/python3.8/site-packages/airflow/example_dags/example_bash_operator.py took 0.084 seconds
[2021-07-18 16:27:03,727] {scheduler_job.py:181} INFO - Started process (PID=14246) to work on /home/julio/anaconda3/lib/python3.8/site-packages/airflow/example_dags/example_bash_operator.py
[2021-07-18 16:27:03,728] {scheduler_job.py:632} INFO - Processing file /home/julio/anaconda3/lib/python3.8/site-packages/airflow/example_dags/example_bash_operator.py for tasks to queue
[2021-07-18 16:27:03,728] {logging_mixin.py:104} INFO - [2021-07-18 16:27:03,728] {dagbag.py:496} INFO - Filling up the DagBag from /home/julio/anaconda3/lib/python3.8/site-packages/airflow/example_dags/example_bash_operator.py
[2021-07-18 16:27:03,742] {scheduler_job.py:642} INFO - DAG(s) dict_keys(['example_bash_operator']) retrieved from /home/julio/anaconda3/lib/python3.8/site-packages/airflow/example_dags/example_bash_operator.py
[2021-07-18 16:27:03,758] {logging_mixin.py:104} INFO - [2021-07-18 16:27:03,758] {dag.py:1833} INFO - Sync 1 DAGs
[2021-07-18 16:27:03,771] {logging_mixin.py:104} INFO - [2021-07-18 16:27:03,770] {dag.py:2306} INFO - Setting next_dagrun for example_bash_operator to 2021-07-16 00:00:00+00:00
[2021-07-18 16:27:03,795] {scheduler_job.py:189} INFO - Processing /home/julio/anaconda3/lib/python3.8/site-packages/airflow/example_dags/example_bash_operator.py took 0.075 seconds
[2021-07-18 16:27:40,990] {scheduler_job.py:181} INFO - Started process (PID=14358) to work on /home/julio/anaconda3/lib/python3.8/site-packages/airflow/example_dags/example_bash_operator.py
[2021-07-18 16:27:40,991] {scheduler_job.py:632} INFO - Processing file /home/julio/anaconda3/lib/python3.8/site-packages/airflow/example_dags/example_bash_operator.py for tasks to queue
[2021-07-18 16:27:40,992] {logging_mixin.py:104} INFO - [2021-07-18 16:27:40,992] {dagbag.py:496} INFO - Filling up the DagBag from /home/julio/anaconda3/lib/python3.8/site-packages/airflow/example_dags/example_bash_operator.py
[2021-07-18 16:27:41,011] {scheduler_job.py:642} INFO - DAG(s) dict_keys(['example_bash_operator']) retrieved from /home/julio/anaconda3/lib/python3.8/site-packages/airflow/example_dags/example_bash_operator.py
[2021-07-18 16:27:41,036] {logging_mixin.py:104} INFO - [2021-07-18 16:27:41,036] {dag.py:1833} INFO - Sync 1 DAGs
[2021-07-18 16:27:41,057] {logging_mixin.py:104} INFO - [2021-07-18 16:27:41,057] {dag.py:2306} INFO - Setting next_dagrun for example_bash_operator to 2021-07-16 00:00:00+00:00
[2021-07-18 16:27:41,078] {scheduler_job.py:189} INFO - Processing /home/julio/anaconda3/lib/python3.8/site-packages/airflow/example_dags/example_bash_operator.py took 0.091 seconds
[2021-07-18 16:28:20,980] {scheduler_job.py:181} INFO - Started process (PID=14458) to work on /home/julio/anaconda3/lib/python3.8/site-packages/airflow/example_dags/example_bash_operator.py
[2021-07-18 16:28:20,982] {scheduler_job.py:632} INFO - Processing file /home/julio/anaconda3/lib/python3.8/site-packages/airflow/example_dags/example_bash_operator.py for tasks to queue
[2021-07-18 16:28:20,983] {logging_mixin.py:104} INFO - [2021-07-18 16:28:20,983] {dagbag.py:496} INFO - Filling up the DagBag from /home/julio/anaconda3/lib/python3.8/site-packages/airflow/example_dags/example_bash_operator.py
[2021-07-18 16:28:21,001] {scheduler_job.py:642} INFO - DAG(s) dict_keys(['example_bash_operator']) retrieved from /home/julio/anaconda3/lib/python3.8/site-packages/airflow/example_dags/example_bash_operator.py
[2021-07-18 16:28:21,019] {logging_mixin.py:104} INFO - [2021-07-18 16:28:21,019] {dag.py:1833} INFO - Sync 1 DAGs
[2021-07-18 16:28:21,032] {logging_mixin.py:104} INFO - [2021-07-18 16:28:21,032] {dag.py:2306} INFO - Setting next_dagrun for example_bash_operator to 2021-07-16 00:00:00+00:00
[2021-07-18 16:28:21,053] {scheduler_job.py:189} INFO - Processing /home/julio/anaconda3/lib/python3.8/site-packages/airflow/example_dags/example_bash_operator.py took 0.076 seconds
[2021-07-18 16:28:59,848] {scheduler_job.py:181} INFO - Started process (PID=14558) to work on /home/julio/anaconda3/lib/python3.8/site-packages/airflow/example_dags/example_bash_operator.py
[2021-07-18 16:28:59,850] {scheduler_job.py:632} INFO - Processing file /home/julio/anaconda3/lib/python3.8/site-packages/airflow/example_dags/example_bash_operator.py for tasks to queue
[2021-07-18 16:28:59,852] {logging_mixin.py:104} INFO - [2021-07-18 16:28:59,852] {dagbag.py:496} INFO - Filling up the DagBag from /home/julio/anaconda3/lib/python3.8/site-packages/airflow/example_dags/example_bash_operator.py
[2021-07-18 16:28:59,869] {scheduler_job.py:642} INFO - DAG(s) dict_keys(['example_bash_operator']) retrieved from /home/julio/anaconda3/lib/python3.8/site-packages/airflow/example_dags/example_bash_operator.py
[2021-07-18 16:28:59,883] {logging_mixin.py:104} INFO - [2021-07-18 16:28:59,882] {dag.py:1833} INFO - Sync 1 DAGs
[2021-07-18 16:28:59,897] {logging_mixin.py:104} INFO - [2021-07-18 16:28:59,896] {dag.py:2306} INFO - Setting next_dagrun for example_bash_operator to 2021-07-16 00:00:00+00:00
[2021-07-18 16:28:59,920] {scheduler_job.py:189} INFO - Processing /home/julio/anaconda3/lib/python3.8/site-packages/airflow/example_dags/example_bash_operator.py took 0.074 seconds
[2021-07-18 16:29:46,245] {scheduler_job.py:181} INFO - Started process (PID=14698) to work on /home/julio/anaconda3/lib/python3.8/site-packages/airflow/example_dags/example_bash_operator.py
[2021-07-18 16:29:46,246] {scheduler_job.py:632} INFO - Processing file /home/julio/anaconda3/lib/python3.8/site-packages/airflow/example_dags/example_bash_operator.py for tasks to queue
[2021-07-18 16:29:46,246] {logging_mixin.py:104} INFO - [2021-07-18 16:29:46,246] {dagbag.py:496} INFO - Filling up the DagBag from /home/julio/anaconda3/lib/python3.8/site-packages/airflow/example_dags/example_bash_operator.py
[2021-07-18 16:29:46,269] {scheduler_job.py:642} INFO - DAG(s) dict_keys(['example_bash_operator']) retrieved from /home/julio/anaconda3/lib/python3.8/site-packages/airflow/example_dags/example_bash_operator.py
[2021-07-18 16:29:46,282] {logging_mixin.py:104} INFO - [2021-07-18 16:29:46,282] {dag.py:1833} INFO - Sync 1 DAGs
[2021-07-18 16:29:46,296] {logging_mixin.py:104} INFO - [2021-07-18 16:29:46,296] {dag.py:2306} INFO - Setting next_dagrun for example_bash_operator to 2021-07-16 00:00:00+00:00
[2021-07-18 16:29:46,321] {scheduler_job.py:189} INFO - Processing /home/julio/anaconda3/lib/python3.8/site-packages/airflow/example_dags/example_bash_operator.py took 0.079 seconds
[2021-07-18 16:31:43,138] {scheduler_job.py:181} INFO - Started process (PID=14988) to work on /home/julio/anaconda3/lib/python3.8/site-packages/airflow/example_dags/example_bash_operator.py
[2021-07-18 16:31:43,140] {scheduler_job.py:632} INFO - Processing file /home/julio/anaconda3/lib/python3.8/site-packages/airflow/example_dags/example_bash_operator.py for tasks to queue
[2021-07-18 16:31:43,141] {logging_mixin.py:104} INFO - [2021-07-18 16:31:43,140] {dagbag.py:496} INFO - Filling up the DagBag from /home/julio/anaconda3/lib/python3.8/site-packages/airflow/example_dags/example_bash_operator.py
[2021-07-18 16:31:43,154] {scheduler_job.py:642} INFO - DAG(s) dict_keys(['example_bash_operator']) retrieved from /home/julio/anaconda3/lib/python3.8/site-packages/airflow/example_dags/example_bash_operator.py
[2021-07-18 16:31:43,174] {logging_mixin.py:104} INFO - [2021-07-18 16:31:43,174] {dag.py:1833} INFO - Sync 1 DAGs
[2021-07-18 16:31:43,189] {logging_mixin.py:104} INFO - [2021-07-18 16:31:43,188] {dag.py:2306} INFO - Setting next_dagrun for example_bash_operator to 2021-07-16 00:00:00+00:00
[2021-07-18 16:31:43,213] {scheduler_job.py:189} INFO - Processing /home/julio/anaconda3/lib/python3.8/site-packages/airflow/example_dags/example_bash_operator.py took 0.078 seconds
[2021-07-18 16:32:21,293] {scheduler_job.py:181} INFO - Started process (PID=15081) to work on /home/julio/anaconda3/lib/python3.8/site-packages/airflow/example_dags/example_bash_operator.py
[2021-07-18 16:32:21,294] {scheduler_job.py:632} INFO - Processing file /home/julio/anaconda3/lib/python3.8/site-packages/airflow/example_dags/example_bash_operator.py for tasks to queue
[2021-07-18 16:32:21,295] {logging_mixin.py:104} INFO - [2021-07-18 16:32:21,295] {dagbag.py:496} INFO - Filling up the DagBag from /home/julio/anaconda3/lib/python3.8/site-packages/airflow/example_dags/example_bash_operator.py
[2021-07-18 16:32:21,312] {scheduler_job.py:642} INFO - DAG(s) dict_keys(['example_bash_operator']) retrieved from /home/julio/anaconda3/lib/python3.8/site-packages/airflow/example_dags/example_bash_operator.py
[2021-07-18 16:32:21,338] {logging_mixin.py:104} INFO - [2021-07-18 16:32:21,337] {dag.py:1833} INFO - Sync 1 DAGs
[2021-07-18 16:32:21,355] {logging_mixin.py:104} INFO - [2021-07-18 16:32:21,355] {dag.py:2306} INFO - Setting next_dagrun for example_bash_operator to 2021-07-16 00:00:00+00:00
[2021-07-18 16:32:21,384] {scheduler_job.py:189} INFO - Processing /home/julio/anaconda3/lib/python3.8/site-packages/airflow/example_dags/example_bash_operator.py took 0.095 seconds
[2021-07-18 16:32:56,648] {scheduler_job.py:181} INFO - Started process (PID=15170) to work on /home/julio/anaconda3/lib/python3.8/site-packages/airflow/example_dags/example_bash_operator.py
[2021-07-18 16:32:56,650] {scheduler_job.py:632} INFO - Processing file /home/julio/anaconda3/lib/python3.8/site-packages/airflow/example_dags/example_bash_operator.py for tasks to queue
[2021-07-18 16:32:56,651] {logging_mixin.py:104} INFO - [2021-07-18 16:32:56,650] {dagbag.py:496} INFO - Filling up the DagBag from /home/julio/anaconda3/lib/python3.8/site-packages/airflow/example_dags/example_bash_operator.py
[2021-07-18 16:32:56,667] {scheduler_job.py:642} INFO - DAG(s) dict_keys(['example_bash_operator']) retrieved from /home/julio/anaconda3/lib/python3.8/site-packages/airflow/example_dags/example_bash_operator.py
[2021-07-18 16:32:56,681] {logging_mixin.py:104} INFO - [2021-07-18 16:32:56,681] {dag.py:1833} INFO - Sync 1 DAGs
[2021-07-18 16:32:56,694] {logging_mixin.py:104} INFO - [2021-07-18 16:32:56,694] {dag.py:2306} INFO - Setting next_dagrun for example_bash_operator to 2021-07-16 00:00:00+00:00
[2021-07-18 16:32:56,712] {scheduler_job.py:189} INFO - Processing /home/julio/anaconda3/lib/python3.8/site-packages/airflow/example_dags/example_bash_operator.py took 0.066 seconds
[2021-07-18 16:33:37,216] {scheduler_job.py:181} INFO - Started process (PID=15270) to work on /home/julio/anaconda3/lib/python3.8/site-packages/airflow/example_dags/example_bash_operator.py
[2021-07-18 16:33:37,220] {scheduler_job.py:632} INFO - Processing file /home/julio/anaconda3/lib/python3.8/site-packages/airflow/example_dags/example_bash_operator.py for tasks to queue
[2021-07-18 16:33:37,221] {logging_mixin.py:104} INFO - [2021-07-18 16:33:37,221] {dagbag.py:496} INFO - Filling up the DagBag from /home/julio/anaconda3/lib/python3.8/site-packages/airflow/example_dags/example_bash_operator.py
[2021-07-18 16:33:37,236] {scheduler_job.py:642} INFO - DAG(s) dict_keys(['example_bash_operator']) retrieved from /home/julio/anaconda3/lib/python3.8/site-packages/airflow/example_dags/example_bash_operator.py
[2021-07-18 16:33:37,249] {logging_mixin.py:104} INFO - [2021-07-18 16:33:37,249] {dag.py:1833} INFO - Sync 1 DAGs
[2021-07-18 16:33:37,262] {logging_mixin.py:104} INFO - [2021-07-18 16:33:37,262] {dag.py:2306} INFO - Setting next_dagrun for example_bash_operator to 2021-07-16 00:00:00+00:00
[2021-07-18 16:33:37,282] {scheduler_job.py:189} INFO - Processing /home/julio/anaconda3/lib/python3.8/site-packages/airflow/example_dags/example_bash_operator.py took 0.069 seconds
[2021-07-18 16:34:14,913] {scheduler_job.py:181} INFO - Started process (PID=15336) to work on /home/julio/anaconda3/lib/python3.8/site-packages/airflow/example_dags/example_bash_operator.py
[2021-07-18 16:34:14,914] {scheduler_job.py:632} INFO - Processing file /home/julio/anaconda3/lib/python3.8/site-packages/airflow/example_dags/example_bash_operator.py for tasks to queue
[2021-07-18 16:34:14,914] {logging_mixin.py:104} INFO - [2021-07-18 16:34:14,914] {dagbag.py:496} INFO - Filling up the DagBag from /home/julio/anaconda3/lib/python3.8/site-packages/airflow/example_dags/example_bash_operator.py
[2021-07-18 16:34:14,924] {scheduler_job.py:642} INFO - DAG(s) dict_keys(['example_bash_operator']) retrieved from /home/julio/anaconda3/lib/python3.8/site-packages/airflow/example_dags/example_bash_operator.py
[2021-07-18 16:34:14,935] {logging_mixin.py:104} INFO - [2021-07-18 16:34:14,935] {dag.py:1833} INFO - Sync 1 DAGs
[2021-07-18 16:34:14,945] {logging_mixin.py:104} INFO - [2021-07-18 16:34:14,945] {dag.py:2306} INFO - Setting next_dagrun for example_bash_operator to 2021-07-16 00:00:00+00:00
[2021-07-18 16:34:14,967] {scheduler_job.py:189} INFO - Processing /home/julio/anaconda3/lib/python3.8/site-packages/airflow/example_dags/example_bash_operator.py took 0.056 seconds
[2021-07-18 16:34:49,951] {scheduler_job.py:181} INFO - Started process (PID=15397) to work on /home/julio/anaconda3/lib/python3.8/site-packages/airflow/example_dags/example_bash_operator.py
[2021-07-18 16:34:49,955] {scheduler_job.py:632} INFO - Processing file /home/julio/anaconda3/lib/python3.8/site-packages/airflow/example_dags/example_bash_operator.py for tasks to queue
[2021-07-18 16:34:49,955] {logging_mixin.py:104} INFO - [2021-07-18 16:34:49,955] {dagbag.py:496} INFO - Filling up the DagBag from /home/julio/anaconda3/lib/python3.8/site-packages/airflow/example_dags/example_bash_operator.py
[2021-07-18 16:34:49,964] {scheduler_job.py:642} INFO - DAG(s) dict_keys(['example_bash_operator']) retrieved from /home/julio/anaconda3/lib/python3.8/site-packages/airflow/example_dags/example_bash_operator.py
[2021-07-18 16:34:49,977] {logging_mixin.py:104} INFO - [2021-07-18 16:34:49,977] {dag.py:1833} INFO - Sync 1 DAGs
[2021-07-18 16:34:49,987] {logging_mixin.py:104} INFO - [2021-07-18 16:34:49,987] {dag.py:2306} INFO - Setting next_dagrun for example_bash_operator to 2021-07-16 00:00:00+00:00
[2021-07-18 16:34:50,006] {scheduler_job.py:189} INFO - Processing /home/julio/anaconda3/lib/python3.8/site-packages/airflow/example_dags/example_bash_operator.py took 0.057 seconds
[2021-07-18 16:35:25,418] {scheduler_job.py:181} INFO - Started process (PID=15464) to work on /home/julio/anaconda3/lib/python3.8/site-packages/airflow/example_dags/example_bash_operator.py
[2021-07-18 16:35:25,420] {scheduler_job.py:632} INFO - Processing file /home/julio/anaconda3/lib/python3.8/site-packages/airflow/example_dags/example_bash_operator.py for tasks to queue
[2021-07-18 16:35:25,421] {logging_mixin.py:104} INFO - [2021-07-18 16:35:25,421] {dagbag.py:496} INFO - Filling up the DagBag from /home/julio/anaconda3/lib/python3.8/site-packages/airflow/example_dags/example_bash_operator.py
[2021-07-18 16:35:25,431] {scheduler_job.py:642} INFO - DAG(s) dict_keys(['example_bash_operator']) retrieved from /home/julio/anaconda3/lib/python3.8/site-packages/airflow/example_dags/example_bash_operator.py
[2021-07-18 16:35:25,441] {logging_mixin.py:104} INFO - [2021-07-18 16:35:25,441] {dag.py:1833} INFO - Sync 1 DAGs
[2021-07-18 16:35:25,451] {logging_mixin.py:104} INFO - [2021-07-18 16:35:25,451] {dag.py:2306} INFO - Setting next_dagrun for example_bash_operator to 2021-07-16 00:00:00+00:00
[2021-07-18 16:35:25,468] {scheduler_job.py:189} INFO - Processing /home/julio/anaconda3/lib/python3.8/site-packages/airflow/example_dags/example_bash_operator.py took 0.053 seconds
[2021-07-18 16:36:03,871] {scheduler_job.py:181} INFO - Started process (PID=15530) to work on /home/julio/anaconda3/lib/python3.8/site-packages/airflow/example_dags/example_bash_operator.py
[2021-07-18 16:36:03,874] {scheduler_job.py:632} INFO - Processing file /home/julio/anaconda3/lib/python3.8/site-packages/airflow/example_dags/example_bash_operator.py for tasks to queue
[2021-07-18 16:36:03,876] {logging_mixin.py:104} INFO - [2021-07-18 16:36:03,876] {dagbag.py:496} INFO - Filling up the DagBag from /home/julio/anaconda3/lib/python3.8/site-packages/airflow/example_dags/example_bash_operator.py
[2021-07-18 16:36:03,901] {scheduler_job.py:642} INFO - DAG(s) dict_keys(['example_bash_operator']) retrieved from /home/julio/anaconda3/lib/python3.8/site-packages/airflow/example_dags/example_bash_operator.py
[2021-07-18 16:36:03,917] {logging_mixin.py:104} INFO - [2021-07-18 16:36:03,917] {dag.py:1833} INFO - Sync 1 DAGs
[2021-07-18 16:36:03,933] {logging_mixin.py:104} INFO - [2021-07-18 16:36:03,933] {dag.py:2306} INFO - Setting next_dagrun for example_bash_operator to 2021-07-16 00:00:00+00:00
[2021-07-18 16:36:03,953] {scheduler_job.py:189} INFO - Processing /home/julio/anaconda3/lib/python3.8/site-packages/airflow/example_dags/example_bash_operator.py took 0.084 seconds
[2021-07-18 16:36:40,448] {scheduler_job.py:181} INFO - Started process (PID=15596) to work on /home/julio/anaconda3/lib/python3.8/site-packages/airflow/example_dags/example_bash_operator.py
[2021-07-18 16:36:40,455] {scheduler_job.py:632} INFO - Processing file /home/julio/anaconda3/lib/python3.8/site-packages/airflow/example_dags/example_bash_operator.py for tasks to queue
[2021-07-18 16:36:40,456] {logging_mixin.py:104} INFO - [2021-07-18 16:36:40,456] {dagbag.py:496} INFO - Filling up the DagBag from /home/julio/anaconda3/lib/python3.8/site-packages/airflow/example_dags/example_bash_operator.py
[2021-07-18 16:36:40,469] {scheduler_job.py:642} INFO - DAG(s) dict_keys(['example_bash_operator']) retrieved from /home/julio/anaconda3/lib/python3.8/site-packages/airflow/example_dags/example_bash_operator.py
[2021-07-18 16:36:40,482] {logging_mixin.py:104} INFO - [2021-07-18 16:36:40,482] {dag.py:1833} INFO - Sync 1 DAGs
[2021-07-18 16:36:40,494] {logging_mixin.py:104} INFO - [2021-07-18 16:36:40,494] {dag.py:2306} INFO - Setting next_dagrun for example_bash_operator to 2021-07-16 00:00:00+00:00
[2021-07-18 16:36:40,510] {scheduler_job.py:189} INFO - Processing /home/julio/anaconda3/lib/python3.8/site-packages/airflow/example_dags/example_bash_operator.py took 0.066 seconds
[2021-07-18 16:37:14,488] {scheduler_job.py:181} INFO - Started process (PID=15656) to work on /home/julio/anaconda3/lib/python3.8/site-packages/airflow/example_dags/example_bash_operator.py
[2021-07-18 16:37:14,492] {scheduler_job.py:632} INFO - Processing file /home/julio/anaconda3/lib/python3.8/site-packages/airflow/example_dags/example_bash_operator.py for tasks to queue
[2021-07-18 16:37:14,493] {logging_mixin.py:104} INFO - [2021-07-18 16:37:14,493] {dagbag.py:496} INFO - Filling up the DagBag from /home/julio/anaconda3/lib/python3.8/site-packages/airflow/example_dags/example_bash_operator.py
[2021-07-18 16:37:14,510] {scheduler_job.py:642} INFO - DAG(s) dict_keys(['example_bash_operator']) retrieved from /home/julio/anaconda3/lib/python3.8/site-packages/airflow/example_dags/example_bash_operator.py
[2021-07-18 16:37:14,523] {logging_mixin.py:104} INFO - [2021-07-18 16:37:14,523] {dag.py:1833} INFO - Sync 1 DAGs
[2021-07-18 16:37:14,536] {logging_mixin.py:104} INFO - [2021-07-18 16:37:14,536] {dag.py:2306} INFO - Setting next_dagrun for example_bash_operator to 2021-07-16 00:00:00+00:00
[2021-07-18 16:37:14,556] {scheduler_job.py:189} INFO - Processing /home/julio/anaconda3/lib/python3.8/site-packages/airflow/example_dags/example_bash_operator.py took 0.073 seconds
[2021-07-18 16:37:57,214] {scheduler_job.py:181} INFO - Started process (PID=15753) to work on /home/julio/anaconda3/lib/python3.8/site-packages/airflow/example_dags/example_bash_operator.py
[2021-07-18 16:37:57,215] {scheduler_job.py:632} INFO - Processing file /home/julio/anaconda3/lib/python3.8/site-packages/airflow/example_dags/example_bash_operator.py for tasks to queue
[2021-07-18 16:37:57,216] {logging_mixin.py:104} INFO - [2021-07-18 16:37:57,216] {dagbag.py:496} INFO - Filling up the DagBag from /home/julio/anaconda3/lib/python3.8/site-packages/airflow/example_dags/example_bash_operator.py
[2021-07-18 16:37:57,226] {scheduler_job.py:642} INFO - DAG(s) dict_keys(['example_bash_operator']) retrieved from /home/julio/anaconda3/lib/python3.8/site-packages/airflow/example_dags/example_bash_operator.py
[2021-07-18 16:37:57,236] {logging_mixin.py:104} INFO - [2021-07-18 16:37:57,236] {dag.py:1833} INFO - Sync 1 DAGs
[2021-07-18 16:37:57,247] {logging_mixin.py:104} INFO - [2021-07-18 16:37:57,247] {dag.py:2306} INFO - Setting next_dagrun for example_bash_operator to 2021-07-16 00:00:00+00:00
[2021-07-18 16:37:57,261] {scheduler_job.py:189} INFO - Processing /home/julio/anaconda3/lib/python3.8/site-packages/airflow/example_dags/example_bash_operator.py took 0.050 seconds
[2021-07-18 16:38:37,761] {scheduler_job.py:181} INFO - Started process (PID=15829) to work on /home/julio/anaconda3/lib/python3.8/site-packages/airflow/example_dags/example_bash_operator.py
[2021-07-18 16:38:37,762] {scheduler_job.py:632} INFO - Processing file /home/julio/anaconda3/lib/python3.8/site-packages/airflow/example_dags/example_bash_operator.py for tasks to queue
[2021-07-18 16:38:37,762] {logging_mixin.py:104} INFO - [2021-07-18 16:38:37,762] {dagbag.py:496} INFO - Filling up the DagBag from /home/julio/anaconda3/lib/python3.8/site-packages/airflow/example_dags/example_bash_operator.py
[2021-07-18 16:38:37,774] {scheduler_job.py:642} INFO - DAG(s) dict_keys(['example_bash_operator']) retrieved from /home/julio/anaconda3/lib/python3.8/site-packages/airflow/example_dags/example_bash_operator.py
[2021-07-18 16:38:37,788] {logging_mixin.py:104} INFO - [2021-07-18 16:38:37,788] {dag.py:1833} INFO - Sync 1 DAGs
[2021-07-18 16:38:37,800] {logging_mixin.py:104} INFO - [2021-07-18 16:38:37,800] {dag.py:2306} INFO - Setting next_dagrun for example_bash_operator to 2021-07-16 00:00:00+00:00
[2021-07-18 16:38:37,821] {scheduler_job.py:189} INFO - Processing /home/julio/anaconda3/lib/python3.8/site-packages/airflow/example_dags/example_bash_operator.py took 0.062 seconds
[2021-07-18 16:41:28,703] {scheduler_job.py:181} INFO - Started process (PID=16032) to work on /home/julio/anaconda3/lib/python3.8/site-packages/airflow/example_dags/example_bash_operator.py
[2021-07-18 16:41:28,705] {scheduler_job.py:632} INFO - Processing file /home/julio/anaconda3/lib/python3.8/site-packages/airflow/example_dags/example_bash_operator.py for tasks to queue
[2021-07-18 16:41:28,706] {logging_mixin.py:104} INFO - [2021-07-18 16:41:28,706] {dagbag.py:496} INFO - Filling up the DagBag from /home/julio/anaconda3/lib/python3.8/site-packages/airflow/example_dags/example_bash_operator.py
[2021-07-18 16:41:28,721] {scheduler_job.py:642} INFO - DAG(s) dict_keys(['example_bash_operator']) retrieved from /home/julio/anaconda3/lib/python3.8/site-packages/airflow/example_dags/example_bash_operator.py
[2021-07-18 16:41:28,743] {logging_mixin.py:104} INFO - [2021-07-18 16:41:28,743] {dag.py:1833} INFO - Sync 1 DAGs
[2021-07-18 16:41:28,771] {logging_mixin.py:104} INFO - [2021-07-18 16:41:28,771] {dag.py:2306} INFO - Setting next_dagrun for example_bash_operator to 2021-07-16 00:00:00+00:00
[2021-07-18 16:41:28,796] {scheduler_job.py:189} INFO - Processing /home/julio/anaconda3/lib/python3.8/site-packages/airflow/example_dags/example_bash_operator.py took 0.096 seconds
[2021-07-18 16:42:04,713] {scheduler_job.py:181} INFO - Started process (PID=16122) to work on /home/julio/anaconda3/lib/python3.8/site-packages/airflow/example_dags/example_bash_operator.py
[2021-07-18 16:42:04,719] {scheduler_job.py:632} INFO - Processing file /home/julio/anaconda3/lib/python3.8/site-packages/airflow/example_dags/example_bash_operator.py for tasks to queue
[2021-07-18 16:42:04,721] {logging_mixin.py:104} INFO - [2021-07-18 16:42:04,721] {dagbag.py:496} INFO - Filling up the DagBag from /home/julio/anaconda3/lib/python3.8/site-packages/airflow/example_dags/example_bash_operator.py
[2021-07-18 16:42:04,730] {scheduler_job.py:642} INFO - DAG(s) dict_keys(['example_bash_operator']) retrieved from /home/julio/anaconda3/lib/python3.8/site-packages/airflow/example_dags/example_bash_operator.py
[2021-07-18 16:42:04,743] {logging_mixin.py:104} INFO - [2021-07-18 16:42:04,743] {dag.py:1833} INFO - Sync 1 DAGs
[2021-07-18 16:42:04,768] {logging_mixin.py:104} INFO - [2021-07-18 16:42:04,768] {dag.py:2306} INFO - Setting next_dagrun for example_bash_operator to 2021-07-16 00:00:00+00:00
[2021-07-18 16:42:04,795] {scheduler_job.py:189} INFO - Processing /home/julio/anaconda3/lib/python3.8/site-packages/airflow/example_dags/example_bash_operator.py took 0.084 seconds
