[2021-07-18 15:56:16,258] {scheduler_job.py:181} INFO - Started process (PID=11738) to work on /home/julio/anaconda3/lib/python3.8/site-packages/airflow/example_dags/example_short_circuit_operator.py
[2021-07-18 15:56:16,259] {scheduler_job.py:632} INFO - Processing file /home/julio/anaconda3/lib/python3.8/site-packages/airflow/example_dags/example_short_circuit_operator.py for tasks to queue
[2021-07-18 15:56:16,260] {logging_mixin.py:104} INFO - [2021-07-18 15:56:16,260] {dagbag.py:496} INFO - Filling up the DagBag from /home/julio/anaconda3/lib/python3.8/site-packages/airflow/example_dags/example_short_circuit_operator.py
[2021-07-18 15:56:16,277] {scheduler_job.py:642} INFO - DAG(s) dict_keys(['example_short_circuit_operator']) retrieved from /home/julio/anaconda3/lib/python3.8/site-packages/airflow/example_dags/example_short_circuit_operator.py
[2021-07-18 15:56:16,289] {logging_mixin.py:104} INFO - [2021-07-18 15:56:16,289] {dag.py:1833} INFO - Sync 1 DAGs
[2021-07-18 15:56:16,297] {logging_mixin.py:104} INFO - [2021-07-18 15:56:16,297] {dag.py:2306} INFO - Setting next_dagrun for example_short_circuit_operator to 2021-07-16 00:00:00+00:00
[2021-07-18 15:56:16,312] {scheduler_job.py:189} INFO - Processing /home/julio/anaconda3/lib/python3.8/site-packages/airflow/example_dags/example_short_circuit_operator.py took 0.059 seconds
[2021-07-18 15:56:47,755] {scheduler_job.py:181} INFO - Started process (PID=11771) to work on /home/julio/anaconda3/lib/python3.8/site-packages/airflow/example_dags/example_short_circuit_operator.py
[2021-07-18 15:56:47,756] {scheduler_job.py:632} INFO - Processing file /home/julio/anaconda3/lib/python3.8/site-packages/airflow/example_dags/example_short_circuit_operator.py for tasks to queue
[2021-07-18 15:56:47,757] {logging_mixin.py:104} INFO - [2021-07-18 15:56:47,757] {dagbag.py:496} INFO - Filling up the DagBag from /home/julio/anaconda3/lib/python3.8/site-packages/airflow/example_dags/example_short_circuit_operator.py
[2021-07-18 15:56:47,770] {scheduler_job.py:642} INFO - DAG(s) dict_keys(['example_short_circuit_operator']) retrieved from /home/julio/anaconda3/lib/python3.8/site-packages/airflow/example_dags/example_short_circuit_operator.py
[2021-07-18 15:56:47,781] {logging_mixin.py:104} INFO - [2021-07-18 15:56:47,781] {dag.py:1833} INFO - Sync 1 DAGs
[2021-07-18 15:56:47,789] {logging_mixin.py:104} INFO - [2021-07-18 15:56:47,789] {dag.py:2306} INFO - Setting next_dagrun for example_short_circuit_operator to 2021-07-16 00:00:00+00:00
[2021-07-18 15:56:47,804] {scheduler_job.py:189} INFO - Processing /home/julio/anaconda3/lib/python3.8/site-packages/airflow/example_dags/example_short_circuit_operator.py took 0.054 seconds
[2021-07-18 15:57:20,279] {scheduler_job.py:181} INFO - Started process (PID=11806) to work on /home/julio/anaconda3/lib/python3.8/site-packages/airflow/example_dags/example_short_circuit_operator.py
[2021-07-18 15:57:20,280] {scheduler_job.py:632} INFO - Processing file /home/julio/anaconda3/lib/python3.8/site-packages/airflow/example_dags/example_short_circuit_operator.py for tasks to queue
[2021-07-18 15:57:20,280] {logging_mixin.py:104} INFO - [2021-07-18 15:57:20,280] {dagbag.py:496} INFO - Filling up the DagBag from /home/julio/anaconda3/lib/python3.8/site-packages/airflow/example_dags/example_short_circuit_operator.py
[2021-07-18 15:57:20,289] {scheduler_job.py:642} INFO - DAG(s) dict_keys(['example_short_circuit_operator']) retrieved from /home/julio/anaconda3/lib/python3.8/site-packages/airflow/example_dags/example_short_circuit_operator.py
[2021-07-18 15:57:20,300] {logging_mixin.py:104} INFO - [2021-07-18 15:57:20,300] {dag.py:1833} INFO - Sync 1 DAGs
[2021-07-18 15:57:20,309] {logging_mixin.py:104} INFO - [2021-07-18 15:57:20,309] {dag.py:2306} INFO - Setting next_dagrun for example_short_circuit_operator to 2021-07-16 00:00:00+00:00
[2021-07-18 15:57:20,322] {scheduler_job.py:189} INFO - Processing /home/julio/anaconda3/lib/python3.8/site-packages/airflow/example_dags/example_short_circuit_operator.py took 0.045 seconds
[2021-07-18 15:57:52,701] {scheduler_job.py:181} INFO - Started process (PID=11843) to work on /home/julio/anaconda3/lib/python3.8/site-packages/airflow/example_dags/example_short_circuit_operator.py
[2021-07-18 15:57:52,702] {scheduler_job.py:632} INFO - Processing file /home/julio/anaconda3/lib/python3.8/site-packages/airflow/example_dags/example_short_circuit_operator.py for tasks to queue
[2021-07-18 15:57:52,707] {logging_mixin.py:104} INFO - [2021-07-18 15:57:52,707] {dagbag.py:496} INFO - Filling up the DagBag from /home/julio/anaconda3/lib/python3.8/site-packages/airflow/example_dags/example_short_circuit_operator.py
[2021-07-18 15:57:52,723] {scheduler_job.py:642} INFO - DAG(s) dict_keys(['example_short_circuit_operator']) retrieved from /home/julio/anaconda3/lib/python3.8/site-packages/airflow/example_dags/example_short_circuit_operator.py
[2021-07-18 15:57:52,736] {logging_mixin.py:104} INFO - [2021-07-18 15:57:52,736] {dag.py:1833} INFO - Sync 1 DAGs
[2021-07-18 15:57:52,745] {logging_mixin.py:104} INFO - [2021-07-18 15:57:52,745] {dag.py:2306} INFO - Setting next_dagrun for example_short_circuit_operator to 2021-07-16 00:00:00+00:00
[2021-07-18 15:57:52,764] {scheduler_job.py:189} INFO - Processing /home/julio/anaconda3/lib/python3.8/site-packages/airflow/example_dags/example_short_circuit_operator.py took 0.067 seconds
[2021-07-18 15:58:25,091] {scheduler_job.py:181} INFO - Started process (PID=11877) to work on /home/julio/anaconda3/lib/python3.8/site-packages/airflow/example_dags/example_short_circuit_operator.py
[2021-07-18 15:58:25,093] {scheduler_job.py:632} INFO - Processing file /home/julio/anaconda3/lib/python3.8/site-packages/airflow/example_dags/example_short_circuit_operator.py for tasks to queue
[2021-07-18 15:58:25,094] {logging_mixin.py:104} INFO - [2021-07-18 15:58:25,094] {dagbag.py:496} INFO - Filling up the DagBag from /home/julio/anaconda3/lib/python3.8/site-packages/airflow/example_dags/example_short_circuit_operator.py
[2021-07-18 15:58:25,106] {scheduler_job.py:642} INFO - DAG(s) dict_keys(['example_short_circuit_operator']) retrieved from /home/julio/anaconda3/lib/python3.8/site-packages/airflow/example_dags/example_short_circuit_operator.py
[2021-07-18 15:58:25,120] {logging_mixin.py:104} INFO - [2021-07-18 15:58:25,120] {dag.py:1833} INFO - Sync 1 DAGs
[2021-07-18 15:58:25,129] {logging_mixin.py:104} INFO - [2021-07-18 15:58:25,129] {dag.py:2306} INFO - Setting next_dagrun for example_short_circuit_operator to 2021-07-16 00:00:00+00:00
[2021-07-18 15:58:25,149] {scheduler_job.py:189} INFO - Processing /home/julio/anaconda3/lib/python3.8/site-packages/airflow/example_dags/example_short_circuit_operator.py took 0.061 seconds
[2021-07-18 15:58:57,610] {scheduler_job.py:181} INFO - Started process (PID=11910) to work on /home/julio/anaconda3/lib/python3.8/site-packages/airflow/example_dags/example_short_circuit_operator.py
[2021-07-18 15:58:57,611] {scheduler_job.py:632} INFO - Processing file /home/julio/anaconda3/lib/python3.8/site-packages/airflow/example_dags/example_short_circuit_operator.py for tasks to queue
[2021-07-18 15:58:57,612] {logging_mixin.py:104} INFO - [2021-07-18 15:58:57,611] {dagbag.py:496} INFO - Filling up the DagBag from /home/julio/anaconda3/lib/python3.8/site-packages/airflow/example_dags/example_short_circuit_operator.py
[2021-07-18 15:58:57,628] {scheduler_job.py:642} INFO - DAG(s) dict_keys(['example_short_circuit_operator']) retrieved from /home/julio/anaconda3/lib/python3.8/site-packages/airflow/example_dags/example_short_circuit_operator.py
[2021-07-18 15:58:57,646] {logging_mixin.py:104} INFO - [2021-07-18 15:58:57,646] {dag.py:1833} INFO - Sync 1 DAGs
[2021-07-18 15:58:57,661] {logging_mixin.py:104} INFO - [2021-07-18 15:58:57,661] {dag.py:2306} INFO - Setting next_dagrun for example_short_circuit_operator to 2021-07-16 00:00:00+00:00
[2021-07-18 15:58:57,685] {scheduler_job.py:189} INFO - Processing /home/julio/anaconda3/lib/python3.8/site-packages/airflow/example_dags/example_short_circuit_operator.py took 0.086 seconds
[2021-07-18 16:23:27,953] {scheduler_job.py:181} INFO - Started process (PID=13567) to work on /home/julio/anaconda3/lib/python3.8/site-packages/airflow/example_dags/example_short_circuit_operator.py
[2021-07-18 16:23:27,960] {scheduler_job.py:632} INFO - Processing file /home/julio/anaconda3/lib/python3.8/site-packages/airflow/example_dags/example_short_circuit_operator.py for tasks to queue
[2021-07-18 16:23:27,963] {logging_mixin.py:104} INFO - [2021-07-18 16:23:27,962] {dagbag.py:496} INFO - Filling up the DagBag from /home/julio/anaconda3/lib/python3.8/site-packages/airflow/example_dags/example_short_circuit_operator.py
[2021-07-18 16:23:27,982] {scheduler_job.py:642} INFO - DAG(s) dict_keys(['example_short_circuit_operator']) retrieved from /home/julio/anaconda3/lib/python3.8/site-packages/airflow/example_dags/example_short_circuit_operator.py
[2021-07-18 16:23:28,003] {logging_mixin.py:104} INFO - [2021-07-18 16:23:28,003] {dag.py:1833} INFO - Sync 1 DAGs
[2021-07-18 16:23:28,011] {logging_mixin.py:104} INFO - [2021-07-18 16:23:28,011] {dag.py:2306} INFO - Setting next_dagrun for example_short_circuit_operator to 2021-07-16 00:00:00+00:00
[2021-07-18 16:23:28,039] {scheduler_job.py:189} INFO - Processing /home/julio/anaconda3/lib/python3.8/site-packages/airflow/example_dags/example_short_circuit_operator.py took 0.089 seconds
[2021-07-18 16:23:59,375] {scheduler_job.py:181} INFO - Started process (PID=13645) to work on /home/julio/anaconda3/lib/python3.8/site-packages/airflow/example_dags/example_short_circuit_operator.py
[2021-07-18 16:23:59,376] {scheduler_job.py:632} INFO - Processing file /home/julio/anaconda3/lib/python3.8/site-packages/airflow/example_dags/example_short_circuit_operator.py for tasks to queue
[2021-07-18 16:23:59,377] {logging_mixin.py:104} INFO - [2021-07-18 16:23:59,377] {dagbag.py:496} INFO - Filling up the DagBag from /home/julio/anaconda3/lib/python3.8/site-packages/airflow/example_dags/example_short_circuit_operator.py
[2021-07-18 16:23:59,391] {scheduler_job.py:642} INFO - DAG(s) dict_keys(['example_short_circuit_operator']) retrieved from /home/julio/anaconda3/lib/python3.8/site-packages/airflow/example_dags/example_short_circuit_operator.py
[2021-07-18 16:23:59,406] {logging_mixin.py:104} INFO - [2021-07-18 16:23:59,406] {dag.py:1833} INFO - Sync 1 DAGs
[2021-07-18 16:23:59,418] {logging_mixin.py:104} INFO - [2021-07-18 16:23:59,418] {dag.py:2306} INFO - Setting next_dagrun for example_short_circuit_operator to 2021-07-16 00:00:00+00:00
[2021-07-18 16:23:59,438] {scheduler_job.py:189} INFO - Processing /home/julio/anaconda3/lib/python3.8/site-packages/airflow/example_dags/example_short_circuit_operator.py took 0.065 seconds
[2021-07-18 16:24:33,431] {scheduler_job.py:181} INFO - Started process (PID=13712) to work on /home/julio/anaconda3/lib/python3.8/site-packages/airflow/example_dags/example_short_circuit_operator.py
[2021-07-18 16:24:33,434] {scheduler_job.py:632} INFO - Processing file /home/julio/anaconda3/lib/python3.8/site-packages/airflow/example_dags/example_short_circuit_operator.py for tasks to queue
[2021-07-18 16:24:33,435] {logging_mixin.py:104} INFO - [2021-07-18 16:24:33,434] {dagbag.py:496} INFO - Filling up the DagBag from /home/julio/anaconda3/lib/python3.8/site-packages/airflow/example_dags/example_short_circuit_operator.py
[2021-07-18 16:24:33,450] {scheduler_job.py:642} INFO - DAG(s) dict_keys(['example_short_circuit_operator']) retrieved from /home/julio/anaconda3/lib/python3.8/site-packages/airflow/example_dags/example_short_circuit_operator.py
[2021-07-18 16:24:33,477] {logging_mixin.py:104} INFO - [2021-07-18 16:24:33,477] {dag.py:1833} INFO - Sync 1 DAGs
[2021-07-18 16:24:33,490] {logging_mixin.py:104} INFO - [2021-07-18 16:24:33,490] {dag.py:2306} INFO - Setting next_dagrun for example_short_circuit_operator to 2021-07-16 00:00:00+00:00
[2021-07-18 16:24:33,515] {scheduler_job.py:189} INFO - Processing /home/julio/anaconda3/lib/python3.8/site-packages/airflow/example_dags/example_short_circuit_operator.py took 0.087 seconds
[2021-07-18 16:25:07,415] {scheduler_job.py:181} INFO - Started process (PID=13778) to work on /home/julio/anaconda3/lib/python3.8/site-packages/airflow/example_dags/example_short_circuit_operator.py
[2021-07-18 16:25:07,420] {scheduler_job.py:632} INFO - Processing file /home/julio/anaconda3/lib/python3.8/site-packages/airflow/example_dags/example_short_circuit_operator.py for tasks to queue
[2021-07-18 16:25:07,421] {logging_mixin.py:104} INFO - [2021-07-18 16:25:07,421] {dagbag.py:496} INFO - Filling up the DagBag from /home/julio/anaconda3/lib/python3.8/site-packages/airflow/example_dags/example_short_circuit_operator.py
[2021-07-18 16:25:07,431] {scheduler_job.py:642} INFO - DAG(s) dict_keys(['example_short_circuit_operator']) retrieved from /home/julio/anaconda3/lib/python3.8/site-packages/airflow/example_dags/example_short_circuit_operator.py
[2021-07-18 16:25:07,448] {logging_mixin.py:104} INFO - [2021-07-18 16:25:07,448] {dag.py:1833} INFO - Sync 1 DAGs
[2021-07-18 16:25:07,467] {logging_mixin.py:104} INFO - [2021-07-18 16:25:07,467] {dag.py:2306} INFO - Setting next_dagrun for example_short_circuit_operator to 2021-07-16 00:00:00+00:00
[2021-07-18 16:25:07,491] {scheduler_job.py:189} INFO - Processing /home/julio/anaconda3/lib/python3.8/site-packages/airflow/example_dags/example_short_circuit_operator.py took 0.078 seconds
[2021-07-18 16:25:39,859] {scheduler_job.py:181} INFO - Started process (PID=13852) to work on /home/julio/anaconda3/lib/python3.8/site-packages/airflow/example_dags/example_short_circuit_operator.py
[2021-07-18 16:25:39,862] {scheduler_job.py:632} INFO - Processing file /home/julio/anaconda3/lib/python3.8/site-packages/airflow/example_dags/example_short_circuit_operator.py for tasks to queue
[2021-07-18 16:25:39,864] {logging_mixin.py:104} INFO - [2021-07-18 16:25:39,863] {dagbag.py:496} INFO - Filling up the DagBag from /home/julio/anaconda3/lib/python3.8/site-packages/airflow/example_dags/example_short_circuit_operator.py
[2021-07-18 16:25:39,876] {scheduler_job.py:642} INFO - DAG(s) dict_keys(['example_short_circuit_operator']) retrieved from /home/julio/anaconda3/lib/python3.8/site-packages/airflow/example_dags/example_short_circuit_operator.py
[2021-07-18 16:25:39,887] {logging_mixin.py:104} INFO - [2021-07-18 16:25:39,887] {dag.py:1833} INFO - Sync 1 DAGs
[2021-07-18 16:25:39,898] {logging_mixin.py:104} INFO - [2021-07-18 16:25:39,898] {dag.py:2306} INFO - Setting next_dagrun for example_short_circuit_operator to 2021-07-16 00:00:00+00:00
[2021-07-18 16:25:39,914] {scheduler_job.py:189} INFO - Processing /home/julio/anaconda3/lib/python3.8/site-packages/airflow/example_dags/example_short_circuit_operator.py took 0.060 seconds
[2021-07-18 16:26:49,494] {scheduler_job.py:181} INFO - Started process (PID=14219) to work on /home/julio/anaconda3/lib/python3.8/site-packages/airflow/example_dags/example_short_circuit_operator.py
[2021-07-18 16:26:49,497] {scheduler_job.py:632} INFO - Processing file /home/julio/anaconda3/lib/python3.8/site-packages/airflow/example_dags/example_short_circuit_operator.py for tasks to queue
[2021-07-18 16:26:49,499] {logging_mixin.py:104} INFO - [2021-07-18 16:26:49,498] {dagbag.py:496} INFO - Filling up the DagBag from /home/julio/anaconda3/lib/python3.8/site-packages/airflow/example_dags/example_short_circuit_operator.py
[2021-07-18 16:26:49,512] {scheduler_job.py:642} INFO - DAG(s) dict_keys(['example_short_circuit_operator']) retrieved from /home/julio/anaconda3/lib/python3.8/site-packages/airflow/example_dags/example_short_circuit_operator.py
[2021-07-18 16:26:49,529] {logging_mixin.py:104} INFO - [2021-07-18 16:26:49,529] {dag.py:1833} INFO - Sync 1 DAGs
[2021-07-18 16:26:49,549] {logging_mixin.py:104} INFO - [2021-07-18 16:26:49,549] {dag.py:2306} INFO - Setting next_dagrun for example_short_circuit_operator to 2021-07-16 00:00:00+00:00
[2021-07-18 16:26:49,570] {scheduler_job.py:189} INFO - Processing /home/julio/anaconda3/lib/python3.8/site-packages/airflow/example_dags/example_short_circuit_operator.py took 0.078 seconds
[2021-07-18 16:27:24,752] {scheduler_job.py:181} INFO - Started process (PID=14301) to work on /home/julio/anaconda3/lib/python3.8/site-packages/airflow/example_dags/example_short_circuit_operator.py
[2021-07-18 16:27:24,756] {scheduler_job.py:632} INFO - Processing file /home/julio/anaconda3/lib/python3.8/site-packages/airflow/example_dags/example_short_circuit_operator.py for tasks to queue
[2021-07-18 16:27:24,757] {logging_mixin.py:104} INFO - [2021-07-18 16:27:24,757] {dagbag.py:496} INFO - Filling up the DagBag from /home/julio/anaconda3/lib/python3.8/site-packages/airflow/example_dags/example_short_circuit_operator.py
[2021-07-18 16:27:24,793] {scheduler_job.py:642} INFO - DAG(s) dict_keys(['example_short_circuit_operator']) retrieved from /home/julio/anaconda3/lib/python3.8/site-packages/airflow/example_dags/example_short_circuit_operator.py
[2021-07-18 16:27:24,814] {logging_mixin.py:104} INFO - [2021-07-18 16:27:24,814] {dag.py:1833} INFO - Sync 1 DAGs
[2021-07-18 16:27:24,825] {logging_mixin.py:104} INFO - [2021-07-18 16:27:24,824] {dag.py:2306} INFO - Setting next_dagrun for example_short_circuit_operator to 2021-07-16 00:00:00+00:00
[2021-07-18 16:27:24,850] {scheduler_job.py:189} INFO - Processing /home/julio/anaconda3/lib/python3.8/site-packages/airflow/example_dags/example_short_circuit_operator.py took 0.102 seconds
[2021-07-18 16:28:00,071] {scheduler_job.py:181} INFO - Started process (PID=14404) to work on /home/julio/anaconda3/lib/python3.8/site-packages/airflow/example_dags/example_short_circuit_operator.py
[2021-07-18 16:28:00,074] {scheduler_job.py:632} INFO - Processing file /home/julio/anaconda3/lib/python3.8/site-packages/airflow/example_dags/example_short_circuit_operator.py for tasks to queue
[2021-07-18 16:28:00,074] {logging_mixin.py:104} INFO - [2021-07-18 16:28:00,074] {dagbag.py:496} INFO - Filling up the DagBag from /home/julio/anaconda3/lib/python3.8/site-packages/airflow/example_dags/example_short_circuit_operator.py
[2021-07-18 16:28:00,091] {scheduler_job.py:642} INFO - DAG(s) dict_keys(['example_short_circuit_operator']) retrieved from /home/julio/anaconda3/lib/python3.8/site-packages/airflow/example_dags/example_short_circuit_operator.py
[2021-07-18 16:28:00,107] {logging_mixin.py:104} INFO - [2021-07-18 16:28:00,107] {dag.py:1833} INFO - Sync 1 DAGs
[2021-07-18 16:28:00,119] {logging_mixin.py:104} INFO - [2021-07-18 16:28:00,119] {dag.py:2306} INFO - Setting next_dagrun for example_short_circuit_operator to 2021-07-16 00:00:00+00:00
[2021-07-18 16:28:00,140] {scheduler_job.py:189} INFO - Processing /home/julio/anaconda3/lib/python3.8/site-packages/airflow/example_dags/example_short_circuit_operator.py took 0.071 seconds
[2021-07-18 16:28:34,581] {scheduler_job.py:181} INFO - Started process (PID=14491) to work on /home/julio/anaconda3/lib/python3.8/site-packages/airflow/example_dags/example_short_circuit_operator.py
[2021-07-18 16:28:34,583] {scheduler_job.py:632} INFO - Processing file /home/julio/anaconda3/lib/python3.8/site-packages/airflow/example_dags/example_short_circuit_operator.py for tasks to queue
[2021-07-18 16:28:34,584] {logging_mixin.py:104} INFO - [2021-07-18 16:28:34,583] {dagbag.py:496} INFO - Filling up the DagBag from /home/julio/anaconda3/lib/python3.8/site-packages/airflow/example_dags/example_short_circuit_operator.py
[2021-07-18 16:28:34,598] {scheduler_job.py:642} INFO - DAG(s) dict_keys(['example_short_circuit_operator']) retrieved from /home/julio/anaconda3/lib/python3.8/site-packages/airflow/example_dags/example_short_circuit_operator.py
[2021-07-18 16:28:34,614] {logging_mixin.py:104} INFO - [2021-07-18 16:28:34,614] {dag.py:1833} INFO - Sync 1 DAGs
[2021-07-18 16:28:34,626] {logging_mixin.py:104} INFO - [2021-07-18 16:28:34,626] {dag.py:2306} INFO - Setting next_dagrun for example_short_circuit_operator to 2021-07-16 00:00:00+00:00
[2021-07-18 16:28:34,647] {scheduler_job.py:189} INFO - Processing /home/julio/anaconda3/lib/python3.8/site-packages/airflow/example_dags/example_short_circuit_operator.py took 0.068 seconds
[2021-07-18 16:29:11,109] {scheduler_job.py:181} INFO - Started process (PID=14582) to work on /home/julio/anaconda3/lib/python3.8/site-packages/airflow/example_dags/example_short_circuit_operator.py
[2021-07-18 16:29:11,113] {scheduler_job.py:632} INFO - Processing file /home/julio/anaconda3/lib/python3.8/site-packages/airflow/example_dags/example_short_circuit_operator.py for tasks to queue
[2021-07-18 16:29:11,113] {logging_mixin.py:104} INFO - [2021-07-18 16:29:11,113] {dagbag.py:496} INFO - Filling up the DagBag from /home/julio/anaconda3/lib/python3.8/site-packages/airflow/example_dags/example_short_circuit_operator.py
[2021-07-18 16:29:11,126] {scheduler_job.py:642} INFO - DAG(s) dict_keys(['example_short_circuit_operator']) retrieved from /home/julio/anaconda3/lib/python3.8/site-packages/airflow/example_dags/example_short_circuit_operator.py
[2021-07-18 16:29:11,153] {logging_mixin.py:104} INFO - [2021-07-18 16:29:11,153] {dag.py:1833} INFO - Sync 1 DAGs
[2021-07-18 16:29:11,162] {logging_mixin.py:104} INFO - [2021-07-18 16:29:11,162] {dag.py:2306} INFO - Setting next_dagrun for example_short_circuit_operator to 2021-07-16 00:00:00+00:00
[2021-07-18 16:29:11,194] {scheduler_job.py:189} INFO - Processing /home/julio/anaconda3/lib/python3.8/site-packages/airflow/example_dags/example_short_circuit_operator.py took 0.093 seconds
[2021-07-18 16:30:01,038] {scheduler_job.py:181} INFO - Started process (PID=14748) to work on /home/julio/anaconda3/lib/python3.8/site-packages/airflow/example_dags/example_short_circuit_operator.py
[2021-07-18 16:30:01,043] {scheduler_job.py:632} INFO - Processing file /home/julio/anaconda3/lib/python3.8/site-packages/airflow/example_dags/example_short_circuit_operator.py for tasks to queue
[2021-07-18 16:30:01,043] {logging_mixin.py:104} INFO - [2021-07-18 16:30:01,043] {dagbag.py:496} INFO - Filling up the DagBag from /home/julio/anaconda3/lib/python3.8/site-packages/airflow/example_dags/example_short_circuit_operator.py
[2021-07-18 16:30:01,054] {scheduler_job.py:642} INFO - DAG(s) dict_keys(['example_short_circuit_operator']) retrieved from /home/julio/anaconda3/lib/python3.8/site-packages/airflow/example_dags/example_short_circuit_operator.py
[2021-07-18 16:30:01,077] {logging_mixin.py:104} INFO - [2021-07-18 16:30:01,077] {dag.py:1833} INFO - Sync 1 DAGs
[2021-07-18 16:30:01,092] {logging_mixin.py:104} INFO - [2021-07-18 16:30:01,092] {dag.py:2306} INFO - Setting next_dagrun for example_short_circuit_operator to 2021-07-16 00:00:00+00:00
[2021-07-18 16:30:01,116] {scheduler_job.py:189} INFO - Processing /home/julio/anaconda3/lib/python3.8/site-packages/airflow/example_dags/example_short_circuit_operator.py took 0.081 seconds
[2021-07-18 16:32:01,913] {scheduler_job.py:181} INFO - Started process (PID=15027) to work on /home/julio/anaconda3/lib/python3.8/site-packages/airflow/example_dags/example_short_circuit_operator.py
[2021-07-18 16:32:01,919] {scheduler_job.py:632} INFO - Processing file /home/julio/anaconda3/lib/python3.8/site-packages/airflow/example_dags/example_short_circuit_operator.py for tasks to queue
[2021-07-18 16:32:01,920] {logging_mixin.py:104} INFO - [2021-07-18 16:32:01,920] {dagbag.py:496} INFO - Filling up the DagBag from /home/julio/anaconda3/lib/python3.8/site-packages/airflow/example_dags/example_short_circuit_operator.py
[2021-07-18 16:32:01,941] {scheduler_job.py:642} INFO - DAG(s) dict_keys(['example_short_circuit_operator']) retrieved from /home/julio/anaconda3/lib/python3.8/site-packages/airflow/example_dags/example_short_circuit_operator.py
[2021-07-18 16:32:01,962] {logging_mixin.py:104} INFO - [2021-07-18 16:32:01,962] {dag.py:1833} INFO - Sync 1 DAGs
[2021-07-18 16:32:01,975] {logging_mixin.py:104} INFO - [2021-07-18 16:32:01,975] {dag.py:2306} INFO - Setting next_dagrun for example_short_circuit_operator to 2021-07-16 00:00:00+00:00
[2021-07-18 16:32:01,996] {scheduler_job.py:189} INFO - Processing /home/julio/anaconda3/lib/python3.8/site-packages/airflow/example_dags/example_short_circuit_operator.py took 0.090 seconds
[2021-07-18 16:32:35,881] {scheduler_job.py:181} INFO - Started process (PID=15118) to work on /home/julio/anaconda3/lib/python3.8/site-packages/airflow/example_dags/example_short_circuit_operator.py
[2021-07-18 16:32:35,882] {scheduler_job.py:632} INFO - Processing file /home/julio/anaconda3/lib/python3.8/site-packages/airflow/example_dags/example_short_circuit_operator.py for tasks to queue
[2021-07-18 16:32:35,883] {logging_mixin.py:104} INFO - [2021-07-18 16:32:35,882] {dagbag.py:496} INFO - Filling up the DagBag from /home/julio/anaconda3/lib/python3.8/site-packages/airflow/example_dags/example_short_circuit_operator.py
[2021-07-18 16:32:35,892] {scheduler_job.py:642} INFO - DAG(s) dict_keys(['example_short_circuit_operator']) retrieved from /home/julio/anaconda3/lib/python3.8/site-packages/airflow/example_dags/example_short_circuit_operator.py
[2021-07-18 16:32:35,905] {logging_mixin.py:104} INFO - [2021-07-18 16:32:35,905] {dag.py:1833} INFO - Sync 1 DAGs
[2021-07-18 16:32:35,914] {logging_mixin.py:104} INFO - [2021-07-18 16:32:35,914] {dag.py:2306} INFO - Setting next_dagrun for example_short_circuit_operator to 2021-07-16 00:00:00+00:00
[2021-07-18 16:32:35,937] {scheduler_job.py:189} INFO - Processing /home/julio/anaconda3/lib/python3.8/site-packages/airflow/example_dags/example_short_circuit_operator.py took 0.058 seconds
[2021-07-18 16:33:15,439] {scheduler_job.py:181} INFO - Started process (PID=15214) to work on /home/julio/anaconda3/lib/python3.8/site-packages/airflow/example_dags/example_short_circuit_operator.py
[2021-07-18 16:33:15,445] {scheduler_job.py:632} INFO - Processing file /home/julio/anaconda3/lib/python3.8/site-packages/airflow/example_dags/example_short_circuit_operator.py for tasks to queue
[2021-07-18 16:33:15,446] {logging_mixin.py:104} INFO - [2021-07-18 16:33:15,446] {dagbag.py:496} INFO - Filling up the DagBag from /home/julio/anaconda3/lib/python3.8/site-packages/airflow/example_dags/example_short_circuit_operator.py
[2021-07-18 16:33:15,455] {scheduler_job.py:642} INFO - DAG(s) dict_keys(['example_short_circuit_operator']) retrieved from /home/julio/anaconda3/lib/python3.8/site-packages/airflow/example_dags/example_short_circuit_operator.py
[2021-07-18 16:33:15,467] {logging_mixin.py:104} INFO - [2021-07-18 16:33:15,467] {dag.py:1833} INFO - Sync 1 DAGs
[2021-07-18 16:33:15,477] {logging_mixin.py:104} INFO - [2021-07-18 16:33:15,477] {dag.py:2306} INFO - Setting next_dagrun for example_short_circuit_operator to 2021-07-16 00:00:00+00:00
[2021-07-18 16:33:15,498] {scheduler_job.py:189} INFO - Processing /home/julio/anaconda3/lib/python3.8/site-packages/airflow/example_dags/example_short_circuit_operator.py took 0.065 seconds
[2021-07-18 16:33:48,878] {scheduler_job.py:181} INFO - Started process (PID=15291) to work on /home/julio/anaconda3/lib/python3.8/site-packages/airflow/example_dags/example_short_circuit_operator.py
[2021-07-18 16:33:48,881] {scheduler_job.py:632} INFO - Processing file /home/julio/anaconda3/lib/python3.8/site-packages/airflow/example_dags/example_short_circuit_operator.py for tasks to queue
[2021-07-18 16:33:48,881] {logging_mixin.py:104} INFO - [2021-07-18 16:33:48,881] {dagbag.py:496} INFO - Filling up the DagBag from /home/julio/anaconda3/lib/python3.8/site-packages/airflow/example_dags/example_short_circuit_operator.py
[2021-07-18 16:33:48,889] {scheduler_job.py:642} INFO - DAG(s) dict_keys(['example_short_circuit_operator']) retrieved from /home/julio/anaconda3/lib/python3.8/site-packages/airflow/example_dags/example_short_circuit_operator.py
[2021-07-18 16:33:48,900] {logging_mixin.py:104} INFO - [2021-07-18 16:33:48,900] {dag.py:1833} INFO - Sync 1 DAGs
[2021-07-18 16:33:48,910] {logging_mixin.py:104} INFO - [2021-07-18 16:33:48,910] {dag.py:2306} INFO - Setting next_dagrun for example_short_circuit_operator to 2021-07-16 00:00:00+00:00
[2021-07-18 16:33:48,927] {scheduler_job.py:189} INFO - Processing /home/julio/anaconda3/lib/python3.8/site-packages/airflow/example_dags/example_short_circuit_operator.py took 0.052 seconds
[2021-07-18 16:34:21,763] {scheduler_job.py:181} INFO - Started process (PID=15349) to work on /home/julio/anaconda3/lib/python3.8/site-packages/airflow/example_dags/example_short_circuit_operator.py
[2021-07-18 16:34:21,764] {scheduler_job.py:632} INFO - Processing file /home/julio/anaconda3/lib/python3.8/site-packages/airflow/example_dags/example_short_circuit_operator.py for tasks to queue
[2021-07-18 16:34:21,765] {logging_mixin.py:104} INFO - [2021-07-18 16:34:21,765] {dagbag.py:496} INFO - Filling up the DagBag from /home/julio/anaconda3/lib/python3.8/site-packages/airflow/example_dags/example_short_circuit_operator.py
[2021-07-18 16:34:21,779] {scheduler_job.py:642} INFO - DAG(s) dict_keys(['example_short_circuit_operator']) retrieved from /home/julio/anaconda3/lib/python3.8/site-packages/airflow/example_dags/example_short_circuit_operator.py
[2021-07-18 16:34:21,789] {logging_mixin.py:104} INFO - [2021-07-18 16:34:21,789] {dag.py:1833} INFO - Sync 1 DAGs
[2021-07-18 16:34:21,808] {logging_mixin.py:104} INFO - [2021-07-18 16:34:21,808] {dag.py:2306} INFO - Setting next_dagrun for example_short_circuit_operator to 2021-07-16 00:00:00+00:00
[2021-07-18 16:34:21,828] {scheduler_job.py:189} INFO - Processing /home/julio/anaconda3/lib/python3.8/site-packages/airflow/example_dags/example_short_circuit_operator.py took 0.067 seconds
[2021-07-18 16:35:00,390] {scheduler_job.py:181} INFO - Started process (PID=15415) to work on /home/julio/anaconda3/lib/python3.8/site-packages/airflow/example_dags/example_short_circuit_operator.py
[2021-07-18 16:35:00,392] {scheduler_job.py:632} INFO - Processing file /home/julio/anaconda3/lib/python3.8/site-packages/airflow/example_dags/example_short_circuit_operator.py for tasks to queue
[2021-07-18 16:35:00,393] {logging_mixin.py:104} INFO - [2021-07-18 16:35:00,392] {dagbag.py:496} INFO - Filling up the DagBag from /home/julio/anaconda3/lib/python3.8/site-packages/airflow/example_dags/example_short_circuit_operator.py
[2021-07-18 16:35:00,406] {scheduler_job.py:642} INFO - DAG(s) dict_keys(['example_short_circuit_operator']) retrieved from /home/julio/anaconda3/lib/python3.8/site-packages/airflow/example_dags/example_short_circuit_operator.py
[2021-07-18 16:35:00,417] {logging_mixin.py:104} INFO - [2021-07-18 16:35:00,417] {dag.py:1833} INFO - Sync 1 DAGs
[2021-07-18 16:35:00,426] {logging_mixin.py:104} INFO - [2021-07-18 16:35:00,426] {dag.py:2306} INFO - Setting next_dagrun for example_short_circuit_operator to 2021-07-16 00:00:00+00:00
[2021-07-18 16:35:00,450] {scheduler_job.py:189} INFO - Processing /home/julio/anaconda3/lib/python3.8/site-packages/airflow/example_dags/example_short_circuit_operator.py took 0.063 seconds
[2021-07-18 16:35:34,285] {scheduler_job.py:181} INFO - Started process (PID=15480) to work on /home/julio/anaconda3/lib/python3.8/site-packages/airflow/example_dags/example_short_circuit_operator.py
[2021-07-18 16:35:34,286] {scheduler_job.py:632} INFO - Processing file /home/julio/anaconda3/lib/python3.8/site-packages/airflow/example_dags/example_short_circuit_operator.py for tasks to queue
[2021-07-18 16:35:34,286] {logging_mixin.py:104} INFO - [2021-07-18 16:35:34,286] {dagbag.py:496} INFO - Filling up the DagBag from /home/julio/anaconda3/lib/python3.8/site-packages/airflow/example_dags/example_short_circuit_operator.py
[2021-07-18 16:35:34,299] {scheduler_job.py:642} INFO - DAG(s) dict_keys(['example_short_circuit_operator']) retrieved from /home/julio/anaconda3/lib/python3.8/site-packages/airflow/example_dags/example_short_circuit_operator.py
[2021-07-18 16:35:34,313] {logging_mixin.py:104} INFO - [2021-07-18 16:35:34,313] {dag.py:1833} INFO - Sync 1 DAGs
[2021-07-18 16:35:34,324] {logging_mixin.py:104} INFO - [2021-07-18 16:35:34,324] {dag.py:2306} INFO - Setting next_dagrun for example_short_circuit_operator to 2021-07-16 00:00:00+00:00
[2021-07-18 16:35:34,353] {scheduler_job.py:189} INFO - Processing /home/julio/anaconda3/lib/python3.8/site-packages/airflow/example_dags/example_short_circuit_operator.py took 0.071 seconds
[2021-07-18 16:36:09,019] {scheduler_job.py:181} INFO - Started process (PID=15541) to work on /home/julio/anaconda3/lib/python3.8/site-packages/airflow/example_dags/example_short_circuit_operator.py
[2021-07-18 16:36:09,022] {scheduler_job.py:632} INFO - Processing file /home/julio/anaconda3/lib/python3.8/site-packages/airflow/example_dags/example_short_circuit_operator.py for tasks to queue
[2021-07-18 16:36:09,025] {logging_mixin.py:104} INFO - [2021-07-18 16:36:09,025] {dagbag.py:496} INFO - Filling up the DagBag from /home/julio/anaconda3/lib/python3.8/site-packages/airflow/example_dags/example_short_circuit_operator.py
[2021-07-18 16:36:09,039] {scheduler_job.py:642} INFO - DAG(s) dict_keys(['example_short_circuit_operator']) retrieved from /home/julio/anaconda3/lib/python3.8/site-packages/airflow/example_dags/example_short_circuit_operator.py
[2021-07-18 16:36:09,065] {logging_mixin.py:104} INFO - [2021-07-18 16:36:09,065] {dag.py:1833} INFO - Sync 1 DAGs
[2021-07-18 16:36:09,096] {logging_mixin.py:104} INFO - [2021-07-18 16:36:09,096] {dag.py:2306} INFO - Setting next_dagrun for example_short_circuit_operator to 2021-07-16 00:00:00+00:00
[2021-07-18 16:36:09,149] {scheduler_job.py:189} INFO - Processing /home/julio/anaconda3/lib/python3.8/site-packages/airflow/example_dags/example_short_circuit_operator.py took 0.134 seconds
[2021-07-18 16:36:46,472] {scheduler_job.py:181} INFO - Started process (PID=15608) to work on /home/julio/anaconda3/lib/python3.8/site-packages/airflow/example_dags/example_short_circuit_operator.py
[2021-07-18 16:36:46,472] {scheduler_job.py:632} INFO - Processing file /home/julio/anaconda3/lib/python3.8/site-packages/airflow/example_dags/example_short_circuit_operator.py for tasks to queue
[2021-07-18 16:36:46,473] {logging_mixin.py:104} INFO - [2021-07-18 16:36:46,473] {dagbag.py:496} INFO - Filling up the DagBag from /home/julio/anaconda3/lib/python3.8/site-packages/airflow/example_dags/example_short_circuit_operator.py
[2021-07-18 16:36:46,482] {scheduler_job.py:642} INFO - DAG(s) dict_keys(['example_short_circuit_operator']) retrieved from /home/julio/anaconda3/lib/python3.8/site-packages/airflow/example_dags/example_short_circuit_operator.py
[2021-07-18 16:36:46,493] {logging_mixin.py:104} INFO - [2021-07-18 16:36:46,493] {dag.py:1833} INFO - Sync 1 DAGs
[2021-07-18 16:36:46,502] {logging_mixin.py:104} INFO - [2021-07-18 16:36:46,502] {dag.py:2306} INFO - Setting next_dagrun for example_short_circuit_operator to 2021-07-16 00:00:00+00:00
[2021-07-18 16:36:46,524] {scheduler_job.py:189} INFO - Processing /home/julio/anaconda3/lib/python3.8/site-packages/airflow/example_dags/example_short_circuit_operator.py took 0.055 seconds
[2021-07-18 16:37:23,073] {scheduler_job.py:181} INFO - Started process (PID=15674) to work on /home/julio/anaconda3/lib/python3.8/site-packages/airflow/example_dags/example_short_circuit_operator.py
[2021-07-18 16:37:23,078] {scheduler_job.py:632} INFO - Processing file /home/julio/anaconda3/lib/python3.8/site-packages/airflow/example_dags/example_short_circuit_operator.py for tasks to queue
[2021-07-18 16:37:23,081] {logging_mixin.py:104} INFO - [2021-07-18 16:37:23,081] {dagbag.py:496} INFO - Filling up the DagBag from /home/julio/anaconda3/lib/python3.8/site-packages/airflow/example_dags/example_short_circuit_operator.py
[2021-07-18 16:37:23,091] {scheduler_job.py:642} INFO - DAG(s) dict_keys(['example_short_circuit_operator']) retrieved from /home/julio/anaconda3/lib/python3.8/site-packages/airflow/example_dags/example_short_circuit_operator.py
[2021-07-18 16:37:23,100] {logging_mixin.py:104} INFO - [2021-07-18 16:37:23,100] {dag.py:1833} INFO - Sync 1 DAGs
[2021-07-18 16:37:23,107] {logging_mixin.py:104} INFO - [2021-07-18 16:37:23,107] {dag.py:2306} INFO - Setting next_dagrun for example_short_circuit_operator to 2021-07-16 00:00:00+00:00
[2021-07-18 16:37:23,132] {scheduler_job.py:189} INFO - Processing /home/julio/anaconda3/lib/python3.8/site-packages/airflow/example_dags/example_short_circuit_operator.py took 0.062 seconds
[2021-07-18 16:38:01,938] {scheduler_job.py:181} INFO - Started process (PID=15762) to work on /home/julio/anaconda3/lib/python3.8/site-packages/airflow/example_dags/example_short_circuit_operator.py
[2021-07-18 16:38:01,942] {scheduler_job.py:632} INFO - Processing file /home/julio/anaconda3/lib/python3.8/site-packages/airflow/example_dags/example_short_circuit_operator.py for tasks to queue
[2021-07-18 16:38:01,946] {logging_mixin.py:104} INFO - [2021-07-18 16:38:01,946] {dagbag.py:496} INFO - Filling up the DagBag from /home/julio/anaconda3/lib/python3.8/site-packages/airflow/example_dags/example_short_circuit_operator.py
[2021-07-18 16:38:01,956] {scheduler_job.py:642} INFO - DAG(s) dict_keys(['example_short_circuit_operator']) retrieved from /home/julio/anaconda3/lib/python3.8/site-packages/airflow/example_dags/example_short_circuit_operator.py
[2021-07-18 16:38:01,967] {logging_mixin.py:104} INFO - [2021-07-18 16:38:01,966] {dag.py:1833} INFO - Sync 1 DAGs
[2021-07-18 16:38:01,975] {logging_mixin.py:104} INFO - [2021-07-18 16:38:01,974] {dag.py:2306} INFO - Setting next_dagrun for example_short_circuit_operator to 2021-07-16 00:00:00+00:00
[2021-07-18 16:38:01,994] {scheduler_job.py:189} INFO - Processing /home/julio/anaconda3/lib/python3.8/site-packages/airflow/example_dags/example_short_circuit_operator.py took 0.061 seconds
[2021-07-18 16:38:39,406] {scheduler_job.py:181} INFO - Started process (PID=15832) to work on /home/julio/anaconda3/lib/python3.8/site-packages/airflow/example_dags/example_short_circuit_operator.py
[2021-07-18 16:38:39,408] {scheduler_job.py:632} INFO - Processing file /home/julio/anaconda3/lib/python3.8/site-packages/airflow/example_dags/example_short_circuit_operator.py for tasks to queue
[2021-07-18 16:38:39,408] {logging_mixin.py:104} INFO - [2021-07-18 16:38:39,408] {dagbag.py:496} INFO - Filling up the DagBag from /home/julio/anaconda3/lib/python3.8/site-packages/airflow/example_dags/example_short_circuit_operator.py
[2021-07-18 16:38:39,418] {scheduler_job.py:642} INFO - DAG(s) dict_keys(['example_short_circuit_operator']) retrieved from /home/julio/anaconda3/lib/python3.8/site-packages/airflow/example_dags/example_short_circuit_operator.py
[2021-07-18 16:38:39,431] {logging_mixin.py:104} INFO - [2021-07-18 16:38:39,431] {dag.py:1833} INFO - Sync 1 DAGs
[2021-07-18 16:38:39,442] {logging_mixin.py:104} INFO - [2021-07-18 16:38:39,442] {dag.py:2306} INFO - Setting next_dagrun for example_short_circuit_operator to 2021-07-16 00:00:00+00:00
[2021-07-18 16:38:39,456] {scheduler_job.py:189} INFO - Processing /home/julio/anaconda3/lib/python3.8/site-packages/airflow/example_dags/example_short_circuit_operator.py took 0.052 seconds
[2021-07-18 16:41:15,217] {scheduler_job.py:181} INFO - Started process (PID=16000) to work on /home/julio/anaconda3/lib/python3.8/site-packages/airflow/example_dags/example_short_circuit_operator.py
[2021-07-18 16:41:15,225] {scheduler_job.py:632} INFO - Processing file /home/julio/anaconda3/lib/python3.8/site-packages/airflow/example_dags/example_short_circuit_operator.py for tasks to queue
[2021-07-18 16:41:15,225] {logging_mixin.py:104} INFO - [2021-07-18 16:41:15,225] {dagbag.py:496} INFO - Filling up the DagBag from /home/julio/anaconda3/lib/python3.8/site-packages/airflow/example_dags/example_short_circuit_operator.py
[2021-07-18 16:41:15,231] {scheduler_job.py:642} INFO - DAG(s) dict_keys(['example_short_circuit_operator']) retrieved from /home/julio/anaconda3/lib/python3.8/site-packages/airflow/example_dags/example_short_circuit_operator.py
[2021-07-18 16:41:15,244] {logging_mixin.py:104} INFO - [2021-07-18 16:41:15,244] {dag.py:1833} INFO - Sync 1 DAGs
[2021-07-18 16:41:15,254] {logging_mixin.py:104} INFO - [2021-07-18 16:41:15,254] {dag.py:2306} INFO - Setting next_dagrun for example_short_circuit_operator to 2021-07-16 00:00:00+00:00
[2021-07-18 16:41:15,275] {scheduler_job.py:189} INFO - Processing /home/julio/anaconda3/lib/python3.8/site-packages/airflow/example_dags/example_short_circuit_operator.py took 0.061 seconds
[2021-07-18 16:41:49,452] {scheduler_job.py:181} INFO - Started process (PID=16087) to work on /home/julio/anaconda3/lib/python3.8/site-packages/airflow/example_dags/example_short_circuit_operator.py
[2021-07-18 16:41:49,464] {scheduler_job.py:632} INFO - Processing file /home/julio/anaconda3/lib/python3.8/site-packages/airflow/example_dags/example_short_circuit_operator.py for tasks to queue
[2021-07-18 16:41:49,466] {logging_mixin.py:104} INFO - [2021-07-18 16:41:49,466] {dagbag.py:496} INFO - Filling up the DagBag from /home/julio/anaconda3/lib/python3.8/site-packages/airflow/example_dags/example_short_circuit_operator.py
[2021-07-18 16:41:49,482] {scheduler_job.py:642} INFO - DAG(s) dict_keys(['example_short_circuit_operator']) retrieved from /home/julio/anaconda3/lib/python3.8/site-packages/airflow/example_dags/example_short_circuit_operator.py
[2021-07-18 16:41:49,499] {logging_mixin.py:104} INFO - [2021-07-18 16:41:49,499] {dag.py:1833} INFO - Sync 1 DAGs
[2021-07-18 16:41:49,510] {logging_mixin.py:104} INFO - [2021-07-18 16:41:49,510] {dag.py:2306} INFO - Setting next_dagrun for example_short_circuit_operator to 2021-07-16 00:00:00+00:00
[2021-07-18 16:41:49,528] {scheduler_job.py:189} INFO - Processing /home/julio/anaconda3/lib/python3.8/site-packages/airflow/example_dags/example_short_circuit_operator.py took 0.080 seconds
[2021-07-18 16:42:24,260] {scheduler_job.py:181} INFO - Started process (PID=16169) to work on /home/julio/anaconda3/lib/python3.8/site-packages/airflow/example_dags/example_short_circuit_operator.py
[2021-07-18 16:42:24,265] {scheduler_job.py:632} INFO - Processing file /home/julio/anaconda3/lib/python3.8/site-packages/airflow/example_dags/example_short_circuit_operator.py for tasks to queue
[2021-07-18 16:42:24,268] {logging_mixin.py:104} INFO - [2021-07-18 16:42:24,268] {dagbag.py:496} INFO - Filling up the DagBag from /home/julio/anaconda3/lib/python3.8/site-packages/airflow/example_dags/example_short_circuit_operator.py
[2021-07-18 16:42:24,277] {scheduler_job.py:642} INFO - DAG(s) dict_keys(['example_short_circuit_operator']) retrieved from /home/julio/anaconda3/lib/python3.8/site-packages/airflow/example_dags/example_short_circuit_operator.py
[2021-07-18 16:42:24,293] {logging_mixin.py:104} INFO - [2021-07-18 16:42:24,293] {dag.py:1833} INFO - Sync 1 DAGs
[2021-07-18 16:42:24,307] {logging_mixin.py:104} INFO - [2021-07-18 16:42:24,307] {dag.py:2306} INFO - Setting next_dagrun for example_short_circuit_operator to 2021-07-16 00:00:00+00:00
[2021-07-18 16:42:24,325] {scheduler_job.py:189} INFO - Processing /home/julio/anaconda3/lib/python3.8/site-packages/airflow/example_dags/example_short_circuit_operator.py took 0.068 seconds
