[2021-07-18 15:56:23,884] {scheduler_job.py:181} INFO - Started process (PID=11745) to work on /home/julio/anaconda3/lib/python3.8/site-packages/airflow/example_dags/example_branch_labels.py
[2021-07-18 15:56:23,885] {scheduler_job.py:632} INFO - Processing file /home/julio/anaconda3/lib/python3.8/site-packages/airflow/example_dags/example_branch_labels.py for tasks to queue
[2021-07-18 15:56:23,885] {logging_mixin.py:104} INFO - [2021-07-18 15:56:23,885] {dagbag.py:496} INFO - Filling up the DagBag from /home/julio/anaconda3/lib/python3.8/site-packages/airflow/example_dags/example_branch_labels.py
[2021-07-18 15:56:23,896] {scheduler_job.py:642} INFO - DAG(s) dict_keys(['example_branch_labels']) retrieved from /home/julio/anaconda3/lib/python3.8/site-packages/airflow/example_dags/example_branch_labels.py
[2021-07-18 15:56:23,907] {logging_mixin.py:104} INFO - [2021-07-18 15:56:23,906] {dag.py:1833} INFO - Sync 1 DAGs
[2021-07-18 15:56:23,916] {logging_mixin.py:104} INFO - [2021-07-18 15:56:23,916] {dag.py:2306} INFO - Setting next_dagrun for example_branch_labels to 2021-07-16 00:00:00+00:00
[2021-07-18 15:56:23,930] {scheduler_job.py:189} INFO - Processing /home/julio/anaconda3/lib/python3.8/site-packages/airflow/example_dags/example_branch_labels.py took 0.048 seconds
[2021-07-18 15:56:55,182] {scheduler_job.py:181} INFO - Started process (PID=11778) to work on /home/julio/anaconda3/lib/python3.8/site-packages/airflow/example_dags/example_branch_labels.py
[2021-07-18 15:56:55,184] {scheduler_job.py:632} INFO - Processing file /home/julio/anaconda3/lib/python3.8/site-packages/airflow/example_dags/example_branch_labels.py for tasks to queue
[2021-07-18 15:56:55,185] {logging_mixin.py:104} INFO - [2021-07-18 15:56:55,185] {dagbag.py:496} INFO - Filling up the DagBag from /home/julio/anaconda3/lib/python3.8/site-packages/airflow/example_dags/example_branch_labels.py
[2021-07-18 15:56:55,195] {scheduler_job.py:642} INFO - DAG(s) dict_keys(['example_branch_labels']) retrieved from /home/julio/anaconda3/lib/python3.8/site-packages/airflow/example_dags/example_branch_labels.py
[2021-07-18 15:56:55,206] {logging_mixin.py:104} INFO - [2021-07-18 15:56:55,206] {dag.py:1833} INFO - Sync 1 DAGs
[2021-07-18 15:56:55,216] {logging_mixin.py:104} INFO - [2021-07-18 15:56:55,216] {dag.py:2306} INFO - Setting next_dagrun for example_branch_labels to 2021-07-16 00:00:00+00:00
[2021-07-18 15:56:55,231] {scheduler_job.py:189} INFO - Processing /home/julio/anaconda3/lib/python3.8/site-packages/airflow/example_dags/example_branch_labels.py took 0.052 seconds
[2021-07-18 15:57:26,963] {scheduler_job.py:181} INFO - Started process (PID=11817) to work on /home/julio/anaconda3/lib/python3.8/site-packages/airflow/example_dags/example_branch_labels.py
[2021-07-18 15:57:26,965] {scheduler_job.py:632} INFO - Processing file /home/julio/anaconda3/lib/python3.8/site-packages/airflow/example_dags/example_branch_labels.py for tasks to queue
[2021-07-18 15:57:26,965] {logging_mixin.py:104} INFO - [2021-07-18 15:57:26,965] {dagbag.py:496} INFO - Filling up the DagBag from /home/julio/anaconda3/lib/python3.8/site-packages/airflow/example_dags/example_branch_labels.py
[2021-07-18 15:57:26,976] {scheduler_job.py:642} INFO - DAG(s) dict_keys(['example_branch_labels']) retrieved from /home/julio/anaconda3/lib/python3.8/site-packages/airflow/example_dags/example_branch_labels.py
[2021-07-18 15:57:26,986] {logging_mixin.py:104} INFO - [2021-07-18 15:57:26,986] {dag.py:1833} INFO - Sync 1 DAGs
[2021-07-18 15:57:26,996] {logging_mixin.py:104} INFO - [2021-07-18 15:57:26,996] {dag.py:2306} INFO - Setting next_dagrun for example_branch_labels to 2021-07-16 00:00:00+00:00
[2021-07-18 15:57:27,010] {scheduler_job.py:189} INFO - Processing /home/julio/anaconda3/lib/python3.8/site-packages/airflow/example_dags/example_branch_labels.py took 0.050 seconds
[2021-07-18 15:57:59,390] {scheduler_job.py:181} INFO - Started process (PID=11850) to work on /home/julio/anaconda3/lib/python3.8/site-packages/airflow/example_dags/example_branch_labels.py
[2021-07-18 15:57:59,392] {scheduler_job.py:632} INFO - Processing file /home/julio/anaconda3/lib/python3.8/site-packages/airflow/example_dags/example_branch_labels.py for tasks to queue
[2021-07-18 15:57:59,392] {logging_mixin.py:104} INFO - [2021-07-18 15:57:59,392] {dagbag.py:496} INFO - Filling up the DagBag from /home/julio/anaconda3/lib/python3.8/site-packages/airflow/example_dags/example_branch_labels.py
[2021-07-18 15:57:59,405] {scheduler_job.py:642} INFO - DAG(s) dict_keys(['example_branch_labels']) retrieved from /home/julio/anaconda3/lib/python3.8/site-packages/airflow/example_dags/example_branch_labels.py
[2021-07-18 15:57:59,419] {logging_mixin.py:104} INFO - [2021-07-18 15:57:59,418] {dag.py:1833} INFO - Sync 1 DAGs
[2021-07-18 15:57:59,431] {logging_mixin.py:104} INFO - [2021-07-18 15:57:59,431] {dag.py:2306} INFO - Setting next_dagrun for example_branch_labels to 2021-07-16 00:00:00+00:00
[2021-07-18 15:57:59,446] {scheduler_job.py:189} INFO - Processing /home/julio/anaconda3/lib/python3.8/site-packages/airflow/example_dags/example_branch_labels.py took 0.060 seconds
[2021-07-18 15:58:31,956] {scheduler_job.py:181} INFO - Started process (PID=11885) to work on /home/julio/anaconda3/lib/python3.8/site-packages/airflow/example_dags/example_branch_labels.py
[2021-07-18 15:58:31,958] {scheduler_job.py:632} INFO - Processing file /home/julio/anaconda3/lib/python3.8/site-packages/airflow/example_dags/example_branch_labels.py for tasks to queue
[2021-07-18 15:58:31,959] {logging_mixin.py:104} INFO - [2021-07-18 15:58:31,959] {dagbag.py:496} INFO - Filling up the DagBag from /home/julio/anaconda3/lib/python3.8/site-packages/airflow/example_dags/example_branch_labels.py
[2021-07-18 15:58:31,970] {scheduler_job.py:642} INFO - DAG(s) dict_keys(['example_branch_labels']) retrieved from /home/julio/anaconda3/lib/python3.8/site-packages/airflow/example_dags/example_branch_labels.py
[2021-07-18 15:58:31,986] {logging_mixin.py:104} INFO - [2021-07-18 15:58:31,986] {dag.py:1833} INFO - Sync 1 DAGs
[2021-07-18 15:58:32,002] {logging_mixin.py:104} INFO - [2021-07-18 15:58:32,002] {dag.py:2306} INFO - Setting next_dagrun for example_branch_labels to 2021-07-16 00:00:00+00:00
[2021-07-18 15:58:32,022] {scheduler_job.py:189} INFO - Processing /home/julio/anaconda3/lib/python3.8/site-packages/airflow/example_dags/example_branch_labels.py took 0.071 seconds
[2021-07-18 16:23:35,374] {scheduler_job.py:181} INFO - Started process (PID=13601) to work on /home/julio/anaconda3/lib/python3.8/site-packages/airflow/example_dags/example_branch_labels.py
[2021-07-18 16:23:35,376] {scheduler_job.py:632} INFO - Processing file /home/julio/anaconda3/lib/python3.8/site-packages/airflow/example_dags/example_branch_labels.py for tasks to queue
[2021-07-18 16:23:35,377] {logging_mixin.py:104} INFO - [2021-07-18 16:23:35,376] {dagbag.py:496} INFO - Filling up the DagBag from /home/julio/anaconda3/lib/python3.8/site-packages/airflow/example_dags/example_branch_labels.py
[2021-07-18 16:23:35,385] {scheduler_job.py:642} INFO - DAG(s) dict_keys(['example_branch_labels']) retrieved from /home/julio/anaconda3/lib/python3.8/site-packages/airflow/example_dags/example_branch_labels.py
[2021-07-18 16:23:35,402] {logging_mixin.py:104} INFO - [2021-07-18 16:23:35,402] {dag.py:1833} INFO - Sync 1 DAGs
[2021-07-18 16:23:35,418] {logging_mixin.py:104} INFO - [2021-07-18 16:23:35,418] {dag.py:2306} INFO - Setting next_dagrun for example_branch_labels to 2021-07-16 00:00:00+00:00
[2021-07-18 16:23:35,440] {scheduler_job.py:189} INFO - Processing /home/julio/anaconda3/lib/python3.8/site-packages/airflow/example_dags/example_branch_labels.py took 0.070 seconds
[2021-07-18 16:24:07,109] {scheduler_job.py:181} INFO - Started process (PID=13657) to work on /home/julio/anaconda3/lib/python3.8/site-packages/airflow/example_dags/example_branch_labels.py
[2021-07-18 16:24:07,110] {scheduler_job.py:632} INFO - Processing file /home/julio/anaconda3/lib/python3.8/site-packages/airflow/example_dags/example_branch_labels.py for tasks to queue
[2021-07-18 16:24:07,110] {logging_mixin.py:104} INFO - [2021-07-18 16:24:07,110] {dagbag.py:496} INFO - Filling up the DagBag from /home/julio/anaconda3/lib/python3.8/site-packages/airflow/example_dags/example_branch_labels.py
[2021-07-18 16:24:07,118] {scheduler_job.py:642} INFO - DAG(s) dict_keys(['example_branch_labels']) retrieved from /home/julio/anaconda3/lib/python3.8/site-packages/airflow/example_dags/example_branch_labels.py
[2021-07-18 16:24:07,127] {logging_mixin.py:104} INFO - [2021-07-18 16:24:07,127] {dag.py:1833} INFO - Sync 1 DAGs
[2021-07-18 16:24:07,136] {logging_mixin.py:104} INFO - [2021-07-18 16:24:07,136] {dag.py:2306} INFO - Setting next_dagrun for example_branch_labels to 2021-07-16 00:00:00+00:00
[2021-07-18 16:24:07,167] {scheduler_job.py:189} INFO - Processing /home/julio/anaconda3/lib/python3.8/site-packages/airflow/example_dags/example_branch_labels.py took 0.060 seconds
[2021-07-18 16:24:40,660] {scheduler_job.py:181} INFO - Started process (PID=13725) to work on /home/julio/anaconda3/lib/python3.8/site-packages/airflow/example_dags/example_branch_labels.py
[2021-07-18 16:24:40,668] {scheduler_job.py:632} INFO - Processing file /home/julio/anaconda3/lib/python3.8/site-packages/airflow/example_dags/example_branch_labels.py for tasks to queue
[2021-07-18 16:24:40,669] {logging_mixin.py:104} INFO - [2021-07-18 16:24:40,669] {dagbag.py:496} INFO - Filling up the DagBag from /home/julio/anaconda3/lib/python3.8/site-packages/airflow/example_dags/example_branch_labels.py
[2021-07-18 16:24:40,677] {scheduler_job.py:642} INFO - DAG(s) dict_keys(['example_branch_labels']) retrieved from /home/julio/anaconda3/lib/python3.8/site-packages/airflow/example_dags/example_branch_labels.py
[2021-07-18 16:24:40,702] {logging_mixin.py:104} INFO - [2021-07-18 16:24:40,702] {dag.py:1833} INFO - Sync 1 DAGs
[2021-07-18 16:24:40,720] {logging_mixin.py:104} INFO - [2021-07-18 16:24:40,720] {dag.py:2306} INFO - Setting next_dagrun for example_branch_labels to 2021-07-16 00:00:00+00:00
[2021-07-18 16:24:40,741] {scheduler_job.py:189} INFO - Processing /home/julio/anaconda3/lib/python3.8/site-packages/airflow/example_dags/example_branch_labels.py took 0.083 seconds
[2021-07-18 16:25:14,761] {scheduler_job.py:181} INFO - Started process (PID=13801) to work on /home/julio/anaconda3/lib/python3.8/site-packages/airflow/example_dags/example_branch_labels.py
[2021-07-18 16:25:14,763] {scheduler_job.py:632} INFO - Processing file /home/julio/anaconda3/lib/python3.8/site-packages/airflow/example_dags/example_branch_labels.py for tasks to queue
[2021-07-18 16:25:14,763] {logging_mixin.py:104} INFO - [2021-07-18 16:25:14,763] {dagbag.py:496} INFO - Filling up the DagBag from /home/julio/anaconda3/lib/python3.8/site-packages/airflow/example_dags/example_branch_labels.py
[2021-07-18 16:25:14,772] {scheduler_job.py:642} INFO - DAG(s) dict_keys(['example_branch_labels']) retrieved from /home/julio/anaconda3/lib/python3.8/site-packages/airflow/example_dags/example_branch_labels.py
[2021-07-18 16:25:14,783] {logging_mixin.py:104} INFO - [2021-07-18 16:25:14,783] {dag.py:1833} INFO - Sync 1 DAGs
[2021-07-18 16:25:14,793] {logging_mixin.py:104} INFO - [2021-07-18 16:25:14,793] {dag.py:2306} INFO - Setting next_dagrun for example_branch_labels to 2021-07-16 00:00:00+00:00
[2021-07-18 16:25:14,807] {scheduler_job.py:189} INFO - Processing /home/julio/anaconda3/lib/python3.8/site-packages/airflow/example_dags/example_branch_labels.py took 0.049 seconds
[2021-07-18 16:25:46,551] {scheduler_job.py:181} INFO - Started process (PID=13863) to work on /home/julio/anaconda3/lib/python3.8/site-packages/airflow/example_dags/example_branch_labels.py
[2021-07-18 16:25:46,566] {scheduler_job.py:632} INFO - Processing file /home/julio/anaconda3/lib/python3.8/site-packages/airflow/example_dags/example_branch_labels.py for tasks to queue
[2021-07-18 16:25:46,567] {logging_mixin.py:104} INFO - [2021-07-18 16:25:46,566] {dagbag.py:496} INFO - Filling up the DagBag from /home/julio/anaconda3/lib/python3.8/site-packages/airflow/example_dags/example_branch_labels.py
[2021-07-18 16:25:46,576] {scheduler_job.py:642} INFO - DAG(s) dict_keys(['example_branch_labels']) retrieved from /home/julio/anaconda3/lib/python3.8/site-packages/airflow/example_dags/example_branch_labels.py
[2021-07-18 16:25:46,593] {logging_mixin.py:104} INFO - [2021-07-18 16:25:46,593] {dag.py:1833} INFO - Sync 1 DAGs
[2021-07-18 16:25:46,607] {logging_mixin.py:104} INFO - [2021-07-18 16:25:46,607] {dag.py:2306} INFO - Setting next_dagrun for example_branch_labels to 2021-07-16 00:00:00+00:00
[2021-07-18 16:25:46,629] {scheduler_job.py:189} INFO - Processing /home/julio/anaconda3/lib/python3.8/site-packages/airflow/example_dags/example_branch_labels.py took 0.080 seconds
[2021-07-18 16:26:57,161] {scheduler_job.py:181} INFO - Started process (PID=14233) to work on /home/julio/anaconda3/lib/python3.8/site-packages/airflow/example_dags/example_branch_labels.py
[2021-07-18 16:26:57,163] {scheduler_job.py:632} INFO - Processing file /home/julio/anaconda3/lib/python3.8/site-packages/airflow/example_dags/example_branch_labels.py for tasks to queue
[2021-07-18 16:26:57,163] {logging_mixin.py:104} INFO - [2021-07-18 16:26:57,163] {dagbag.py:496} INFO - Filling up the DagBag from /home/julio/anaconda3/lib/python3.8/site-packages/airflow/example_dags/example_branch_labels.py
[2021-07-18 16:26:57,178] {scheduler_job.py:642} INFO - DAG(s) dict_keys(['example_branch_labels']) retrieved from /home/julio/anaconda3/lib/python3.8/site-packages/airflow/example_dags/example_branch_labels.py
[2021-07-18 16:26:57,193] {logging_mixin.py:104} INFO - [2021-07-18 16:26:57,193] {dag.py:1833} INFO - Sync 1 DAGs
[2021-07-18 16:26:57,206] {logging_mixin.py:104} INFO - [2021-07-18 16:26:57,206] {dag.py:2306} INFO - Setting next_dagrun for example_branch_labels to 2021-07-16 00:00:00+00:00
[2021-07-18 16:26:57,225] {scheduler_job.py:189} INFO - Processing /home/julio/anaconda3/lib/python3.8/site-packages/airflow/example_dags/example_branch_labels.py took 0.067 seconds
[2021-07-18 16:27:31,164] {scheduler_job.py:181} INFO - Started process (PID=14319) to work on /home/julio/anaconda3/lib/python3.8/site-packages/airflow/example_dags/example_branch_labels.py
[2021-07-18 16:27:31,166] {scheduler_job.py:632} INFO - Processing file /home/julio/anaconda3/lib/python3.8/site-packages/airflow/example_dags/example_branch_labels.py for tasks to queue
[2021-07-18 16:27:31,169] {logging_mixin.py:104} INFO - [2021-07-18 16:27:31,168] {dagbag.py:496} INFO - Filling up the DagBag from /home/julio/anaconda3/lib/python3.8/site-packages/airflow/example_dags/example_branch_labels.py
[2021-07-18 16:27:31,187] {scheduler_job.py:642} INFO - DAG(s) dict_keys(['example_branch_labels']) retrieved from /home/julio/anaconda3/lib/python3.8/site-packages/airflow/example_dags/example_branch_labels.py
[2021-07-18 16:27:31,205] {logging_mixin.py:104} INFO - [2021-07-18 16:27:31,205] {dag.py:1833} INFO - Sync 1 DAGs
[2021-07-18 16:27:31,221] {logging_mixin.py:104} INFO - [2021-07-18 16:27:31,221] {dag.py:2306} INFO - Setting next_dagrun for example_branch_labels to 2021-07-16 00:00:00+00:00
[2021-07-18 16:27:31,245] {scheduler_job.py:189} INFO - Processing /home/julio/anaconda3/lib/python3.8/site-packages/airflow/example_dags/example_branch_labels.py took 0.083 seconds
[2021-07-18 16:28:07,817] {scheduler_job.py:181} INFO - Started process (PID=14423) to work on /home/julio/anaconda3/lib/python3.8/site-packages/airflow/example_dags/example_branch_labels.py
[2021-07-18 16:28:07,821] {scheduler_job.py:632} INFO - Processing file /home/julio/anaconda3/lib/python3.8/site-packages/airflow/example_dags/example_branch_labels.py for tasks to queue
[2021-07-18 16:28:07,822] {logging_mixin.py:104} INFO - [2021-07-18 16:28:07,822] {dagbag.py:496} INFO - Filling up the DagBag from /home/julio/anaconda3/lib/python3.8/site-packages/airflow/example_dags/example_branch_labels.py
[2021-07-18 16:28:07,840] {scheduler_job.py:642} INFO - DAG(s) dict_keys(['example_branch_labels']) retrieved from /home/julio/anaconda3/lib/python3.8/site-packages/airflow/example_dags/example_branch_labels.py
[2021-07-18 16:28:07,858] {logging_mixin.py:104} INFO - [2021-07-18 16:28:07,858] {dag.py:1833} INFO - Sync 1 DAGs
[2021-07-18 16:28:07,876] {logging_mixin.py:104} INFO - [2021-07-18 16:28:07,875] {dag.py:2306} INFO - Setting next_dagrun for example_branch_labels to 2021-07-16 00:00:00+00:00
[2021-07-18 16:28:07,904] {scheduler_job.py:189} INFO - Processing /home/julio/anaconda3/lib/python3.8/site-packages/airflow/example_dags/example_branch_labels.py took 0.089 seconds
[2021-07-18 16:28:42,138] {scheduler_job.py:181} INFO - Started process (PID=14519) to work on /home/julio/anaconda3/lib/python3.8/site-packages/airflow/example_dags/example_branch_labels.py
[2021-07-18 16:28:42,140] {scheduler_job.py:632} INFO - Processing file /home/julio/anaconda3/lib/python3.8/site-packages/airflow/example_dags/example_branch_labels.py for tasks to queue
[2021-07-18 16:28:42,140] {logging_mixin.py:104} INFO - [2021-07-18 16:28:42,140] {dagbag.py:496} INFO - Filling up the DagBag from /home/julio/anaconda3/lib/python3.8/site-packages/airflow/example_dags/example_branch_labels.py
[2021-07-18 16:28:42,158] {scheduler_job.py:642} INFO - DAG(s) dict_keys(['example_branch_labels']) retrieved from /home/julio/anaconda3/lib/python3.8/site-packages/airflow/example_dags/example_branch_labels.py
[2021-07-18 16:28:42,174] {logging_mixin.py:104} INFO - [2021-07-18 16:28:42,173] {dag.py:1833} INFO - Sync 1 DAGs
[2021-07-18 16:28:42,193] {logging_mixin.py:104} INFO - [2021-07-18 16:28:42,193] {dag.py:2306} INFO - Setting next_dagrun for example_branch_labels to 2021-07-16 00:00:00+00:00
[2021-07-18 16:28:42,209] {scheduler_job.py:189} INFO - Processing /home/julio/anaconda3/lib/python3.8/site-packages/airflow/example_dags/example_branch_labels.py took 0.074 seconds
[2021-07-18 16:29:16,519] {scheduler_job.py:181} INFO - Started process (PID=14597) to work on /home/julio/anaconda3/lib/python3.8/site-packages/airflow/example_dags/example_branch_labels.py
[2021-07-18 16:29:16,520] {scheduler_job.py:632} INFO - Processing file /home/julio/anaconda3/lib/python3.8/site-packages/airflow/example_dags/example_branch_labels.py for tasks to queue
[2021-07-18 16:29:16,520] {logging_mixin.py:104} INFO - [2021-07-18 16:29:16,520] {dagbag.py:496} INFO - Filling up the DagBag from /home/julio/anaconda3/lib/python3.8/site-packages/airflow/example_dags/example_branch_labels.py
[2021-07-18 16:29:16,535] {scheduler_job.py:642} INFO - DAG(s) dict_keys(['example_branch_labels']) retrieved from /home/julio/anaconda3/lib/python3.8/site-packages/airflow/example_dags/example_branch_labels.py
[2021-07-18 16:29:16,548] {logging_mixin.py:104} INFO - [2021-07-18 16:29:16,548] {dag.py:1833} INFO - Sync 1 DAGs
[2021-07-18 16:29:16,565] {logging_mixin.py:104} INFO - [2021-07-18 16:29:16,565] {dag.py:2306} INFO - Setting next_dagrun for example_branch_labels to 2021-07-16 00:00:00+00:00
[2021-07-18 16:29:16,582] {scheduler_job.py:189} INFO - Processing /home/julio/anaconda3/lib/python3.8/site-packages/airflow/example_dags/example_branch_labels.py took 0.066 seconds
[2021-07-18 16:30:11,486] {scheduler_job.py:181} INFO - Started process (PID=14778) to work on /home/julio/anaconda3/lib/python3.8/site-packages/airflow/example_dags/example_branch_labels.py
[2021-07-18 16:30:11,489] {scheduler_job.py:632} INFO - Processing file /home/julio/anaconda3/lib/python3.8/site-packages/airflow/example_dags/example_branch_labels.py for tasks to queue
[2021-07-18 16:30:11,490] {logging_mixin.py:104} INFO - [2021-07-18 16:30:11,490] {dagbag.py:496} INFO - Filling up the DagBag from /home/julio/anaconda3/lib/python3.8/site-packages/airflow/example_dags/example_branch_labels.py
[2021-07-18 16:30:11,504] {scheduler_job.py:642} INFO - DAG(s) dict_keys(['example_branch_labels']) retrieved from /home/julio/anaconda3/lib/python3.8/site-packages/airflow/example_dags/example_branch_labels.py
[2021-07-18 16:30:11,522] {logging_mixin.py:104} INFO - [2021-07-18 16:30:11,522] {dag.py:1833} INFO - Sync 1 DAGs
[2021-07-18 16:30:11,544] {logging_mixin.py:104} INFO - [2021-07-18 16:30:11,544] {dag.py:2306} INFO - Setting next_dagrun for example_branch_labels to 2021-07-16 00:00:00+00:00
[2021-07-18 16:30:11,566] {scheduler_job.py:189} INFO - Processing /home/julio/anaconda3/lib/python3.8/site-packages/airflow/example_dags/example_branch_labels.py took 0.083 seconds
[2021-07-18 16:32:08,649] {scheduler_job.py:181} INFO - Started process (PID=15051) to work on /home/julio/anaconda3/lib/python3.8/site-packages/airflow/example_dags/example_branch_labels.py
[2021-07-18 16:32:08,652] {scheduler_job.py:632} INFO - Processing file /home/julio/anaconda3/lib/python3.8/site-packages/airflow/example_dags/example_branch_labels.py for tasks to queue
[2021-07-18 16:32:08,653] {logging_mixin.py:104} INFO - [2021-07-18 16:32:08,653] {dagbag.py:496} INFO - Filling up the DagBag from /home/julio/anaconda3/lib/python3.8/site-packages/airflow/example_dags/example_branch_labels.py
[2021-07-18 16:32:08,663] {scheduler_job.py:642} INFO - DAG(s) dict_keys(['example_branch_labels']) retrieved from /home/julio/anaconda3/lib/python3.8/site-packages/airflow/example_dags/example_branch_labels.py
[2021-07-18 16:32:08,675] {logging_mixin.py:104} INFO - [2021-07-18 16:32:08,675] {dag.py:1833} INFO - Sync 1 DAGs
[2021-07-18 16:32:08,686] {logging_mixin.py:104} INFO - [2021-07-18 16:32:08,686] {dag.py:2306} INFO - Setting next_dagrun for example_branch_labels to 2021-07-16 00:00:00+00:00
[2021-07-18 16:32:08,701] {scheduler_job.py:189} INFO - Processing /home/julio/anaconda3/lib/python3.8/site-packages/airflow/example_dags/example_branch_labels.py took 0.056 seconds
[2021-07-18 16:32:43,405] {scheduler_job.py:181} INFO - Started process (PID=15136) to work on /home/julio/anaconda3/lib/python3.8/site-packages/airflow/example_dags/example_branch_labels.py
[2021-07-18 16:32:43,406] {scheduler_job.py:632} INFO - Processing file /home/julio/anaconda3/lib/python3.8/site-packages/airflow/example_dags/example_branch_labels.py for tasks to queue
[2021-07-18 16:32:43,407] {logging_mixin.py:104} INFO - [2021-07-18 16:32:43,406] {dagbag.py:496} INFO - Filling up the DagBag from /home/julio/anaconda3/lib/python3.8/site-packages/airflow/example_dags/example_branch_labels.py
[2021-07-18 16:32:43,415] {scheduler_job.py:642} INFO - DAG(s) dict_keys(['example_branch_labels']) retrieved from /home/julio/anaconda3/lib/python3.8/site-packages/airflow/example_dags/example_branch_labels.py
[2021-07-18 16:32:43,429] {logging_mixin.py:104} INFO - [2021-07-18 16:32:43,429] {dag.py:1833} INFO - Sync 1 DAGs
[2021-07-18 16:32:43,439] {logging_mixin.py:104} INFO - [2021-07-18 16:32:43,439] {dag.py:2306} INFO - Setting next_dagrun for example_branch_labels to 2021-07-16 00:00:00+00:00
[2021-07-18 16:32:43,463] {scheduler_job.py:189} INFO - Processing /home/julio/anaconda3/lib/python3.8/site-packages/airflow/example_dags/example_branch_labels.py took 0.060 seconds
[2021-07-18 16:33:24,605] {scheduler_job.py:181} INFO - Started process (PID=15240) to work on /home/julio/anaconda3/lib/python3.8/site-packages/airflow/example_dags/example_branch_labels.py
[2021-07-18 16:33:24,606] {scheduler_job.py:632} INFO - Processing file /home/julio/anaconda3/lib/python3.8/site-packages/airflow/example_dags/example_branch_labels.py for tasks to queue
[2021-07-18 16:33:24,606] {logging_mixin.py:104} INFO - [2021-07-18 16:33:24,606] {dagbag.py:496} INFO - Filling up the DagBag from /home/julio/anaconda3/lib/python3.8/site-packages/airflow/example_dags/example_branch_labels.py
[2021-07-18 16:33:24,617] {scheduler_job.py:642} INFO - DAG(s) dict_keys(['example_branch_labels']) retrieved from /home/julio/anaconda3/lib/python3.8/site-packages/airflow/example_dags/example_branch_labels.py
[2021-07-18 16:33:24,631] {logging_mixin.py:104} INFO - [2021-07-18 16:33:24,631] {dag.py:1833} INFO - Sync 1 DAGs
[2021-07-18 16:33:24,643] {logging_mixin.py:104} INFO - [2021-07-18 16:33:24,643] {dag.py:2306} INFO - Setting next_dagrun for example_branch_labels to 2021-07-16 00:00:00+00:00
[2021-07-18 16:33:24,661] {scheduler_job.py:189} INFO - Processing /home/julio/anaconda3/lib/python3.8/site-packages/airflow/example_dags/example_branch_labels.py took 0.059 seconds
[2021-07-18 16:33:59,217] {scheduler_job.py:181} INFO - Started process (PID=15309) to work on /home/julio/anaconda3/lib/python3.8/site-packages/airflow/example_dags/example_branch_labels.py
[2021-07-18 16:33:59,220] {scheduler_job.py:632} INFO - Processing file /home/julio/anaconda3/lib/python3.8/site-packages/airflow/example_dags/example_branch_labels.py for tasks to queue
[2021-07-18 16:33:59,221] {logging_mixin.py:104} INFO - [2021-07-18 16:33:59,221] {dagbag.py:496} INFO - Filling up the DagBag from /home/julio/anaconda3/lib/python3.8/site-packages/airflow/example_dags/example_branch_labels.py
[2021-07-18 16:33:59,232] {scheduler_job.py:642} INFO - DAG(s) dict_keys(['example_branch_labels']) retrieved from /home/julio/anaconda3/lib/python3.8/site-packages/airflow/example_dags/example_branch_labels.py
[2021-07-18 16:33:59,243] {logging_mixin.py:104} INFO - [2021-07-18 16:33:59,243] {dag.py:1833} INFO - Sync 1 DAGs
[2021-07-18 16:33:59,253] {logging_mixin.py:104} INFO - [2021-07-18 16:33:59,253] {dag.py:2306} INFO - Setting next_dagrun for example_branch_labels to 2021-07-16 00:00:00+00:00
[2021-07-18 16:33:59,265] {scheduler_job.py:189} INFO - Processing /home/julio/anaconda3/lib/python3.8/site-packages/airflow/example_dags/example_branch_labels.py took 0.052 seconds
[2021-07-18 16:34:32,088] {scheduler_job.py:181} INFO - Started process (PID=15369) to work on /home/julio/anaconda3/lib/python3.8/site-packages/airflow/example_dags/example_branch_labels.py
[2021-07-18 16:34:32,093] {scheduler_job.py:632} INFO - Processing file /home/julio/anaconda3/lib/python3.8/site-packages/airflow/example_dags/example_branch_labels.py for tasks to queue
[2021-07-18 16:34:32,096] {logging_mixin.py:104} INFO - [2021-07-18 16:34:32,096] {dagbag.py:496} INFO - Filling up the DagBag from /home/julio/anaconda3/lib/python3.8/site-packages/airflow/example_dags/example_branch_labels.py
[2021-07-18 16:34:32,111] {scheduler_job.py:642} INFO - DAG(s) dict_keys(['example_branch_labels']) retrieved from /home/julio/anaconda3/lib/python3.8/site-packages/airflow/example_dags/example_branch_labels.py
[2021-07-18 16:34:32,123] {logging_mixin.py:104} INFO - [2021-07-18 16:34:32,123] {dag.py:1833} INFO - Sync 1 DAGs
[2021-07-18 16:34:32,134] {logging_mixin.py:104} INFO - [2021-07-18 16:34:32,134] {dag.py:2306} INFO - Setting next_dagrun for example_branch_labels to 2021-07-16 00:00:00+00:00
[2021-07-18 16:34:32,150] {scheduler_job.py:189} INFO - Processing /home/julio/anaconda3/lib/python3.8/site-packages/airflow/example_dags/example_branch_labels.py took 0.065 seconds
[2021-07-18 16:35:09,535] {scheduler_job.py:181} INFO - Started process (PID=15433) to work on /home/julio/anaconda3/lib/python3.8/site-packages/airflow/example_dags/example_branch_labels.py
[2021-07-18 16:35:09,536] {scheduler_job.py:632} INFO - Processing file /home/julio/anaconda3/lib/python3.8/site-packages/airflow/example_dags/example_branch_labels.py for tasks to queue
[2021-07-18 16:35:09,537] {logging_mixin.py:104} INFO - [2021-07-18 16:35:09,537] {dagbag.py:496} INFO - Filling up the DagBag from /home/julio/anaconda3/lib/python3.8/site-packages/airflow/example_dags/example_branch_labels.py
[2021-07-18 16:35:09,548] {scheduler_job.py:642} INFO - DAG(s) dict_keys(['example_branch_labels']) retrieved from /home/julio/anaconda3/lib/python3.8/site-packages/airflow/example_dags/example_branch_labels.py
[2021-07-18 16:35:09,559] {logging_mixin.py:104} INFO - [2021-07-18 16:35:09,559] {dag.py:1833} INFO - Sync 1 DAGs
[2021-07-18 16:35:09,570] {logging_mixin.py:104} INFO - [2021-07-18 16:35:09,570] {dag.py:2306} INFO - Setting next_dagrun for example_branch_labels to 2021-07-16 00:00:00+00:00
[2021-07-18 16:35:09,584] {scheduler_job.py:189} INFO - Processing /home/julio/anaconda3/lib/python3.8/site-packages/airflow/example_dags/example_branch_labels.py took 0.053 seconds
[2021-07-18 16:35:45,780] {scheduler_job.py:181} INFO - Started process (PID=15502) to work on /home/julio/anaconda3/lib/python3.8/site-packages/airflow/example_dags/example_branch_labels.py
[2021-07-18 16:35:45,783] {scheduler_job.py:632} INFO - Processing file /home/julio/anaconda3/lib/python3.8/site-packages/airflow/example_dags/example_branch_labels.py for tasks to queue
[2021-07-18 16:35:45,784] {logging_mixin.py:104} INFO - [2021-07-18 16:35:45,784] {dagbag.py:496} INFO - Filling up the DagBag from /home/julio/anaconda3/lib/python3.8/site-packages/airflow/example_dags/example_branch_labels.py
[2021-07-18 16:35:45,811] {scheduler_job.py:642} INFO - DAG(s) dict_keys(['example_branch_labels']) retrieved from /home/julio/anaconda3/lib/python3.8/site-packages/airflow/example_dags/example_branch_labels.py
[2021-07-18 16:35:45,846] {logging_mixin.py:104} INFO - [2021-07-18 16:35:45,846] {dag.py:1833} INFO - Sync 1 DAGs
[2021-07-18 16:35:45,864] {logging_mixin.py:104} INFO - [2021-07-18 16:35:45,864] {dag.py:2306} INFO - Setting next_dagrun for example_branch_labels to 2021-07-16 00:00:00+00:00
[2021-07-18 16:35:45,886] {scheduler_job.py:189} INFO - Processing /home/julio/anaconda3/lib/python3.8/site-packages/airflow/example_dags/example_branch_labels.py took 0.111 seconds
[2021-07-18 16:36:21,113] {scheduler_job.py:181} INFO - Started process (PID=15562) to work on /home/julio/anaconda3/lib/python3.8/site-packages/airflow/example_dags/example_branch_labels.py
[2021-07-18 16:36:21,115] {scheduler_job.py:632} INFO - Processing file /home/julio/anaconda3/lib/python3.8/site-packages/airflow/example_dags/example_branch_labels.py for tasks to queue
[2021-07-18 16:36:21,116] {logging_mixin.py:104} INFO - [2021-07-18 16:36:21,116] {dagbag.py:496} INFO - Filling up the DagBag from /home/julio/anaconda3/lib/python3.8/site-packages/airflow/example_dags/example_branch_labels.py
[2021-07-18 16:36:21,126] {scheduler_job.py:642} INFO - DAG(s) dict_keys(['example_branch_labels']) retrieved from /home/julio/anaconda3/lib/python3.8/site-packages/airflow/example_dags/example_branch_labels.py
[2021-07-18 16:36:21,135] {logging_mixin.py:104} INFO - [2021-07-18 16:36:21,135] {dag.py:1833} INFO - Sync 1 DAGs
[2021-07-18 16:36:21,147] {logging_mixin.py:104} INFO - [2021-07-18 16:36:21,147] {dag.py:2306} INFO - Setting next_dagrun for example_branch_labels to 2021-07-16 00:00:00+00:00
[2021-07-18 16:36:21,165] {scheduler_job.py:189} INFO - Processing /home/julio/anaconda3/lib/python3.8/site-packages/airflow/example_dags/example_branch_labels.py took 0.054 seconds
[2021-07-18 16:36:56,630] {scheduler_job.py:181} INFO - Started process (PID=15626) to work on /home/julio/anaconda3/lib/python3.8/site-packages/airflow/example_dags/example_branch_labels.py
[2021-07-18 16:36:56,631] {scheduler_job.py:632} INFO - Processing file /home/julio/anaconda3/lib/python3.8/site-packages/airflow/example_dags/example_branch_labels.py for tasks to queue
[2021-07-18 16:36:56,635] {logging_mixin.py:104} INFO - [2021-07-18 16:36:56,635] {dagbag.py:496} INFO - Filling up the DagBag from /home/julio/anaconda3/lib/python3.8/site-packages/airflow/example_dags/example_branch_labels.py
[2021-07-18 16:36:56,647] {scheduler_job.py:642} INFO - DAG(s) dict_keys(['example_branch_labels']) retrieved from /home/julio/anaconda3/lib/python3.8/site-packages/airflow/example_dags/example_branch_labels.py
[2021-07-18 16:36:56,660] {logging_mixin.py:104} INFO - [2021-07-18 16:36:56,660] {dag.py:1833} INFO - Sync 1 DAGs
[2021-07-18 16:36:56,674] {logging_mixin.py:104} INFO - [2021-07-18 16:36:56,674] {dag.py:2306} INFO - Setting next_dagrun for example_branch_labels to 2021-07-16 00:00:00+00:00
[2021-07-18 16:36:56,693] {scheduler_job.py:189} INFO - Processing /home/julio/anaconda3/lib/python3.8/site-packages/airflow/example_dags/example_branch_labels.py took 0.065 seconds
[2021-07-18 16:37:33,570] {scheduler_job.py:181} INFO - Started process (PID=15696) to work on /home/julio/anaconda3/lib/python3.8/site-packages/airflow/example_dags/example_branch_labels.py
[2021-07-18 16:37:33,572] {scheduler_job.py:632} INFO - Processing file /home/julio/anaconda3/lib/python3.8/site-packages/airflow/example_dags/example_branch_labels.py for tasks to queue
[2021-07-18 16:37:33,573] {logging_mixin.py:104} INFO - [2021-07-18 16:37:33,572] {dagbag.py:496} INFO - Filling up the DagBag from /home/julio/anaconda3/lib/python3.8/site-packages/airflow/example_dags/example_branch_labels.py
[2021-07-18 16:37:33,586] {scheduler_job.py:642} INFO - DAG(s) dict_keys(['example_branch_labels']) retrieved from /home/julio/anaconda3/lib/python3.8/site-packages/airflow/example_dags/example_branch_labels.py
[2021-07-18 16:37:33,602] {logging_mixin.py:104} INFO - [2021-07-18 16:37:33,602] {dag.py:1833} INFO - Sync 1 DAGs
[2021-07-18 16:37:33,615] {logging_mixin.py:104} INFO - [2021-07-18 16:37:33,615] {dag.py:2306} INFO - Setting next_dagrun for example_branch_labels to 2021-07-16 00:00:00+00:00
[2021-07-18 16:37:33,636] {scheduler_job.py:189} INFO - Processing /home/julio/anaconda3/lib/python3.8/site-packages/airflow/example_dags/example_branch_labels.py took 0.069 seconds
[2021-07-18 16:38:13,302] {scheduler_job.py:181} INFO - Started process (PID=15786) to work on /home/julio/anaconda3/lib/python3.8/site-packages/airflow/example_dags/example_branch_labels.py
[2021-07-18 16:38:13,305] {scheduler_job.py:632} INFO - Processing file /home/julio/anaconda3/lib/python3.8/site-packages/airflow/example_dags/example_branch_labels.py for tasks to queue
[2021-07-18 16:38:13,306] {logging_mixin.py:104} INFO - [2021-07-18 16:38:13,306] {dagbag.py:496} INFO - Filling up the DagBag from /home/julio/anaconda3/lib/python3.8/site-packages/airflow/example_dags/example_branch_labels.py
[2021-07-18 16:38:13,315] {scheduler_job.py:642} INFO - DAG(s) dict_keys(['example_branch_labels']) retrieved from /home/julio/anaconda3/lib/python3.8/site-packages/airflow/example_dags/example_branch_labels.py
[2021-07-18 16:38:13,328] {logging_mixin.py:104} INFO - [2021-07-18 16:38:13,328] {dag.py:1833} INFO - Sync 1 DAGs
[2021-07-18 16:38:13,339] {logging_mixin.py:104} INFO - [2021-07-18 16:38:13,339] {dag.py:2306} INFO - Setting next_dagrun for example_branch_labels to 2021-07-16 00:00:00+00:00
[2021-07-18 16:38:13,357] {scheduler_job.py:189} INFO - Processing /home/julio/anaconda3/lib/python3.8/site-packages/airflow/example_dags/example_branch_labels.py took 0.057 seconds
[2021-07-18 16:41:22,647] {scheduler_job.py:181} INFO - Started process (PID=16018) to work on /home/julio/anaconda3/lib/python3.8/site-packages/airflow/example_dags/example_branch_labels.py
[2021-07-18 16:41:22,649] {scheduler_job.py:632} INFO - Processing file /home/julio/anaconda3/lib/python3.8/site-packages/airflow/example_dags/example_branch_labels.py for tasks to queue
[2021-07-18 16:41:22,649] {logging_mixin.py:104} INFO - [2021-07-18 16:41:22,649] {dagbag.py:496} INFO - Filling up the DagBag from /home/julio/anaconda3/lib/python3.8/site-packages/airflow/example_dags/example_branch_labels.py
[2021-07-18 16:41:22,655] {scheduler_job.py:642} INFO - DAG(s) dict_keys(['example_branch_labels']) retrieved from /home/julio/anaconda3/lib/python3.8/site-packages/airflow/example_dags/example_branch_labels.py
[2021-07-18 16:41:22,667] {logging_mixin.py:104} INFO - [2021-07-18 16:41:22,667] {dag.py:1833} INFO - Sync 1 DAGs
[2021-07-18 16:41:22,677] {logging_mixin.py:104} INFO - [2021-07-18 16:41:22,677] {dag.py:2306} INFO - Setting next_dagrun for example_branch_labels to 2021-07-16 00:00:00+00:00
[2021-07-18 16:41:22,689] {scheduler_job.py:189} INFO - Processing /home/julio/anaconda3/lib/python3.8/site-packages/airflow/example_dags/example_branch_labels.py took 0.044 seconds
[2021-07-18 16:41:56,097] {scheduler_job.py:181} INFO - Started process (PID=16106) to work on /home/julio/anaconda3/lib/python3.8/site-packages/airflow/example_dags/example_branch_labels.py
[2021-07-18 16:41:56,098] {scheduler_job.py:632} INFO - Processing file /home/julio/anaconda3/lib/python3.8/site-packages/airflow/example_dags/example_branch_labels.py for tasks to queue
[2021-07-18 16:41:56,099] {logging_mixin.py:104} INFO - [2021-07-18 16:41:56,099] {dagbag.py:496} INFO - Filling up the DagBag from /home/julio/anaconda3/lib/python3.8/site-packages/airflow/example_dags/example_branch_labels.py
[2021-07-18 16:41:56,105] {scheduler_job.py:642} INFO - DAG(s) dict_keys(['example_branch_labels']) retrieved from /home/julio/anaconda3/lib/python3.8/site-packages/airflow/example_dags/example_branch_labels.py
[2021-07-18 16:41:56,116] {logging_mixin.py:104} INFO - [2021-07-18 16:41:56,115] {dag.py:1833} INFO - Sync 1 DAGs
[2021-07-18 16:41:56,125] {logging_mixin.py:104} INFO - [2021-07-18 16:41:56,125] {dag.py:2306} INFO - Setting next_dagrun for example_branch_labels to 2021-07-16 00:00:00+00:00
[2021-07-18 16:41:56,147] {scheduler_job.py:189} INFO - Processing /home/julio/anaconda3/lib/python3.8/site-packages/airflow/example_dags/example_branch_labels.py took 0.053 seconds
[2021-07-18 16:42:30,918] {scheduler_job.py:181} INFO - Started process (PID=16190) to work on /home/julio/anaconda3/lib/python3.8/site-packages/airflow/example_dags/example_branch_labels.py
[2021-07-18 16:42:30,921] {scheduler_job.py:632} INFO - Processing file /home/julio/anaconda3/lib/python3.8/site-packages/airflow/example_dags/example_branch_labels.py for tasks to queue
[2021-07-18 16:42:30,922] {logging_mixin.py:104} INFO - [2021-07-18 16:42:30,921] {dagbag.py:496} INFO - Filling up the DagBag from /home/julio/anaconda3/lib/python3.8/site-packages/airflow/example_dags/example_branch_labels.py
[2021-07-18 16:42:30,928] {scheduler_job.py:642} INFO - DAG(s) dict_keys(['example_branch_labels']) retrieved from /home/julio/anaconda3/lib/python3.8/site-packages/airflow/example_dags/example_branch_labels.py
[2021-07-18 16:42:30,941] {logging_mixin.py:104} INFO - [2021-07-18 16:42:30,941] {dag.py:1833} INFO - Sync 1 DAGs
[2021-07-18 16:42:30,953] {logging_mixin.py:104} INFO - [2021-07-18 16:42:30,953] {dag.py:2306} INFO - Setting next_dagrun for example_branch_labels to 2021-07-16 00:00:00+00:00
[2021-07-18 16:42:30,970] {scheduler_job.py:189} INFO - Processing /home/julio/anaconda3/lib/python3.8/site-packages/airflow/example_dags/example_branch_labels.py took 0.056 seconds
