[2021-07-18 15:56:03,008] {scheduler_job.py:181} INFO - Started process (PID=11700) to work on /home/julio/anaconda3/lib/python3.8/site-packages/airflow/example_dags/example_kubernetes_executor_config.py
[2021-07-18 15:56:03,009] {scheduler_job.py:632} INFO - Processing file /home/julio/anaconda3/lib/python3.8/site-packages/airflow/example_dags/example_kubernetes_executor_config.py for tasks to queue
[2021-07-18 15:56:03,009] {logging_mixin.py:104} INFO - [2021-07-18 15:56:03,009] {dagbag.py:496} INFO - Filling up the DagBag from /home/julio/anaconda3/lib/python3.8/site-packages/airflow/example_dags/example_kubernetes_executor_config.py
[2021-07-18 15:56:03,013] {logging_mixin.py:104} INFO - [2021-07-18 15:56:03,013] {example_kubernetes_executor_config.py:175} WARNING - Could not import DAGs in example_kubernetes_executor_config.py: No module named 'kubernetes'
[2021-07-18 15:56:03,013] {logging_mixin.py:104} INFO - [2021-07-18 15:56:03,013] {example_kubernetes_executor_config.py:176} WARNING - Install kubernetes dependencies with: pip install apache-airflow['cncf.kubernetes']
[2021-07-18 15:56:03,014] {scheduler_job.py:644} WARNING - No viable dags retrieved from /home/julio/anaconda3/lib/python3.8/site-packages/airflow/example_dags/example_kubernetes_executor_config.py
[2021-07-18 15:56:03,020] {scheduler_job.py:189} INFO - Processing /home/julio/anaconda3/lib/python3.8/site-packages/airflow/example_dags/example_kubernetes_executor_config.py took 0.016 seconds
[2021-07-18 15:56:34,386] {scheduler_job.py:181} INFO - Started process (PID=11756) to work on /home/julio/anaconda3/lib/python3.8/site-packages/airflow/example_dags/example_kubernetes_executor_config.py
[2021-07-18 15:56:34,386] {scheduler_job.py:632} INFO - Processing file /home/julio/anaconda3/lib/python3.8/site-packages/airflow/example_dags/example_kubernetes_executor_config.py for tasks to queue
[2021-07-18 15:56:34,387] {logging_mixin.py:104} INFO - [2021-07-18 15:56:34,387] {dagbag.py:496} INFO - Filling up the DagBag from /home/julio/anaconda3/lib/python3.8/site-packages/airflow/example_dags/example_kubernetes_executor_config.py
[2021-07-18 15:56:34,392] {logging_mixin.py:104} INFO - [2021-07-18 15:56:34,391] {example_kubernetes_executor_config.py:175} WARNING - Could not import DAGs in example_kubernetes_executor_config.py: No module named 'kubernetes'
[2021-07-18 15:56:34,393] {logging_mixin.py:104} INFO - [2021-07-18 15:56:34,393] {example_kubernetes_executor_config.py:176} WARNING - Install kubernetes dependencies with: pip install apache-airflow['cncf.kubernetes']
[2021-07-18 15:56:34,393] {scheduler_job.py:644} WARNING - No viable dags retrieved from /home/julio/anaconda3/lib/python3.8/site-packages/airflow/example_dags/example_kubernetes_executor_config.py
[2021-07-18 15:56:34,399] {scheduler_job.py:189} INFO - Processing /home/julio/anaconda3/lib/python3.8/site-packages/airflow/example_dags/example_kubernetes_executor_config.py took 0.015 seconds
[2021-07-18 15:57:06,283] {scheduler_job.py:181} INFO - Started process (PID=11790) to work on /home/julio/anaconda3/lib/python3.8/site-packages/airflow/example_dags/example_kubernetes_executor_config.py
[2021-07-18 15:57:06,284] {scheduler_job.py:632} INFO - Processing file /home/julio/anaconda3/lib/python3.8/site-packages/airflow/example_dags/example_kubernetes_executor_config.py for tasks to queue
[2021-07-18 15:57:06,284] {logging_mixin.py:104} INFO - [2021-07-18 15:57:06,284] {dagbag.py:496} INFO - Filling up the DagBag from /home/julio/anaconda3/lib/python3.8/site-packages/airflow/example_dags/example_kubernetes_executor_config.py
[2021-07-18 15:57:06,289] {logging_mixin.py:104} INFO - [2021-07-18 15:57:06,289] {example_kubernetes_executor_config.py:175} WARNING - Could not import DAGs in example_kubernetes_executor_config.py: No module named 'kubernetes'
[2021-07-18 15:57:06,289] {logging_mixin.py:104} INFO - [2021-07-18 15:57:06,289] {example_kubernetes_executor_config.py:176} WARNING - Install kubernetes dependencies with: pip install apache-airflow['cncf.kubernetes']
[2021-07-18 15:57:06,289] {scheduler_job.py:644} WARNING - No viable dags retrieved from /home/julio/anaconda3/lib/python3.8/site-packages/airflow/example_dags/example_kubernetes_executor_config.py
[2021-07-18 15:57:06,294] {scheduler_job.py:189} INFO - Processing /home/julio/anaconda3/lib/python3.8/site-packages/airflow/example_dags/example_kubernetes_executor_config.py took 0.016 seconds
[2021-07-18 15:57:38,407] {scheduler_job.py:181} INFO - Started process (PID=11828) to work on /home/julio/anaconda3/lib/python3.8/site-packages/airflow/example_dags/example_kubernetes_executor_config.py
[2021-07-18 15:57:38,408] {scheduler_job.py:632} INFO - Processing file /home/julio/anaconda3/lib/python3.8/site-packages/airflow/example_dags/example_kubernetes_executor_config.py for tasks to queue
[2021-07-18 15:57:38,408] {logging_mixin.py:104} INFO - [2021-07-18 15:57:38,408] {dagbag.py:496} INFO - Filling up the DagBag from /home/julio/anaconda3/lib/python3.8/site-packages/airflow/example_dags/example_kubernetes_executor_config.py
[2021-07-18 15:57:38,413] {logging_mixin.py:104} INFO - [2021-07-18 15:57:38,413] {example_kubernetes_executor_config.py:175} WARNING - Could not import DAGs in example_kubernetes_executor_config.py: No module named 'kubernetes'
[2021-07-18 15:57:38,413] {logging_mixin.py:104} INFO - [2021-07-18 15:57:38,413] {example_kubernetes_executor_config.py:176} WARNING - Install kubernetes dependencies with: pip install apache-airflow['cncf.kubernetes']
[2021-07-18 15:57:38,413] {scheduler_job.py:644} WARNING - No viable dags retrieved from /home/julio/anaconda3/lib/python3.8/site-packages/airflow/example_dags/example_kubernetes_executor_config.py
[2021-07-18 15:57:38,419] {scheduler_job.py:189} INFO - Processing /home/julio/anaconda3/lib/python3.8/site-packages/airflow/example_dags/example_kubernetes_executor_config.py took 0.015 seconds
[2021-07-18 15:58:11,654] {scheduler_job.py:181} INFO - Started process (PID=11861) to work on /home/julio/anaconda3/lib/python3.8/site-packages/airflow/example_dags/example_kubernetes_executor_config.py
[2021-07-18 15:58:11,654] {scheduler_job.py:632} INFO - Processing file /home/julio/anaconda3/lib/python3.8/site-packages/airflow/example_dags/example_kubernetes_executor_config.py for tasks to queue
[2021-07-18 15:58:11,655] {logging_mixin.py:104} INFO - [2021-07-18 15:58:11,655] {dagbag.py:496} INFO - Filling up the DagBag from /home/julio/anaconda3/lib/python3.8/site-packages/airflow/example_dags/example_kubernetes_executor_config.py
[2021-07-18 15:58:11,662] {logging_mixin.py:104} INFO - [2021-07-18 15:58:11,662] {example_kubernetes_executor_config.py:175} WARNING - Could not import DAGs in example_kubernetes_executor_config.py: No module named 'kubernetes'
[2021-07-18 15:58:11,662] {logging_mixin.py:104} INFO - [2021-07-18 15:58:11,662] {example_kubernetes_executor_config.py:176} WARNING - Install kubernetes dependencies with: pip install apache-airflow['cncf.kubernetes']
[2021-07-18 15:58:11,662] {scheduler_job.py:644} WARNING - No viable dags retrieved from /home/julio/anaconda3/lib/python3.8/site-packages/airflow/example_dags/example_kubernetes_executor_config.py
[2021-07-18 15:58:11,671] {scheduler_job.py:189} INFO - Processing /home/julio/anaconda3/lib/python3.8/site-packages/airflow/example_dags/example_kubernetes_executor_config.py took 0.022 seconds
[2021-07-18 15:58:44,009] {scheduler_job.py:181} INFO - Started process (PID=11896) to work on /home/julio/anaconda3/lib/python3.8/site-packages/airflow/example_dags/example_kubernetes_executor_config.py
[2021-07-18 15:58:44,010] {scheduler_job.py:632} INFO - Processing file /home/julio/anaconda3/lib/python3.8/site-packages/airflow/example_dags/example_kubernetes_executor_config.py for tasks to queue
[2021-07-18 15:58:44,011] {logging_mixin.py:104} INFO - [2021-07-18 15:58:44,011] {dagbag.py:496} INFO - Filling up the DagBag from /home/julio/anaconda3/lib/python3.8/site-packages/airflow/example_dags/example_kubernetes_executor_config.py
[2021-07-18 15:58:44,017] {logging_mixin.py:104} INFO - [2021-07-18 15:58:44,017] {example_kubernetes_executor_config.py:175} WARNING - Could not import DAGs in example_kubernetes_executor_config.py: No module named 'kubernetes'
[2021-07-18 15:58:44,017] {logging_mixin.py:104} INFO - [2021-07-18 15:58:44,017] {example_kubernetes_executor_config.py:176} WARNING - Install kubernetes dependencies with: pip install apache-airflow['cncf.kubernetes']
[2021-07-18 15:58:44,018] {scheduler_job.py:644} WARNING - No viable dags retrieved from /home/julio/anaconda3/lib/python3.8/site-packages/airflow/example_dags/example_kubernetes_executor_config.py
[2021-07-18 15:58:44,028] {scheduler_job.py:189} INFO - Processing /home/julio/anaconda3/lib/python3.8/site-packages/airflow/example_dags/example_kubernetes_executor_config.py took 0.023 seconds
[2021-07-18 16:23:14,691] {scheduler_job.py:181} INFO - Started process (PID=13357) to work on /home/julio/anaconda3/lib/python3.8/site-packages/airflow/example_dags/example_kubernetes_executor_config.py
[2021-07-18 16:23:14,696] {scheduler_job.py:632} INFO - Processing file /home/julio/anaconda3/lib/python3.8/site-packages/airflow/example_dags/example_kubernetes_executor_config.py for tasks to queue
[2021-07-18 16:23:14,698] {logging_mixin.py:104} INFO - [2021-07-18 16:23:14,697] {dagbag.py:496} INFO - Filling up the DagBag from /home/julio/anaconda3/lib/python3.8/site-packages/airflow/example_dags/example_kubernetes_executor_config.py
[2021-07-18 16:23:14,704] {logging_mixin.py:104} INFO - [2021-07-18 16:23:14,704] {example_kubernetes_executor_config.py:175} WARNING - Could not import DAGs in example_kubernetes_executor_config.py: No module named 'kubernetes'
[2021-07-18 16:23:14,704] {logging_mixin.py:104} INFO - [2021-07-18 16:23:14,704] {example_kubernetes_executor_config.py:176} WARNING - Install kubernetes dependencies with: pip install apache-airflow['cncf.kubernetes']
[2021-07-18 16:23:14,705] {scheduler_job.py:644} WARNING - No viable dags retrieved from /home/julio/anaconda3/lib/python3.8/site-packages/airflow/example_dags/example_kubernetes_executor_config.py
[2021-07-18 16:23:14,720] {scheduler_job.py:189} INFO - Processing /home/julio/anaconda3/lib/python3.8/site-packages/airflow/example_dags/example_kubernetes_executor_config.py took 0.032 seconds
[2021-07-18 16:23:46,515] {scheduler_job.py:181} INFO - Started process (PID=13623) to work on /home/julio/anaconda3/lib/python3.8/site-packages/airflow/example_dags/example_kubernetes_executor_config.py
[2021-07-18 16:23:46,516] {scheduler_job.py:632} INFO - Processing file /home/julio/anaconda3/lib/python3.8/site-packages/airflow/example_dags/example_kubernetes_executor_config.py for tasks to queue
[2021-07-18 16:23:46,517] {logging_mixin.py:104} INFO - [2021-07-18 16:23:46,516] {dagbag.py:496} INFO - Filling up the DagBag from /home/julio/anaconda3/lib/python3.8/site-packages/airflow/example_dags/example_kubernetes_executor_config.py
[2021-07-18 16:23:46,521] {logging_mixin.py:104} INFO - [2021-07-18 16:23:46,521] {example_kubernetes_executor_config.py:175} WARNING - Could not import DAGs in example_kubernetes_executor_config.py: No module named 'kubernetes'
[2021-07-18 16:23:46,521] {logging_mixin.py:104} INFO - [2021-07-18 16:23:46,521] {example_kubernetes_executor_config.py:176} WARNING - Install kubernetes dependencies with: pip install apache-airflow['cncf.kubernetes']
[2021-07-18 16:23:46,521] {scheduler_job.py:644} WARNING - No viable dags retrieved from /home/julio/anaconda3/lib/python3.8/site-packages/airflow/example_dags/example_kubernetes_executor_config.py
[2021-07-18 16:23:46,540] {scheduler_job.py:189} INFO - Processing /home/julio/anaconda3/lib/python3.8/site-packages/airflow/example_dags/example_kubernetes_executor_config.py took 0.027 seconds
[2021-07-18 16:24:19,164] {scheduler_job.py:181} INFO - Started process (PID=13678) to work on /home/julio/anaconda3/lib/python3.8/site-packages/airflow/example_dags/example_kubernetes_executor_config.py
[2021-07-18 16:24:19,167] {scheduler_job.py:632} INFO - Processing file /home/julio/anaconda3/lib/python3.8/site-packages/airflow/example_dags/example_kubernetes_executor_config.py for tasks to queue
[2021-07-18 16:24:19,168] {logging_mixin.py:104} INFO - [2021-07-18 16:24:19,168] {dagbag.py:496} INFO - Filling up the DagBag from /home/julio/anaconda3/lib/python3.8/site-packages/airflow/example_dags/example_kubernetes_executor_config.py
[2021-07-18 16:24:19,176] {logging_mixin.py:104} INFO - [2021-07-18 16:24:19,176] {example_kubernetes_executor_config.py:175} WARNING - Could not import DAGs in example_kubernetes_executor_config.py: No module named 'kubernetes'
[2021-07-18 16:24:19,177] {logging_mixin.py:104} INFO - [2021-07-18 16:24:19,176] {example_kubernetes_executor_config.py:176} WARNING - Install kubernetes dependencies with: pip install apache-airflow['cncf.kubernetes']
[2021-07-18 16:24:19,177] {scheduler_job.py:644} WARNING - No viable dags retrieved from /home/julio/anaconda3/lib/python3.8/site-packages/airflow/example_dags/example_kubernetes_executor_config.py
[2021-07-18 16:24:19,182] {scheduler_job.py:189} INFO - Processing /home/julio/anaconda3/lib/python3.8/site-packages/airflow/example_dags/example_kubernetes_executor_config.py took 0.024 seconds
[2021-07-18 16:24:52,754] {scheduler_job.py:181} INFO - Started process (PID=13749) to work on /home/julio/anaconda3/lib/python3.8/site-packages/airflow/example_dags/example_kubernetes_executor_config.py
[2021-07-18 16:24:52,757] {scheduler_job.py:632} INFO - Processing file /home/julio/anaconda3/lib/python3.8/site-packages/airflow/example_dags/example_kubernetes_executor_config.py for tasks to queue
[2021-07-18 16:24:52,758] {logging_mixin.py:104} INFO - [2021-07-18 16:24:52,758] {dagbag.py:496} INFO - Filling up the DagBag from /home/julio/anaconda3/lib/python3.8/site-packages/airflow/example_dags/example_kubernetes_executor_config.py
[2021-07-18 16:24:52,770] {logging_mixin.py:104} INFO - [2021-07-18 16:24:52,770] {example_kubernetes_executor_config.py:175} WARNING - Could not import DAGs in example_kubernetes_executor_config.py: No module named 'kubernetes'
[2021-07-18 16:24:52,770] {logging_mixin.py:104} INFO - [2021-07-18 16:24:52,770] {example_kubernetes_executor_config.py:176} WARNING - Install kubernetes dependencies with: pip install apache-airflow['cncf.kubernetes']
[2021-07-18 16:24:52,770] {scheduler_job.py:644} WARNING - No viable dags retrieved from /home/julio/anaconda3/lib/python3.8/site-packages/airflow/example_dags/example_kubernetes_executor_config.py
[2021-07-18 16:24:52,789] {scheduler_job.py:189} INFO - Processing /home/julio/anaconda3/lib/python3.8/site-packages/airflow/example_dags/example_kubernetes_executor_config.py took 0.037 seconds
[2021-07-18 16:25:25,944] {scheduler_job.py:181} INFO - Started process (PID=13821) to work on /home/julio/anaconda3/lib/python3.8/site-packages/airflow/example_dags/example_kubernetes_executor_config.py
[2021-07-18 16:25:25,946] {scheduler_job.py:632} INFO - Processing file /home/julio/anaconda3/lib/python3.8/site-packages/airflow/example_dags/example_kubernetes_executor_config.py for tasks to queue
[2021-07-18 16:25:25,947] {logging_mixin.py:104} INFO - [2021-07-18 16:25:25,946] {dagbag.py:496} INFO - Filling up the DagBag from /home/julio/anaconda3/lib/python3.8/site-packages/airflow/example_dags/example_kubernetes_executor_config.py
[2021-07-18 16:25:25,951] {logging_mixin.py:104} INFO - [2021-07-18 16:25:25,951] {example_kubernetes_executor_config.py:175} WARNING - Could not import DAGs in example_kubernetes_executor_config.py: No module named 'kubernetes'
[2021-07-18 16:25:25,951] {logging_mixin.py:104} INFO - [2021-07-18 16:25:25,951] {example_kubernetes_executor_config.py:176} WARNING - Install kubernetes dependencies with: pip install apache-airflow['cncf.kubernetes']
[2021-07-18 16:25:25,952] {scheduler_job.py:644} WARNING - No viable dags retrieved from /home/julio/anaconda3/lib/python3.8/site-packages/airflow/example_dags/example_kubernetes_executor_config.py
[2021-07-18 16:25:25,957] {scheduler_job.py:189} INFO - Processing /home/julio/anaconda3/lib/python3.8/site-packages/airflow/example_dags/example_kubernetes_executor_config.py took 0.017 seconds
[2021-07-18 16:25:56,802] {scheduler_job.py:181} INFO - Started process (PID=13889) to work on /home/julio/anaconda3/lib/python3.8/site-packages/airflow/example_dags/example_kubernetes_executor_config.py
[2021-07-18 16:25:56,804] {scheduler_job.py:632} INFO - Processing file /home/julio/anaconda3/lib/python3.8/site-packages/airflow/example_dags/example_kubernetes_executor_config.py for tasks to queue
[2021-07-18 16:25:56,804] {logging_mixin.py:104} INFO - [2021-07-18 16:25:56,804] {dagbag.py:496} INFO - Filling up the DagBag from /home/julio/anaconda3/lib/python3.8/site-packages/airflow/example_dags/example_kubernetes_executor_config.py
[2021-07-18 16:25:56,809] {logging_mixin.py:104} INFO - [2021-07-18 16:25:56,809] {example_kubernetes_executor_config.py:175} WARNING - Could not import DAGs in example_kubernetes_executor_config.py: No module named 'kubernetes'
[2021-07-18 16:25:56,810] {logging_mixin.py:104} INFO - [2021-07-18 16:25:56,810] {example_kubernetes_executor_config.py:176} WARNING - Install kubernetes dependencies with: pip install apache-airflow['cncf.kubernetes']
[2021-07-18 16:25:56,810] {scheduler_job.py:644} WARNING - No viable dags retrieved from /home/julio/anaconda3/lib/python3.8/site-packages/airflow/example_dags/example_kubernetes_executor_config.py
[2021-07-18 16:25:56,815] {scheduler_job.py:189} INFO - Processing /home/julio/anaconda3/lib/python3.8/site-packages/airflow/example_dags/example_kubernetes_executor_config.py took 0.015 seconds
[2021-07-18 16:26:35,187] {scheduler_job.py:181} INFO - Started process (PID=13998) to work on /home/julio/anaconda3/lib/python3.8/site-packages/airflow/example_dags/example_kubernetes_executor_config.py
[2021-07-18 16:26:35,188] {scheduler_job.py:632} INFO - Processing file /home/julio/anaconda3/lib/python3.8/site-packages/airflow/example_dags/example_kubernetes_executor_config.py for tasks to queue
[2021-07-18 16:26:35,189] {logging_mixin.py:104} INFO - [2021-07-18 16:26:35,189] {dagbag.py:496} INFO - Filling up the DagBag from /home/julio/anaconda3/lib/python3.8/site-packages/airflow/example_dags/example_kubernetes_executor_config.py
[2021-07-18 16:26:35,193] {logging_mixin.py:104} INFO - [2021-07-18 16:26:35,193] {example_kubernetes_executor_config.py:175} WARNING - Could not import DAGs in example_kubernetes_executor_config.py: No module named 'kubernetes'
[2021-07-18 16:26:35,193] {logging_mixin.py:104} INFO - [2021-07-18 16:26:35,193] {example_kubernetes_executor_config.py:176} WARNING - Install kubernetes dependencies with: pip install apache-airflow['cncf.kubernetes']
[2021-07-18 16:26:35,193] {scheduler_job.py:644} WARNING - No viable dags retrieved from /home/julio/anaconda3/lib/python3.8/site-packages/airflow/example_dags/example_kubernetes_executor_config.py
[2021-07-18 16:26:35,200] {scheduler_job.py:189} INFO - Processing /home/julio/anaconda3/lib/python3.8/site-packages/airflow/example_dags/example_kubernetes_executor_config.py took 0.015 seconds
[2021-07-18 16:27:10,059] {scheduler_job.py:181} INFO - Started process (PID=14264) to work on /home/julio/anaconda3/lib/python3.8/site-packages/airflow/example_dags/example_kubernetes_executor_config.py
[2021-07-18 16:27:10,060] {scheduler_job.py:632} INFO - Processing file /home/julio/anaconda3/lib/python3.8/site-packages/airflow/example_dags/example_kubernetes_executor_config.py for tasks to queue
[2021-07-18 16:27:10,060] {logging_mixin.py:104} INFO - [2021-07-18 16:27:10,060] {dagbag.py:496} INFO - Filling up the DagBag from /home/julio/anaconda3/lib/python3.8/site-packages/airflow/example_dags/example_kubernetes_executor_config.py
[2021-07-18 16:27:10,067] {logging_mixin.py:104} INFO - [2021-07-18 16:27:10,066] {example_kubernetes_executor_config.py:175} WARNING - Could not import DAGs in example_kubernetes_executor_config.py: No module named 'kubernetes'
[2021-07-18 16:27:10,067] {logging_mixin.py:104} INFO - [2021-07-18 16:27:10,067] {example_kubernetes_executor_config.py:176} WARNING - Install kubernetes dependencies with: pip install apache-airflow['cncf.kubernetes']
[2021-07-18 16:27:10,067] {scheduler_job.py:644} WARNING - No viable dags retrieved from /home/julio/anaconda3/lib/python3.8/site-packages/airflow/example_dags/example_kubernetes_executor_config.py
[2021-07-18 16:27:10,074] {scheduler_job.py:189} INFO - Processing /home/julio/anaconda3/lib/python3.8/site-packages/airflow/example_dags/example_kubernetes_executor_config.py took 0.017 seconds
[2021-07-18 16:27:44,971] {scheduler_job.py:181} INFO - Started process (PID=14369) to work on /home/julio/anaconda3/lib/python3.8/site-packages/airflow/example_dags/example_kubernetes_executor_config.py
[2021-07-18 16:27:44,975] {scheduler_job.py:632} INFO - Processing file /home/julio/anaconda3/lib/python3.8/site-packages/airflow/example_dags/example_kubernetes_executor_config.py for tasks to queue
[2021-07-18 16:27:44,975] {logging_mixin.py:104} INFO - [2021-07-18 16:27:44,975] {dagbag.py:496} INFO - Filling up the DagBag from /home/julio/anaconda3/lib/python3.8/site-packages/airflow/example_dags/example_kubernetes_executor_config.py
[2021-07-18 16:27:44,984] {logging_mixin.py:104} INFO - [2021-07-18 16:27:44,984] {example_kubernetes_executor_config.py:175} WARNING - Could not import DAGs in example_kubernetes_executor_config.py: No module named 'kubernetes'
[2021-07-18 16:27:44,986] {logging_mixin.py:104} INFO - [2021-07-18 16:27:44,986] {example_kubernetes_executor_config.py:176} WARNING - Install kubernetes dependencies with: pip install apache-airflow['cncf.kubernetes']
[2021-07-18 16:27:44,986] {scheduler_job.py:644} WARNING - No viable dags retrieved from /home/julio/anaconda3/lib/python3.8/site-packages/airflow/example_dags/example_kubernetes_executor_config.py
[2021-07-18 16:27:44,994] {scheduler_job.py:189} INFO - Processing /home/julio/anaconda3/lib/python3.8/site-packages/airflow/example_dags/example_kubernetes_executor_config.py took 0.027 seconds
[2021-07-18 16:28:18,644] {scheduler_job.py:181} INFO - Started process (PID=14452) to work on /home/julio/anaconda3/lib/python3.8/site-packages/airflow/example_dags/example_kubernetes_executor_config.py
[2021-07-18 16:28:18,647] {scheduler_job.py:632} INFO - Processing file /home/julio/anaconda3/lib/python3.8/site-packages/airflow/example_dags/example_kubernetes_executor_config.py for tasks to queue
[2021-07-18 16:28:18,648] {logging_mixin.py:104} INFO - [2021-07-18 16:28:18,648] {dagbag.py:496} INFO - Filling up the DagBag from /home/julio/anaconda3/lib/python3.8/site-packages/airflow/example_dags/example_kubernetes_executor_config.py
[2021-07-18 16:28:18,659] {logging_mixin.py:104} INFO - [2021-07-18 16:28:18,658] {example_kubernetes_executor_config.py:175} WARNING - Could not import DAGs in example_kubernetes_executor_config.py: No module named 'kubernetes'
[2021-07-18 16:28:18,659] {logging_mixin.py:104} INFO - [2021-07-18 16:28:18,659] {example_kubernetes_executor_config.py:176} WARNING - Install kubernetes dependencies with: pip install apache-airflow['cncf.kubernetes']
[2021-07-18 16:28:18,659] {scheduler_job.py:644} WARNING - No viable dags retrieved from /home/julio/anaconda3/lib/python3.8/site-packages/airflow/example_dags/example_kubernetes_executor_config.py
[2021-07-18 16:28:18,676] {scheduler_job.py:189} INFO - Processing /home/julio/anaconda3/lib/python3.8/site-packages/airflow/example_dags/example_kubernetes_executor_config.py took 0.044 seconds
[2021-07-18 16:28:53,953] {scheduler_job.py:181} INFO - Started process (PID=14545) to work on /home/julio/anaconda3/lib/python3.8/site-packages/airflow/example_dags/example_kubernetes_executor_config.py
[2021-07-18 16:28:53,966] {scheduler_job.py:632} INFO - Processing file /home/julio/anaconda3/lib/python3.8/site-packages/airflow/example_dags/example_kubernetes_executor_config.py for tasks to queue
[2021-07-18 16:28:53,967] {logging_mixin.py:104} INFO - [2021-07-18 16:28:53,967] {dagbag.py:496} INFO - Filling up the DagBag from /home/julio/anaconda3/lib/python3.8/site-packages/airflow/example_dags/example_kubernetes_executor_config.py
[2021-07-18 16:28:53,974] {logging_mixin.py:104} INFO - [2021-07-18 16:28:53,974] {example_kubernetes_executor_config.py:175} WARNING - Could not import DAGs in example_kubernetes_executor_config.py: No module named 'kubernetes'
[2021-07-18 16:28:53,974] {logging_mixin.py:104} INFO - [2021-07-18 16:28:53,974] {example_kubernetes_executor_config.py:176} WARNING - Install kubernetes dependencies with: pip install apache-airflow['cncf.kubernetes']
[2021-07-18 16:28:53,974] {scheduler_job.py:644} WARNING - No viable dags retrieved from /home/julio/anaconda3/lib/python3.8/site-packages/airflow/example_dags/example_kubernetes_executor_config.py
[2021-07-18 16:28:53,988] {scheduler_job.py:189} INFO - Processing /home/julio/anaconda3/lib/python3.8/site-packages/airflow/example_dags/example_kubernetes_executor_config.py took 0.037 seconds
[2021-07-18 16:29:32,962] {scheduler_job.py:181} INFO - Started process (PID=14643) to work on /home/julio/anaconda3/lib/python3.8/site-packages/airflow/example_dags/example_kubernetes_executor_config.py
[2021-07-18 16:29:32,968] {scheduler_job.py:632} INFO - Processing file /home/julio/anaconda3/lib/python3.8/site-packages/airflow/example_dags/example_kubernetes_executor_config.py for tasks to queue
[2021-07-18 16:29:32,972] {logging_mixin.py:104} INFO - [2021-07-18 16:29:32,972] {dagbag.py:496} INFO - Filling up the DagBag from /home/julio/anaconda3/lib/python3.8/site-packages/airflow/example_dags/example_kubernetes_executor_config.py
[2021-07-18 16:29:32,993] {logging_mixin.py:104} INFO - [2021-07-18 16:29:32,993] {example_kubernetes_executor_config.py:175} WARNING - Could not import DAGs in example_kubernetes_executor_config.py: No module named 'kubernetes'
[2021-07-18 16:29:32,993] {logging_mixin.py:104} INFO - [2021-07-18 16:29:32,993] {example_kubernetes_executor_config.py:176} WARNING - Install kubernetes dependencies with: pip install apache-airflow['cncf.kubernetes']
[2021-07-18 16:29:32,993] {scheduler_job.py:644} WARNING - No viable dags retrieved from /home/julio/anaconda3/lib/python3.8/site-packages/airflow/example_dags/example_kubernetes_executor_config.py
[2021-07-18 16:29:33,016] {scheduler_job.py:189} INFO - Processing /home/julio/anaconda3/lib/python3.8/site-packages/airflow/example_dags/example_kubernetes_executor_config.py took 0.056 seconds
[2021-07-18 16:30:18,595] {scheduler_job.py:181} INFO - Started process (PID=14794) to work on /home/julio/anaconda3/lib/python3.8/site-packages/airflow/example_dags/example_kubernetes_executor_config.py
[2021-07-18 16:30:18,597] {scheduler_job.py:632} INFO - Processing file /home/julio/anaconda3/lib/python3.8/site-packages/airflow/example_dags/example_kubernetes_executor_config.py for tasks to queue
[2021-07-18 16:30:18,598] {logging_mixin.py:104} INFO - [2021-07-18 16:30:18,598] {dagbag.py:496} INFO - Filling up the DagBag from /home/julio/anaconda3/lib/python3.8/site-packages/airflow/example_dags/example_kubernetes_executor_config.py
[2021-07-18 16:30:18,611] {logging_mixin.py:104} INFO - [2021-07-18 16:30:18,611] {example_kubernetes_executor_config.py:175} WARNING - Could not import DAGs in example_kubernetes_executor_config.py: No module named 'kubernetes'
[2021-07-18 16:30:18,612] {logging_mixin.py:104} INFO - [2021-07-18 16:30:18,611] {example_kubernetes_executor_config.py:176} WARNING - Install kubernetes dependencies with: pip install apache-airflow['cncf.kubernetes']
[2021-07-18 16:30:18,612] {scheduler_job.py:644} WARNING - No viable dags retrieved from /home/julio/anaconda3/lib/python3.8/site-packages/airflow/example_dags/example_kubernetes_executor_config.py
[2021-07-18 16:30:18,626] {scheduler_job.py:189} INFO - Processing /home/julio/anaconda3/lib/python3.8/site-packages/airflow/example_dags/example_kubernetes_executor_config.py took 0.035 seconds
[2021-07-18 16:31:50,516] {scheduler_job.py:181} INFO - Started process (PID=15003) to work on /home/julio/anaconda3/lib/python3.8/site-packages/airflow/example_dags/example_kubernetes_executor_config.py
[2021-07-18 16:31:50,518] {scheduler_job.py:632} INFO - Processing file /home/julio/anaconda3/lib/python3.8/site-packages/airflow/example_dags/example_kubernetes_executor_config.py for tasks to queue
[2021-07-18 16:31:50,519] {logging_mixin.py:104} INFO - [2021-07-18 16:31:50,518] {dagbag.py:496} INFO - Filling up the DagBag from /home/julio/anaconda3/lib/python3.8/site-packages/airflow/example_dags/example_kubernetes_executor_config.py
[2021-07-18 16:31:50,530] {logging_mixin.py:104} INFO - [2021-07-18 16:31:50,530] {example_kubernetes_executor_config.py:175} WARNING - Could not import DAGs in example_kubernetes_executor_config.py: No module named 'kubernetes'
[2021-07-18 16:31:50,530] {logging_mixin.py:104} INFO - [2021-07-18 16:31:50,530] {example_kubernetes_executor_config.py:176} WARNING - Install kubernetes dependencies with: pip install apache-airflow['cncf.kubernetes']
[2021-07-18 16:31:50,530] {scheduler_job.py:644} WARNING - No viable dags retrieved from /home/julio/anaconda3/lib/python3.8/site-packages/airflow/example_dags/example_kubernetes_executor_config.py
[2021-07-18 16:31:50,541] {scheduler_job.py:189} INFO - Processing /home/julio/anaconda3/lib/python3.8/site-packages/airflow/example_dags/example_kubernetes_executor_config.py took 0.029 seconds
[2021-07-18 16:32:26,484] {scheduler_job.py:181} INFO - Started process (PID=15095) to work on /home/julio/anaconda3/lib/python3.8/site-packages/airflow/example_dags/example_kubernetes_executor_config.py
[2021-07-18 16:32:26,487] {scheduler_job.py:632} INFO - Processing file /home/julio/anaconda3/lib/python3.8/site-packages/airflow/example_dags/example_kubernetes_executor_config.py for tasks to queue
[2021-07-18 16:32:26,489] {logging_mixin.py:104} INFO - [2021-07-18 16:32:26,489] {dagbag.py:496} INFO - Filling up the DagBag from /home/julio/anaconda3/lib/python3.8/site-packages/airflow/example_dags/example_kubernetes_executor_config.py
[2021-07-18 16:32:26,498] {logging_mixin.py:104} INFO - [2021-07-18 16:32:26,498] {example_kubernetes_executor_config.py:175} WARNING - Could not import DAGs in example_kubernetes_executor_config.py: No module named 'kubernetes'
[2021-07-18 16:32:26,498] {logging_mixin.py:104} INFO - [2021-07-18 16:32:26,498] {example_kubernetes_executor_config.py:176} WARNING - Install kubernetes dependencies with: pip install apache-airflow['cncf.kubernetes']
[2021-07-18 16:32:26,499] {scheduler_job.py:644} WARNING - No viable dags retrieved from /home/julio/anaconda3/lib/python3.8/site-packages/airflow/example_dags/example_kubernetes_executor_config.py
[2021-07-18 16:32:26,509] {scheduler_job.py:189} INFO - Processing /home/julio/anaconda3/lib/python3.8/site-packages/airflow/example_dags/example_kubernetes_executor_config.py took 0.028 seconds
[2021-07-18 16:33:00,134] {scheduler_job.py:181} INFO - Started process (PID=15178) to work on /home/julio/anaconda3/lib/python3.8/site-packages/airflow/example_dags/example_kubernetes_executor_config.py
[2021-07-18 16:33:00,138] {scheduler_job.py:632} INFO - Processing file /home/julio/anaconda3/lib/python3.8/site-packages/airflow/example_dags/example_kubernetes_executor_config.py for tasks to queue
[2021-07-18 16:33:00,140] {logging_mixin.py:104} INFO - [2021-07-18 16:33:00,140] {dagbag.py:496} INFO - Filling up the DagBag from /home/julio/anaconda3/lib/python3.8/site-packages/airflow/example_dags/example_kubernetes_executor_config.py
[2021-07-18 16:33:00,145] {logging_mixin.py:104} INFO - [2021-07-18 16:33:00,145] {example_kubernetes_executor_config.py:175} WARNING - Could not import DAGs in example_kubernetes_executor_config.py: No module named 'kubernetes'
[2021-07-18 16:33:00,145] {logging_mixin.py:104} INFO - [2021-07-18 16:33:00,145] {example_kubernetes_executor_config.py:176} WARNING - Install kubernetes dependencies with: pip install apache-airflow['cncf.kubernetes']
[2021-07-18 16:33:00,145] {scheduler_job.py:644} WARNING - No viable dags retrieved from /home/julio/anaconda3/lib/python3.8/site-packages/airflow/example_dags/example_kubernetes_executor_config.py
[2021-07-18 16:33:00,153] {scheduler_job.py:189} INFO - Processing /home/julio/anaconda3/lib/python3.8/site-packages/airflow/example_dags/example_kubernetes_executor_config.py took 0.022 seconds
[2021-07-18 16:33:38,354] {scheduler_job.py:181} INFO - Started process (PID=15272) to work on /home/julio/anaconda3/lib/python3.8/site-packages/airflow/example_dags/example_kubernetes_executor_config.py
[2021-07-18 16:33:38,355] {scheduler_job.py:632} INFO - Processing file /home/julio/anaconda3/lib/python3.8/site-packages/airflow/example_dags/example_kubernetes_executor_config.py for tasks to queue
[2021-07-18 16:33:38,355] {logging_mixin.py:104} INFO - [2021-07-18 16:33:38,355] {dagbag.py:496} INFO - Filling up the DagBag from /home/julio/anaconda3/lib/python3.8/site-packages/airflow/example_dags/example_kubernetes_executor_config.py
[2021-07-18 16:33:38,360] {logging_mixin.py:104} INFO - [2021-07-18 16:33:38,360] {example_kubernetes_executor_config.py:175} WARNING - Could not import DAGs in example_kubernetes_executor_config.py: No module named 'kubernetes'
[2021-07-18 16:33:38,360] {logging_mixin.py:104} INFO - [2021-07-18 16:33:38,360] {example_kubernetes_executor_config.py:176} WARNING - Install kubernetes dependencies with: pip install apache-airflow['cncf.kubernetes']
[2021-07-18 16:33:38,360] {scheduler_job.py:644} WARNING - No viable dags retrieved from /home/julio/anaconda3/lib/python3.8/site-packages/airflow/example_dags/example_kubernetes_executor_config.py
[2021-07-18 16:33:38,365] {scheduler_job.py:189} INFO - Processing /home/julio/anaconda3/lib/python3.8/site-packages/airflow/example_dags/example_kubernetes_executor_config.py took 0.014 seconds
[2021-07-18 16:34:10,902] {scheduler_job.py:181} INFO - Started process (PID=15329) to work on /home/julio/anaconda3/lib/python3.8/site-packages/airflow/example_dags/example_kubernetes_executor_config.py
[2021-07-18 16:34:10,908] {scheduler_job.py:632} INFO - Processing file /home/julio/anaconda3/lib/python3.8/site-packages/airflow/example_dags/example_kubernetes_executor_config.py for tasks to queue
[2021-07-18 16:34:10,912] {logging_mixin.py:104} INFO - [2021-07-18 16:34:10,912] {dagbag.py:496} INFO - Filling up the DagBag from /home/julio/anaconda3/lib/python3.8/site-packages/airflow/example_dags/example_kubernetes_executor_config.py
[2021-07-18 16:34:10,920] {logging_mixin.py:104} INFO - [2021-07-18 16:34:10,920] {example_kubernetes_executor_config.py:175} WARNING - Could not import DAGs in example_kubernetes_executor_config.py: No module named 'kubernetes'
[2021-07-18 16:34:10,921] {logging_mixin.py:104} INFO - [2021-07-18 16:34:10,921] {example_kubernetes_executor_config.py:176} WARNING - Install kubernetes dependencies with: pip install apache-airflow['cncf.kubernetes']
[2021-07-18 16:34:10,921] {scheduler_job.py:644} WARNING - No viable dags retrieved from /home/julio/anaconda3/lib/python3.8/site-packages/airflow/example_dags/example_kubernetes_executor_config.py
[2021-07-18 16:34:10,931] {scheduler_job.py:189} INFO - Processing /home/julio/anaconda3/lib/python3.8/site-packages/airflow/example_dags/example_kubernetes_executor_config.py took 0.035 seconds
[2021-07-18 16:34:42,392] {scheduler_job.py:181} INFO - Started process (PID=15385) to work on /home/julio/anaconda3/lib/python3.8/site-packages/airflow/example_dags/example_kubernetes_executor_config.py
[2021-07-18 16:34:42,398] {scheduler_job.py:632} INFO - Processing file /home/julio/anaconda3/lib/python3.8/site-packages/airflow/example_dags/example_kubernetes_executor_config.py for tasks to queue
[2021-07-18 16:34:42,401] {logging_mixin.py:104} INFO - [2021-07-18 16:34:42,400] {dagbag.py:496} INFO - Filling up the DagBag from /home/julio/anaconda3/lib/python3.8/site-packages/airflow/example_dags/example_kubernetes_executor_config.py
[2021-07-18 16:34:42,416] {logging_mixin.py:104} INFO - [2021-07-18 16:34:42,415] {example_kubernetes_executor_config.py:175} WARNING - Could not import DAGs in example_kubernetes_executor_config.py: No module named 'kubernetes'
[2021-07-18 16:34:42,416] {logging_mixin.py:104} INFO - [2021-07-18 16:34:42,416] {example_kubernetes_executor_config.py:176} WARNING - Install kubernetes dependencies with: pip install apache-airflow['cncf.kubernetes']
[2021-07-18 16:34:42,417] {scheduler_job.py:644} WARNING - No viable dags retrieved from /home/julio/anaconda3/lib/python3.8/site-packages/airflow/example_dags/example_kubernetes_executor_config.py
[2021-07-18 16:34:42,439] {scheduler_job.py:189} INFO - Processing /home/julio/anaconda3/lib/python3.8/site-packages/airflow/example_dags/example_kubernetes_executor_config.py took 0.054 seconds
[2021-07-18 16:35:18,309] {scheduler_job.py:181} INFO - Started process (PID=15452) to work on /home/julio/anaconda3/lib/python3.8/site-packages/airflow/example_dags/example_kubernetes_executor_config.py
[2021-07-18 16:35:18,310] {scheduler_job.py:632} INFO - Processing file /home/julio/anaconda3/lib/python3.8/site-packages/airflow/example_dags/example_kubernetes_executor_config.py for tasks to queue
[2021-07-18 16:35:18,310] {logging_mixin.py:104} INFO - [2021-07-18 16:35:18,310] {dagbag.py:496} INFO - Filling up the DagBag from /home/julio/anaconda3/lib/python3.8/site-packages/airflow/example_dags/example_kubernetes_executor_config.py
[2021-07-18 16:35:18,314] {logging_mixin.py:104} INFO - [2021-07-18 16:35:18,314] {example_kubernetes_executor_config.py:175} WARNING - Could not import DAGs in example_kubernetes_executor_config.py: No module named 'kubernetes'
[2021-07-18 16:35:18,314] {logging_mixin.py:104} INFO - [2021-07-18 16:35:18,314] {example_kubernetes_executor_config.py:176} WARNING - Install kubernetes dependencies with: pip install apache-airflow['cncf.kubernetes']
[2021-07-18 16:35:18,315] {scheduler_job.py:644} WARNING - No viable dags retrieved from /home/julio/anaconda3/lib/python3.8/site-packages/airflow/example_dags/example_kubernetes_executor_config.py
[2021-07-18 16:35:18,324] {scheduler_job.py:189} INFO - Processing /home/julio/anaconda3/lib/python3.8/site-packages/airflow/example_dags/example_kubernetes_executor_config.py took 0.017 seconds
[2021-07-18 16:35:50,936] {scheduler_job.py:181} INFO - Started process (PID=15510) to work on /home/julio/anaconda3/lib/python3.8/site-packages/airflow/example_dags/example_kubernetes_executor_config.py
[2021-07-18 16:35:50,940] {scheduler_job.py:632} INFO - Processing file /home/julio/anaconda3/lib/python3.8/site-packages/airflow/example_dags/example_kubernetes_executor_config.py for tasks to queue
[2021-07-18 16:35:50,940] {logging_mixin.py:104} INFO - [2021-07-18 16:35:50,940] {dagbag.py:496} INFO - Filling up the DagBag from /home/julio/anaconda3/lib/python3.8/site-packages/airflow/example_dags/example_kubernetes_executor_config.py
[2021-07-18 16:35:50,949] {logging_mixin.py:104} INFO - [2021-07-18 16:35:50,949] {example_kubernetes_executor_config.py:175} WARNING - Could not import DAGs in example_kubernetes_executor_config.py: No module named 'kubernetes'
[2021-07-18 16:35:50,949] {logging_mixin.py:104} INFO - [2021-07-18 16:35:50,949] {example_kubernetes_executor_config.py:176} WARNING - Install kubernetes dependencies with: pip install apache-airflow['cncf.kubernetes']
[2021-07-18 16:35:50,949] {scheduler_job.py:644} WARNING - No viable dags retrieved from /home/julio/anaconda3/lib/python3.8/site-packages/airflow/example_dags/example_kubernetes_executor_config.py
[2021-07-18 16:35:50,958] {scheduler_job.py:189} INFO - Processing /home/julio/anaconda3/lib/python3.8/site-packages/airflow/example_dags/example_kubernetes_executor_config.py took 0.025 seconds
[2021-07-18 16:36:25,105] {scheduler_job.py:181} INFO - Started process (PID=15570) to work on /home/julio/anaconda3/lib/python3.8/site-packages/airflow/example_dags/example_kubernetes_executor_config.py
[2021-07-18 16:36:25,109] {scheduler_job.py:632} INFO - Processing file /home/julio/anaconda3/lib/python3.8/site-packages/airflow/example_dags/example_kubernetes_executor_config.py for tasks to queue
[2021-07-18 16:36:25,109] {logging_mixin.py:104} INFO - [2021-07-18 16:36:25,109] {dagbag.py:496} INFO - Filling up the DagBag from /home/julio/anaconda3/lib/python3.8/site-packages/airflow/example_dags/example_kubernetes_executor_config.py
[2021-07-18 16:36:25,117] {logging_mixin.py:104} INFO - [2021-07-18 16:36:25,116] {example_kubernetes_executor_config.py:175} WARNING - Could not import DAGs in example_kubernetes_executor_config.py: No module named 'kubernetes'
[2021-07-18 16:36:25,117] {logging_mixin.py:104} INFO - [2021-07-18 16:36:25,117] {example_kubernetes_executor_config.py:176} WARNING - Install kubernetes dependencies with: pip install apache-airflow['cncf.kubernetes']
[2021-07-18 16:36:25,117] {scheduler_job.py:644} WARNING - No viable dags retrieved from /home/julio/anaconda3/lib/python3.8/site-packages/airflow/example_dags/example_kubernetes_executor_config.py
[2021-07-18 16:36:25,126] {scheduler_job.py:189} INFO - Processing /home/julio/anaconda3/lib/python3.8/site-packages/airflow/example_dags/example_kubernetes_executor_config.py took 0.023 seconds
[2021-07-18 16:36:58,855] {scheduler_job.py:181} INFO - Started process (PID=15630) to work on /home/julio/anaconda3/lib/python3.8/site-packages/airflow/example_dags/example_kubernetes_executor_config.py
[2021-07-18 16:36:58,859] {scheduler_job.py:632} INFO - Processing file /home/julio/anaconda3/lib/python3.8/site-packages/airflow/example_dags/example_kubernetes_executor_config.py for tasks to queue
[2021-07-18 16:36:58,860] {logging_mixin.py:104} INFO - [2021-07-18 16:36:58,860] {dagbag.py:496} INFO - Filling up the DagBag from /home/julio/anaconda3/lib/python3.8/site-packages/airflow/example_dags/example_kubernetes_executor_config.py
[2021-07-18 16:36:58,869] {logging_mixin.py:104} INFO - [2021-07-18 16:36:58,869] {example_kubernetes_executor_config.py:175} WARNING - Could not import DAGs in example_kubernetes_executor_config.py: No module named 'kubernetes'
[2021-07-18 16:36:58,870] {logging_mixin.py:104} INFO - [2021-07-18 16:36:58,869] {example_kubernetes_executor_config.py:176} WARNING - Install kubernetes dependencies with: pip install apache-airflow['cncf.kubernetes']
[2021-07-18 16:36:58,870] {scheduler_job.py:644} WARNING - No viable dags retrieved from /home/julio/anaconda3/lib/python3.8/site-packages/airflow/example_dags/example_kubernetes_executor_config.py
[2021-07-18 16:36:58,882] {scheduler_job.py:189} INFO - Processing /home/julio/anaconda3/lib/python3.8/site-packages/airflow/example_dags/example_kubernetes_executor_config.py took 0.030 seconds
[2021-07-18 16:37:31,284] {scheduler_job.py:181} INFO - Started process (PID=15691) to work on /home/julio/anaconda3/lib/python3.8/site-packages/airflow/example_dags/example_kubernetes_executor_config.py
[2021-07-18 16:37:31,285] {scheduler_job.py:632} INFO - Processing file /home/julio/anaconda3/lib/python3.8/site-packages/airflow/example_dags/example_kubernetes_executor_config.py for tasks to queue
[2021-07-18 16:37:31,286] {logging_mixin.py:104} INFO - [2021-07-18 16:37:31,286] {dagbag.py:496} INFO - Filling up the DagBag from /home/julio/anaconda3/lib/python3.8/site-packages/airflow/example_dags/example_kubernetes_executor_config.py
[2021-07-18 16:37:31,291] {logging_mixin.py:104} INFO - [2021-07-18 16:37:31,291] {example_kubernetes_executor_config.py:175} WARNING - Could not import DAGs in example_kubernetes_executor_config.py: No module named 'kubernetes'
[2021-07-18 16:37:31,291] {logging_mixin.py:104} INFO - [2021-07-18 16:37:31,291] {example_kubernetes_executor_config.py:176} WARNING - Install kubernetes dependencies with: pip install apache-airflow['cncf.kubernetes']
[2021-07-18 16:37:31,291] {scheduler_job.py:644} WARNING - No viable dags retrieved from /home/julio/anaconda3/lib/python3.8/site-packages/airflow/example_dags/example_kubernetes_executor_config.py
[2021-07-18 16:37:31,296] {scheduler_job.py:189} INFO - Processing /home/julio/anaconda3/lib/python3.8/site-packages/airflow/example_dags/example_kubernetes_executor_config.py took 0.015 seconds
[2021-07-18 16:38:08,141] {scheduler_job.py:181} INFO - Started process (PID=15776) to work on /home/julio/anaconda3/lib/python3.8/site-packages/airflow/example_dags/example_kubernetes_executor_config.py
[2021-07-18 16:38:08,145] {scheduler_job.py:632} INFO - Processing file /home/julio/anaconda3/lib/python3.8/site-packages/airflow/example_dags/example_kubernetes_executor_config.py for tasks to queue
[2021-07-18 16:38:08,146] {logging_mixin.py:104} INFO - [2021-07-18 16:38:08,146] {dagbag.py:496} INFO - Filling up the DagBag from /home/julio/anaconda3/lib/python3.8/site-packages/airflow/example_dags/example_kubernetes_executor_config.py
[2021-07-18 16:38:08,153] {logging_mixin.py:104} INFO - [2021-07-18 16:38:08,152] {example_kubernetes_executor_config.py:175} WARNING - Could not import DAGs in example_kubernetes_executor_config.py: No module named 'kubernetes'
[2021-07-18 16:38:08,153] {logging_mixin.py:104} INFO - [2021-07-18 16:38:08,153] {example_kubernetes_executor_config.py:176} WARNING - Install kubernetes dependencies with: pip install apache-airflow['cncf.kubernetes']
[2021-07-18 16:38:08,153] {scheduler_job.py:644} WARNING - No viable dags retrieved from /home/julio/anaconda3/lib/python3.8/site-packages/airflow/example_dags/example_kubernetes_executor_config.py
[2021-07-18 16:38:08,168] {scheduler_job.py:189} INFO - Processing /home/julio/anaconda3/lib/python3.8/site-packages/airflow/example_dags/example_kubernetes_executor_config.py took 0.031 seconds
[2021-07-18 16:38:38,914] {scheduler_job.py:181} INFO - Started process (PID=15831) to work on /home/julio/anaconda3/lib/python3.8/site-packages/airflow/example_dags/example_kubernetes_executor_config.py
[2021-07-18 16:38:38,917] {scheduler_job.py:632} INFO - Processing file /home/julio/anaconda3/lib/python3.8/site-packages/airflow/example_dags/example_kubernetes_executor_config.py for tasks to queue
[2021-07-18 16:38:38,918] {logging_mixin.py:104} INFO - [2021-07-18 16:38:38,918] {dagbag.py:496} INFO - Filling up the DagBag from /home/julio/anaconda3/lib/python3.8/site-packages/airflow/example_dags/example_kubernetes_executor_config.py
[2021-07-18 16:38:38,924] {logging_mixin.py:104} INFO - [2021-07-18 16:38:38,923] {example_kubernetes_executor_config.py:175} WARNING - Could not import DAGs in example_kubernetes_executor_config.py: No module named 'kubernetes'
[2021-07-18 16:38:38,924] {logging_mixin.py:104} INFO - [2021-07-18 16:38:38,924] {example_kubernetes_executor_config.py:176} WARNING - Install kubernetes dependencies with: pip install apache-airflow['cncf.kubernetes']
[2021-07-18 16:38:38,924] {scheduler_job.py:644} WARNING - No viable dags retrieved from /home/julio/anaconda3/lib/python3.8/site-packages/airflow/example_dags/example_kubernetes_executor_config.py
[2021-07-18 16:38:38,930] {scheduler_job.py:189} INFO - Processing /home/julio/anaconda3/lib/python3.8/site-packages/airflow/example_dags/example_kubernetes_executor_config.py took 0.018 seconds
[2021-07-18 16:40:59,991] {scheduler_job.py:181} INFO - Started process (PID=15962) to work on /home/julio/anaconda3/lib/python3.8/site-packages/airflow/example_dags/example_kubernetes_executor_config.py
[2021-07-18 16:40:59,992] {scheduler_job.py:632} INFO - Processing file /home/julio/anaconda3/lib/python3.8/site-packages/airflow/example_dags/example_kubernetes_executor_config.py for tasks to queue
[2021-07-18 16:40:59,992] {logging_mixin.py:104} INFO - [2021-07-18 16:40:59,992] {dagbag.py:496} INFO - Filling up the DagBag from /home/julio/anaconda3/lib/python3.8/site-packages/airflow/example_dags/example_kubernetes_executor_config.py
[2021-07-18 16:41:00,000] {logging_mixin.py:104} INFO - [2021-07-18 16:40:59,999] {example_kubernetes_executor_config.py:175} WARNING - Could not import DAGs in example_kubernetes_executor_config.py: No module named 'kubernetes'
[2021-07-18 16:41:00,001] {logging_mixin.py:104} INFO - [2021-07-18 16:41:00,001] {example_kubernetes_executor_config.py:176} WARNING - Install kubernetes dependencies with: pip install apache-airflow['cncf.kubernetes']
[2021-07-18 16:41:00,001] {scheduler_job.py:644} WARNING - No viable dags retrieved from /home/julio/anaconda3/lib/python3.8/site-packages/airflow/example_dags/example_kubernetes_executor_config.py
[2021-07-18 16:41:00,007] {scheduler_job.py:189} INFO - Processing /home/julio/anaconda3/lib/python3.8/site-packages/airflow/example_dags/example_kubernetes_executor_config.py took 0.018 seconds
[2021-07-18 16:41:35,075] {scheduler_job.py:181} INFO - Started process (PID=16047) to work on /home/julio/anaconda3/lib/python3.8/site-packages/airflow/example_dags/example_kubernetes_executor_config.py
[2021-07-18 16:41:35,078] {scheduler_job.py:632} INFO - Processing file /home/julio/anaconda3/lib/python3.8/site-packages/airflow/example_dags/example_kubernetes_executor_config.py for tasks to queue
[2021-07-18 16:41:35,079] {logging_mixin.py:104} INFO - [2021-07-18 16:41:35,079] {dagbag.py:496} INFO - Filling up the DagBag from /home/julio/anaconda3/lib/python3.8/site-packages/airflow/example_dags/example_kubernetes_executor_config.py
[2021-07-18 16:41:35,085] {logging_mixin.py:104} INFO - [2021-07-18 16:41:35,085] {example_kubernetes_executor_config.py:175} WARNING - Could not import DAGs in example_kubernetes_executor_config.py: No module named 'kubernetes'
[2021-07-18 16:41:35,086] {logging_mixin.py:104} INFO - [2021-07-18 16:41:35,085] {example_kubernetes_executor_config.py:176} WARNING - Install kubernetes dependencies with: pip install apache-airflow['cncf.kubernetes']
[2021-07-18 16:41:35,086] {scheduler_job.py:644} WARNING - No viable dags retrieved from /home/julio/anaconda3/lib/python3.8/site-packages/airflow/example_dags/example_kubernetes_executor_config.py
[2021-07-18 16:41:35,096] {scheduler_job.py:189} INFO - Processing /home/julio/anaconda3/lib/python3.8/site-packages/airflow/example_dags/example_kubernetes_executor_config.py took 0.025 seconds
[2021-07-18 16:42:09,229] {scheduler_job.py:181} INFO - Started process (PID=16135) to work on /home/julio/anaconda3/lib/python3.8/site-packages/airflow/example_dags/example_kubernetes_executor_config.py
[2021-07-18 16:42:09,235] {scheduler_job.py:632} INFO - Processing file /home/julio/anaconda3/lib/python3.8/site-packages/airflow/example_dags/example_kubernetes_executor_config.py for tasks to queue
[2021-07-18 16:42:09,235] {logging_mixin.py:104} INFO - [2021-07-18 16:42:09,235] {dagbag.py:496} INFO - Filling up the DagBag from /home/julio/anaconda3/lib/python3.8/site-packages/airflow/example_dags/example_kubernetes_executor_config.py
[2021-07-18 16:42:09,244] {logging_mixin.py:104} INFO - [2021-07-18 16:42:09,243] {example_kubernetes_executor_config.py:175} WARNING - Could not import DAGs in example_kubernetes_executor_config.py: No module named 'kubernetes'
[2021-07-18 16:42:09,244] {logging_mixin.py:104} INFO - [2021-07-18 16:42:09,244] {example_kubernetes_executor_config.py:176} WARNING - Install kubernetes dependencies with: pip install apache-airflow['cncf.kubernetes']
[2021-07-18 16:42:09,244] {scheduler_job.py:644} WARNING - No viable dags retrieved from /home/julio/anaconda3/lib/python3.8/site-packages/airflow/example_dags/example_kubernetes_executor_config.py
[2021-07-18 16:42:09,259] {scheduler_job.py:189} INFO - Processing /home/julio/anaconda3/lib/python3.8/site-packages/airflow/example_dags/example_kubernetes_executor_config.py took 0.036 seconds
