[2021-07-18 15:55:58,446] {scheduler_job.py:181} INFO - Started process (PID=11678) to work on /home/julio/anaconda3/lib/python3.8/site-packages/airflow/example_dags/example_latest_only.py
[2021-07-18 15:55:58,447] {scheduler_job.py:632} INFO - Processing file /home/julio/anaconda3/lib/python3.8/site-packages/airflow/example_dags/example_latest_only.py for tasks to queue
[2021-07-18 15:55:58,448] {logging_mixin.py:104} INFO - [2021-07-18 15:55:58,447] {dagbag.py:496} INFO - Filling up the DagBag from /home/julio/anaconda3/lib/python3.8/site-packages/airflow/example_dags/example_latest_only.py
[2021-07-18 15:55:58,456] {scheduler_job.py:642} INFO - DAG(s) dict_keys(['latest_only']) retrieved from /home/julio/anaconda3/lib/python3.8/site-packages/airflow/example_dags/example_latest_only.py
[2021-07-18 15:55:58,469] {logging_mixin.py:104} INFO - [2021-07-18 15:55:58,469] {dag.py:1833} INFO - Sync 1 DAGs
[2021-07-18 15:55:58,476] {logging_mixin.py:104} INFO - [2021-07-18 15:55:58,476] {dag.py:2306} INFO - Setting next_dagrun for latest_only to 2021-07-16 00:00:00+00:00
[2021-07-18 15:55:58,496] {scheduler_job.py:189} INFO - Processing /home/julio/anaconda3/lib/python3.8/site-packages/airflow/example_dags/example_latest_only.py took 0.053 seconds
[2021-07-18 15:56:29,838] {scheduler_job.py:181} INFO - Started process (PID=11752) to work on /home/julio/anaconda3/lib/python3.8/site-packages/airflow/example_dags/example_latest_only.py
[2021-07-18 15:56:29,838] {scheduler_job.py:632} INFO - Processing file /home/julio/anaconda3/lib/python3.8/site-packages/airflow/example_dags/example_latest_only.py for tasks to queue
[2021-07-18 15:56:29,840] {logging_mixin.py:104} INFO - [2021-07-18 15:56:29,840] {dagbag.py:496} INFO - Filling up the DagBag from /home/julio/anaconda3/lib/python3.8/site-packages/airflow/example_dags/example_latest_only.py
[2021-07-18 15:56:29,847] {scheduler_job.py:642} INFO - DAG(s) dict_keys(['latest_only']) retrieved from /home/julio/anaconda3/lib/python3.8/site-packages/airflow/example_dags/example_latest_only.py
[2021-07-18 15:56:29,858] {logging_mixin.py:104} INFO - [2021-07-18 15:56:29,857] {dag.py:1833} INFO - Sync 1 DAGs
[2021-07-18 15:56:29,865] {logging_mixin.py:104} INFO - [2021-07-18 15:56:29,865] {dag.py:2306} INFO - Setting next_dagrun for latest_only to 2021-07-16 00:00:00+00:00
[2021-07-18 15:56:29,881] {scheduler_job.py:189} INFO - Processing /home/julio/anaconda3/lib/python3.8/site-packages/airflow/example_dags/example_latest_only.py took 0.046 seconds
[2021-07-18 15:57:01,135] {scheduler_job.py:181} INFO - Started process (PID=11784) to work on /home/julio/anaconda3/lib/python3.8/site-packages/airflow/example_dags/example_latest_only.py
[2021-07-18 15:57:01,136] {scheduler_job.py:632} INFO - Processing file /home/julio/anaconda3/lib/python3.8/site-packages/airflow/example_dags/example_latest_only.py for tasks to queue
[2021-07-18 15:57:01,137] {logging_mixin.py:104} INFO - [2021-07-18 15:57:01,137] {dagbag.py:496} INFO - Filling up the DagBag from /home/julio/anaconda3/lib/python3.8/site-packages/airflow/example_dags/example_latest_only.py
[2021-07-18 15:57:01,145] {scheduler_job.py:642} INFO - DAG(s) dict_keys(['latest_only']) retrieved from /home/julio/anaconda3/lib/python3.8/site-packages/airflow/example_dags/example_latest_only.py
[2021-07-18 15:57:01,157] {logging_mixin.py:104} INFO - [2021-07-18 15:57:01,157] {dag.py:1833} INFO - Sync 1 DAGs
[2021-07-18 15:57:01,165] {logging_mixin.py:104} INFO - [2021-07-18 15:57:01,165] {dag.py:2306} INFO - Setting next_dagrun for latest_only to 2021-07-16 00:00:00+00:00
[2021-07-18 15:57:01,182] {scheduler_job.py:189} INFO - Processing /home/julio/anaconda3/lib/python3.8/site-packages/airflow/example_dags/example_latest_only.py took 0.051 seconds
[2021-07-18 15:57:32,111] {scheduler_job.py:181} INFO - Started process (PID=11822) to work on /home/julio/anaconda3/lib/python3.8/site-packages/airflow/example_dags/example_latest_only.py
[2021-07-18 15:57:32,111] {scheduler_job.py:632} INFO - Processing file /home/julio/anaconda3/lib/python3.8/site-packages/airflow/example_dags/example_latest_only.py for tasks to queue
[2021-07-18 15:57:32,112] {logging_mixin.py:104} INFO - [2021-07-18 15:57:32,112] {dagbag.py:496} INFO - Filling up the DagBag from /home/julio/anaconda3/lib/python3.8/site-packages/airflow/example_dags/example_latest_only.py
[2021-07-18 15:57:32,120] {scheduler_job.py:642} INFO - DAG(s) dict_keys(['latest_only']) retrieved from /home/julio/anaconda3/lib/python3.8/site-packages/airflow/example_dags/example_latest_only.py
[2021-07-18 15:57:32,131] {logging_mixin.py:104} INFO - [2021-07-18 15:57:32,131] {dag.py:1833} INFO - Sync 1 DAGs
[2021-07-18 15:57:32,139] {logging_mixin.py:104} INFO - [2021-07-18 15:57:32,139] {dag.py:2306} INFO - Setting next_dagrun for latest_only to 2021-07-16 00:00:00+00:00
[2021-07-18 15:57:32,154] {scheduler_job.py:189} INFO - Processing /home/julio/anaconda3/lib/python3.8/site-packages/airflow/example_dags/example_latest_only.py took 0.045 seconds
[2021-07-18 15:58:03,016] {scheduler_job.py:181} INFO - Started process (PID=11853) to work on /home/julio/anaconda3/lib/python3.8/site-packages/airflow/example_dags/example_latest_only.py
[2021-07-18 15:58:03,016] {scheduler_job.py:632} INFO - Processing file /home/julio/anaconda3/lib/python3.8/site-packages/airflow/example_dags/example_latest_only.py for tasks to queue
[2021-07-18 15:58:03,017] {logging_mixin.py:104} INFO - [2021-07-18 15:58:03,017] {dagbag.py:496} INFO - Filling up the DagBag from /home/julio/anaconda3/lib/python3.8/site-packages/airflow/example_dags/example_latest_only.py
[2021-07-18 15:58:03,027] {scheduler_job.py:642} INFO - DAG(s) dict_keys(['latest_only']) retrieved from /home/julio/anaconda3/lib/python3.8/site-packages/airflow/example_dags/example_latest_only.py
[2021-07-18 15:58:03,041] {logging_mixin.py:104} INFO - [2021-07-18 15:58:03,041] {dag.py:1833} INFO - Sync 1 DAGs
[2021-07-18 15:58:03,053] {logging_mixin.py:104} INFO - [2021-07-18 15:58:03,053] {dag.py:2306} INFO - Setting next_dagrun for latest_only to 2021-07-16 00:00:00+00:00
[2021-07-18 15:58:03,073] {scheduler_job.py:189} INFO - Processing /home/julio/anaconda3/lib/python3.8/site-packages/airflow/example_dags/example_latest_only.py took 0.061 seconds
[2021-07-18 15:58:35,411] {scheduler_job.py:181} INFO - Started process (PID=11888) to work on /home/julio/anaconda3/lib/python3.8/site-packages/airflow/example_dags/example_latest_only.py
[2021-07-18 15:58:35,412] {scheduler_job.py:632} INFO - Processing file /home/julio/anaconda3/lib/python3.8/site-packages/airflow/example_dags/example_latest_only.py for tasks to queue
[2021-07-18 15:58:35,413] {logging_mixin.py:104} INFO - [2021-07-18 15:58:35,412] {dagbag.py:496} INFO - Filling up the DagBag from /home/julio/anaconda3/lib/python3.8/site-packages/airflow/example_dags/example_latest_only.py
[2021-07-18 15:58:35,428] {scheduler_job.py:642} INFO - DAG(s) dict_keys(['latest_only']) retrieved from /home/julio/anaconda3/lib/python3.8/site-packages/airflow/example_dags/example_latest_only.py
[2021-07-18 15:58:35,444] {logging_mixin.py:104} INFO - [2021-07-18 15:58:35,443] {dag.py:1833} INFO - Sync 1 DAGs
[2021-07-18 15:58:35,457] {logging_mixin.py:104} INFO - [2021-07-18 15:58:35,457] {dag.py:2306} INFO - Setting next_dagrun for latest_only to 2021-07-16 00:00:00+00:00
[2021-07-18 15:58:35,474] {scheduler_job.py:189} INFO - Processing /home/julio/anaconda3/lib/python3.8/site-packages/airflow/example_dags/example_latest_only.py took 0.065 seconds
[2021-07-18 16:23:10,114] {scheduler_job.py:181} INFO - Started process (PID=13348) to work on /home/julio/anaconda3/lib/python3.8/site-packages/airflow/example_dags/example_latest_only.py
[2021-07-18 16:23:10,120] {scheduler_job.py:632} INFO - Processing file /home/julio/anaconda3/lib/python3.8/site-packages/airflow/example_dags/example_latest_only.py for tasks to queue
[2021-07-18 16:23:10,120] {logging_mixin.py:104} INFO - [2021-07-18 16:23:10,120] {dagbag.py:496} INFO - Filling up the DagBag from /home/julio/anaconda3/lib/python3.8/site-packages/airflow/example_dags/example_latest_only.py
[2021-07-18 16:23:10,130] {scheduler_job.py:642} INFO - DAG(s) dict_keys(['latest_only']) retrieved from /home/julio/anaconda3/lib/python3.8/site-packages/airflow/example_dags/example_latest_only.py
[2021-07-18 16:23:10,147] {logging_mixin.py:104} INFO - [2021-07-18 16:23:10,147] {dag.py:1833} INFO - Sync 1 DAGs
[2021-07-18 16:23:10,159] {logging_mixin.py:104} INFO - [2021-07-18 16:23:10,159] {dag.py:2306} INFO - Setting next_dagrun for latest_only to 2021-07-16 00:00:00+00:00
[2021-07-18 16:23:10,175] {scheduler_job.py:189} INFO - Processing /home/julio/anaconda3/lib/python3.8/site-packages/airflow/example_dags/example_latest_only.py took 0.064 seconds
[2021-07-18 16:23:42,512] {scheduler_job.py:181} INFO - Started process (PID=13617) to work on /home/julio/anaconda3/lib/python3.8/site-packages/airflow/example_dags/example_latest_only.py
[2021-07-18 16:23:42,523] {scheduler_job.py:632} INFO - Processing file /home/julio/anaconda3/lib/python3.8/site-packages/airflow/example_dags/example_latest_only.py for tasks to queue
[2021-07-18 16:23:42,523] {logging_mixin.py:104} INFO - [2021-07-18 16:23:42,523] {dagbag.py:496} INFO - Filling up the DagBag from /home/julio/anaconda3/lib/python3.8/site-packages/airflow/example_dags/example_latest_only.py
[2021-07-18 16:23:42,531] {scheduler_job.py:642} INFO - DAG(s) dict_keys(['latest_only']) retrieved from /home/julio/anaconda3/lib/python3.8/site-packages/airflow/example_dags/example_latest_only.py
[2021-07-18 16:23:42,547] {logging_mixin.py:104} INFO - [2021-07-18 16:23:42,547] {dag.py:1833} INFO - Sync 1 DAGs
[2021-07-18 16:23:42,554] {logging_mixin.py:104} INFO - [2021-07-18 16:23:42,554] {dag.py:2306} INFO - Setting next_dagrun for latest_only to 2021-07-16 00:00:00+00:00
[2021-07-18 16:23:42,583] {scheduler_job.py:189} INFO - Processing /home/julio/anaconda3/lib/python3.8/site-packages/airflow/example_dags/example_latest_only.py took 0.073 seconds
[2021-07-18 16:24:15,103] {scheduler_job.py:181} INFO - Started process (PID=13672) to work on /home/julio/anaconda3/lib/python3.8/site-packages/airflow/example_dags/example_latest_only.py
[2021-07-18 16:24:15,104] {scheduler_job.py:632} INFO - Processing file /home/julio/anaconda3/lib/python3.8/site-packages/airflow/example_dags/example_latest_only.py for tasks to queue
[2021-07-18 16:24:15,105] {logging_mixin.py:104} INFO - [2021-07-18 16:24:15,104] {dagbag.py:496} INFO - Filling up the DagBag from /home/julio/anaconda3/lib/python3.8/site-packages/airflow/example_dags/example_latest_only.py
[2021-07-18 16:24:15,117] {scheduler_job.py:642} INFO - DAG(s) dict_keys(['latest_only']) retrieved from /home/julio/anaconda3/lib/python3.8/site-packages/airflow/example_dags/example_latest_only.py
[2021-07-18 16:24:15,142] {logging_mixin.py:104} INFO - [2021-07-18 16:24:15,142] {dag.py:1833} INFO - Sync 1 DAGs
[2021-07-18 16:24:15,161] {logging_mixin.py:104} INFO - [2021-07-18 16:24:15,161] {dag.py:2306} INFO - Setting next_dagrun for latest_only to 2021-07-16 00:00:00+00:00
[2021-07-18 16:24:15,193] {scheduler_job.py:189} INFO - Processing /home/julio/anaconda3/lib/python3.8/site-packages/airflow/example_dags/example_latest_only.py took 0.092 seconds
[2021-07-18 16:24:47,574] {scheduler_job.py:181} INFO - Started process (PID=13737) to work on /home/julio/anaconda3/lib/python3.8/site-packages/airflow/example_dags/example_latest_only.py
[2021-07-18 16:24:47,581] {scheduler_job.py:632} INFO - Processing file /home/julio/anaconda3/lib/python3.8/site-packages/airflow/example_dags/example_latest_only.py for tasks to queue
[2021-07-18 16:24:47,581] {logging_mixin.py:104} INFO - [2021-07-18 16:24:47,581] {dagbag.py:496} INFO - Filling up the DagBag from /home/julio/anaconda3/lib/python3.8/site-packages/airflow/example_dags/example_latest_only.py
[2021-07-18 16:24:47,592] {scheduler_job.py:642} INFO - DAG(s) dict_keys(['latest_only']) retrieved from /home/julio/anaconda3/lib/python3.8/site-packages/airflow/example_dags/example_latest_only.py
[2021-07-18 16:24:47,615] {logging_mixin.py:104} INFO - [2021-07-18 16:24:47,615] {dag.py:1833} INFO - Sync 1 DAGs
[2021-07-18 16:24:47,626] {logging_mixin.py:104} INFO - [2021-07-18 16:24:47,626] {dag.py:2306} INFO - Setting next_dagrun for latest_only to 2021-07-16 00:00:00+00:00
[2021-07-18 16:24:47,647] {scheduler_job.py:189} INFO - Processing /home/julio/anaconda3/lib/python3.8/site-packages/airflow/example_dags/example_latest_only.py took 0.076 seconds
[2021-07-18 16:25:17,918] {scheduler_job.py:181} INFO - Started process (PID=13805) to work on /home/julio/anaconda3/lib/python3.8/site-packages/airflow/example_dags/example_latest_only.py
[2021-07-18 16:25:17,919] {scheduler_job.py:632} INFO - Processing file /home/julio/anaconda3/lib/python3.8/site-packages/airflow/example_dags/example_latest_only.py for tasks to queue
[2021-07-18 16:25:17,919] {logging_mixin.py:104} INFO - [2021-07-18 16:25:17,919] {dagbag.py:496} INFO - Filling up the DagBag from /home/julio/anaconda3/lib/python3.8/site-packages/airflow/example_dags/example_latest_only.py
[2021-07-18 16:25:17,929] {scheduler_job.py:642} INFO - DAG(s) dict_keys(['latest_only']) retrieved from /home/julio/anaconda3/lib/python3.8/site-packages/airflow/example_dags/example_latest_only.py
[2021-07-18 16:25:17,939] {logging_mixin.py:104} INFO - [2021-07-18 16:25:17,939] {dag.py:1833} INFO - Sync 1 DAGs
[2021-07-18 16:25:17,951] {logging_mixin.py:104} INFO - [2021-07-18 16:25:17,951] {dag.py:2306} INFO - Setting next_dagrun for latest_only to 2021-07-16 00:00:00+00:00
[2021-07-18 16:25:17,974] {scheduler_job.py:189} INFO - Processing /home/julio/anaconda3/lib/python3.8/site-packages/airflow/example_dags/example_latest_only.py took 0.058 seconds
[2021-07-18 16:25:49,080] {scheduler_job.py:181} INFO - Started process (PID=13867) to work on /home/julio/anaconda3/lib/python3.8/site-packages/airflow/example_dags/example_latest_only.py
[2021-07-18 16:25:49,083] {scheduler_job.py:632} INFO - Processing file /home/julio/anaconda3/lib/python3.8/site-packages/airflow/example_dags/example_latest_only.py for tasks to queue
[2021-07-18 16:25:49,084] {logging_mixin.py:104} INFO - [2021-07-18 16:25:49,084] {dagbag.py:496} INFO - Filling up the DagBag from /home/julio/anaconda3/lib/python3.8/site-packages/airflow/example_dags/example_latest_only.py
[2021-07-18 16:25:49,095] {scheduler_job.py:642} INFO - DAG(s) dict_keys(['latest_only']) retrieved from /home/julio/anaconda3/lib/python3.8/site-packages/airflow/example_dags/example_latest_only.py
[2021-07-18 16:25:49,109] {logging_mixin.py:104} INFO - [2021-07-18 16:25:49,109] {dag.py:1833} INFO - Sync 1 DAGs
[2021-07-18 16:25:49,119] {logging_mixin.py:104} INFO - [2021-07-18 16:25:49,119] {dag.py:2306} INFO - Setting next_dagrun for latest_only to 2021-07-16 00:00:00+00:00
[2021-07-18 16:25:49,139] {scheduler_job.py:189} INFO - Processing /home/julio/anaconda3/lib/python3.8/site-packages/airflow/example_dags/example_latest_only.py took 0.064 seconds
[2021-07-18 16:26:30,861] {scheduler_job.py:181} INFO - Started process (PID=13945) to work on /home/julio/anaconda3/lib/python3.8/site-packages/airflow/example_dags/example_latest_only.py
[2021-07-18 16:26:30,862] {scheduler_job.py:632} INFO - Processing file /home/julio/anaconda3/lib/python3.8/site-packages/airflow/example_dags/example_latest_only.py for tasks to queue
[2021-07-18 16:26:30,862] {logging_mixin.py:104} INFO - [2021-07-18 16:26:30,862] {dagbag.py:496} INFO - Filling up the DagBag from /home/julio/anaconda3/lib/python3.8/site-packages/airflow/example_dags/example_latest_only.py
[2021-07-18 16:26:30,871] {scheduler_job.py:642} INFO - DAG(s) dict_keys(['latest_only']) retrieved from /home/julio/anaconda3/lib/python3.8/site-packages/airflow/example_dags/example_latest_only.py
[2021-07-18 16:26:30,883] {logging_mixin.py:104} INFO - [2021-07-18 16:26:30,883] {dag.py:1833} INFO - Sync 1 DAGs
[2021-07-18 16:26:30,892] {logging_mixin.py:104} INFO - [2021-07-18 16:26:30,892] {dag.py:2306} INFO - Setting next_dagrun for latest_only to 2021-07-16 00:00:00+00:00
[2021-07-18 16:26:30,911] {scheduler_job.py:189} INFO - Processing /home/julio/anaconda3/lib/python3.8/site-packages/airflow/example_dags/example_latest_only.py took 0.052 seconds
[2021-07-18 16:27:05,451] {scheduler_job.py:181} INFO - Started process (PID=14252) to work on /home/julio/anaconda3/lib/python3.8/site-packages/airflow/example_dags/example_latest_only.py
[2021-07-18 16:27:05,452] {scheduler_job.py:632} INFO - Processing file /home/julio/anaconda3/lib/python3.8/site-packages/airflow/example_dags/example_latest_only.py for tasks to queue
[2021-07-18 16:27:05,453] {logging_mixin.py:104} INFO - [2021-07-18 16:27:05,452] {dagbag.py:496} INFO - Filling up the DagBag from /home/julio/anaconda3/lib/python3.8/site-packages/airflow/example_dags/example_latest_only.py
[2021-07-18 16:27:05,471] {scheduler_job.py:642} INFO - DAG(s) dict_keys(['latest_only']) retrieved from /home/julio/anaconda3/lib/python3.8/site-packages/airflow/example_dags/example_latest_only.py
[2021-07-18 16:27:05,485] {logging_mixin.py:104} INFO - [2021-07-18 16:27:05,485] {dag.py:1833} INFO - Sync 1 DAGs
[2021-07-18 16:27:05,500] {logging_mixin.py:104} INFO - [2021-07-18 16:27:05,500] {dag.py:2306} INFO - Setting next_dagrun for latest_only to 2021-07-16 00:00:00+00:00
[2021-07-18 16:27:05,517] {scheduler_job.py:189} INFO - Processing /home/julio/anaconda3/lib/python3.8/site-packages/airflow/example_dags/example_latest_only.py took 0.068 seconds
[2021-07-18 16:27:37,478] {scheduler_job.py:181} INFO - Started process (PID=14351) to work on /home/julio/anaconda3/lib/python3.8/site-packages/airflow/example_dags/example_latest_only.py
[2021-07-18 16:27:37,478] {scheduler_job.py:632} INFO - Processing file /home/julio/anaconda3/lib/python3.8/site-packages/airflow/example_dags/example_latest_only.py for tasks to queue
[2021-07-18 16:27:37,479] {logging_mixin.py:104} INFO - [2021-07-18 16:27:37,479] {dagbag.py:496} INFO - Filling up the DagBag from /home/julio/anaconda3/lib/python3.8/site-packages/airflow/example_dags/example_latest_only.py
[2021-07-18 16:27:37,490] {scheduler_job.py:642} INFO - DAG(s) dict_keys(['latest_only']) retrieved from /home/julio/anaconda3/lib/python3.8/site-packages/airflow/example_dags/example_latest_only.py
[2021-07-18 16:27:37,503] {logging_mixin.py:104} INFO - [2021-07-18 16:27:37,503] {dag.py:1833} INFO - Sync 1 DAGs
[2021-07-18 16:27:37,513] {logging_mixin.py:104} INFO - [2021-07-18 16:27:37,513] {dag.py:2306} INFO - Setting next_dagrun for latest_only to 2021-07-16 00:00:00+00:00
[2021-07-18 16:27:37,532] {scheduler_job.py:189} INFO - Processing /home/julio/anaconda3/lib/python3.8/site-packages/airflow/example_dags/example_latest_only.py took 0.057 seconds
[2021-07-18 16:28:10,868] {scheduler_job.py:181} INFO - Started process (PID=14431) to work on /home/julio/anaconda3/lib/python3.8/site-packages/airflow/example_dags/example_latest_only.py
[2021-07-18 16:28:10,869] {scheduler_job.py:632} INFO - Processing file /home/julio/anaconda3/lib/python3.8/site-packages/airflow/example_dags/example_latest_only.py for tasks to queue
[2021-07-18 16:28:10,870] {logging_mixin.py:104} INFO - [2021-07-18 16:28:10,870] {dagbag.py:496} INFO - Filling up the DagBag from /home/julio/anaconda3/lib/python3.8/site-packages/airflow/example_dags/example_latest_only.py
[2021-07-18 16:28:10,885] {scheduler_job.py:642} INFO - DAG(s) dict_keys(['latest_only']) retrieved from /home/julio/anaconda3/lib/python3.8/site-packages/airflow/example_dags/example_latest_only.py
[2021-07-18 16:28:10,900] {logging_mixin.py:104} INFO - [2021-07-18 16:28:10,899] {dag.py:1833} INFO - Sync 1 DAGs
[2021-07-18 16:28:10,911] {logging_mixin.py:104} INFO - [2021-07-18 16:28:10,911] {dag.py:2306} INFO - Setting next_dagrun for latest_only to 2021-07-16 00:00:00+00:00
[2021-07-18 16:28:10,936] {scheduler_job.py:189} INFO - Processing /home/julio/anaconda3/lib/python3.8/site-packages/airflow/example_dags/example_latest_only.py took 0.071 seconds
[2021-07-18 16:28:45,537] {scheduler_job.py:181} INFO - Started process (PID=14527) to work on /home/julio/anaconda3/lib/python3.8/site-packages/airflow/example_dags/example_latest_only.py
[2021-07-18 16:28:45,544] {scheduler_job.py:632} INFO - Processing file /home/julio/anaconda3/lib/python3.8/site-packages/airflow/example_dags/example_latest_only.py for tasks to queue
[2021-07-18 16:28:45,544] {logging_mixin.py:104} INFO - [2021-07-18 16:28:45,544] {dagbag.py:496} INFO - Filling up the DagBag from /home/julio/anaconda3/lib/python3.8/site-packages/airflow/example_dags/example_latest_only.py
[2021-07-18 16:28:45,563] {scheduler_job.py:642} INFO - DAG(s) dict_keys(['latest_only']) retrieved from /home/julio/anaconda3/lib/python3.8/site-packages/airflow/example_dags/example_latest_only.py
[2021-07-18 16:28:45,585] {logging_mixin.py:104} INFO - [2021-07-18 16:28:45,585] {dag.py:1833} INFO - Sync 1 DAGs
[2021-07-18 16:28:45,601] {logging_mixin.py:104} INFO - [2021-07-18 16:28:45,601] {dag.py:2306} INFO - Setting next_dagrun for latest_only to 2021-07-16 00:00:00+00:00
[2021-07-18 16:28:45,620] {scheduler_job.py:189} INFO - Processing /home/julio/anaconda3/lib/python3.8/site-packages/airflow/example_dags/example_latest_only.py took 0.086 seconds
[2021-07-18 16:29:19,322] {scheduler_job.py:181} INFO - Started process (PID=14605) to work on /home/julio/anaconda3/lib/python3.8/site-packages/airflow/example_dags/example_latest_only.py
[2021-07-18 16:29:19,324] {scheduler_job.py:632} INFO - Processing file /home/julio/anaconda3/lib/python3.8/site-packages/airflow/example_dags/example_latest_only.py for tasks to queue
[2021-07-18 16:29:19,325] {logging_mixin.py:104} INFO - [2021-07-18 16:29:19,325] {dagbag.py:496} INFO - Filling up the DagBag from /home/julio/anaconda3/lib/python3.8/site-packages/airflow/example_dags/example_latest_only.py
[2021-07-18 16:29:19,341] {scheduler_job.py:642} INFO - DAG(s) dict_keys(['latest_only']) retrieved from /home/julio/anaconda3/lib/python3.8/site-packages/airflow/example_dags/example_latest_only.py
[2021-07-18 16:29:19,357] {logging_mixin.py:104} INFO - [2021-07-18 16:29:19,357] {dag.py:1833} INFO - Sync 1 DAGs
[2021-07-18 16:29:19,368] {logging_mixin.py:104} INFO - [2021-07-18 16:29:19,367] {dag.py:2306} INFO - Setting next_dagrun for latest_only to 2021-07-16 00:00:00+00:00
[2021-07-18 16:29:19,395] {scheduler_job.py:189} INFO - Processing /home/julio/anaconda3/lib/python3.8/site-packages/airflow/example_dags/example_latest_only.py took 0.076 seconds
[2021-07-18 16:30:13,961] {scheduler_job.py:181} INFO - Started process (PID=14783) to work on /home/julio/anaconda3/lib/python3.8/site-packages/airflow/example_dags/example_latest_only.py
[2021-07-18 16:30:13,965] {scheduler_job.py:632} INFO - Processing file /home/julio/anaconda3/lib/python3.8/site-packages/airflow/example_dags/example_latest_only.py for tasks to queue
[2021-07-18 16:30:13,965] {logging_mixin.py:104} INFO - [2021-07-18 16:30:13,965] {dagbag.py:496} INFO - Filling up the DagBag from /home/julio/anaconda3/lib/python3.8/site-packages/airflow/example_dags/example_latest_only.py
[2021-07-18 16:30:13,979] {scheduler_job.py:642} INFO - DAG(s) dict_keys(['latest_only']) retrieved from /home/julio/anaconda3/lib/python3.8/site-packages/airflow/example_dags/example_latest_only.py
[2021-07-18 16:30:13,996] {logging_mixin.py:104} INFO - [2021-07-18 16:30:13,996] {dag.py:1833} INFO - Sync 1 DAGs
[2021-07-18 16:30:14,010] {logging_mixin.py:104} INFO - [2021-07-18 16:30:14,010] {dag.py:2306} INFO - Setting next_dagrun for latest_only to 2021-07-16 00:00:00+00:00
[2021-07-18 16:30:14,031] {scheduler_job.py:189} INFO - Processing /home/julio/anaconda3/lib/python3.8/site-packages/airflow/example_dags/example_latest_only.py took 0.073 seconds
[2021-07-18 16:31:45,788] {scheduler_job.py:181} INFO - Started process (PID=14994) to work on /home/julio/anaconda3/lib/python3.8/site-packages/airflow/example_dags/example_latest_only.py
[2021-07-18 16:31:45,790] {scheduler_job.py:632} INFO - Processing file /home/julio/anaconda3/lib/python3.8/site-packages/airflow/example_dags/example_latest_only.py for tasks to queue
[2021-07-18 16:31:45,791] {logging_mixin.py:104} INFO - [2021-07-18 16:31:45,790] {dagbag.py:496} INFO - Filling up the DagBag from /home/julio/anaconda3/lib/python3.8/site-packages/airflow/example_dags/example_latest_only.py
[2021-07-18 16:31:45,808] {scheduler_job.py:642} INFO - DAG(s) dict_keys(['latest_only']) retrieved from /home/julio/anaconda3/lib/python3.8/site-packages/airflow/example_dags/example_latest_only.py
[2021-07-18 16:31:45,829] {logging_mixin.py:104} INFO - [2021-07-18 16:31:45,828] {dag.py:1833} INFO - Sync 1 DAGs
[2021-07-18 16:31:45,842] {logging_mixin.py:104} INFO - [2021-07-18 16:31:45,842] {dag.py:2306} INFO - Setting next_dagrun for latest_only to 2021-07-16 00:00:00+00:00
[2021-07-18 16:31:45,867] {scheduler_job.py:189} INFO - Processing /home/julio/anaconda3/lib/python3.8/site-packages/airflow/example_dags/example_latest_only.py took 0.096 seconds
[2021-07-18 16:32:22,464] {scheduler_job.py:181} INFO - Started process (PID=15085) to work on /home/julio/anaconda3/lib/python3.8/site-packages/airflow/example_dags/example_latest_only.py
[2021-07-18 16:32:22,470] {scheduler_job.py:632} INFO - Processing file /home/julio/anaconda3/lib/python3.8/site-packages/airflow/example_dags/example_latest_only.py for tasks to queue
[2021-07-18 16:32:22,470] {logging_mixin.py:104} INFO - [2021-07-18 16:32:22,470] {dagbag.py:496} INFO - Filling up the DagBag from /home/julio/anaconda3/lib/python3.8/site-packages/airflow/example_dags/example_latest_only.py
[2021-07-18 16:32:22,494] {scheduler_job.py:642} INFO - DAG(s) dict_keys(['latest_only']) retrieved from /home/julio/anaconda3/lib/python3.8/site-packages/airflow/example_dags/example_latest_only.py
[2021-07-18 16:32:22,528] {logging_mixin.py:104} INFO - [2021-07-18 16:32:22,528] {dag.py:1833} INFO - Sync 1 DAGs
[2021-07-18 16:32:22,559] {logging_mixin.py:104} INFO - [2021-07-18 16:32:22,558] {dag.py:2306} INFO - Setting next_dagrun for latest_only to 2021-07-16 00:00:00+00:00
[2021-07-18 16:32:22,584] {scheduler_job.py:189} INFO - Processing /home/julio/anaconda3/lib/python3.8/site-packages/airflow/example_dags/example_latest_only.py took 0.122 seconds
[2021-07-18 16:32:53,907] {scheduler_job.py:181} INFO - Started process (PID=15161) to work on /home/julio/anaconda3/lib/python3.8/site-packages/airflow/example_dags/example_latest_only.py
[2021-07-18 16:32:53,908] {scheduler_job.py:632} INFO - Processing file /home/julio/anaconda3/lib/python3.8/site-packages/airflow/example_dags/example_latest_only.py for tasks to queue
[2021-07-18 16:32:53,908] {logging_mixin.py:104} INFO - [2021-07-18 16:32:53,908] {dagbag.py:496} INFO - Filling up the DagBag from /home/julio/anaconda3/lib/python3.8/site-packages/airflow/example_dags/example_latest_only.py
[2021-07-18 16:32:53,923] {scheduler_job.py:642} INFO - DAG(s) dict_keys(['latest_only']) retrieved from /home/julio/anaconda3/lib/python3.8/site-packages/airflow/example_dags/example_latest_only.py
[2021-07-18 16:32:53,941] {logging_mixin.py:104} INFO - [2021-07-18 16:32:53,941] {dag.py:1833} INFO - Sync 1 DAGs
[2021-07-18 16:32:53,949] {logging_mixin.py:104} INFO - [2021-07-18 16:32:53,949] {dag.py:2306} INFO - Setting next_dagrun for latest_only to 2021-07-16 00:00:00+00:00
[2021-07-18 16:32:53,975] {scheduler_job.py:189} INFO - Processing /home/julio/anaconda3/lib/python3.8/site-packages/airflow/example_dags/example_latest_only.py took 0.070 seconds
[2021-07-18 16:33:29,755] {scheduler_job.py:181} INFO - Started process (PID=15253) to work on /home/julio/anaconda3/lib/python3.8/site-packages/airflow/example_dags/example_latest_only.py
[2021-07-18 16:33:29,756] {scheduler_job.py:632} INFO - Processing file /home/julio/anaconda3/lib/python3.8/site-packages/airflow/example_dags/example_latest_only.py for tasks to queue
[2021-07-18 16:33:29,756] {logging_mixin.py:104} INFO - [2021-07-18 16:33:29,756] {dagbag.py:496} INFO - Filling up the DagBag from /home/julio/anaconda3/lib/python3.8/site-packages/airflow/example_dags/example_latest_only.py
[2021-07-18 16:33:29,776] {scheduler_job.py:642} INFO - DAG(s) dict_keys(['latest_only']) retrieved from /home/julio/anaconda3/lib/python3.8/site-packages/airflow/example_dags/example_latest_only.py
[2021-07-18 16:33:29,795] {logging_mixin.py:104} INFO - [2021-07-18 16:33:29,795] {dag.py:1833} INFO - Sync 1 DAGs
[2021-07-18 16:33:29,804] {logging_mixin.py:104} INFO - [2021-07-18 16:33:29,804] {dag.py:2306} INFO - Setting next_dagrun for latest_only to 2021-07-16 00:00:00+00:00
[2021-07-18 16:33:29,824] {scheduler_job.py:189} INFO - Processing /home/julio/anaconda3/lib/python3.8/site-packages/airflow/example_dags/example_latest_only.py took 0.072 seconds
[2021-07-18 16:34:00,953] {scheduler_job.py:181} INFO - Started process (PID=15312) to work on /home/julio/anaconda3/lib/python3.8/site-packages/airflow/example_dags/example_latest_only.py
[2021-07-18 16:34:00,957] {scheduler_job.py:632} INFO - Processing file /home/julio/anaconda3/lib/python3.8/site-packages/airflow/example_dags/example_latest_only.py for tasks to queue
[2021-07-18 16:34:00,958] {logging_mixin.py:104} INFO - [2021-07-18 16:34:00,958] {dagbag.py:496} INFO - Filling up the DagBag from /home/julio/anaconda3/lib/python3.8/site-packages/airflow/example_dags/example_latest_only.py
[2021-07-18 16:34:00,972] {scheduler_job.py:642} INFO - DAG(s) dict_keys(['latest_only']) retrieved from /home/julio/anaconda3/lib/python3.8/site-packages/airflow/example_dags/example_latest_only.py
[2021-07-18 16:34:00,984] {logging_mixin.py:104} INFO - [2021-07-18 16:34:00,983] {dag.py:1833} INFO - Sync 1 DAGs
[2021-07-18 16:34:00,994] {logging_mixin.py:104} INFO - [2021-07-18 16:34:00,994] {dag.py:2306} INFO - Setting next_dagrun for latest_only to 2021-07-16 00:00:00+00:00
[2021-07-18 16:34:01,010] {scheduler_job.py:189} INFO - Processing /home/julio/anaconda3/lib/python3.8/site-packages/airflow/example_dags/example_latest_only.py took 0.059 seconds
[2021-07-18 16:34:33,229] {scheduler_job.py:181} INFO - Started process (PID=15371) to work on /home/julio/anaconda3/lib/python3.8/site-packages/airflow/example_dags/example_latest_only.py
[2021-07-18 16:34:33,232] {scheduler_job.py:632} INFO - Processing file /home/julio/anaconda3/lib/python3.8/site-packages/airflow/example_dags/example_latest_only.py for tasks to queue
[2021-07-18 16:34:33,232] {logging_mixin.py:104} INFO - [2021-07-18 16:34:33,232] {dagbag.py:496} INFO - Filling up the DagBag from /home/julio/anaconda3/lib/python3.8/site-packages/airflow/example_dags/example_latest_only.py
[2021-07-18 16:34:33,246] {scheduler_job.py:642} INFO - DAG(s) dict_keys(['latest_only']) retrieved from /home/julio/anaconda3/lib/python3.8/site-packages/airflow/example_dags/example_latest_only.py
[2021-07-18 16:34:33,260] {logging_mixin.py:104} INFO - [2021-07-18 16:34:33,260] {dag.py:1833} INFO - Sync 1 DAGs
[2021-07-18 16:34:33,270] {logging_mixin.py:104} INFO - [2021-07-18 16:34:33,270] {dag.py:2306} INFO - Setting next_dagrun for latest_only to 2021-07-16 00:00:00+00:00
[2021-07-18 16:34:33,290] {scheduler_job.py:189} INFO - Processing /home/julio/anaconda3/lib/python3.8/site-packages/airflow/example_dags/example_latest_only.py took 0.064 seconds
[2021-07-18 16:35:04,397] {scheduler_job.py:181} INFO - Started process (PID=15423) to work on /home/julio/anaconda3/lib/python3.8/site-packages/airflow/example_dags/example_latest_only.py
[2021-07-18 16:35:04,401] {scheduler_job.py:632} INFO - Processing file /home/julio/anaconda3/lib/python3.8/site-packages/airflow/example_dags/example_latest_only.py for tasks to queue
[2021-07-18 16:35:04,403] {logging_mixin.py:104} INFO - [2021-07-18 16:35:04,402] {dagbag.py:496} INFO - Filling up the DagBag from /home/julio/anaconda3/lib/python3.8/site-packages/airflow/example_dags/example_latest_only.py
[2021-07-18 16:35:04,412] {scheduler_job.py:642} INFO - DAG(s) dict_keys(['latest_only']) retrieved from /home/julio/anaconda3/lib/python3.8/site-packages/airflow/example_dags/example_latest_only.py
[2021-07-18 16:35:04,423] {logging_mixin.py:104} INFO - [2021-07-18 16:35:04,423] {dag.py:1833} INFO - Sync 1 DAGs
[2021-07-18 16:35:04,432] {logging_mixin.py:104} INFO - [2021-07-18 16:35:04,432] {dag.py:2306} INFO - Setting next_dagrun for latest_only to 2021-07-16 00:00:00+00:00
[2021-07-18 16:35:04,447] {scheduler_job.py:189} INFO - Processing /home/julio/anaconda3/lib/python3.8/site-packages/airflow/example_dags/example_latest_only.py took 0.054 seconds
[2021-07-18 16:35:35,457] {scheduler_job.py:181} INFO - Started process (PID=15482) to work on /home/julio/anaconda3/lib/python3.8/site-packages/airflow/example_dags/example_latest_only.py
[2021-07-18 16:35:35,463] {scheduler_job.py:632} INFO - Processing file /home/julio/anaconda3/lib/python3.8/site-packages/airflow/example_dags/example_latest_only.py for tasks to queue
[2021-07-18 16:35:35,464] {logging_mixin.py:104} INFO - [2021-07-18 16:35:35,464] {dagbag.py:496} INFO - Filling up the DagBag from /home/julio/anaconda3/lib/python3.8/site-packages/airflow/example_dags/example_latest_only.py
[2021-07-18 16:35:35,478] {scheduler_job.py:642} INFO - DAG(s) dict_keys(['latest_only']) retrieved from /home/julio/anaconda3/lib/python3.8/site-packages/airflow/example_dags/example_latest_only.py
[2021-07-18 16:35:35,492] {logging_mixin.py:104} INFO - [2021-07-18 16:35:35,492] {dag.py:1833} INFO - Sync 1 DAGs
[2021-07-18 16:35:35,501] {logging_mixin.py:104} INFO - [2021-07-18 16:35:35,501] {dag.py:2306} INFO - Setting next_dagrun for latest_only to 2021-07-16 00:00:00+00:00
[2021-07-18 16:35:35,521] {scheduler_job.py:189} INFO - Processing /home/julio/anaconda3/lib/python3.8/site-packages/airflow/example_dags/example_latest_only.py took 0.067 seconds
[2021-07-18 16:36:10,255] {scheduler_job.py:181} INFO - Started process (PID=15543) to work on /home/julio/anaconda3/lib/python3.8/site-packages/airflow/example_dags/example_latest_only.py
[2021-07-18 16:36:10,256] {scheduler_job.py:632} INFO - Processing file /home/julio/anaconda3/lib/python3.8/site-packages/airflow/example_dags/example_latest_only.py for tasks to queue
[2021-07-18 16:36:10,256] {logging_mixin.py:104} INFO - [2021-07-18 16:36:10,256] {dagbag.py:496} INFO - Filling up the DagBag from /home/julio/anaconda3/lib/python3.8/site-packages/airflow/example_dags/example_latest_only.py
[2021-07-18 16:36:10,269] {scheduler_job.py:642} INFO - DAG(s) dict_keys(['latest_only']) retrieved from /home/julio/anaconda3/lib/python3.8/site-packages/airflow/example_dags/example_latest_only.py
[2021-07-18 16:36:10,283] {logging_mixin.py:104} INFO - [2021-07-18 16:36:10,283] {dag.py:1833} INFO - Sync 1 DAGs
[2021-07-18 16:36:10,292] {logging_mixin.py:104} INFO - [2021-07-18 16:36:10,292] {dag.py:2306} INFO - Setting next_dagrun for latest_only to 2021-07-16 00:00:00+00:00
[2021-07-18 16:36:10,307] {scheduler_job.py:189} INFO - Processing /home/julio/anaconda3/lib/python3.8/site-packages/airflow/example_dags/example_latest_only.py took 0.054 seconds
[2021-07-18 16:36:41,473] {scheduler_job.py:181} INFO - Started process (PID=15598) to work on /home/julio/anaconda3/lib/python3.8/site-packages/airflow/example_dags/example_latest_only.py
[2021-07-18 16:36:41,476] {scheduler_job.py:632} INFO - Processing file /home/julio/anaconda3/lib/python3.8/site-packages/airflow/example_dags/example_latest_only.py for tasks to queue
[2021-07-18 16:36:41,476] {logging_mixin.py:104} INFO - [2021-07-18 16:36:41,476] {dagbag.py:496} INFO - Filling up the DagBag from /home/julio/anaconda3/lib/python3.8/site-packages/airflow/example_dags/example_latest_only.py
[2021-07-18 16:36:41,485] {scheduler_job.py:642} INFO - DAG(s) dict_keys(['latest_only']) retrieved from /home/julio/anaconda3/lib/python3.8/site-packages/airflow/example_dags/example_latest_only.py
[2021-07-18 16:36:41,495] {logging_mixin.py:104} INFO - [2021-07-18 16:36:41,495] {dag.py:1833} INFO - Sync 1 DAGs
[2021-07-18 16:36:41,503] {logging_mixin.py:104} INFO - [2021-07-18 16:36:41,503] {dag.py:2306} INFO - Setting next_dagrun for latest_only to 2021-07-16 00:00:00+00:00
[2021-07-18 16:36:41,518] {scheduler_job.py:189} INFO - Processing /home/julio/anaconda3/lib/python3.8/site-packages/airflow/example_dags/example_latest_only.py took 0.049 seconds
[2021-07-18 16:37:15,624] {scheduler_job.py:181} INFO - Started process (PID=15658) to work on /home/julio/anaconda3/lib/python3.8/site-packages/airflow/example_dags/example_latest_only.py
[2021-07-18 16:37:15,630] {scheduler_job.py:632} INFO - Processing file /home/julio/anaconda3/lib/python3.8/site-packages/airflow/example_dags/example_latest_only.py for tasks to queue
[2021-07-18 16:37:15,631] {logging_mixin.py:104} INFO - [2021-07-18 16:37:15,631] {dagbag.py:496} INFO - Filling up the DagBag from /home/julio/anaconda3/lib/python3.8/site-packages/airflow/example_dags/example_latest_only.py
[2021-07-18 16:37:15,642] {scheduler_job.py:642} INFO - DAG(s) dict_keys(['latest_only']) retrieved from /home/julio/anaconda3/lib/python3.8/site-packages/airflow/example_dags/example_latest_only.py
[2021-07-18 16:37:15,653] {logging_mixin.py:104} INFO - [2021-07-18 16:37:15,653] {dag.py:1833} INFO - Sync 1 DAGs
[2021-07-18 16:37:15,662] {logging_mixin.py:104} INFO - [2021-07-18 16:37:15,662] {dag.py:2306} INFO - Setting next_dagrun for latest_only to 2021-07-16 00:00:00+00:00
[2021-07-18 16:37:15,681] {scheduler_job.py:189} INFO - Processing /home/julio/anaconda3/lib/python3.8/site-packages/airflow/example_dags/example_latest_only.py took 0.062 seconds
[2021-07-18 16:37:50,437] {scheduler_job.py:181} INFO - Started process (PID=15740) to work on /home/julio/anaconda3/lib/python3.8/site-packages/airflow/example_dags/example_latest_only.py
[2021-07-18 16:37:50,441] {scheduler_job.py:632} INFO - Processing file /home/julio/anaconda3/lib/python3.8/site-packages/airflow/example_dags/example_latest_only.py for tasks to queue
[2021-07-18 16:37:50,441] {logging_mixin.py:104} INFO - [2021-07-18 16:37:50,441] {dagbag.py:496} INFO - Filling up the DagBag from /home/julio/anaconda3/lib/python3.8/site-packages/airflow/example_dags/example_latest_only.py
[2021-07-18 16:37:50,451] {scheduler_job.py:642} INFO - DAG(s) dict_keys(['latest_only']) retrieved from /home/julio/anaconda3/lib/python3.8/site-packages/airflow/example_dags/example_latest_only.py
[2021-07-18 16:37:50,462] {logging_mixin.py:104} INFO - [2021-07-18 16:37:50,462] {dag.py:1833} INFO - Sync 1 DAGs
[2021-07-18 16:37:50,472] {logging_mixin.py:104} INFO - [2021-07-18 16:37:50,471] {dag.py:2306} INFO - Setting next_dagrun for latest_only to 2021-07-16 00:00:00+00:00
[2021-07-18 16:37:50,487] {scheduler_job.py:189} INFO - Processing /home/julio/anaconda3/lib/python3.8/site-packages/airflow/example_dags/example_latest_only.py took 0.055 seconds
[2021-07-18 16:38:24,792] {scheduler_job.py:181} INFO - Started process (PID=15804) to work on /home/julio/anaconda3/lib/python3.8/site-packages/airflow/example_dags/example_latest_only.py
[2021-07-18 16:38:24,792] {scheduler_job.py:632} INFO - Processing file /home/julio/anaconda3/lib/python3.8/site-packages/airflow/example_dags/example_latest_only.py for tasks to queue
[2021-07-18 16:38:24,793] {logging_mixin.py:104} INFO - [2021-07-18 16:38:24,793] {dagbag.py:496} INFO - Filling up the DagBag from /home/julio/anaconda3/lib/python3.8/site-packages/airflow/example_dags/example_latest_only.py
[2021-07-18 16:38:24,800] {scheduler_job.py:642} INFO - DAG(s) dict_keys(['latest_only']) retrieved from /home/julio/anaconda3/lib/python3.8/site-packages/airflow/example_dags/example_latest_only.py
[2021-07-18 16:38:24,810] {logging_mixin.py:104} INFO - [2021-07-18 16:38:24,810] {dag.py:1833} INFO - Sync 1 DAGs
[2021-07-18 16:38:24,818] {logging_mixin.py:104} INFO - [2021-07-18 16:38:24,817] {dag.py:2306} INFO - Setting next_dagrun for latest_only to 2021-07-16 00:00:00+00:00
[2021-07-18 16:38:24,837] {scheduler_job.py:189} INFO - Processing /home/julio/anaconda3/lib/python3.8/site-packages/airflow/example_dags/example_latest_only.py took 0.048 seconds
[2021-07-18 16:40:55,488] {scheduler_job.py:181} INFO - Started process (PID=15944) to work on /home/julio/anaconda3/lib/python3.8/site-packages/airflow/example_dags/example_latest_only.py
[2021-07-18 16:40:55,493] {scheduler_job.py:632} INFO - Processing file /home/julio/anaconda3/lib/python3.8/site-packages/airflow/example_dags/example_latest_only.py for tasks to queue
[2021-07-18 16:40:55,494] {logging_mixin.py:104} INFO - [2021-07-18 16:40:55,494] {dagbag.py:496} INFO - Filling up the DagBag from /home/julio/anaconda3/lib/python3.8/site-packages/airflow/example_dags/example_latest_only.py
[2021-07-18 16:40:55,498] {scheduler_job.py:642} INFO - DAG(s) dict_keys(['latest_only']) retrieved from /home/julio/anaconda3/lib/python3.8/site-packages/airflow/example_dags/example_latest_only.py
[2021-07-18 16:40:55,508] {logging_mixin.py:104} INFO - [2021-07-18 16:40:55,508] {dag.py:1833} INFO - Sync 1 DAGs
[2021-07-18 16:40:55,516] {logging_mixin.py:104} INFO - [2021-07-18 16:40:55,516] {dag.py:2306} INFO - Setting next_dagrun for latest_only to 2021-07-16 00:00:00+00:00
[2021-07-18 16:40:55,545] {scheduler_job.py:189} INFO - Processing /home/julio/anaconda3/lib/python3.8/site-packages/airflow/example_dags/example_latest_only.py took 0.060 seconds
[2021-07-18 16:41:31,197] {scheduler_job.py:181} INFO - Started process (PID=16037) to work on /home/julio/anaconda3/lib/python3.8/site-packages/airflow/example_dags/example_latest_only.py
[2021-07-18 16:41:31,201] {scheduler_job.py:632} INFO - Processing file /home/julio/anaconda3/lib/python3.8/site-packages/airflow/example_dags/example_latest_only.py for tasks to queue
[2021-07-18 16:41:31,205] {logging_mixin.py:104} INFO - [2021-07-18 16:41:31,204] {dagbag.py:496} INFO - Filling up the DagBag from /home/julio/anaconda3/lib/python3.8/site-packages/airflow/example_dags/example_latest_only.py
[2021-07-18 16:41:31,210] {scheduler_job.py:642} INFO - DAG(s) dict_keys(['latest_only']) retrieved from /home/julio/anaconda3/lib/python3.8/site-packages/airflow/example_dags/example_latest_only.py
[2021-07-18 16:41:31,232] {logging_mixin.py:104} INFO - [2021-07-18 16:41:31,232] {dag.py:1833} INFO - Sync 1 DAGs
[2021-07-18 16:41:31,247] {logging_mixin.py:104} INFO - [2021-07-18 16:41:31,247] {dag.py:2306} INFO - Setting next_dagrun for latest_only to 2021-07-16 00:00:00+00:00
[2021-07-18 16:41:31,268] {scheduler_job.py:189} INFO - Processing /home/julio/anaconda3/lib/python3.8/site-packages/airflow/example_dags/example_latest_only.py took 0.074 seconds
[2021-07-18 16:42:05,203] {scheduler_job.py:181} INFO - Started process (PID=16124) to work on /home/julio/anaconda3/lib/python3.8/site-packages/airflow/example_dags/example_latest_only.py
[2021-07-18 16:42:05,204] {scheduler_job.py:632} INFO - Processing file /home/julio/anaconda3/lib/python3.8/site-packages/airflow/example_dags/example_latest_only.py for tasks to queue
[2021-07-18 16:42:05,205] {logging_mixin.py:104} INFO - [2021-07-18 16:42:05,204] {dagbag.py:496} INFO - Filling up the DagBag from /home/julio/anaconda3/lib/python3.8/site-packages/airflow/example_dags/example_latest_only.py
[2021-07-18 16:42:05,210] {scheduler_job.py:642} INFO - DAG(s) dict_keys(['latest_only']) retrieved from /home/julio/anaconda3/lib/python3.8/site-packages/airflow/example_dags/example_latest_only.py
[2021-07-18 16:42:05,224] {logging_mixin.py:104} INFO - [2021-07-18 16:42:05,224] {dag.py:1833} INFO - Sync 1 DAGs
[2021-07-18 16:42:05,234] {logging_mixin.py:104} INFO - [2021-07-18 16:42:05,234] {dag.py:2306} INFO - Setting next_dagrun for latest_only to 2021-07-16 00:00:00+00:00
[2021-07-18 16:42:05,255] {scheduler_job.py:189} INFO - Processing /home/julio/anaconda3/lib/python3.8/site-packages/airflow/example_dags/example_latest_only.py took 0.055 seconds
