[2021-07-18 15:56:13,410] {scheduler_job.py:181} INFO - Started process (PID=11735) to work on /home/julio/anaconda3/lib/python3.8/site-packages/airflow/example_dags/example_nested_branch_dag.py
[2021-07-18 15:56:13,411] {scheduler_job.py:632} INFO - Processing file /home/julio/anaconda3/lib/python3.8/site-packages/airflow/example_dags/example_nested_branch_dag.py for tasks to queue
[2021-07-18 15:56:13,412] {logging_mixin.py:104} INFO - [2021-07-18 15:56:13,412] {dagbag.py:496} INFO - Filling up the DagBag from /home/julio/anaconda3/lib/python3.8/site-packages/airflow/example_dags/example_nested_branch_dag.py
[2021-07-18 15:56:13,424] {scheduler_job.py:642} INFO - DAG(s) dict_keys(['example_nested_branch_dag']) retrieved from /home/julio/anaconda3/lib/python3.8/site-packages/airflow/example_dags/example_nested_branch_dag.py
[2021-07-18 15:56:13,438] {logging_mixin.py:104} INFO - [2021-07-18 15:56:13,438] {dag.py:1833} INFO - Sync 1 DAGs
[2021-07-18 15:56:13,449] {logging_mixin.py:104} INFO - [2021-07-18 15:56:13,449] {dag.py:2306} INFO - Setting next_dagrun for example_nested_branch_dag to 2021-07-16 00:00:00+00:00
[2021-07-18 15:56:13,465] {scheduler_job.py:189} INFO - Processing /home/julio/anaconda3/lib/python3.8/site-packages/airflow/example_dags/example_nested_branch_dag.py took 0.058 seconds
[2021-07-18 15:56:44,865] {scheduler_job.py:181} INFO - Started process (PID=11766) to work on /home/julio/anaconda3/lib/python3.8/site-packages/airflow/example_dags/example_nested_branch_dag.py
[2021-07-18 15:56:44,867] {scheduler_job.py:632} INFO - Processing file /home/julio/anaconda3/lib/python3.8/site-packages/airflow/example_dags/example_nested_branch_dag.py for tasks to queue
[2021-07-18 15:56:44,868] {logging_mixin.py:104} INFO - [2021-07-18 15:56:44,868] {dagbag.py:496} INFO - Filling up the DagBag from /home/julio/anaconda3/lib/python3.8/site-packages/airflow/example_dags/example_nested_branch_dag.py
[2021-07-18 15:56:44,883] {scheduler_job.py:642} INFO - DAG(s) dict_keys(['example_nested_branch_dag']) retrieved from /home/julio/anaconda3/lib/python3.8/site-packages/airflow/example_dags/example_nested_branch_dag.py
[2021-07-18 15:56:44,895] {logging_mixin.py:104} INFO - [2021-07-18 15:56:44,895] {dag.py:1833} INFO - Sync 1 DAGs
[2021-07-18 15:56:44,905] {logging_mixin.py:104} INFO - [2021-07-18 15:56:44,905] {dag.py:2306} INFO - Setting next_dagrun for example_nested_branch_dag to 2021-07-16 00:00:00+00:00
[2021-07-18 15:56:44,920] {scheduler_job.py:189} INFO - Processing /home/julio/anaconda3/lib/python3.8/site-packages/airflow/example_dags/example_nested_branch_dag.py took 0.061 seconds
[2021-07-18 15:57:16,665] {scheduler_job.py:181} INFO - Started process (PID=11803) to work on /home/julio/anaconda3/lib/python3.8/site-packages/airflow/example_dags/example_nested_branch_dag.py
[2021-07-18 15:57:16,666] {scheduler_job.py:632} INFO - Processing file /home/julio/anaconda3/lib/python3.8/site-packages/airflow/example_dags/example_nested_branch_dag.py for tasks to queue
[2021-07-18 15:57:16,667] {logging_mixin.py:104} INFO - [2021-07-18 15:57:16,666] {dagbag.py:496} INFO - Filling up the DagBag from /home/julio/anaconda3/lib/python3.8/site-packages/airflow/example_dags/example_nested_branch_dag.py
[2021-07-18 15:57:16,677] {scheduler_job.py:642} INFO - DAG(s) dict_keys(['example_nested_branch_dag']) retrieved from /home/julio/anaconda3/lib/python3.8/site-packages/airflow/example_dags/example_nested_branch_dag.py
[2021-07-18 15:57:16,690] {logging_mixin.py:104} INFO - [2021-07-18 15:57:16,690] {dag.py:1833} INFO - Sync 1 DAGs
[2021-07-18 15:57:16,699] {logging_mixin.py:104} INFO - [2021-07-18 15:57:16,699] {dag.py:2306} INFO - Setting next_dagrun for example_nested_branch_dag to 2021-07-16 00:00:00+00:00
[2021-07-18 15:57:16,714] {scheduler_job.py:189} INFO - Processing /home/julio/anaconda3/lib/python3.8/site-packages/airflow/example_dags/example_nested_branch_dag.py took 0.052 seconds
[2021-07-18 15:57:49,837] {scheduler_job.py:181} INFO - Started process (PID=11840) to work on /home/julio/anaconda3/lib/python3.8/site-packages/airflow/example_dags/example_nested_branch_dag.py
[2021-07-18 15:57:49,839] {scheduler_job.py:632} INFO - Processing file /home/julio/anaconda3/lib/python3.8/site-packages/airflow/example_dags/example_nested_branch_dag.py for tasks to queue
[2021-07-18 15:57:49,840] {logging_mixin.py:104} INFO - [2021-07-18 15:57:49,840] {dagbag.py:496} INFO - Filling up the DagBag from /home/julio/anaconda3/lib/python3.8/site-packages/airflow/example_dags/example_nested_branch_dag.py
[2021-07-18 15:57:49,863] {scheduler_job.py:642} INFO - DAG(s) dict_keys(['example_nested_branch_dag']) retrieved from /home/julio/anaconda3/lib/python3.8/site-packages/airflow/example_dags/example_nested_branch_dag.py
[2021-07-18 15:57:49,880] {logging_mixin.py:104} INFO - [2021-07-18 15:57:49,880] {dag.py:1833} INFO - Sync 1 DAGs
[2021-07-18 15:57:49,895] {logging_mixin.py:104} INFO - [2021-07-18 15:57:49,895] {dag.py:2306} INFO - Setting next_dagrun for example_nested_branch_dag to 2021-07-16 00:00:00+00:00
[2021-07-18 15:57:49,918] {scheduler_job.py:189} INFO - Processing /home/julio/anaconda3/lib/python3.8/site-packages/airflow/example_dags/example_nested_branch_dag.py took 0.083 seconds
[2021-07-18 15:58:22,207] {scheduler_job.py:181} INFO - Started process (PID=11874) to work on /home/julio/anaconda3/lib/python3.8/site-packages/airflow/example_dags/example_nested_branch_dag.py
[2021-07-18 15:58:22,208] {scheduler_job.py:632} INFO - Processing file /home/julio/anaconda3/lib/python3.8/site-packages/airflow/example_dags/example_nested_branch_dag.py for tasks to queue
[2021-07-18 15:58:22,208] {logging_mixin.py:104} INFO - [2021-07-18 15:58:22,208] {dagbag.py:496} INFO - Filling up the DagBag from /home/julio/anaconda3/lib/python3.8/site-packages/airflow/example_dags/example_nested_branch_dag.py
[2021-07-18 15:58:22,218] {scheduler_job.py:642} INFO - DAG(s) dict_keys(['example_nested_branch_dag']) retrieved from /home/julio/anaconda3/lib/python3.8/site-packages/airflow/example_dags/example_nested_branch_dag.py
[2021-07-18 15:58:22,229] {logging_mixin.py:104} INFO - [2021-07-18 15:58:22,229] {dag.py:1833} INFO - Sync 1 DAGs
[2021-07-18 15:58:22,238] {logging_mixin.py:104} INFO - [2021-07-18 15:58:22,238] {dag.py:2306} INFO - Setting next_dagrun for example_nested_branch_dag to 2021-07-16 00:00:00+00:00
[2021-07-18 15:58:22,259] {scheduler_job.py:189} INFO - Processing /home/julio/anaconda3/lib/python3.8/site-packages/airflow/example_dags/example_nested_branch_dag.py took 0.055 seconds
[2021-07-18 15:58:54,278] {scheduler_job.py:181} INFO - Started process (PID=11907) to work on /home/julio/anaconda3/lib/python3.8/site-packages/airflow/example_dags/example_nested_branch_dag.py
[2021-07-18 15:58:54,279] {scheduler_job.py:632} INFO - Processing file /home/julio/anaconda3/lib/python3.8/site-packages/airflow/example_dags/example_nested_branch_dag.py for tasks to queue
[2021-07-18 15:58:54,279] {logging_mixin.py:104} INFO - [2021-07-18 15:58:54,279] {dagbag.py:496} INFO - Filling up the DagBag from /home/julio/anaconda3/lib/python3.8/site-packages/airflow/example_dags/example_nested_branch_dag.py
[2021-07-18 15:58:54,292] {scheduler_job.py:642} INFO - DAG(s) dict_keys(['example_nested_branch_dag']) retrieved from /home/julio/anaconda3/lib/python3.8/site-packages/airflow/example_dags/example_nested_branch_dag.py
[2021-07-18 15:58:54,303] {logging_mixin.py:104} INFO - [2021-07-18 15:58:54,303] {dag.py:1833} INFO - Sync 1 DAGs
[2021-07-18 15:58:54,316] {logging_mixin.py:104} INFO - [2021-07-18 15:58:54,316] {dag.py:2306} INFO - Setting next_dagrun for example_nested_branch_dag to 2021-07-16 00:00:00+00:00
[2021-07-18 15:58:54,339] {scheduler_job.py:189} INFO - Processing /home/julio/anaconda3/lib/python3.8/site-packages/airflow/example_dags/example_nested_branch_dag.py took 0.066 seconds
[2021-07-18 16:23:25,087] {scheduler_job.py:181} INFO - Started process (PID=13554) to work on /home/julio/anaconda3/lib/python3.8/site-packages/airflow/example_dags/example_nested_branch_dag.py
[2021-07-18 16:23:25,089] {scheduler_job.py:632} INFO - Processing file /home/julio/anaconda3/lib/python3.8/site-packages/airflow/example_dags/example_nested_branch_dag.py for tasks to queue
[2021-07-18 16:23:25,091] {logging_mixin.py:104} INFO - [2021-07-18 16:23:25,091] {dagbag.py:496} INFO - Filling up the DagBag from /home/julio/anaconda3/lib/python3.8/site-packages/airflow/example_dags/example_nested_branch_dag.py
[2021-07-18 16:23:25,106] {scheduler_job.py:642} INFO - DAG(s) dict_keys(['example_nested_branch_dag']) retrieved from /home/julio/anaconda3/lib/python3.8/site-packages/airflow/example_dags/example_nested_branch_dag.py
[2021-07-18 16:23:25,121] {logging_mixin.py:104} INFO - [2021-07-18 16:23:25,121] {dag.py:1833} INFO - Sync 1 DAGs
[2021-07-18 16:23:25,133] {logging_mixin.py:104} INFO - [2021-07-18 16:23:25,133] {dag.py:2306} INFO - Setting next_dagrun for example_nested_branch_dag to 2021-07-16 00:00:00+00:00
[2021-07-18 16:23:25,153] {scheduler_job.py:189} INFO - Processing /home/julio/anaconda3/lib/python3.8/site-packages/airflow/example_dags/example_nested_branch_dag.py took 0.068 seconds
[2021-07-18 16:23:56,508] {scheduler_job.py:181} INFO - Started process (PID=13640) to work on /home/julio/anaconda3/lib/python3.8/site-packages/airflow/example_dags/example_nested_branch_dag.py
[2021-07-18 16:23:56,511] {scheduler_job.py:632} INFO - Processing file /home/julio/anaconda3/lib/python3.8/site-packages/airflow/example_dags/example_nested_branch_dag.py for tasks to queue
[2021-07-18 16:23:56,512] {logging_mixin.py:104} INFO - [2021-07-18 16:23:56,512] {dagbag.py:496} INFO - Filling up the DagBag from /home/julio/anaconda3/lib/python3.8/site-packages/airflow/example_dags/example_nested_branch_dag.py
[2021-07-18 16:23:56,524] {scheduler_job.py:642} INFO - DAG(s) dict_keys(['example_nested_branch_dag']) retrieved from /home/julio/anaconda3/lib/python3.8/site-packages/airflow/example_dags/example_nested_branch_dag.py
[2021-07-18 16:23:56,535] {logging_mixin.py:104} INFO - [2021-07-18 16:23:56,535] {dag.py:1833} INFO - Sync 1 DAGs
[2021-07-18 16:23:56,545] {logging_mixin.py:104} INFO - [2021-07-18 16:23:56,545] {dag.py:2306} INFO - Setting next_dagrun for example_nested_branch_dag to 2021-07-16 00:00:00+00:00
[2021-07-18 16:23:56,561] {scheduler_job.py:189} INFO - Processing /home/julio/anaconda3/lib/python3.8/site-packages/airflow/example_dags/example_nested_branch_dag.py took 0.056 seconds
[2021-07-18 16:24:30,662] {scheduler_job.py:181} INFO - Started process (PID=13706) to work on /home/julio/anaconda3/lib/python3.8/site-packages/airflow/example_dags/example_nested_branch_dag.py
[2021-07-18 16:24:30,667] {scheduler_job.py:632} INFO - Processing file /home/julio/anaconda3/lib/python3.8/site-packages/airflow/example_dags/example_nested_branch_dag.py for tasks to queue
[2021-07-18 16:24:30,667] {logging_mixin.py:104} INFO - [2021-07-18 16:24:30,667] {dagbag.py:496} INFO - Filling up the DagBag from /home/julio/anaconda3/lib/python3.8/site-packages/airflow/example_dags/example_nested_branch_dag.py
[2021-07-18 16:24:30,676] {scheduler_job.py:642} INFO - DAG(s) dict_keys(['example_nested_branch_dag']) retrieved from /home/julio/anaconda3/lib/python3.8/site-packages/airflow/example_dags/example_nested_branch_dag.py
[2021-07-18 16:24:30,686] {logging_mixin.py:104} INFO - [2021-07-18 16:24:30,686] {dag.py:1833} INFO - Sync 1 DAGs
[2021-07-18 16:24:30,702] {logging_mixin.py:104} INFO - [2021-07-18 16:24:30,701] {dag.py:2306} INFO - Setting next_dagrun for example_nested_branch_dag to 2021-07-16 00:00:00+00:00
[2021-07-18 16:24:30,718] {scheduler_job.py:189} INFO - Processing /home/julio/anaconda3/lib/python3.8/site-packages/airflow/example_dags/example_nested_branch_dag.py took 0.058 seconds
[2021-07-18 16:25:04,300] {scheduler_job.py:181} INFO - Started process (PID=13770) to work on /home/julio/anaconda3/lib/python3.8/site-packages/airflow/example_dags/example_nested_branch_dag.py
[2021-07-18 16:25:04,302] {scheduler_job.py:632} INFO - Processing file /home/julio/anaconda3/lib/python3.8/site-packages/airflow/example_dags/example_nested_branch_dag.py for tasks to queue
[2021-07-18 16:25:04,302] {logging_mixin.py:104} INFO - [2021-07-18 16:25:04,302] {dagbag.py:496} INFO - Filling up the DagBag from /home/julio/anaconda3/lib/python3.8/site-packages/airflow/example_dags/example_nested_branch_dag.py
[2021-07-18 16:25:04,313] {scheduler_job.py:642} INFO - DAG(s) dict_keys(['example_nested_branch_dag']) retrieved from /home/julio/anaconda3/lib/python3.8/site-packages/airflow/example_dags/example_nested_branch_dag.py
[2021-07-18 16:25:04,323] {logging_mixin.py:104} INFO - [2021-07-18 16:25:04,323] {dag.py:1833} INFO - Sync 1 DAGs
[2021-07-18 16:25:04,334] {logging_mixin.py:104} INFO - [2021-07-18 16:25:04,334] {dag.py:2306} INFO - Setting next_dagrun for example_nested_branch_dag to 2021-07-16 00:00:00+00:00
[2021-07-18 16:25:04,353] {scheduler_job.py:189} INFO - Processing /home/julio/anaconda3/lib/python3.8/site-packages/airflow/example_dags/example_nested_branch_dag.py took 0.055 seconds
[2021-07-18 16:25:36,246] {scheduler_job.py:181} INFO - Started process (PID=13846) to work on /home/julio/anaconda3/lib/python3.8/site-packages/airflow/example_dags/example_nested_branch_dag.py
[2021-07-18 16:25:36,247] {scheduler_job.py:632} INFO - Processing file /home/julio/anaconda3/lib/python3.8/site-packages/airflow/example_dags/example_nested_branch_dag.py for tasks to queue
[2021-07-18 16:25:36,248] {logging_mixin.py:104} INFO - [2021-07-18 16:25:36,248] {dagbag.py:496} INFO - Filling up the DagBag from /home/julio/anaconda3/lib/python3.8/site-packages/airflow/example_dags/example_nested_branch_dag.py
[2021-07-18 16:25:36,257] {scheduler_job.py:642} INFO - DAG(s) dict_keys(['example_nested_branch_dag']) retrieved from /home/julio/anaconda3/lib/python3.8/site-packages/airflow/example_dags/example_nested_branch_dag.py
[2021-07-18 16:25:36,267] {logging_mixin.py:104} INFO - [2021-07-18 16:25:36,267] {dag.py:1833} INFO - Sync 1 DAGs
[2021-07-18 16:25:36,277] {logging_mixin.py:104} INFO - [2021-07-18 16:25:36,277] {dag.py:2306} INFO - Setting next_dagrun for example_nested_branch_dag to 2021-07-16 00:00:00+00:00
[2021-07-18 16:25:36,296] {scheduler_job.py:189} INFO - Processing /home/julio/anaconda3/lib/python3.8/site-packages/airflow/example_dags/example_nested_branch_dag.py took 0.053 seconds
[2021-07-18 16:26:45,789] {scheduler_job.py:181} INFO - Started process (PID=14209) to work on /home/julio/anaconda3/lib/python3.8/site-packages/airflow/example_dags/example_nested_branch_dag.py
[2021-07-18 16:26:45,790] {scheduler_job.py:632} INFO - Processing file /home/julio/anaconda3/lib/python3.8/site-packages/airflow/example_dags/example_nested_branch_dag.py for tasks to queue
[2021-07-18 16:26:45,790] {logging_mixin.py:104} INFO - [2021-07-18 16:26:45,790] {dagbag.py:496} INFO - Filling up the DagBag from /home/julio/anaconda3/lib/python3.8/site-packages/airflow/example_dags/example_nested_branch_dag.py
[2021-07-18 16:26:45,801] {scheduler_job.py:642} INFO - DAG(s) dict_keys(['example_nested_branch_dag']) retrieved from /home/julio/anaconda3/lib/python3.8/site-packages/airflow/example_dags/example_nested_branch_dag.py
[2021-07-18 16:26:45,818] {logging_mixin.py:104} INFO - [2021-07-18 16:26:45,818] {dag.py:1833} INFO - Sync 1 DAGs
[2021-07-18 16:26:45,829] {logging_mixin.py:104} INFO - [2021-07-18 16:26:45,829] {dag.py:2306} INFO - Setting next_dagrun for example_nested_branch_dag to 2021-07-16 00:00:00+00:00
[2021-07-18 16:26:45,846] {scheduler_job.py:189} INFO - Processing /home/julio/anaconda3/lib/python3.8/site-packages/airflow/example_dags/example_nested_branch_dag.py took 0.060 seconds
[2021-07-18 16:27:20,960] {scheduler_job.py:181} INFO - Started process (PID=14291) to work on /home/julio/anaconda3/lib/python3.8/site-packages/airflow/example_dags/example_nested_branch_dag.py
[2021-07-18 16:27:20,963] {scheduler_job.py:632} INFO - Processing file /home/julio/anaconda3/lib/python3.8/site-packages/airflow/example_dags/example_nested_branch_dag.py for tasks to queue
[2021-07-18 16:27:20,965] {logging_mixin.py:104} INFO - [2021-07-18 16:27:20,964] {dagbag.py:496} INFO - Filling up the DagBag from /home/julio/anaconda3/lib/python3.8/site-packages/airflow/example_dags/example_nested_branch_dag.py
[2021-07-18 16:27:20,983] {scheduler_job.py:642} INFO - DAG(s) dict_keys(['example_nested_branch_dag']) retrieved from /home/julio/anaconda3/lib/python3.8/site-packages/airflow/example_dags/example_nested_branch_dag.py
[2021-07-18 16:27:20,999] {logging_mixin.py:104} INFO - [2021-07-18 16:27:20,999] {dag.py:1833} INFO - Sync 1 DAGs
[2021-07-18 16:27:21,015] {logging_mixin.py:104} INFO - [2021-07-18 16:27:21,015] {dag.py:2306} INFO - Setting next_dagrun for example_nested_branch_dag to 2021-07-16 00:00:00+00:00
[2021-07-18 16:27:21,035] {scheduler_job.py:189} INFO - Processing /home/julio/anaconda3/lib/python3.8/site-packages/airflow/example_dags/example_nested_branch_dag.py took 0.078 seconds
[2021-07-18 16:27:56,870] {scheduler_job.py:181} INFO - Started process (PID=14397) to work on /home/julio/anaconda3/lib/python3.8/site-packages/airflow/example_dags/example_nested_branch_dag.py
[2021-07-18 16:27:56,871] {scheduler_job.py:632} INFO - Processing file /home/julio/anaconda3/lib/python3.8/site-packages/airflow/example_dags/example_nested_branch_dag.py for tasks to queue
[2021-07-18 16:27:56,871] {logging_mixin.py:104} INFO - [2021-07-18 16:27:56,871] {dagbag.py:496} INFO - Filling up the DagBag from /home/julio/anaconda3/lib/python3.8/site-packages/airflow/example_dags/example_nested_branch_dag.py
[2021-07-18 16:27:56,885] {scheduler_job.py:642} INFO - DAG(s) dict_keys(['example_nested_branch_dag']) retrieved from /home/julio/anaconda3/lib/python3.8/site-packages/airflow/example_dags/example_nested_branch_dag.py
[2021-07-18 16:27:56,909] {logging_mixin.py:104} INFO - [2021-07-18 16:27:56,909] {dag.py:1833} INFO - Sync 1 DAGs
[2021-07-18 16:27:56,929] {logging_mixin.py:104} INFO - [2021-07-18 16:27:56,929] {dag.py:2306} INFO - Setting next_dagrun for example_nested_branch_dag to 2021-07-16 00:00:00+00:00
[2021-07-18 16:27:56,953] {scheduler_job.py:189} INFO - Processing /home/julio/anaconda3/lib/python3.8/site-packages/airflow/example_dags/example_nested_branch_dag.py took 0.086 seconds
[2021-07-18 16:28:31,540] {scheduler_job.py:181} INFO - Started process (PID=14483) to work on /home/julio/anaconda3/lib/python3.8/site-packages/airflow/example_dags/example_nested_branch_dag.py
[2021-07-18 16:28:31,543] {scheduler_job.py:632} INFO - Processing file /home/julio/anaconda3/lib/python3.8/site-packages/airflow/example_dags/example_nested_branch_dag.py for tasks to queue
[2021-07-18 16:28:31,544] {logging_mixin.py:104} INFO - [2021-07-18 16:28:31,544] {dagbag.py:496} INFO - Filling up the DagBag from /home/julio/anaconda3/lib/python3.8/site-packages/airflow/example_dags/example_nested_branch_dag.py
[2021-07-18 16:28:31,556] {scheduler_job.py:642} INFO - DAG(s) dict_keys(['example_nested_branch_dag']) retrieved from /home/julio/anaconda3/lib/python3.8/site-packages/airflow/example_dags/example_nested_branch_dag.py
[2021-07-18 16:28:31,570] {logging_mixin.py:104} INFO - [2021-07-18 16:28:31,570] {dag.py:1833} INFO - Sync 1 DAGs
[2021-07-18 16:28:31,583] {logging_mixin.py:104} INFO - [2021-07-18 16:28:31,583] {dag.py:2306} INFO - Setting next_dagrun for example_nested_branch_dag to 2021-07-16 00:00:00+00:00
[2021-07-18 16:28:31,599] {scheduler_job.py:189} INFO - Processing /home/julio/anaconda3/lib/python3.8/site-packages/airflow/example_dags/example_nested_branch_dag.py took 0.061 seconds
[2021-07-18 16:29:07,319] {scheduler_job.py:181} INFO - Started process (PID=14575) to work on /home/julio/anaconda3/lib/python3.8/site-packages/airflow/example_dags/example_nested_branch_dag.py
[2021-07-18 16:29:07,323] {scheduler_job.py:632} INFO - Processing file /home/julio/anaconda3/lib/python3.8/site-packages/airflow/example_dags/example_nested_branch_dag.py for tasks to queue
[2021-07-18 16:29:07,325] {logging_mixin.py:104} INFO - [2021-07-18 16:29:07,324] {dagbag.py:496} INFO - Filling up the DagBag from /home/julio/anaconda3/lib/python3.8/site-packages/airflow/example_dags/example_nested_branch_dag.py
[2021-07-18 16:29:07,347] {scheduler_job.py:642} INFO - DAG(s) dict_keys(['example_nested_branch_dag']) retrieved from /home/julio/anaconda3/lib/python3.8/site-packages/airflow/example_dags/example_nested_branch_dag.py
[2021-07-18 16:29:07,368] {logging_mixin.py:104} INFO - [2021-07-18 16:29:07,368] {dag.py:1833} INFO - Sync 1 DAGs
[2021-07-18 16:29:07,388] {logging_mixin.py:104} INFO - [2021-07-18 16:29:07,388] {dag.py:2306} INFO - Setting next_dagrun for example_nested_branch_dag to 2021-07-16 00:00:00+00:00
[2021-07-18 16:29:07,415] {scheduler_job.py:189} INFO - Processing /home/julio/anaconda3/lib/python3.8/site-packages/airflow/example_dags/example_nested_branch_dag.py took 0.098 seconds
[2021-07-18 16:29:56,745] {scheduler_job.py:181} INFO - Started process (PID=14739) to work on /home/julio/anaconda3/lib/python3.8/site-packages/airflow/example_dags/example_nested_branch_dag.py
[2021-07-18 16:29:56,747] {scheduler_job.py:632} INFO - Processing file /home/julio/anaconda3/lib/python3.8/site-packages/airflow/example_dags/example_nested_branch_dag.py for tasks to queue
[2021-07-18 16:29:56,748] {logging_mixin.py:104} INFO - [2021-07-18 16:29:56,748] {dagbag.py:496} INFO - Filling up the DagBag from /home/julio/anaconda3/lib/python3.8/site-packages/airflow/example_dags/example_nested_branch_dag.py
[2021-07-18 16:29:56,762] {scheduler_job.py:642} INFO - DAG(s) dict_keys(['example_nested_branch_dag']) retrieved from /home/julio/anaconda3/lib/python3.8/site-packages/airflow/example_dags/example_nested_branch_dag.py
[2021-07-18 16:29:56,780] {logging_mixin.py:104} INFO - [2021-07-18 16:29:56,780] {dag.py:1833} INFO - Sync 1 DAGs
[2021-07-18 16:29:56,804] {logging_mixin.py:104} INFO - [2021-07-18 16:29:56,804] {dag.py:2306} INFO - Setting next_dagrun for example_nested_branch_dag to 2021-07-16 00:00:00+00:00
[2021-07-18 16:29:56,829] {scheduler_job.py:189} INFO - Processing /home/julio/anaconda3/lib/python3.8/site-packages/airflow/example_dags/example_nested_branch_dag.py took 0.087 seconds
[2021-07-18 16:31:38,171] {scheduler_job.py:181} INFO - Started process (PID=14977) to work on /home/julio/anaconda3/lib/python3.8/site-packages/airflow/example_dags/example_nested_branch_dag.py
[2021-07-18 16:31:38,173] {scheduler_job.py:632} INFO - Processing file /home/julio/anaconda3/lib/python3.8/site-packages/airflow/example_dags/example_nested_branch_dag.py for tasks to queue
[2021-07-18 16:31:38,175] {logging_mixin.py:104} INFO - [2021-07-18 16:31:38,175] {dagbag.py:496} INFO - Filling up the DagBag from /home/julio/anaconda3/lib/python3.8/site-packages/airflow/example_dags/example_nested_branch_dag.py
[2021-07-18 16:31:38,187] {scheduler_job.py:642} INFO - DAG(s) dict_keys(['example_nested_branch_dag']) retrieved from /home/julio/anaconda3/lib/python3.8/site-packages/airflow/example_dags/example_nested_branch_dag.py
[2021-07-18 16:31:38,207] {logging_mixin.py:104} INFO - [2021-07-18 16:31:38,207] {dag.py:1833} INFO - Sync 1 DAGs
[2021-07-18 16:31:38,217] {logging_mixin.py:104} INFO - [2021-07-18 16:31:38,217] {dag.py:2306} INFO - Setting next_dagrun for example_nested_branch_dag to 2021-07-16 00:00:00+00:00
[2021-07-18 16:31:38,233] {scheduler_job.py:189} INFO - Processing /home/julio/anaconda3/lib/python3.8/site-packages/airflow/example_dags/example_nested_branch_dag.py took 0.064 seconds
[2021-07-18 16:32:17,307] {scheduler_job.py:181} INFO - Started process (PID=15071) to work on /home/julio/anaconda3/lib/python3.8/site-packages/airflow/example_dags/example_nested_branch_dag.py
[2021-07-18 16:32:17,310] {scheduler_job.py:632} INFO - Processing file /home/julio/anaconda3/lib/python3.8/site-packages/airflow/example_dags/example_nested_branch_dag.py for tasks to queue
[2021-07-18 16:32:17,311] {logging_mixin.py:104} INFO - [2021-07-18 16:32:17,311] {dagbag.py:496} INFO - Filling up the DagBag from /home/julio/anaconda3/lib/python3.8/site-packages/airflow/example_dags/example_nested_branch_dag.py
[2021-07-18 16:32:17,326] {scheduler_job.py:642} INFO - DAG(s) dict_keys(['example_nested_branch_dag']) retrieved from /home/julio/anaconda3/lib/python3.8/site-packages/airflow/example_dags/example_nested_branch_dag.py
[2021-07-18 16:32:17,340] {logging_mixin.py:104} INFO - [2021-07-18 16:32:17,340] {dag.py:1833} INFO - Sync 1 DAGs
[2021-07-18 16:32:17,354] {logging_mixin.py:104} INFO - [2021-07-18 16:32:17,354] {dag.py:2306} INFO - Setting next_dagrun for example_nested_branch_dag to 2021-07-16 00:00:00+00:00
[2021-07-18 16:32:17,374] {scheduler_job.py:189} INFO - Processing /home/julio/anaconda3/lib/python3.8/site-packages/airflow/example_dags/example_nested_branch_dag.py took 0.073 seconds
[2021-07-18 16:32:50,305] {scheduler_job.py:181} INFO - Started process (PID=15152) to work on /home/julio/anaconda3/lib/python3.8/site-packages/airflow/example_dags/example_nested_branch_dag.py
[2021-07-18 16:32:50,306] {scheduler_job.py:632} INFO - Processing file /home/julio/anaconda3/lib/python3.8/site-packages/airflow/example_dags/example_nested_branch_dag.py for tasks to queue
[2021-07-18 16:32:50,306] {logging_mixin.py:104} INFO - [2021-07-18 16:32:50,306] {dagbag.py:496} INFO - Filling up the DagBag from /home/julio/anaconda3/lib/python3.8/site-packages/airflow/example_dags/example_nested_branch_dag.py
[2021-07-18 16:32:50,322] {scheduler_job.py:642} INFO - DAG(s) dict_keys(['example_nested_branch_dag']) retrieved from /home/julio/anaconda3/lib/python3.8/site-packages/airflow/example_dags/example_nested_branch_dag.py
[2021-07-18 16:32:50,340] {logging_mixin.py:104} INFO - [2021-07-18 16:32:50,340] {dag.py:1833} INFO - Sync 1 DAGs
[2021-07-18 16:32:50,355] {logging_mixin.py:104} INFO - [2021-07-18 16:32:50,355] {dag.py:2306} INFO - Setting next_dagrun for example_nested_branch_dag to 2021-07-16 00:00:00+00:00
[2021-07-18 16:32:50,378] {scheduler_job.py:189} INFO - Processing /home/julio/anaconda3/lib/python3.8/site-packages/airflow/example_dags/example_nested_branch_dag.py took 0.082 seconds
[2021-07-18 16:33:22,871] {scheduler_job.py:181} INFO - Started process (PID=15236) to work on /home/julio/anaconda3/lib/python3.8/site-packages/airflow/example_dags/example_nested_branch_dag.py
[2021-07-18 16:33:22,872] {scheduler_job.py:632} INFO - Processing file /home/julio/anaconda3/lib/python3.8/site-packages/airflow/example_dags/example_nested_branch_dag.py for tasks to queue
[2021-07-18 16:33:22,873] {logging_mixin.py:104} INFO - [2021-07-18 16:33:22,873] {dagbag.py:496} INFO - Filling up the DagBag from /home/julio/anaconda3/lib/python3.8/site-packages/airflow/example_dags/example_nested_branch_dag.py
[2021-07-18 16:33:22,888] {scheduler_job.py:642} INFO - DAG(s) dict_keys(['example_nested_branch_dag']) retrieved from /home/julio/anaconda3/lib/python3.8/site-packages/airflow/example_dags/example_nested_branch_dag.py
[2021-07-18 16:33:22,902] {logging_mixin.py:104} INFO - [2021-07-18 16:33:22,902] {dag.py:1833} INFO - Sync 1 DAGs
[2021-07-18 16:33:22,918] {logging_mixin.py:104} INFO - [2021-07-18 16:33:22,918] {dag.py:2306} INFO - Setting next_dagrun for example_nested_branch_dag to 2021-07-16 00:00:00+00:00
[2021-07-18 16:33:22,935] {scheduler_job.py:189} INFO - Processing /home/julio/anaconda3/lib/python3.8/site-packages/airflow/example_dags/example_nested_branch_dag.py took 0.066 seconds
[2021-07-18 16:33:55,798] {scheduler_job.py:181} INFO - Started process (PID=15303) to work on /home/julio/anaconda3/lib/python3.8/site-packages/airflow/example_dags/example_nested_branch_dag.py
[2021-07-18 16:33:55,802] {scheduler_job.py:632} INFO - Processing file /home/julio/anaconda3/lib/python3.8/site-packages/airflow/example_dags/example_nested_branch_dag.py for tasks to queue
[2021-07-18 16:33:55,802] {logging_mixin.py:104} INFO - [2021-07-18 16:33:55,802] {dagbag.py:496} INFO - Filling up the DagBag from /home/julio/anaconda3/lib/python3.8/site-packages/airflow/example_dags/example_nested_branch_dag.py
[2021-07-18 16:33:55,816] {scheduler_job.py:642} INFO - DAG(s) dict_keys(['example_nested_branch_dag']) retrieved from /home/julio/anaconda3/lib/python3.8/site-packages/airflow/example_dags/example_nested_branch_dag.py
[2021-07-18 16:33:55,828] {logging_mixin.py:104} INFO - [2021-07-18 16:33:55,828] {dag.py:1833} INFO - Sync 1 DAGs
[2021-07-18 16:33:55,839] {logging_mixin.py:104} INFO - [2021-07-18 16:33:55,839] {dag.py:2306} INFO - Setting next_dagrun for example_nested_branch_dag to 2021-07-16 00:00:00+00:00
[2021-07-18 16:33:55,853] {scheduler_job.py:189} INFO - Processing /home/julio/anaconda3/lib/python3.8/site-packages/airflow/example_dags/example_nested_branch_dag.py took 0.059 seconds
[2021-07-18 16:34:28,107] {scheduler_job.py:181} INFO - Started process (PID=15362) to work on /home/julio/anaconda3/lib/python3.8/site-packages/airflow/example_dags/example_nested_branch_dag.py
[2021-07-18 16:34:28,110] {scheduler_job.py:632} INFO - Processing file /home/julio/anaconda3/lib/python3.8/site-packages/airflow/example_dags/example_nested_branch_dag.py for tasks to queue
[2021-07-18 16:34:28,111] {logging_mixin.py:104} INFO - [2021-07-18 16:34:28,110] {dagbag.py:496} INFO - Filling up the DagBag from /home/julio/anaconda3/lib/python3.8/site-packages/airflow/example_dags/example_nested_branch_dag.py
[2021-07-18 16:34:28,127] {scheduler_job.py:642} INFO - DAG(s) dict_keys(['example_nested_branch_dag']) retrieved from /home/julio/anaconda3/lib/python3.8/site-packages/airflow/example_dags/example_nested_branch_dag.py
[2021-07-18 16:34:28,139] {logging_mixin.py:104} INFO - [2021-07-18 16:34:28,139] {dag.py:1833} INFO - Sync 1 DAGs
[2021-07-18 16:34:28,149] {logging_mixin.py:104} INFO - [2021-07-18 16:34:28,149] {dag.py:2306} INFO - Setting next_dagrun for example_nested_branch_dag to 2021-07-16 00:00:00+00:00
[2021-07-18 16:34:28,165] {scheduler_job.py:189} INFO - Processing /home/julio/anaconda3/lib/python3.8/site-packages/airflow/example_dags/example_nested_branch_dag.py took 0.061 seconds
[2021-07-18 16:35:05,538] {scheduler_job.py:181} INFO - Started process (PID=15425) to work on /home/julio/anaconda3/lib/python3.8/site-packages/airflow/example_dags/example_nested_branch_dag.py
[2021-07-18 16:35:05,540] {scheduler_job.py:632} INFO - Processing file /home/julio/anaconda3/lib/python3.8/site-packages/airflow/example_dags/example_nested_branch_dag.py for tasks to queue
[2021-07-18 16:35:05,540] {logging_mixin.py:104} INFO - [2021-07-18 16:35:05,540] {dagbag.py:496} INFO - Filling up the DagBag from /home/julio/anaconda3/lib/python3.8/site-packages/airflow/example_dags/example_nested_branch_dag.py
[2021-07-18 16:35:05,554] {scheduler_job.py:642} INFO - DAG(s) dict_keys(['example_nested_branch_dag']) retrieved from /home/julio/anaconda3/lib/python3.8/site-packages/airflow/example_dags/example_nested_branch_dag.py
[2021-07-18 16:35:05,567] {logging_mixin.py:104} INFO - [2021-07-18 16:35:05,567] {dag.py:1833} INFO - Sync 1 DAGs
[2021-07-18 16:35:05,577] {logging_mixin.py:104} INFO - [2021-07-18 16:35:05,577] {dag.py:2306} INFO - Setting next_dagrun for example_nested_branch_dag to 2021-07-16 00:00:00+00:00
[2021-07-18 16:35:05,594] {scheduler_job.py:189} INFO - Processing /home/julio/anaconda3/lib/python3.8/site-packages/airflow/example_dags/example_nested_branch_dag.py took 0.061 seconds
[2021-07-18 16:35:39,469] {scheduler_job.py:181} INFO - Started process (PID=15490) to work on /home/julio/anaconda3/lib/python3.8/site-packages/airflow/example_dags/example_nested_branch_dag.py
[2021-07-18 16:35:39,470] {scheduler_job.py:632} INFO - Processing file /home/julio/anaconda3/lib/python3.8/site-packages/airflow/example_dags/example_nested_branch_dag.py for tasks to queue
[2021-07-18 16:35:39,471] {logging_mixin.py:104} INFO - [2021-07-18 16:35:39,471] {dagbag.py:496} INFO - Filling up the DagBag from /home/julio/anaconda3/lib/python3.8/site-packages/airflow/example_dags/example_nested_branch_dag.py
[2021-07-18 16:35:39,485] {scheduler_job.py:642} INFO - DAG(s) dict_keys(['example_nested_branch_dag']) retrieved from /home/julio/anaconda3/lib/python3.8/site-packages/airflow/example_dags/example_nested_branch_dag.py
[2021-07-18 16:35:39,507] {logging_mixin.py:104} INFO - [2021-07-18 16:35:39,507] {dag.py:1833} INFO - Sync 1 DAGs
[2021-07-18 16:35:39,529] {logging_mixin.py:104} INFO - [2021-07-18 16:35:39,529] {dag.py:2306} INFO - Setting next_dagrun for example_nested_branch_dag to 2021-07-16 00:00:00+00:00
[2021-07-18 16:35:39,558] {scheduler_job.py:189} INFO - Processing /home/julio/anaconda3/lib/python3.8/site-packages/airflow/example_dags/example_nested_branch_dag.py took 0.092 seconds
[2021-07-18 16:36:10,758] {scheduler_job.py:181} INFO - Started process (PID=15544) to work on /home/julio/anaconda3/lib/python3.8/site-packages/airflow/example_dags/example_nested_branch_dag.py
[2021-07-18 16:36:10,760] {scheduler_job.py:632} INFO - Processing file /home/julio/anaconda3/lib/python3.8/site-packages/airflow/example_dags/example_nested_branch_dag.py for tasks to queue
[2021-07-18 16:36:10,761] {logging_mixin.py:104} INFO - [2021-07-18 16:36:10,761] {dagbag.py:496} INFO - Filling up the DagBag from /home/julio/anaconda3/lib/python3.8/site-packages/airflow/example_dags/example_nested_branch_dag.py
[2021-07-18 16:36:10,777] {scheduler_job.py:642} INFO - DAG(s) dict_keys(['example_nested_branch_dag']) retrieved from /home/julio/anaconda3/lib/python3.8/site-packages/airflow/example_dags/example_nested_branch_dag.py
[2021-07-18 16:36:10,787] {logging_mixin.py:104} INFO - [2021-07-18 16:36:10,787] {dag.py:1833} INFO - Sync 1 DAGs
[2021-07-18 16:36:10,797] {logging_mixin.py:104} INFO - [2021-07-18 16:36:10,797] {dag.py:2306} INFO - Setting next_dagrun for example_nested_branch_dag to 2021-07-16 00:00:00+00:00
[2021-07-18 16:36:10,811] {scheduler_job.py:189} INFO - Processing /home/julio/anaconda3/lib/python3.8/site-packages/airflow/example_dags/example_nested_branch_dag.py took 0.055 seconds
[2021-07-18 16:36:45,308] {scheduler_job.py:181} INFO - Started process (PID=15605) to work on /home/julio/anaconda3/lib/python3.8/site-packages/airflow/example_dags/example_nested_branch_dag.py
[2021-07-18 16:36:45,313] {scheduler_job.py:632} INFO - Processing file /home/julio/anaconda3/lib/python3.8/site-packages/airflow/example_dags/example_nested_branch_dag.py for tasks to queue
[2021-07-18 16:36:45,314] {logging_mixin.py:104} INFO - [2021-07-18 16:36:45,313] {dagbag.py:496} INFO - Filling up the DagBag from /home/julio/anaconda3/lib/python3.8/site-packages/airflow/example_dags/example_nested_branch_dag.py
[2021-07-18 16:36:45,326] {scheduler_job.py:642} INFO - DAG(s) dict_keys(['example_nested_branch_dag']) retrieved from /home/julio/anaconda3/lib/python3.8/site-packages/airflow/example_dags/example_nested_branch_dag.py
[2021-07-18 16:36:45,337] {logging_mixin.py:104} INFO - [2021-07-18 16:36:45,337] {dag.py:1833} INFO - Sync 1 DAGs
[2021-07-18 16:36:45,347] {logging_mixin.py:104} INFO - [2021-07-18 16:36:45,347] {dag.py:2306} INFO - Setting next_dagrun for example_nested_branch_dag to 2021-07-16 00:00:00+00:00
[2021-07-18 16:36:45,362] {scheduler_job.py:189} INFO - Processing /home/julio/anaconda3/lib/python3.8/site-packages/airflow/example_dags/example_nested_branch_dag.py took 0.057 seconds
[2021-07-18 16:37:19,664] {scheduler_job.py:181} INFO - Started process (PID=15668) to work on /home/julio/anaconda3/lib/python3.8/site-packages/airflow/example_dags/example_nested_branch_dag.py
[2021-07-18 16:37:19,668] {scheduler_job.py:632} INFO - Processing file /home/julio/anaconda3/lib/python3.8/site-packages/airflow/example_dags/example_nested_branch_dag.py for tasks to queue
[2021-07-18 16:37:19,669] {logging_mixin.py:104} INFO - [2021-07-18 16:37:19,669] {dagbag.py:496} INFO - Filling up the DagBag from /home/julio/anaconda3/lib/python3.8/site-packages/airflow/example_dags/example_nested_branch_dag.py
[2021-07-18 16:37:19,685] {scheduler_job.py:642} INFO - DAG(s) dict_keys(['example_nested_branch_dag']) retrieved from /home/julio/anaconda3/lib/python3.8/site-packages/airflow/example_dags/example_nested_branch_dag.py
[2021-07-18 16:37:19,695] {logging_mixin.py:104} INFO - [2021-07-18 16:37:19,695] {dag.py:1833} INFO - Sync 1 DAGs
[2021-07-18 16:37:19,705] {logging_mixin.py:104} INFO - [2021-07-18 16:37:19,704] {dag.py:2306} INFO - Setting next_dagrun for example_nested_branch_dag to 2021-07-16 00:00:00+00:00
[2021-07-18 16:37:19,721] {scheduler_job.py:189} INFO - Processing /home/julio/anaconda3/lib/python3.8/site-packages/airflow/example_dags/example_nested_branch_dag.py took 0.061 seconds
[2021-07-18 16:37:56,331] {scheduler_job.py:181} INFO - Started process (PID=15750) to work on /home/julio/anaconda3/lib/python3.8/site-packages/airflow/example_dags/example_nested_branch_dag.py
[2021-07-18 16:37:56,337] {scheduler_job.py:632} INFO - Processing file /home/julio/anaconda3/lib/python3.8/site-packages/airflow/example_dags/example_nested_branch_dag.py for tasks to queue
[2021-07-18 16:37:56,338] {logging_mixin.py:104} INFO - [2021-07-18 16:37:56,337] {dagbag.py:496} INFO - Filling up the DagBag from /home/julio/anaconda3/lib/python3.8/site-packages/airflow/example_dags/example_nested_branch_dag.py
[2021-07-18 16:37:56,352] {scheduler_job.py:642} INFO - DAG(s) dict_keys(['example_nested_branch_dag']) retrieved from /home/julio/anaconda3/lib/python3.8/site-packages/airflow/example_dags/example_nested_branch_dag.py
[2021-07-18 16:37:56,366] {logging_mixin.py:104} INFO - [2021-07-18 16:37:56,366] {dag.py:1833} INFO - Sync 1 DAGs
[2021-07-18 16:37:56,379] {logging_mixin.py:104} INFO - [2021-07-18 16:37:56,379] {dag.py:2306} INFO - Setting next_dagrun for example_nested_branch_dag to 2021-07-16 00:00:00+00:00
[2021-07-18 16:37:56,398] {scheduler_job.py:189} INFO - Processing /home/julio/anaconda3/lib/python3.8/site-packages/airflow/example_dags/example_nested_branch_dag.py took 0.071 seconds
[2021-07-18 16:38:35,405] {scheduler_job.py:181} INFO - Started process (PID=15825) to work on /home/julio/anaconda3/lib/python3.8/site-packages/airflow/example_dags/example_nested_branch_dag.py
[2021-07-18 16:38:35,406] {scheduler_job.py:632} INFO - Processing file /home/julio/anaconda3/lib/python3.8/site-packages/airflow/example_dags/example_nested_branch_dag.py for tasks to queue
[2021-07-18 16:38:35,406] {logging_mixin.py:104} INFO - [2021-07-18 16:38:35,406] {dagbag.py:496} INFO - Filling up the DagBag from /home/julio/anaconda3/lib/python3.8/site-packages/airflow/example_dags/example_nested_branch_dag.py
[2021-07-18 16:38:35,418] {scheduler_job.py:642} INFO - DAG(s) dict_keys(['example_nested_branch_dag']) retrieved from /home/julio/anaconda3/lib/python3.8/site-packages/airflow/example_dags/example_nested_branch_dag.py
[2021-07-18 16:38:35,431] {logging_mixin.py:104} INFO - [2021-07-18 16:38:35,431] {dag.py:1833} INFO - Sync 1 DAGs
[2021-07-18 16:38:35,446] {logging_mixin.py:104} INFO - [2021-07-18 16:38:35,446] {dag.py:2306} INFO - Setting next_dagrun for example_nested_branch_dag to 2021-07-16 00:00:00+00:00
[2021-07-18 16:38:35,469] {scheduler_job.py:189} INFO - Processing /home/julio/anaconda3/lib/python3.8/site-packages/airflow/example_dags/example_nested_branch_dag.py took 0.067 seconds
[2021-07-18 16:41:11,521] {scheduler_job.py:181} INFO - Started process (PID=15991) to work on /home/julio/anaconda3/lib/python3.8/site-packages/airflow/example_dags/example_nested_branch_dag.py
[2021-07-18 16:41:11,522] {scheduler_job.py:632} INFO - Processing file /home/julio/anaconda3/lib/python3.8/site-packages/airflow/example_dags/example_nested_branch_dag.py for tasks to queue
[2021-07-18 16:41:11,522] {logging_mixin.py:104} INFO - [2021-07-18 16:41:11,522] {dagbag.py:496} INFO - Filling up the DagBag from /home/julio/anaconda3/lib/python3.8/site-packages/airflow/example_dags/example_nested_branch_dag.py
[2021-07-18 16:41:11,531] {scheduler_job.py:642} INFO - DAG(s) dict_keys(['example_nested_branch_dag']) retrieved from /home/julio/anaconda3/lib/python3.8/site-packages/airflow/example_dags/example_nested_branch_dag.py
[2021-07-18 16:41:11,546] {logging_mixin.py:104} INFO - [2021-07-18 16:41:11,546] {dag.py:1833} INFO - Sync 1 DAGs
[2021-07-18 16:41:11,555] {logging_mixin.py:104} INFO - [2021-07-18 16:41:11,555] {dag.py:2306} INFO - Setting next_dagrun for example_nested_branch_dag to 2021-07-16 00:00:00+00:00
[2021-07-18 16:41:11,573] {scheduler_job.py:189} INFO - Processing /home/julio/anaconda3/lib/python3.8/site-packages/airflow/example_dags/example_nested_branch_dag.py took 0.055 seconds
[2021-07-18 16:41:45,629] {scheduler_job.py:181} INFO - Started process (PID=16076) to work on /home/julio/anaconda3/lib/python3.8/site-packages/airflow/example_dags/example_nested_branch_dag.py
[2021-07-18 16:41:45,631] {scheduler_job.py:632} INFO - Processing file /home/julio/anaconda3/lib/python3.8/site-packages/airflow/example_dags/example_nested_branch_dag.py for tasks to queue
[2021-07-18 16:41:45,631] {logging_mixin.py:104} INFO - [2021-07-18 16:41:45,631] {dagbag.py:496} INFO - Filling up the DagBag from /home/julio/anaconda3/lib/python3.8/site-packages/airflow/example_dags/example_nested_branch_dag.py
[2021-07-18 16:41:45,638] {scheduler_job.py:642} INFO - DAG(s) dict_keys(['example_nested_branch_dag']) retrieved from /home/julio/anaconda3/lib/python3.8/site-packages/airflow/example_dags/example_nested_branch_dag.py
[2021-07-18 16:41:45,651] {logging_mixin.py:104} INFO - [2021-07-18 16:41:45,651] {dag.py:1833} INFO - Sync 1 DAGs
[2021-07-18 16:41:45,663] {logging_mixin.py:104} INFO - [2021-07-18 16:41:45,663] {dag.py:2306} INFO - Setting next_dagrun for example_nested_branch_dag to 2021-07-16 00:00:00+00:00
[2021-07-18 16:41:45,685] {scheduler_job.py:189} INFO - Processing /home/julio/anaconda3/lib/python3.8/site-packages/airflow/example_dags/example_nested_branch_dag.py took 0.062 seconds
[2021-07-18 16:42:20,572] {scheduler_job.py:181} INFO - Started process (PID=16160) to work on /home/julio/anaconda3/lib/python3.8/site-packages/airflow/example_dags/example_nested_branch_dag.py
[2021-07-18 16:42:20,573] {scheduler_job.py:632} INFO - Processing file /home/julio/anaconda3/lib/python3.8/site-packages/airflow/example_dags/example_nested_branch_dag.py for tasks to queue
[2021-07-18 16:42:20,575] {logging_mixin.py:104} INFO - [2021-07-18 16:42:20,574] {dagbag.py:496} INFO - Filling up the DagBag from /home/julio/anaconda3/lib/python3.8/site-packages/airflow/example_dags/example_nested_branch_dag.py
[2021-07-18 16:42:20,582] {scheduler_job.py:642} INFO - DAG(s) dict_keys(['example_nested_branch_dag']) retrieved from /home/julio/anaconda3/lib/python3.8/site-packages/airflow/example_dags/example_nested_branch_dag.py
[2021-07-18 16:42:20,599] {logging_mixin.py:104} INFO - [2021-07-18 16:42:20,598] {dag.py:1833} INFO - Sync 1 DAGs
[2021-07-18 16:42:20,610] {logging_mixin.py:104} INFO - [2021-07-18 16:42:20,609] {dag.py:2306} INFO - Setting next_dagrun for example_nested_branch_dag to 2021-07-16 00:00:00+00:00
[2021-07-18 16:42:20,630] {scheduler_job.py:189} INFO - Processing /home/julio/anaconda3/lib/python3.8/site-packages/airflow/example_dags/example_nested_branch_dag.py took 0.062 seconds
