[2021-07-18 15:56:08,570] {scheduler_job.py:181} INFO - Started process (PID=11706) to work on /home/julio/anaconda3/lib/python3.8/site-packages/airflow/example_dags/example_trigger_target_dag.py
[2021-07-18 15:56:08,571] {scheduler_job.py:632} INFO - Processing file /home/julio/anaconda3/lib/python3.8/site-packages/airflow/example_dags/example_trigger_target_dag.py for tasks to queue
[2021-07-18 15:56:08,571] {logging_mixin.py:104} INFO - [2021-07-18 15:56:08,571] {dagbag.py:496} INFO - Filling up the DagBag from /home/julio/anaconda3/lib/python3.8/site-packages/airflow/example_dags/example_trigger_target_dag.py
[2021-07-18 15:56:08,580] {scheduler_job.py:642} INFO - DAG(s) dict_keys(['example_trigger_target_dag']) retrieved from /home/julio/anaconda3/lib/python3.8/site-packages/airflow/example_dags/example_trigger_target_dag.py
[2021-07-18 15:56:08,589] {logging_mixin.py:104} INFO - [2021-07-18 15:56:08,589] {dag.py:1833} INFO - Sync 1 DAGs
[2021-07-18 15:56:08,596] {logging_mixin.py:104} INFO - [2021-07-18 15:56:08,596] {dag.py:2306} INFO - Setting next_dagrun for example_trigger_target_dag to None
[2021-07-18 15:56:08,616] {scheduler_job.py:189} INFO - Processing /home/julio/anaconda3/lib/python3.8/site-packages/airflow/example_dags/example_trigger_target_dag.py took 0.049 seconds
[2021-07-18 15:56:40,014] {scheduler_job.py:181} INFO - Started process (PID=11761) to work on /home/julio/anaconda3/lib/python3.8/site-packages/airflow/example_dags/example_trigger_target_dag.py
[2021-07-18 15:56:40,014] {scheduler_job.py:632} INFO - Processing file /home/julio/anaconda3/lib/python3.8/site-packages/airflow/example_dags/example_trigger_target_dag.py for tasks to queue
[2021-07-18 15:56:40,015] {logging_mixin.py:104} INFO - [2021-07-18 15:56:40,015] {dagbag.py:496} INFO - Filling up the DagBag from /home/julio/anaconda3/lib/python3.8/site-packages/airflow/example_dags/example_trigger_target_dag.py
[2021-07-18 15:56:40,027] {scheduler_job.py:642} INFO - DAG(s) dict_keys(['example_trigger_target_dag']) retrieved from /home/julio/anaconda3/lib/python3.8/site-packages/airflow/example_dags/example_trigger_target_dag.py
[2021-07-18 15:56:40,039] {logging_mixin.py:104} INFO - [2021-07-18 15:56:40,039] {dag.py:1833} INFO - Sync 1 DAGs
[2021-07-18 15:56:40,047] {logging_mixin.py:104} INFO - [2021-07-18 15:56:40,047] {dag.py:2306} INFO - Setting next_dagrun for example_trigger_target_dag to None
[2021-07-18 15:56:40,063] {scheduler_job.py:189} INFO - Processing /home/julio/anaconda3/lib/python3.8/site-packages/airflow/example_dags/example_trigger_target_dag.py took 0.051 seconds
[2021-07-18 15:57:12,674] {scheduler_job.py:181} INFO - Started process (PID=11798) to work on /home/julio/anaconda3/lib/python3.8/site-packages/airflow/example_dags/example_trigger_target_dag.py
[2021-07-18 15:57:12,676] {scheduler_job.py:632} INFO - Processing file /home/julio/anaconda3/lib/python3.8/site-packages/airflow/example_dags/example_trigger_target_dag.py for tasks to queue
[2021-07-18 15:57:12,677] {logging_mixin.py:104} INFO - [2021-07-18 15:57:12,677] {dagbag.py:496} INFO - Filling up the DagBag from /home/julio/anaconda3/lib/python3.8/site-packages/airflow/example_dags/example_trigger_target_dag.py
[2021-07-18 15:57:12,694] {scheduler_job.py:642} INFO - DAG(s) dict_keys(['example_trigger_target_dag']) retrieved from /home/julio/anaconda3/lib/python3.8/site-packages/airflow/example_dags/example_trigger_target_dag.py
[2021-07-18 15:57:12,705] {logging_mixin.py:104} INFO - [2021-07-18 15:57:12,705] {dag.py:1833} INFO - Sync 1 DAGs
[2021-07-18 15:57:12,714] {logging_mixin.py:104} INFO - [2021-07-18 15:57:12,714] {dag.py:2306} INFO - Setting next_dagrun for example_trigger_target_dag to None
[2021-07-18 15:57:12,728] {scheduler_job.py:189} INFO - Processing /home/julio/anaconda3/lib/python3.8/site-packages/airflow/example_dags/example_trigger_target_dag.py took 0.059 seconds
[2021-07-18 15:57:44,252] {scheduler_job.py:181} INFO - Started process (PID=11835) to work on /home/julio/anaconda3/lib/python3.8/site-packages/airflow/example_dags/example_trigger_target_dag.py
[2021-07-18 15:57:44,252] {scheduler_job.py:632} INFO - Processing file /home/julio/anaconda3/lib/python3.8/site-packages/airflow/example_dags/example_trigger_target_dag.py for tasks to queue
[2021-07-18 15:57:44,253] {logging_mixin.py:104} INFO - [2021-07-18 15:57:44,253] {dagbag.py:496} INFO - Filling up the DagBag from /home/julio/anaconda3/lib/python3.8/site-packages/airflow/example_dags/example_trigger_target_dag.py
[2021-07-18 15:57:44,262] {scheduler_job.py:642} INFO - DAG(s) dict_keys(['example_trigger_target_dag']) retrieved from /home/julio/anaconda3/lib/python3.8/site-packages/airflow/example_dags/example_trigger_target_dag.py
[2021-07-18 15:57:44,271] {logging_mixin.py:104} INFO - [2021-07-18 15:57:44,271] {dag.py:1833} INFO - Sync 1 DAGs
[2021-07-18 15:57:44,279] {logging_mixin.py:104} INFO - [2021-07-18 15:57:44,279] {dag.py:2306} INFO - Setting next_dagrun for example_trigger_target_dag to None
[2021-07-18 15:57:44,295] {scheduler_job.py:189} INFO - Processing /home/julio/anaconda3/lib/python3.8/site-packages/airflow/example_dags/example_trigger_target_dag.py took 0.046 seconds
[2021-07-18 15:58:17,106] {scheduler_job.py:181} INFO - Started process (PID=11868) to work on /home/julio/anaconda3/lib/python3.8/site-packages/airflow/example_dags/example_trigger_target_dag.py
[2021-07-18 15:58:17,108] {scheduler_job.py:632} INFO - Processing file /home/julio/anaconda3/lib/python3.8/site-packages/airflow/example_dags/example_trigger_target_dag.py for tasks to queue
[2021-07-18 15:58:17,112] {logging_mixin.py:104} INFO - [2021-07-18 15:58:17,112] {dagbag.py:496} INFO - Filling up the DagBag from /home/julio/anaconda3/lib/python3.8/site-packages/airflow/example_dags/example_trigger_target_dag.py
[2021-07-18 15:58:17,124] {scheduler_job.py:642} INFO - DAG(s) dict_keys(['example_trigger_target_dag']) retrieved from /home/julio/anaconda3/lib/python3.8/site-packages/airflow/example_dags/example_trigger_target_dag.py
[2021-07-18 15:58:17,139] {logging_mixin.py:104} INFO - [2021-07-18 15:58:17,139] {dag.py:1833} INFO - Sync 1 DAGs
[2021-07-18 15:58:17,151] {logging_mixin.py:104} INFO - [2021-07-18 15:58:17,151] {dag.py:2306} INFO - Setting next_dagrun for example_trigger_target_dag to None
[2021-07-18 15:58:17,172] {scheduler_job.py:189} INFO - Processing /home/julio/anaconda3/lib/python3.8/site-packages/airflow/example_dags/example_trigger_target_dag.py took 0.070 seconds
[2021-07-18 15:58:48,988] {scheduler_job.py:181} INFO - Started process (PID=11902) to work on /home/julio/anaconda3/lib/python3.8/site-packages/airflow/example_dags/example_trigger_target_dag.py
[2021-07-18 15:58:48,990] {scheduler_job.py:632} INFO - Processing file /home/julio/anaconda3/lib/python3.8/site-packages/airflow/example_dags/example_trigger_target_dag.py for tasks to queue
[2021-07-18 15:58:48,991] {logging_mixin.py:104} INFO - [2021-07-18 15:58:48,991] {dagbag.py:496} INFO - Filling up the DagBag from /home/julio/anaconda3/lib/python3.8/site-packages/airflow/example_dags/example_trigger_target_dag.py
[2021-07-18 15:58:49,001] {scheduler_job.py:642} INFO - DAG(s) dict_keys(['example_trigger_target_dag']) retrieved from /home/julio/anaconda3/lib/python3.8/site-packages/airflow/example_dags/example_trigger_target_dag.py
[2021-07-18 15:58:49,011] {logging_mixin.py:104} INFO - [2021-07-18 15:58:49,011] {dag.py:1833} INFO - Sync 1 DAGs
[2021-07-18 15:58:49,019] {logging_mixin.py:104} INFO - [2021-07-18 15:58:49,018] {dag.py:2306} INFO - Setting next_dagrun for example_trigger_target_dag to None
[2021-07-18 15:58:49,037] {scheduler_job.py:189} INFO - Processing /home/julio/anaconda3/lib/python3.8/site-packages/airflow/example_dags/example_trigger_target_dag.py took 0.052 seconds
[2021-07-18 16:23:20,223] {scheduler_job.py:181} INFO - Started process (PID=13367) to work on /home/julio/anaconda3/lib/python3.8/site-packages/airflow/example_dags/example_trigger_target_dag.py
[2021-07-18 16:23:20,227] {scheduler_job.py:632} INFO - Processing file /home/julio/anaconda3/lib/python3.8/site-packages/airflow/example_dags/example_trigger_target_dag.py for tasks to queue
[2021-07-18 16:23:20,228] {logging_mixin.py:104} INFO - [2021-07-18 16:23:20,228] {dagbag.py:496} INFO - Filling up the DagBag from /home/julio/anaconda3/lib/python3.8/site-packages/airflow/example_dags/example_trigger_target_dag.py
[2021-07-18 16:23:20,239] {scheduler_job.py:642} INFO - DAG(s) dict_keys(['example_trigger_target_dag']) retrieved from /home/julio/anaconda3/lib/python3.8/site-packages/airflow/example_dags/example_trigger_target_dag.py
[2021-07-18 16:23:20,249] {logging_mixin.py:104} INFO - [2021-07-18 16:23:20,248] {dag.py:1833} INFO - Sync 1 DAGs
[2021-07-18 16:23:20,258] {logging_mixin.py:104} INFO - [2021-07-18 16:23:20,258] {dag.py:2306} INFO - Setting next_dagrun for example_trigger_target_dag to None
[2021-07-18 16:23:20,274] {scheduler_job.py:189} INFO - Processing /home/julio/anaconda3/lib/python3.8/site-packages/airflow/example_dags/example_trigger_target_dag.py took 0.054 seconds
[2021-07-18 16:23:51,689] {scheduler_job.py:181} INFO - Started process (PID=13632) to work on /home/julio/anaconda3/lib/python3.8/site-packages/airflow/example_dags/example_trigger_target_dag.py
[2021-07-18 16:23:51,690] {scheduler_job.py:632} INFO - Processing file /home/julio/anaconda3/lib/python3.8/site-packages/airflow/example_dags/example_trigger_target_dag.py for tasks to queue
[2021-07-18 16:23:51,691] {logging_mixin.py:104} INFO - [2021-07-18 16:23:51,690] {dagbag.py:496} INFO - Filling up the DagBag from /home/julio/anaconda3/lib/python3.8/site-packages/airflow/example_dags/example_trigger_target_dag.py
[2021-07-18 16:23:51,700] {scheduler_job.py:642} INFO - DAG(s) dict_keys(['example_trigger_target_dag']) retrieved from /home/julio/anaconda3/lib/python3.8/site-packages/airflow/example_dags/example_trigger_target_dag.py
[2021-07-18 16:23:51,716] {logging_mixin.py:104} INFO - [2021-07-18 16:23:51,716] {dag.py:1833} INFO - Sync 1 DAGs
[2021-07-18 16:23:51,724] {logging_mixin.py:104} INFO - [2021-07-18 16:23:51,724] {dag.py:2306} INFO - Setting next_dagrun for example_trigger_target_dag to None
[2021-07-18 16:23:51,745] {scheduler_job.py:189} INFO - Processing /home/julio/anaconda3/lib/python3.8/site-packages/airflow/example_dags/example_trigger_target_dag.py took 0.058 seconds
[2021-07-18 16:24:25,519] {scheduler_job.py:181} INFO - Started process (PID=13692) to work on /home/julio/anaconda3/lib/python3.8/site-packages/airflow/example_dags/example_trigger_target_dag.py
[2021-07-18 16:24:25,521] {scheduler_job.py:632} INFO - Processing file /home/julio/anaconda3/lib/python3.8/site-packages/airflow/example_dags/example_trigger_target_dag.py for tasks to queue
[2021-07-18 16:24:25,521] {logging_mixin.py:104} INFO - [2021-07-18 16:24:25,521] {dagbag.py:496} INFO - Filling up the DagBag from /home/julio/anaconda3/lib/python3.8/site-packages/airflow/example_dags/example_trigger_target_dag.py
[2021-07-18 16:24:25,534] {scheduler_job.py:642} INFO - DAG(s) dict_keys(['example_trigger_target_dag']) retrieved from /home/julio/anaconda3/lib/python3.8/site-packages/airflow/example_dags/example_trigger_target_dag.py
[2021-07-18 16:24:25,543] {logging_mixin.py:104} INFO - [2021-07-18 16:24:25,543] {dag.py:1833} INFO - Sync 1 DAGs
[2021-07-18 16:24:25,550] {logging_mixin.py:104} INFO - [2021-07-18 16:24:25,550] {dag.py:2306} INFO - Setting next_dagrun for example_trigger_target_dag to None
[2021-07-18 16:24:25,567] {scheduler_job.py:189} INFO - Processing /home/julio/anaconda3/lib/python3.8/site-packages/airflow/example_dags/example_trigger_target_dag.py took 0.052 seconds
[2021-07-18 16:24:58,612] {scheduler_job.py:181} INFO - Started process (PID=13759) to work on /home/julio/anaconda3/lib/python3.8/site-packages/airflow/example_dags/example_trigger_target_dag.py
[2021-07-18 16:24:58,614] {scheduler_job.py:632} INFO - Processing file /home/julio/anaconda3/lib/python3.8/site-packages/airflow/example_dags/example_trigger_target_dag.py for tasks to queue
[2021-07-18 16:24:58,614] {logging_mixin.py:104} INFO - [2021-07-18 16:24:58,614] {dagbag.py:496} INFO - Filling up the DagBag from /home/julio/anaconda3/lib/python3.8/site-packages/airflow/example_dags/example_trigger_target_dag.py
[2021-07-18 16:24:58,625] {scheduler_job.py:642} INFO - DAG(s) dict_keys(['example_trigger_target_dag']) retrieved from /home/julio/anaconda3/lib/python3.8/site-packages/airflow/example_dags/example_trigger_target_dag.py
[2021-07-18 16:24:58,641] {logging_mixin.py:104} INFO - [2021-07-18 16:24:58,641] {dag.py:1833} INFO - Sync 1 DAGs
[2021-07-18 16:24:58,649] {logging_mixin.py:104} INFO - [2021-07-18 16:24:58,649] {dag.py:2306} INFO - Setting next_dagrun for example_trigger_target_dag to None
[2021-07-18 16:24:58,666] {scheduler_job.py:189} INFO - Processing /home/julio/anaconda3/lib/python3.8/site-packages/airflow/example_dags/example_trigger_target_dag.py took 0.056 seconds
[2021-07-18 16:25:31,098] {scheduler_job.py:181} INFO - Started process (PID=13831) to work on /home/julio/anaconda3/lib/python3.8/site-packages/airflow/example_dags/example_trigger_target_dag.py
[2021-07-18 16:25:31,099] {scheduler_job.py:632} INFO - Processing file /home/julio/anaconda3/lib/python3.8/site-packages/airflow/example_dags/example_trigger_target_dag.py for tasks to queue
[2021-07-18 16:25:31,103] {logging_mixin.py:104} INFO - [2021-07-18 16:25:31,103] {dagbag.py:496} INFO - Filling up the DagBag from /home/julio/anaconda3/lib/python3.8/site-packages/airflow/example_dags/example_trigger_target_dag.py
[2021-07-18 16:25:31,115] {scheduler_job.py:642} INFO - DAG(s) dict_keys(['example_trigger_target_dag']) retrieved from /home/julio/anaconda3/lib/python3.8/site-packages/airflow/example_dags/example_trigger_target_dag.py
[2021-07-18 16:25:31,132] {logging_mixin.py:104} INFO - [2021-07-18 16:25:31,131] {dag.py:1833} INFO - Sync 1 DAGs
[2021-07-18 16:25:31,139] {logging_mixin.py:104} INFO - [2021-07-18 16:25:31,139] {dag.py:2306} INFO - Setting next_dagrun for example_trigger_target_dag to None
[2021-07-18 16:25:31,156] {scheduler_job.py:189} INFO - Processing /home/julio/anaconda3/lib/python3.8/site-packages/airflow/example_dags/example_trigger_target_dag.py took 0.060 seconds
[2021-07-18 16:26:40,622] {scheduler_job.py:181} INFO - Started process (PID=14180) to work on /home/julio/anaconda3/lib/python3.8/site-packages/airflow/example_dags/example_trigger_target_dag.py
[2021-07-18 16:26:40,625] {scheduler_job.py:632} INFO - Processing file /home/julio/anaconda3/lib/python3.8/site-packages/airflow/example_dags/example_trigger_target_dag.py for tasks to queue
[2021-07-18 16:26:40,626] {logging_mixin.py:104} INFO - [2021-07-18 16:26:40,626] {dagbag.py:496} INFO - Filling up the DagBag from /home/julio/anaconda3/lib/python3.8/site-packages/airflow/example_dags/example_trigger_target_dag.py
[2021-07-18 16:26:40,647] {scheduler_job.py:642} INFO - DAG(s) dict_keys(['example_trigger_target_dag']) retrieved from /home/julio/anaconda3/lib/python3.8/site-packages/airflow/example_dags/example_trigger_target_dag.py
[2021-07-18 16:26:40,662] {logging_mixin.py:104} INFO - [2021-07-18 16:26:40,662] {dag.py:1833} INFO - Sync 1 DAGs
[2021-07-18 16:26:40,682] {logging_mixin.py:104} INFO - [2021-07-18 16:26:40,682] {dag.py:2306} INFO - Setting next_dagrun for example_trigger_target_dag to None
[2021-07-18 16:26:40,713] {scheduler_job.py:189} INFO - Processing /home/julio/anaconda3/lib/python3.8/site-packages/airflow/example_dags/example_trigger_target_dag.py took 0.093 seconds
[2021-07-18 16:27:15,813] {scheduler_job.py:181} INFO - Started process (PID=14277) to work on /home/julio/anaconda3/lib/python3.8/site-packages/airflow/example_dags/example_trigger_target_dag.py
[2021-07-18 16:27:15,817] {scheduler_job.py:632} INFO - Processing file /home/julio/anaconda3/lib/python3.8/site-packages/airflow/example_dags/example_trigger_target_dag.py for tasks to queue
[2021-07-18 16:27:15,818] {logging_mixin.py:104} INFO - [2021-07-18 16:27:15,818] {dagbag.py:496} INFO - Filling up the DagBag from /home/julio/anaconda3/lib/python3.8/site-packages/airflow/example_dags/example_trigger_target_dag.py
[2021-07-18 16:27:15,839] {scheduler_job.py:642} INFO - DAG(s) dict_keys(['example_trigger_target_dag']) retrieved from /home/julio/anaconda3/lib/python3.8/site-packages/airflow/example_dags/example_trigger_target_dag.py
[2021-07-18 16:27:15,853] {logging_mixin.py:104} INFO - [2021-07-18 16:27:15,853] {dag.py:1833} INFO - Sync 1 DAGs
[2021-07-18 16:27:15,867] {logging_mixin.py:104} INFO - [2021-07-18 16:27:15,867] {dag.py:2306} INFO - Setting next_dagrun for example_trigger_target_dag to None
[2021-07-18 16:27:15,886] {scheduler_job.py:189} INFO - Processing /home/julio/anaconda3/lib/python3.8/site-packages/airflow/example_dags/example_trigger_target_dag.py took 0.077 seconds
[2021-07-18 16:27:51,107] {scheduler_job.py:181} INFO - Started process (PID=14382) to work on /home/julio/anaconda3/lib/python3.8/site-packages/airflow/example_dags/example_trigger_target_dag.py
[2021-07-18 16:27:51,110] {scheduler_job.py:632} INFO - Processing file /home/julio/anaconda3/lib/python3.8/site-packages/airflow/example_dags/example_trigger_target_dag.py for tasks to queue
[2021-07-18 16:27:51,110] {logging_mixin.py:104} INFO - [2021-07-18 16:27:51,110] {dagbag.py:496} INFO - Filling up the DagBag from /home/julio/anaconda3/lib/python3.8/site-packages/airflow/example_dags/example_trigger_target_dag.py
[2021-07-18 16:27:51,126] {scheduler_job.py:642} INFO - DAG(s) dict_keys(['example_trigger_target_dag']) retrieved from /home/julio/anaconda3/lib/python3.8/site-packages/airflow/example_dags/example_trigger_target_dag.py
[2021-07-18 16:27:51,142] {logging_mixin.py:104} INFO - [2021-07-18 16:27:51,142] {dag.py:1833} INFO - Sync 1 DAGs
[2021-07-18 16:27:51,156] {logging_mixin.py:104} INFO - [2021-07-18 16:27:51,156] {dag.py:2306} INFO - Setting next_dagrun for example_trigger_target_dag to None
[2021-07-18 16:27:51,179] {scheduler_job.py:189} INFO - Processing /home/julio/anaconda3/lib/python3.8/site-packages/airflow/example_dags/example_trigger_target_dag.py took 0.077 seconds
[2021-07-18 16:28:26,885] {scheduler_job.py:181} INFO - Started process (PID=14471) to work on /home/julio/anaconda3/lib/python3.8/site-packages/airflow/example_dags/example_trigger_target_dag.py
[2021-07-18 16:28:26,888] {scheduler_job.py:632} INFO - Processing file /home/julio/anaconda3/lib/python3.8/site-packages/airflow/example_dags/example_trigger_target_dag.py for tasks to queue
[2021-07-18 16:28:26,889] {logging_mixin.py:104} INFO - [2021-07-18 16:28:26,889] {dagbag.py:496} INFO - Filling up the DagBag from /home/julio/anaconda3/lib/python3.8/site-packages/airflow/example_dags/example_trigger_target_dag.py
[2021-07-18 16:28:26,904] {scheduler_job.py:642} INFO - DAG(s) dict_keys(['example_trigger_target_dag']) retrieved from /home/julio/anaconda3/lib/python3.8/site-packages/airflow/example_dags/example_trigger_target_dag.py
[2021-07-18 16:28:26,921] {logging_mixin.py:104} INFO - [2021-07-18 16:28:26,921] {dag.py:1833} INFO - Sync 1 DAGs
[2021-07-18 16:28:26,952] {logging_mixin.py:104} INFO - [2021-07-18 16:28:26,952] {dag.py:2306} INFO - Setting next_dagrun for example_trigger_target_dag to None
[2021-07-18 16:28:26,986] {scheduler_job.py:189} INFO - Processing /home/julio/anaconda3/lib/python3.8/site-packages/airflow/example_dags/example_trigger_target_dag.py took 0.105 seconds
[2021-07-18 16:29:02,155] {scheduler_job.py:181} INFO - Started process (PID=14564) to work on /home/julio/anaconda3/lib/python3.8/site-packages/airflow/example_dags/example_trigger_target_dag.py
[2021-07-18 16:29:02,161] {scheduler_job.py:632} INFO - Processing file /home/julio/anaconda3/lib/python3.8/site-packages/airflow/example_dags/example_trigger_target_dag.py for tasks to queue
[2021-07-18 16:29:02,162] {logging_mixin.py:104} INFO - [2021-07-18 16:29:02,162] {dagbag.py:496} INFO - Filling up the DagBag from /home/julio/anaconda3/lib/python3.8/site-packages/airflow/example_dags/example_trigger_target_dag.py
[2021-07-18 16:29:02,179] {scheduler_job.py:642} INFO - DAG(s) dict_keys(['example_trigger_target_dag']) retrieved from /home/julio/anaconda3/lib/python3.8/site-packages/airflow/example_dags/example_trigger_target_dag.py
[2021-07-18 16:29:02,196] {logging_mixin.py:104} INFO - [2021-07-18 16:29:02,195] {dag.py:1833} INFO - Sync 1 DAGs
[2021-07-18 16:29:02,206] {logging_mixin.py:104} INFO - [2021-07-18 16:29:02,206] {dag.py:2306} INFO - Setting next_dagrun for example_trigger_target_dag to None
[2021-07-18 16:29:02,224] {scheduler_job.py:189} INFO - Processing /home/julio/anaconda3/lib/python3.8/site-packages/airflow/example_dags/example_trigger_target_dag.py took 0.072 seconds
[2021-07-18 16:29:42,841] {scheduler_job.py:181} INFO - Started process (PID=14684) to work on /home/julio/anaconda3/lib/python3.8/site-packages/airflow/example_dags/example_trigger_target_dag.py
[2021-07-18 16:29:42,845] {scheduler_job.py:632} INFO - Processing file /home/julio/anaconda3/lib/python3.8/site-packages/airflow/example_dags/example_trigger_target_dag.py for tasks to queue
[2021-07-18 16:29:42,846] {logging_mixin.py:104} INFO - [2021-07-18 16:29:42,846] {dagbag.py:496} INFO - Filling up the DagBag from /home/julio/anaconda3/lib/python3.8/site-packages/airflow/example_dags/example_trigger_target_dag.py
[2021-07-18 16:29:42,861] {scheduler_job.py:642} INFO - DAG(s) dict_keys(['example_trigger_target_dag']) retrieved from /home/julio/anaconda3/lib/python3.8/site-packages/airflow/example_dags/example_trigger_target_dag.py
[2021-07-18 16:29:42,874] {logging_mixin.py:104} INFO - [2021-07-18 16:29:42,874] {dag.py:1833} INFO - Sync 1 DAGs
[2021-07-18 16:29:42,883] {logging_mixin.py:104} INFO - [2021-07-18 16:29:42,883] {dag.py:2306} INFO - Setting next_dagrun for example_trigger_target_dag to None
[2021-07-18 16:29:42,902] {scheduler_job.py:189} INFO - Processing /home/julio/anaconda3/lib/python3.8/site-packages/airflow/example_dags/example_trigger_target_dag.py took 0.065 seconds
[2021-07-18 16:30:30,123] {scheduler_job.py:181} INFO - Started process (PID=14819) to work on /home/julio/anaconda3/lib/python3.8/site-packages/airflow/example_dags/example_trigger_target_dag.py
[2021-07-18 16:30:30,124] {scheduler_job.py:632} INFO - Processing file /home/julio/anaconda3/lib/python3.8/site-packages/airflow/example_dags/example_trigger_target_dag.py for tasks to queue
[2021-07-18 16:30:30,125] {logging_mixin.py:104} INFO - [2021-07-18 16:30:30,125] {dagbag.py:496} INFO - Filling up the DagBag from /home/julio/anaconda3/lib/python3.8/site-packages/airflow/example_dags/example_trigger_target_dag.py
[2021-07-18 16:30:30,139] {scheduler_job.py:642} INFO - DAG(s) dict_keys(['example_trigger_target_dag']) retrieved from /home/julio/anaconda3/lib/python3.8/site-packages/airflow/example_dags/example_trigger_target_dag.py
[2021-07-18 16:30:30,151] {logging_mixin.py:104} INFO - [2021-07-18 16:30:30,151] {dag.py:1833} INFO - Sync 1 DAGs
[2021-07-18 16:30:30,166] {logging_mixin.py:104} INFO - [2021-07-18 16:30:30,166] {dag.py:2306} INFO - Setting next_dagrun for example_trigger_target_dag to None
[2021-07-18 16:30:30,197] {scheduler_job.py:189} INFO - Processing /home/julio/anaconda3/lib/python3.8/site-packages/airflow/example_dags/example_trigger_target_dag.py took 0.080 seconds
[2021-07-18 16:31:57,164] {scheduler_job.py:181} INFO - Started process (PID=15013) to work on /home/julio/anaconda3/lib/python3.8/site-packages/airflow/example_dags/example_trigger_target_dag.py
[2021-07-18 16:31:57,165] {scheduler_job.py:632} INFO - Processing file /home/julio/anaconda3/lib/python3.8/site-packages/airflow/example_dags/example_trigger_target_dag.py for tasks to queue
[2021-07-18 16:31:57,165] {logging_mixin.py:104} INFO - [2021-07-18 16:31:57,165] {dagbag.py:496} INFO - Filling up the DagBag from /home/julio/anaconda3/lib/python3.8/site-packages/airflow/example_dags/example_trigger_target_dag.py
[2021-07-18 16:31:57,179] {scheduler_job.py:642} INFO - DAG(s) dict_keys(['example_trigger_target_dag']) retrieved from /home/julio/anaconda3/lib/python3.8/site-packages/airflow/example_dags/example_trigger_target_dag.py
[2021-07-18 16:31:57,192] {logging_mixin.py:104} INFO - [2021-07-18 16:31:57,192] {dag.py:1833} INFO - Sync 1 DAGs
[2021-07-18 16:31:57,206] {logging_mixin.py:104} INFO - [2021-07-18 16:31:57,206] {dag.py:2306} INFO - Setting next_dagrun for example_trigger_target_dag to None
[2021-07-18 16:31:57,227] {scheduler_job.py:189} INFO - Processing /home/julio/anaconda3/lib/python3.8/site-packages/airflow/example_dags/example_trigger_target_dag.py took 0.067 seconds
[2021-07-18 16:32:32,134] {scheduler_job.py:181} INFO - Started process (PID=15108) to work on /home/julio/anaconda3/lib/python3.8/site-packages/airflow/example_dags/example_trigger_target_dag.py
[2021-07-18 16:32:32,137] {scheduler_job.py:632} INFO - Processing file /home/julio/anaconda3/lib/python3.8/site-packages/airflow/example_dags/example_trigger_target_dag.py for tasks to queue
[2021-07-18 16:32:32,138] {logging_mixin.py:104} INFO - [2021-07-18 16:32:32,138] {dagbag.py:496} INFO - Filling up the DagBag from /home/julio/anaconda3/lib/python3.8/site-packages/airflow/example_dags/example_trigger_target_dag.py
[2021-07-18 16:32:32,153] {scheduler_job.py:642} INFO - DAG(s) dict_keys(['example_trigger_target_dag']) retrieved from /home/julio/anaconda3/lib/python3.8/site-packages/airflow/example_dags/example_trigger_target_dag.py
[2021-07-18 16:32:32,166] {logging_mixin.py:104} INFO - [2021-07-18 16:32:32,166] {dag.py:1833} INFO - Sync 1 DAGs
[2021-07-18 16:32:32,176] {logging_mixin.py:104} INFO - [2021-07-18 16:32:32,176] {dag.py:2306} INFO - Setting next_dagrun for example_trigger_target_dag to None
[2021-07-18 16:32:32,195] {scheduler_job.py:189} INFO - Processing /home/julio/anaconda3/lib/python3.8/site-packages/airflow/example_dags/example_trigger_target_dag.py took 0.064 seconds
[2021-07-18 16:33:10,682] {scheduler_job.py:181} INFO - Started process (PID=15203) to work on /home/julio/anaconda3/lib/python3.8/site-packages/airflow/example_dags/example_trigger_target_dag.py
[2021-07-18 16:33:10,684] {scheduler_job.py:632} INFO - Processing file /home/julio/anaconda3/lib/python3.8/site-packages/airflow/example_dags/example_trigger_target_dag.py for tasks to queue
[2021-07-18 16:33:10,685] {logging_mixin.py:104} INFO - [2021-07-18 16:33:10,685] {dagbag.py:496} INFO - Filling up the DagBag from /home/julio/anaconda3/lib/python3.8/site-packages/airflow/example_dags/example_trigger_target_dag.py
[2021-07-18 16:33:10,705] {scheduler_job.py:642} INFO - DAG(s) dict_keys(['example_trigger_target_dag']) retrieved from /home/julio/anaconda3/lib/python3.8/site-packages/airflow/example_dags/example_trigger_target_dag.py
[2021-07-18 16:33:10,721] {logging_mixin.py:104} INFO - [2021-07-18 16:33:10,720] {dag.py:1833} INFO - Sync 1 DAGs
[2021-07-18 16:33:10,731] {logging_mixin.py:104} INFO - [2021-07-18 16:33:10,731] {dag.py:2306} INFO - Setting next_dagrun for example_trigger_target_dag to None
[2021-07-18 16:33:10,750] {scheduler_job.py:189} INFO - Processing /home/julio/anaconda3/lib/python3.8/site-packages/airflow/example_dags/example_trigger_target_dag.py took 0.071 seconds
[2021-07-18 16:33:44,203] {scheduler_job.py:181} INFO - Started process (PID=15283) to work on /home/julio/anaconda3/lib/python3.8/site-packages/airflow/example_dags/example_trigger_target_dag.py
[2021-07-18 16:33:44,203] {scheduler_job.py:632} INFO - Processing file /home/julio/anaconda3/lib/python3.8/site-packages/airflow/example_dags/example_trigger_target_dag.py for tasks to queue
[2021-07-18 16:33:44,204] {logging_mixin.py:104} INFO - [2021-07-18 16:33:44,204] {dagbag.py:496} INFO - Filling up the DagBag from /home/julio/anaconda3/lib/python3.8/site-packages/airflow/example_dags/example_trigger_target_dag.py
[2021-07-18 16:33:44,217] {scheduler_job.py:642} INFO - DAG(s) dict_keys(['example_trigger_target_dag']) retrieved from /home/julio/anaconda3/lib/python3.8/site-packages/airflow/example_dags/example_trigger_target_dag.py
[2021-07-18 16:33:44,228] {logging_mixin.py:104} INFO - [2021-07-18 16:33:44,228] {dag.py:1833} INFO - Sync 1 DAGs
[2021-07-18 16:33:44,238] {logging_mixin.py:104} INFO - [2021-07-18 16:33:44,238] {dag.py:2306} INFO - Setting next_dagrun for example_trigger_target_dag to None
[2021-07-18 16:33:44,255] {scheduler_job.py:189} INFO - Processing /home/julio/anaconda3/lib/python3.8/site-packages/airflow/example_dags/example_trigger_target_dag.py took 0.055 seconds
[2021-07-18 16:34:17,766] {scheduler_job.py:181} INFO - Started process (PID=15341) to work on /home/julio/anaconda3/lib/python3.8/site-packages/airflow/example_dags/example_trigger_target_dag.py
[2021-07-18 16:34:17,769] {scheduler_job.py:632} INFO - Processing file /home/julio/anaconda3/lib/python3.8/site-packages/airflow/example_dags/example_trigger_target_dag.py for tasks to queue
[2021-07-18 16:34:17,771] {logging_mixin.py:104} INFO - [2021-07-18 16:34:17,771] {dagbag.py:496} INFO - Filling up the DagBag from /home/julio/anaconda3/lib/python3.8/site-packages/airflow/example_dags/example_trigger_target_dag.py
[2021-07-18 16:34:17,782] {scheduler_job.py:642} INFO - DAG(s) dict_keys(['example_trigger_target_dag']) retrieved from /home/julio/anaconda3/lib/python3.8/site-packages/airflow/example_dags/example_trigger_target_dag.py
[2021-07-18 16:34:17,795] {logging_mixin.py:104} INFO - [2021-07-18 16:34:17,795] {dag.py:1833} INFO - Sync 1 DAGs
[2021-07-18 16:34:17,804] {logging_mixin.py:104} INFO - [2021-07-18 16:34:17,804] {dag.py:2306} INFO - Setting next_dagrun for example_trigger_target_dag to None
[2021-07-18 16:34:17,820] {scheduler_job.py:189} INFO - Processing /home/julio/anaconda3/lib/python3.8/site-packages/airflow/example_dags/example_trigger_target_dag.py took 0.057 seconds
[2021-07-18 16:34:54,035] {scheduler_job.py:181} INFO - Started process (PID=15403) to work on /home/julio/anaconda3/lib/python3.8/site-packages/airflow/example_dags/example_trigger_target_dag.py
[2021-07-18 16:34:54,038] {scheduler_job.py:632} INFO - Processing file /home/julio/anaconda3/lib/python3.8/site-packages/airflow/example_dags/example_trigger_target_dag.py for tasks to queue
[2021-07-18 16:34:54,040] {logging_mixin.py:104} INFO - [2021-07-18 16:34:54,040] {dagbag.py:496} INFO - Filling up the DagBag from /home/julio/anaconda3/lib/python3.8/site-packages/airflow/example_dags/example_trigger_target_dag.py
[2021-07-18 16:34:54,053] {scheduler_job.py:642} INFO - DAG(s) dict_keys(['example_trigger_target_dag']) retrieved from /home/julio/anaconda3/lib/python3.8/site-packages/airflow/example_dags/example_trigger_target_dag.py
[2021-07-18 16:34:54,064] {logging_mixin.py:104} INFO - [2021-07-18 16:34:54,064] {dag.py:1833} INFO - Sync 1 DAGs
[2021-07-18 16:34:54,074] {logging_mixin.py:104} INFO - [2021-07-18 16:34:54,074] {dag.py:2306} INFO - Setting next_dagrun for example_trigger_target_dag to None
[2021-07-18 16:34:54,093] {scheduler_job.py:189} INFO - Processing /home/julio/anaconda3/lib/python3.8/site-packages/airflow/example_dags/example_trigger_target_dag.py took 0.060 seconds
[2021-07-18 16:35:27,991] {scheduler_job.py:181} INFO - Started process (PID=15468) to work on /home/julio/anaconda3/lib/python3.8/site-packages/airflow/example_dags/example_trigger_target_dag.py
[2021-07-18 16:35:27,994] {scheduler_job.py:632} INFO - Processing file /home/julio/anaconda3/lib/python3.8/site-packages/airflow/example_dags/example_trigger_target_dag.py for tasks to queue
[2021-07-18 16:35:27,995] {logging_mixin.py:104} INFO - [2021-07-18 16:35:27,995] {dagbag.py:496} INFO - Filling up the DagBag from /home/julio/anaconda3/lib/python3.8/site-packages/airflow/example_dags/example_trigger_target_dag.py
[2021-07-18 16:35:28,009] {scheduler_job.py:642} INFO - DAG(s) dict_keys(['example_trigger_target_dag']) retrieved from /home/julio/anaconda3/lib/python3.8/site-packages/airflow/example_dags/example_trigger_target_dag.py
[2021-07-18 16:35:28,021] {logging_mixin.py:104} INFO - [2021-07-18 16:35:28,021] {dag.py:1833} INFO - Sync 1 DAGs
[2021-07-18 16:35:28,031] {logging_mixin.py:104} INFO - [2021-07-18 16:35:28,031] {dag.py:2306} INFO - Setting next_dagrun for example_trigger_target_dag to None
[2021-07-18 16:35:28,054] {scheduler_job.py:189} INFO - Processing /home/julio/anaconda3/lib/python3.8/site-packages/airflow/example_dags/example_trigger_target_dag.py took 0.065 seconds
[2021-07-18 16:36:00,426] {scheduler_job.py:181} INFO - Started process (PID=15524) to work on /home/julio/anaconda3/lib/python3.8/site-packages/airflow/example_dags/example_trigger_target_dag.py
[2021-07-18 16:36:00,429] {scheduler_job.py:632} INFO - Processing file /home/julio/anaconda3/lib/python3.8/site-packages/airflow/example_dags/example_trigger_target_dag.py for tasks to queue
[2021-07-18 16:36:00,429] {logging_mixin.py:104} INFO - [2021-07-18 16:36:00,429] {dagbag.py:496} INFO - Filling up the DagBag from /home/julio/anaconda3/lib/python3.8/site-packages/airflow/example_dags/example_trigger_target_dag.py
[2021-07-18 16:36:00,462] {scheduler_job.py:642} INFO - DAG(s) dict_keys(['example_trigger_target_dag']) retrieved from /home/julio/anaconda3/lib/python3.8/site-packages/airflow/example_dags/example_trigger_target_dag.py
[2021-07-18 16:36:00,482] {logging_mixin.py:104} INFO - [2021-07-18 16:36:00,482] {dag.py:1833} INFO - Sync 1 DAGs
[2021-07-18 16:36:00,497] {logging_mixin.py:104} INFO - [2021-07-18 16:36:00,497] {dag.py:2306} INFO - Setting next_dagrun for example_trigger_target_dag to None
[2021-07-18 16:36:00,513] {scheduler_job.py:189} INFO - Processing /home/julio/anaconda3/lib/python3.8/site-packages/airflow/example_dags/example_trigger_target_dag.py took 0.090 seconds
[2021-07-18 16:36:37,888] {scheduler_job.py:181} INFO - Started process (PID=15591) to work on /home/julio/anaconda3/lib/python3.8/site-packages/airflow/example_dags/example_trigger_target_dag.py
[2021-07-18 16:36:37,890] {scheduler_job.py:632} INFO - Processing file /home/julio/anaconda3/lib/python3.8/site-packages/airflow/example_dags/example_trigger_target_dag.py for tasks to queue
[2021-07-18 16:36:37,892] {logging_mixin.py:104} INFO - [2021-07-18 16:36:37,892] {dagbag.py:496} INFO - Filling up the DagBag from /home/julio/anaconda3/lib/python3.8/site-packages/airflow/example_dags/example_trigger_target_dag.py
[2021-07-18 16:36:37,907] {scheduler_job.py:642} INFO - DAG(s) dict_keys(['example_trigger_target_dag']) retrieved from /home/julio/anaconda3/lib/python3.8/site-packages/airflow/example_dags/example_trigger_target_dag.py
[2021-07-18 16:36:37,918] {logging_mixin.py:104} INFO - [2021-07-18 16:36:37,918] {dag.py:1833} INFO - Sync 1 DAGs
[2021-07-18 16:36:37,929] {logging_mixin.py:104} INFO - [2021-07-18 16:36:37,929] {dag.py:2306} INFO - Setting next_dagrun for example_trigger_target_dag to None
[2021-07-18 16:36:37,946] {scheduler_job.py:189} INFO - Processing /home/julio/anaconda3/lib/python3.8/site-packages/airflow/example_dags/example_trigger_target_dag.py took 0.065 seconds
[2021-07-18 16:37:11,770] {scheduler_job.py:181} INFO - Started process (PID=15650) to work on /home/julio/anaconda3/lib/python3.8/site-packages/airflow/example_dags/example_trigger_target_dag.py
[2021-07-18 16:37:11,773] {scheduler_job.py:632} INFO - Processing file /home/julio/anaconda3/lib/python3.8/site-packages/airflow/example_dags/example_trigger_target_dag.py for tasks to queue
[2021-07-18 16:37:11,774] {logging_mixin.py:104} INFO - [2021-07-18 16:37:11,774] {dagbag.py:496} INFO - Filling up the DagBag from /home/julio/anaconda3/lib/python3.8/site-packages/airflow/example_dags/example_trigger_target_dag.py
[2021-07-18 16:37:11,786] {scheduler_job.py:642} INFO - DAG(s) dict_keys(['example_trigger_target_dag']) retrieved from /home/julio/anaconda3/lib/python3.8/site-packages/airflow/example_dags/example_trigger_target_dag.py
[2021-07-18 16:37:11,798] {logging_mixin.py:104} INFO - [2021-07-18 16:37:11,798] {dag.py:1833} INFO - Sync 1 DAGs
[2021-07-18 16:37:11,809] {logging_mixin.py:104} INFO - [2021-07-18 16:37:11,809] {dag.py:2306} INFO - Setting next_dagrun for example_trigger_target_dag to None
[2021-07-18 16:37:11,825] {scheduler_job.py:189} INFO - Processing /home/julio/anaconda3/lib/python3.8/site-packages/airflow/example_dags/example_trigger_target_dag.py took 0.058 seconds
[2021-07-18 16:37:46,591] {scheduler_job.py:181} INFO - Started process (PID=15726) to work on /home/julio/anaconda3/lib/python3.8/site-packages/airflow/example_dags/example_trigger_target_dag.py
[2021-07-18 16:37:46,592] {scheduler_job.py:632} INFO - Processing file /home/julio/anaconda3/lib/python3.8/site-packages/airflow/example_dags/example_trigger_target_dag.py for tasks to queue
[2021-07-18 16:37:46,592] {logging_mixin.py:104} INFO - [2021-07-18 16:37:46,592] {dagbag.py:496} INFO - Filling up the DagBag from /home/julio/anaconda3/lib/python3.8/site-packages/airflow/example_dags/example_trigger_target_dag.py
[2021-07-18 16:37:46,603] {scheduler_job.py:642} INFO - DAG(s) dict_keys(['example_trigger_target_dag']) retrieved from /home/julio/anaconda3/lib/python3.8/site-packages/airflow/example_dags/example_trigger_target_dag.py
[2021-07-18 16:37:46,617] {logging_mixin.py:104} INFO - [2021-07-18 16:37:46,617] {dag.py:1833} INFO - Sync 1 DAGs
[2021-07-18 16:37:46,628] {logging_mixin.py:104} INFO - [2021-07-18 16:37:46,628] {dag.py:2306} INFO - Setting next_dagrun for example_trigger_target_dag to None
[2021-07-18 16:37:46,646] {scheduler_job.py:189} INFO - Processing /home/julio/anaconda3/lib/python3.8/site-packages/airflow/example_dags/example_trigger_target_dag.py took 0.058 seconds
[2021-07-18 16:38:21,094] {scheduler_job.py:181} INFO - Started process (PID=15798) to work on /home/julio/anaconda3/lib/python3.8/site-packages/airflow/example_dags/example_trigger_target_dag.py
[2021-07-18 16:38:21,095] {scheduler_job.py:632} INFO - Processing file /home/julio/anaconda3/lib/python3.8/site-packages/airflow/example_dags/example_trigger_target_dag.py for tasks to queue
[2021-07-18 16:38:21,096] {logging_mixin.py:104} INFO - [2021-07-18 16:38:21,096] {dagbag.py:496} INFO - Filling up the DagBag from /home/julio/anaconda3/lib/python3.8/site-packages/airflow/example_dags/example_trigger_target_dag.py
[2021-07-18 16:38:21,108] {scheduler_job.py:642} INFO - DAG(s) dict_keys(['example_trigger_target_dag']) retrieved from /home/julio/anaconda3/lib/python3.8/site-packages/airflow/example_dags/example_trigger_target_dag.py
[2021-07-18 16:38:21,119] {logging_mixin.py:104} INFO - [2021-07-18 16:38:21,119] {dag.py:1833} INFO - Sync 1 DAGs
[2021-07-18 16:38:21,128] {logging_mixin.py:104} INFO - [2021-07-18 16:38:21,128] {dag.py:2306} INFO - Setting next_dagrun for example_trigger_target_dag to None
[2021-07-18 16:38:21,142] {scheduler_job.py:189} INFO - Processing /home/julio/anaconda3/lib/python3.8/site-packages/airflow/example_dags/example_trigger_target_dag.py took 0.053 seconds
[2021-07-18 16:41:06,512] {scheduler_job.py:181} INFO - Started process (PID=15978) to work on /home/julio/anaconda3/lib/python3.8/site-packages/airflow/example_dags/example_trigger_target_dag.py
[2021-07-18 16:41:06,513] {scheduler_job.py:632} INFO - Processing file /home/julio/anaconda3/lib/python3.8/site-packages/airflow/example_dags/example_trigger_target_dag.py for tasks to queue
[2021-07-18 16:41:06,514] {logging_mixin.py:104} INFO - [2021-07-18 16:41:06,514] {dagbag.py:496} INFO - Filling up the DagBag from /home/julio/anaconda3/lib/python3.8/site-packages/airflow/example_dags/example_trigger_target_dag.py
[2021-07-18 16:41:06,520] {scheduler_job.py:642} INFO - DAG(s) dict_keys(['example_trigger_target_dag']) retrieved from /home/julio/anaconda3/lib/python3.8/site-packages/airflow/example_dags/example_trigger_target_dag.py
[2021-07-18 16:41:06,531] {logging_mixin.py:104} INFO - [2021-07-18 16:41:06,531] {dag.py:1833} INFO - Sync 1 DAGs
[2021-07-18 16:41:06,539] {logging_mixin.py:104} INFO - [2021-07-18 16:41:06,539] {dag.py:2306} INFO - Setting next_dagrun for example_trigger_target_dag to None
[2021-07-18 16:41:06,556] {scheduler_job.py:189} INFO - Processing /home/julio/anaconda3/lib/python3.8/site-packages/airflow/example_dags/example_trigger_target_dag.py took 0.050 seconds
[2021-07-18 16:41:40,459] {scheduler_job.py:181} INFO - Started process (PID=16062) to work on /home/julio/anaconda3/lib/python3.8/site-packages/airflow/example_dags/example_trigger_target_dag.py
[2021-07-18 16:41:40,460] {scheduler_job.py:632} INFO - Processing file /home/julio/anaconda3/lib/python3.8/site-packages/airflow/example_dags/example_trigger_target_dag.py for tasks to queue
[2021-07-18 16:41:40,461] {logging_mixin.py:104} INFO - [2021-07-18 16:41:40,461] {dagbag.py:496} INFO - Filling up the DagBag from /home/julio/anaconda3/lib/python3.8/site-packages/airflow/example_dags/example_trigger_target_dag.py
[2021-07-18 16:41:40,477] {scheduler_job.py:642} INFO - DAG(s) dict_keys(['example_trigger_target_dag']) retrieved from /home/julio/anaconda3/lib/python3.8/site-packages/airflow/example_dags/example_trigger_target_dag.py
[2021-07-18 16:41:40,498] {logging_mixin.py:104} INFO - [2021-07-18 16:41:40,497] {dag.py:1833} INFO - Sync 1 DAGs
[2021-07-18 16:41:40,509] {logging_mixin.py:104} INFO - [2021-07-18 16:41:40,509] {dag.py:2306} INFO - Setting next_dagrun for example_trigger_target_dag to None
[2021-07-18 16:41:40,531] {scheduler_job.py:189} INFO - Processing /home/julio/anaconda3/lib/python3.8/site-packages/airflow/example_dags/example_trigger_target_dag.py took 0.077 seconds
[2021-07-18 16:42:15,420] {scheduler_job.py:181} INFO - Started process (PID=16146) to work on /home/julio/anaconda3/lib/python3.8/site-packages/airflow/example_dags/example_trigger_target_dag.py
[2021-07-18 16:42:15,421] {scheduler_job.py:632} INFO - Processing file /home/julio/anaconda3/lib/python3.8/site-packages/airflow/example_dags/example_trigger_target_dag.py for tasks to queue
[2021-07-18 16:42:15,422] {logging_mixin.py:104} INFO - [2021-07-18 16:42:15,422] {dagbag.py:496} INFO - Filling up the DagBag from /home/julio/anaconda3/lib/python3.8/site-packages/airflow/example_dags/example_trigger_target_dag.py
[2021-07-18 16:42:15,431] {scheduler_job.py:642} INFO - DAG(s) dict_keys(['example_trigger_target_dag']) retrieved from /home/julio/anaconda3/lib/python3.8/site-packages/airflow/example_dags/example_trigger_target_dag.py
[2021-07-18 16:42:15,444] {logging_mixin.py:104} INFO - [2021-07-18 16:42:15,444] {dag.py:1833} INFO - Sync 1 DAGs
[2021-07-18 16:42:15,454] {logging_mixin.py:104} INFO - [2021-07-18 16:42:15,454] {dag.py:2306} INFO - Setting next_dagrun for example_trigger_target_dag to None
[2021-07-18 16:42:15,476] {scheduler_job.py:189} INFO - Processing /home/julio/anaconda3/lib/python3.8/site-packages/airflow/example_dags/example_trigger_target_dag.py took 0.061 seconds
