[2021-07-18 15:56:00,737] {scheduler_job.py:181} INFO - Started process (PID=11680) to work on /home/julio/anaconda3/lib/python3.8/site-packages/airflow/example_dags/example_kubernetes_executor.py
[2021-07-18 15:56:00,738] {scheduler_job.py:632} INFO - Processing file /home/julio/anaconda3/lib/python3.8/site-packages/airflow/example_dags/example_kubernetes_executor.py for tasks to queue
[2021-07-18 15:56:00,738] {logging_mixin.py:104} INFO - [2021-07-18 15:56:00,738] {dagbag.py:496} INFO - Filling up the DagBag from /home/julio/anaconda3/lib/python3.8/site-packages/airflow/example_dags/example_kubernetes_executor.py
[2021-07-18 15:56:00,746] {scheduler_job.py:642} INFO - DAG(s) dict_keys(['example_kubernetes_executor']) retrieved from /home/julio/anaconda3/lib/python3.8/site-packages/airflow/example_dags/example_kubernetes_executor.py
[2021-07-18 15:56:00,757] {logging_mixin.py:104} INFO - [2021-07-18 15:56:00,757] {dag.py:1833} INFO - Sync 1 DAGs
[2021-07-18 15:56:00,766] {logging_mixin.py:104} INFO - [2021-07-18 15:56:00,766] {dag.py:2306} INFO - Setting next_dagrun for example_kubernetes_executor to None
[2021-07-18 15:56:00,781] {scheduler_job.py:189} INFO - Processing /home/julio/anaconda3/lib/python3.8/site-packages/airflow/example_dags/example_kubernetes_executor.py took 0.046 seconds
[2021-07-18 15:56:32,115] {scheduler_job.py:181} INFO - Started process (PID=11754) to work on /home/julio/anaconda3/lib/python3.8/site-packages/airflow/example_dags/example_kubernetes_executor.py
[2021-07-18 15:56:32,115] {scheduler_job.py:632} INFO - Processing file /home/julio/anaconda3/lib/python3.8/site-packages/airflow/example_dags/example_kubernetes_executor.py for tasks to queue
[2021-07-18 15:56:32,116] {logging_mixin.py:104} INFO - [2021-07-18 15:56:32,116] {dagbag.py:496} INFO - Filling up the DagBag from /home/julio/anaconda3/lib/python3.8/site-packages/airflow/example_dags/example_kubernetes_executor.py
[2021-07-18 15:56:32,129] {scheduler_job.py:642} INFO - DAG(s) dict_keys(['example_kubernetes_executor']) retrieved from /home/julio/anaconda3/lib/python3.8/site-packages/airflow/example_dags/example_kubernetes_executor.py
[2021-07-18 15:56:32,141] {logging_mixin.py:104} INFO - [2021-07-18 15:56:32,141] {dag.py:1833} INFO - Sync 1 DAGs
[2021-07-18 15:56:32,151] {logging_mixin.py:104} INFO - [2021-07-18 15:56:32,150] {dag.py:2306} INFO - Setting next_dagrun for example_kubernetes_executor to None
[2021-07-18 15:56:32,167] {scheduler_job.py:189} INFO - Processing /home/julio/anaconda3/lib/python3.8/site-packages/airflow/example_dags/example_kubernetes_executor.py took 0.056 seconds
[2021-07-18 15:57:04,539] {scheduler_job.py:181} INFO - Started process (PID=11788) to work on /home/julio/anaconda3/lib/python3.8/site-packages/airflow/example_dags/example_kubernetes_executor.py
[2021-07-18 15:57:04,540] {scheduler_job.py:632} INFO - Processing file /home/julio/anaconda3/lib/python3.8/site-packages/airflow/example_dags/example_kubernetes_executor.py for tasks to queue
[2021-07-18 15:57:04,540] {logging_mixin.py:104} INFO - [2021-07-18 15:57:04,540] {dagbag.py:496} INFO - Filling up the DagBag from /home/julio/anaconda3/lib/python3.8/site-packages/airflow/example_dags/example_kubernetes_executor.py
[2021-07-18 15:57:04,557] {scheduler_job.py:642} INFO - DAG(s) dict_keys(['example_kubernetes_executor']) retrieved from /home/julio/anaconda3/lib/python3.8/site-packages/airflow/example_dags/example_kubernetes_executor.py
[2021-07-18 15:57:04,575] {logging_mixin.py:104} INFO - [2021-07-18 15:57:04,575] {dag.py:1833} INFO - Sync 1 DAGs
[2021-07-18 15:57:04,588] {logging_mixin.py:104} INFO - [2021-07-18 15:57:04,587] {dag.py:2306} INFO - Setting next_dagrun for example_kubernetes_executor to None
[2021-07-18 15:57:04,610] {scheduler_job.py:189} INFO - Processing /home/julio/anaconda3/lib/python3.8/site-packages/airflow/example_dags/example_kubernetes_executor.py took 0.074 seconds
[2021-07-18 15:57:36,669] {scheduler_job.py:181} INFO - Started process (PID=11826) to work on /home/julio/anaconda3/lib/python3.8/site-packages/airflow/example_dags/example_kubernetes_executor.py
[2021-07-18 15:57:36,669] {scheduler_job.py:632} INFO - Processing file /home/julio/anaconda3/lib/python3.8/site-packages/airflow/example_dags/example_kubernetes_executor.py for tasks to queue
[2021-07-18 15:57:36,670] {logging_mixin.py:104} INFO - [2021-07-18 15:57:36,670] {dagbag.py:496} INFO - Filling up the DagBag from /home/julio/anaconda3/lib/python3.8/site-packages/airflow/example_dags/example_kubernetes_executor.py
[2021-07-18 15:57:36,679] {scheduler_job.py:642} INFO - DAG(s) dict_keys(['example_kubernetes_executor']) retrieved from /home/julio/anaconda3/lib/python3.8/site-packages/airflow/example_dags/example_kubernetes_executor.py
[2021-07-18 15:57:36,690] {logging_mixin.py:104} INFO - [2021-07-18 15:57:36,690] {dag.py:1833} INFO - Sync 1 DAGs
[2021-07-18 15:57:36,698] {logging_mixin.py:104} INFO - [2021-07-18 15:57:36,698] {dag.py:2306} INFO - Setting next_dagrun for example_kubernetes_executor to None
[2021-07-18 15:57:36,714] {scheduler_job.py:189} INFO - Processing /home/julio/anaconda3/lib/python3.8/site-packages/airflow/example_dags/example_kubernetes_executor.py took 0.048 seconds
[2021-07-18 15:58:09,309] {scheduler_job.py:181} INFO - Started process (PID=11859) to work on /home/julio/anaconda3/lib/python3.8/site-packages/airflow/example_dags/example_kubernetes_executor.py
[2021-07-18 15:58:09,309] {scheduler_job.py:632} INFO - Processing file /home/julio/anaconda3/lib/python3.8/site-packages/airflow/example_dags/example_kubernetes_executor.py for tasks to queue
[2021-07-18 15:58:09,310] {logging_mixin.py:104} INFO - [2021-07-18 15:58:09,310] {dagbag.py:496} INFO - Filling up the DagBag from /home/julio/anaconda3/lib/python3.8/site-packages/airflow/example_dags/example_kubernetes_executor.py
[2021-07-18 15:58:09,319] {scheduler_job.py:642} INFO - DAG(s) dict_keys(['example_kubernetes_executor']) retrieved from /home/julio/anaconda3/lib/python3.8/site-packages/airflow/example_dags/example_kubernetes_executor.py
[2021-07-18 15:58:09,330] {logging_mixin.py:104} INFO - [2021-07-18 15:58:09,330] {dag.py:1833} INFO - Sync 1 DAGs
[2021-07-18 15:58:09,339] {logging_mixin.py:104} INFO - [2021-07-18 15:58:09,339] {dag.py:2306} INFO - Setting next_dagrun for example_kubernetes_executor to None
[2021-07-18 15:58:09,355] {scheduler_job.py:189} INFO - Processing /home/julio/anaconda3/lib/python3.8/site-packages/airflow/example_dags/example_kubernetes_executor.py took 0.049 seconds
[2021-07-18 15:58:40,573] {scheduler_job.py:181} INFO - Started process (PID=11893) to work on /home/julio/anaconda3/lib/python3.8/site-packages/airflow/example_dags/example_kubernetes_executor.py
[2021-07-18 15:58:40,576] {scheduler_job.py:632} INFO - Processing file /home/julio/anaconda3/lib/python3.8/site-packages/airflow/example_dags/example_kubernetes_executor.py for tasks to queue
[2021-07-18 15:58:40,578] {logging_mixin.py:104} INFO - [2021-07-18 15:58:40,578] {dagbag.py:496} INFO - Filling up the DagBag from /home/julio/anaconda3/lib/python3.8/site-packages/airflow/example_dags/example_kubernetes_executor.py
[2021-07-18 15:58:40,591] {scheduler_job.py:642} INFO - DAG(s) dict_keys(['example_kubernetes_executor']) retrieved from /home/julio/anaconda3/lib/python3.8/site-packages/airflow/example_dags/example_kubernetes_executor.py
[2021-07-18 15:58:40,614] {logging_mixin.py:104} INFO - [2021-07-18 15:58:40,614] {dag.py:1833} INFO - Sync 1 DAGs
[2021-07-18 15:58:40,625] {logging_mixin.py:104} INFO - [2021-07-18 15:58:40,625] {dag.py:2306} INFO - Setting next_dagrun for example_kubernetes_executor to None
[2021-07-18 15:58:40,648] {scheduler_job.py:189} INFO - Processing /home/julio/anaconda3/lib/python3.8/site-packages/airflow/example_dags/example_kubernetes_executor.py took 0.080 seconds
[2021-07-18 16:23:12,415] {scheduler_job.py:181} INFO - Started process (PID=13351) to work on /home/julio/anaconda3/lib/python3.8/site-packages/airflow/example_dags/example_kubernetes_executor.py
[2021-07-18 16:23:12,422] {scheduler_job.py:632} INFO - Processing file /home/julio/anaconda3/lib/python3.8/site-packages/airflow/example_dags/example_kubernetes_executor.py for tasks to queue
[2021-07-18 16:23:12,423] {logging_mixin.py:104} INFO - [2021-07-18 16:23:12,423] {dagbag.py:496} INFO - Filling up the DagBag from /home/julio/anaconda3/lib/python3.8/site-packages/airflow/example_dags/example_kubernetes_executor.py
[2021-07-18 16:23:12,434] {scheduler_job.py:642} INFO - DAG(s) dict_keys(['example_kubernetes_executor']) retrieved from /home/julio/anaconda3/lib/python3.8/site-packages/airflow/example_dags/example_kubernetes_executor.py
[2021-07-18 16:23:12,448] {logging_mixin.py:104} INFO - [2021-07-18 16:23:12,448] {dag.py:1833} INFO - Sync 1 DAGs
[2021-07-18 16:23:12,456] {logging_mixin.py:104} INFO - [2021-07-18 16:23:12,456] {dag.py:2306} INFO - Setting next_dagrun for example_kubernetes_executor to None
[2021-07-18 16:23:12,475] {scheduler_job.py:189} INFO - Processing /home/julio/anaconda3/lib/python3.8/site-packages/airflow/example_dags/example_kubernetes_executor.py took 0.064 seconds
[2021-07-18 16:23:44,779] {scheduler_job.py:181} INFO - Started process (PID=13620) to work on /home/julio/anaconda3/lib/python3.8/site-packages/airflow/example_dags/example_kubernetes_executor.py
[2021-07-18 16:23:44,780] {scheduler_job.py:632} INFO - Processing file /home/julio/anaconda3/lib/python3.8/site-packages/airflow/example_dags/example_kubernetes_executor.py for tasks to queue
[2021-07-18 16:23:44,780] {logging_mixin.py:104} INFO - [2021-07-18 16:23:44,780] {dagbag.py:496} INFO - Filling up the DagBag from /home/julio/anaconda3/lib/python3.8/site-packages/airflow/example_dags/example_kubernetes_executor.py
[2021-07-18 16:23:44,795] {scheduler_job.py:642} INFO - DAG(s) dict_keys(['example_kubernetes_executor']) retrieved from /home/julio/anaconda3/lib/python3.8/site-packages/airflow/example_dags/example_kubernetes_executor.py
[2021-07-18 16:23:44,809] {logging_mixin.py:104} INFO - [2021-07-18 16:23:44,809] {dag.py:1833} INFO - Sync 1 DAGs
[2021-07-18 16:23:44,817] {logging_mixin.py:104} INFO - [2021-07-18 16:23:44,817] {dag.py:2306} INFO - Setting next_dagrun for example_kubernetes_executor to None
[2021-07-18 16:23:44,834] {scheduler_job.py:189} INFO - Processing /home/julio/anaconda3/lib/python3.8/site-packages/airflow/example_dags/example_kubernetes_executor.py took 0.057 seconds
[2021-07-18 16:24:17,478] {scheduler_job.py:181} INFO - Started process (PID=13675) to work on /home/julio/anaconda3/lib/python3.8/site-packages/airflow/example_dags/example_kubernetes_executor.py
[2021-07-18 16:24:17,479] {scheduler_job.py:632} INFO - Processing file /home/julio/anaconda3/lib/python3.8/site-packages/airflow/example_dags/example_kubernetes_executor.py for tasks to queue
[2021-07-18 16:24:17,480] {logging_mixin.py:104} INFO - [2021-07-18 16:24:17,479] {dagbag.py:496} INFO - Filling up the DagBag from /home/julio/anaconda3/lib/python3.8/site-packages/airflow/example_dags/example_kubernetes_executor.py
[2021-07-18 16:24:17,493] {scheduler_job.py:642} INFO - DAG(s) dict_keys(['example_kubernetes_executor']) retrieved from /home/julio/anaconda3/lib/python3.8/site-packages/airflow/example_dags/example_kubernetes_executor.py
[2021-07-18 16:24:17,512] {logging_mixin.py:104} INFO - [2021-07-18 16:24:17,512] {dag.py:1833} INFO - Sync 1 DAGs
[2021-07-18 16:24:17,541] {logging_mixin.py:104} INFO - [2021-07-18 16:24:17,541] {dag.py:2306} INFO - Setting next_dagrun for example_kubernetes_executor to None
[2021-07-18 16:24:17,562] {scheduler_job.py:189} INFO - Processing /home/julio/anaconda3/lib/python3.8/site-packages/airflow/example_dags/example_kubernetes_executor.py took 0.086 seconds
[2021-07-18 16:24:50,485] {scheduler_job.py:181} INFO - Started process (PID=13743) to work on /home/julio/anaconda3/lib/python3.8/site-packages/airflow/example_dags/example_kubernetes_executor.py
[2021-07-18 16:24:50,491] {scheduler_job.py:632} INFO - Processing file /home/julio/anaconda3/lib/python3.8/site-packages/airflow/example_dags/example_kubernetes_executor.py for tasks to queue
[2021-07-18 16:24:50,492] {logging_mixin.py:104} INFO - [2021-07-18 16:24:50,491] {dagbag.py:496} INFO - Filling up the DagBag from /home/julio/anaconda3/lib/python3.8/site-packages/airflow/example_dags/example_kubernetes_executor.py
[2021-07-18 16:24:50,501] {scheduler_job.py:642} INFO - DAG(s) dict_keys(['example_kubernetes_executor']) retrieved from /home/julio/anaconda3/lib/python3.8/site-packages/airflow/example_dags/example_kubernetes_executor.py
[2021-07-18 16:24:50,527] {logging_mixin.py:104} INFO - [2021-07-18 16:24:50,526] {dag.py:1833} INFO - Sync 1 DAGs
[2021-07-18 16:24:50,541] {logging_mixin.py:104} INFO - [2021-07-18 16:24:50,541] {dag.py:2306} INFO - Setting next_dagrun for example_kubernetes_executor to None
[2021-07-18 16:24:50,565] {scheduler_job.py:189} INFO - Processing /home/julio/anaconda3/lib/python3.8/site-packages/airflow/example_dags/example_kubernetes_executor.py took 0.084 seconds
[2021-07-18 16:25:23,074] {scheduler_job.py:181} INFO - Started process (PID=13817) to work on /home/julio/anaconda3/lib/python3.8/site-packages/airflow/example_dags/example_kubernetes_executor.py
[2021-07-18 16:25:23,077] {scheduler_job.py:632} INFO - Processing file /home/julio/anaconda3/lib/python3.8/site-packages/airflow/example_dags/example_kubernetes_executor.py for tasks to queue
[2021-07-18 16:25:23,078] {logging_mixin.py:104} INFO - [2021-07-18 16:25:23,077] {dagbag.py:496} INFO - Filling up the DagBag from /home/julio/anaconda3/lib/python3.8/site-packages/airflow/example_dags/example_kubernetes_executor.py
[2021-07-18 16:25:23,092] {scheduler_job.py:642} INFO - DAG(s) dict_keys(['example_kubernetes_executor']) retrieved from /home/julio/anaconda3/lib/python3.8/site-packages/airflow/example_dags/example_kubernetes_executor.py
[2021-07-18 16:25:23,107] {logging_mixin.py:104} INFO - [2021-07-18 16:25:23,106] {dag.py:1833} INFO - Sync 1 DAGs
[2021-07-18 16:25:23,120] {logging_mixin.py:104} INFO - [2021-07-18 16:25:23,120] {dag.py:2306} INFO - Setting next_dagrun for example_kubernetes_executor to None
[2021-07-18 16:25:23,141] {scheduler_job.py:189} INFO - Processing /home/julio/anaconda3/lib/python3.8/site-packages/airflow/example_dags/example_kubernetes_executor.py took 0.070 seconds
[2021-07-18 16:25:56,375] {scheduler_job.py:181} INFO - Started process (PID=13887) to work on /home/julio/anaconda3/lib/python3.8/site-packages/airflow/example_dags/example_kubernetes_executor.py
[2021-07-18 16:25:56,379] {scheduler_job.py:632} INFO - Processing file /home/julio/anaconda3/lib/python3.8/site-packages/airflow/example_dags/example_kubernetes_executor.py for tasks to queue
[2021-07-18 16:25:56,382] {logging_mixin.py:104} INFO - [2021-07-18 16:25:56,381] {dagbag.py:496} INFO - Filling up the DagBag from /home/julio/anaconda3/lib/python3.8/site-packages/airflow/example_dags/example_kubernetes_executor.py
[2021-07-18 16:25:56,396] {scheduler_job.py:642} INFO - DAG(s) dict_keys(['example_kubernetes_executor']) retrieved from /home/julio/anaconda3/lib/python3.8/site-packages/airflow/example_dags/example_kubernetes_executor.py
[2021-07-18 16:25:56,409] {logging_mixin.py:104} INFO - [2021-07-18 16:25:56,409] {dag.py:1833} INFO - Sync 1 DAGs
[2021-07-18 16:25:56,422] {logging_mixin.py:104} INFO - [2021-07-18 16:25:56,422] {dag.py:2306} INFO - Setting next_dagrun for example_kubernetes_executor to None
[2021-07-18 16:25:56,445] {scheduler_job.py:189} INFO - Processing /home/julio/anaconda3/lib/python3.8/site-packages/airflow/example_dags/example_kubernetes_executor.py took 0.073 seconds
[2021-07-18 16:26:33,132] {scheduler_job.py:181} INFO - Started process (PID=13949) to work on /home/julio/anaconda3/lib/python3.8/site-packages/airflow/example_dags/example_kubernetes_executor.py
[2021-07-18 16:26:33,135] {scheduler_job.py:632} INFO - Processing file /home/julio/anaconda3/lib/python3.8/site-packages/airflow/example_dags/example_kubernetes_executor.py for tasks to queue
[2021-07-18 16:26:33,135] {logging_mixin.py:104} INFO - [2021-07-18 16:26:33,135] {dagbag.py:496} INFO - Filling up the DagBag from /home/julio/anaconda3/lib/python3.8/site-packages/airflow/example_dags/example_kubernetes_executor.py
[2021-07-18 16:26:33,149] {scheduler_job.py:642} INFO - DAG(s) dict_keys(['example_kubernetes_executor']) retrieved from /home/julio/anaconda3/lib/python3.8/site-packages/airflow/example_dags/example_kubernetes_executor.py
[2021-07-18 16:26:33,160] {logging_mixin.py:104} INFO - [2021-07-18 16:26:33,160] {dag.py:1833} INFO - Sync 1 DAGs
[2021-07-18 16:26:33,168] {logging_mixin.py:104} INFO - [2021-07-18 16:26:33,168] {dag.py:2306} INFO - Setting next_dagrun for example_kubernetes_executor to None
[2021-07-18 16:26:33,183] {scheduler_job.py:189} INFO - Processing /home/julio/anaconda3/lib/python3.8/site-packages/airflow/example_dags/example_kubernetes_executor.py took 0.057 seconds
[2021-07-18 16:27:07,788] {scheduler_job.py:181} INFO - Started process (PID=14257) to work on /home/julio/anaconda3/lib/python3.8/site-packages/airflow/example_dags/example_kubernetes_executor.py
[2021-07-18 16:27:07,793] {scheduler_job.py:632} INFO - Processing file /home/julio/anaconda3/lib/python3.8/site-packages/airflow/example_dags/example_kubernetes_executor.py for tasks to queue
[2021-07-18 16:27:07,794] {logging_mixin.py:104} INFO - [2021-07-18 16:27:07,794] {dagbag.py:496} INFO - Filling up the DagBag from /home/julio/anaconda3/lib/python3.8/site-packages/airflow/example_dags/example_kubernetes_executor.py
[2021-07-18 16:27:07,808] {scheduler_job.py:642} INFO - DAG(s) dict_keys(['example_kubernetes_executor']) retrieved from /home/julio/anaconda3/lib/python3.8/site-packages/airflow/example_dags/example_kubernetes_executor.py
[2021-07-18 16:27:07,824] {logging_mixin.py:104} INFO - [2021-07-18 16:27:07,824] {dag.py:1833} INFO - Sync 1 DAGs
[2021-07-18 16:27:07,836] {logging_mixin.py:104} INFO - [2021-07-18 16:27:07,836] {dag.py:2306} INFO - Setting next_dagrun for example_kubernetes_executor to None
[2021-07-18 16:27:07,853] {scheduler_job.py:189} INFO - Processing /home/julio/anaconda3/lib/python3.8/site-packages/airflow/example_dags/example_kubernetes_executor.py took 0.069 seconds
[2021-07-18 16:27:42,737] {scheduler_job.py:181} INFO - Started process (PID=14363) to work on /home/julio/anaconda3/lib/python3.8/site-packages/airflow/example_dags/example_kubernetes_executor.py
[2021-07-18 16:27:42,739] {scheduler_job.py:632} INFO - Processing file /home/julio/anaconda3/lib/python3.8/site-packages/airflow/example_dags/example_kubernetes_executor.py for tasks to queue
[2021-07-18 16:27:42,740] {logging_mixin.py:104} INFO - [2021-07-18 16:27:42,740] {dagbag.py:496} INFO - Filling up the DagBag from /home/julio/anaconda3/lib/python3.8/site-packages/airflow/example_dags/example_kubernetes_executor.py
[2021-07-18 16:27:42,750] {scheduler_job.py:642} INFO - DAG(s) dict_keys(['example_kubernetes_executor']) retrieved from /home/julio/anaconda3/lib/python3.8/site-packages/airflow/example_dags/example_kubernetes_executor.py
[2021-07-18 16:27:42,761] {logging_mixin.py:104} INFO - [2021-07-18 16:27:42,761] {dag.py:1833} INFO - Sync 1 DAGs
[2021-07-18 16:27:42,771] {logging_mixin.py:104} INFO - [2021-07-18 16:27:42,771] {dag.py:2306} INFO - Setting next_dagrun for example_kubernetes_executor to None
[2021-07-18 16:27:42,787] {scheduler_job.py:189} INFO - Processing /home/julio/anaconda3/lib/python3.8/site-packages/airflow/example_dags/example_kubernetes_executor.py took 0.051 seconds
[2021-07-18 16:28:16,360] {scheduler_job.py:181} INFO - Started process (PID=14445) to work on /home/julio/anaconda3/lib/python3.8/site-packages/airflow/example_dags/example_kubernetes_executor.py
[2021-07-18 16:28:16,364] {scheduler_job.py:632} INFO - Processing file /home/julio/anaconda3/lib/python3.8/site-packages/airflow/example_dags/example_kubernetes_executor.py for tasks to queue
[2021-07-18 16:28:16,365] {logging_mixin.py:104} INFO - [2021-07-18 16:28:16,365] {dagbag.py:496} INFO - Filling up the DagBag from /home/julio/anaconda3/lib/python3.8/site-packages/airflow/example_dags/example_kubernetes_executor.py
[2021-07-18 16:28:16,387] {scheduler_job.py:642} INFO - DAG(s) dict_keys(['example_kubernetes_executor']) retrieved from /home/julio/anaconda3/lib/python3.8/site-packages/airflow/example_dags/example_kubernetes_executor.py
[2021-07-18 16:28:16,410] {logging_mixin.py:104} INFO - [2021-07-18 16:28:16,410] {dag.py:1833} INFO - Sync 1 DAGs
[2021-07-18 16:28:16,423] {logging_mixin.py:104} INFO - [2021-07-18 16:28:16,423] {dag.py:2306} INFO - Setting next_dagrun for example_kubernetes_executor to None
[2021-07-18 16:28:16,447] {scheduler_job.py:189} INFO - Processing /home/julio/anaconda3/lib/python3.8/site-packages/airflow/example_dags/example_kubernetes_executor.py took 0.091 seconds
[2021-07-18 16:28:51,654] {scheduler_job.py:181} INFO - Started process (PID=14539) to work on /home/julio/anaconda3/lib/python3.8/site-packages/airflow/example_dags/example_kubernetes_executor.py
[2021-07-18 16:28:51,656] {scheduler_job.py:632} INFO - Processing file /home/julio/anaconda3/lib/python3.8/site-packages/airflow/example_dags/example_kubernetes_executor.py for tasks to queue
[2021-07-18 16:28:51,657] {logging_mixin.py:104} INFO - [2021-07-18 16:28:51,657] {dagbag.py:496} INFO - Filling up the DagBag from /home/julio/anaconda3/lib/python3.8/site-packages/airflow/example_dags/example_kubernetes_executor.py
[2021-07-18 16:28:51,672] {scheduler_job.py:642} INFO - DAG(s) dict_keys(['example_kubernetes_executor']) retrieved from /home/julio/anaconda3/lib/python3.8/site-packages/airflow/example_dags/example_kubernetes_executor.py
[2021-07-18 16:28:51,689] {logging_mixin.py:104} INFO - [2021-07-18 16:28:51,689] {dag.py:1833} INFO - Sync 1 DAGs
[2021-07-18 16:28:51,725] {logging_mixin.py:104} INFO - [2021-07-18 16:28:51,725] {dag.py:2306} INFO - Setting next_dagrun for example_kubernetes_executor to None
[2021-07-18 16:28:51,744] {scheduler_job.py:189} INFO - Processing /home/julio/anaconda3/lib/python3.8/site-packages/airflow/example_dags/example_kubernetes_executor.py took 0.092 seconds
[2021-07-18 16:29:24,060] {scheduler_job.py:181} INFO - Started process (PID=14617) to work on /home/julio/anaconda3/lib/python3.8/site-packages/airflow/example_dags/example_kubernetes_executor.py
[2021-07-18 16:29:24,061] {scheduler_job.py:632} INFO - Processing file /home/julio/anaconda3/lib/python3.8/site-packages/airflow/example_dags/example_kubernetes_executor.py for tasks to queue
[2021-07-18 16:29:24,061] {logging_mixin.py:104} INFO - [2021-07-18 16:29:24,061] {dagbag.py:496} INFO - Filling up the DagBag from /home/julio/anaconda3/lib/python3.8/site-packages/airflow/example_dags/example_kubernetes_executor.py
[2021-07-18 16:29:24,074] {scheduler_job.py:642} INFO - DAG(s) dict_keys(['example_kubernetes_executor']) retrieved from /home/julio/anaconda3/lib/python3.8/site-packages/airflow/example_dags/example_kubernetes_executor.py
[2021-07-18 16:29:24,092] {logging_mixin.py:104} INFO - [2021-07-18 16:29:24,092] {dag.py:1833} INFO - Sync 1 DAGs
[2021-07-18 16:29:24,105] {logging_mixin.py:104} INFO - [2021-07-18 16:29:24,105] {dag.py:2306} INFO - Setting next_dagrun for example_kubernetes_executor to None
[2021-07-18 16:29:24,130] {scheduler_job.py:189} INFO - Processing /home/julio/anaconda3/lib/python3.8/site-packages/airflow/example_dags/example_kubernetes_executor.py took 0.072 seconds
[2021-07-18 16:30:16,559] {scheduler_job.py:181} INFO - Started process (PID=14791) to work on /home/julio/anaconda3/lib/python3.8/site-packages/airflow/example_dags/example_kubernetes_executor.py
[2021-07-18 16:30:16,569] {scheduler_job.py:632} INFO - Processing file /home/julio/anaconda3/lib/python3.8/site-packages/airflow/example_dags/example_kubernetes_executor.py for tasks to queue
[2021-07-18 16:30:16,575] {logging_mixin.py:104} INFO - [2021-07-18 16:30:16,574] {dagbag.py:496} INFO - Filling up the DagBag from /home/julio/anaconda3/lib/python3.8/site-packages/airflow/example_dags/example_kubernetes_executor.py
[2021-07-18 16:30:16,609] {scheduler_job.py:642} INFO - DAG(s) dict_keys(['example_kubernetes_executor']) retrieved from /home/julio/anaconda3/lib/python3.8/site-packages/airflow/example_dags/example_kubernetes_executor.py
[2021-07-18 16:30:16,632] {logging_mixin.py:104} INFO - [2021-07-18 16:30:16,632] {dag.py:1833} INFO - Sync 1 DAGs
[2021-07-18 16:30:16,649] {logging_mixin.py:104} INFO - [2021-07-18 16:30:16,649] {dag.py:2306} INFO - Setting next_dagrun for example_kubernetes_executor to None
[2021-07-18 16:30:16,678] {scheduler_job.py:189} INFO - Processing /home/julio/anaconda3/lib/python3.8/site-packages/airflow/example_dags/example_kubernetes_executor.py took 0.123 seconds
[2021-07-18 16:31:48,159] {scheduler_job.py:181} INFO - Started process (PID=14998) to work on /home/julio/anaconda3/lib/python3.8/site-packages/airflow/example_dags/example_kubernetes_executor.py
[2021-07-18 16:31:48,160] {scheduler_job.py:632} INFO - Processing file /home/julio/anaconda3/lib/python3.8/site-packages/airflow/example_dags/example_kubernetes_executor.py for tasks to queue
[2021-07-18 16:31:48,161] {logging_mixin.py:104} INFO - [2021-07-18 16:31:48,161] {dagbag.py:496} INFO - Filling up the DagBag from /home/julio/anaconda3/lib/python3.8/site-packages/airflow/example_dags/example_kubernetes_executor.py
[2021-07-18 16:31:48,176] {scheduler_job.py:642} INFO - DAG(s) dict_keys(['example_kubernetes_executor']) retrieved from /home/julio/anaconda3/lib/python3.8/site-packages/airflow/example_dags/example_kubernetes_executor.py
[2021-07-18 16:31:48,194] {logging_mixin.py:104} INFO - [2021-07-18 16:31:48,194] {dag.py:1833} INFO - Sync 1 DAGs
[2021-07-18 16:31:48,207] {logging_mixin.py:104} INFO - [2021-07-18 16:31:48,207] {dag.py:2306} INFO - Setting next_dagrun for example_kubernetes_executor to None
[2021-07-18 16:31:48,233] {scheduler_job.py:189} INFO - Processing /home/julio/anaconda3/lib/python3.8/site-packages/airflow/example_dags/example_kubernetes_executor.py took 0.078 seconds
[2021-07-18 16:32:24,151] {scheduler_job.py:181} INFO - Started process (PID=15090) to work on /home/julio/anaconda3/lib/python3.8/site-packages/airflow/example_dags/example_kubernetes_executor.py
[2021-07-18 16:32:24,155] {scheduler_job.py:632} INFO - Processing file /home/julio/anaconda3/lib/python3.8/site-packages/airflow/example_dags/example_kubernetes_executor.py for tasks to queue
[2021-07-18 16:32:24,155] {logging_mixin.py:104} INFO - [2021-07-18 16:32:24,155] {dagbag.py:496} INFO - Filling up the DagBag from /home/julio/anaconda3/lib/python3.8/site-packages/airflow/example_dags/example_kubernetes_executor.py
[2021-07-18 16:32:24,166] {scheduler_job.py:642} INFO - DAG(s) dict_keys(['example_kubernetes_executor']) retrieved from /home/julio/anaconda3/lib/python3.8/site-packages/airflow/example_dags/example_kubernetes_executor.py
[2021-07-18 16:32:24,179] {logging_mixin.py:104} INFO - [2021-07-18 16:32:24,178] {dag.py:1833} INFO - Sync 1 DAGs
[2021-07-18 16:32:24,187] {logging_mixin.py:104} INFO - [2021-07-18 16:32:24,187] {dag.py:2306} INFO - Setting next_dagrun for example_kubernetes_executor to None
[2021-07-18 16:32:24,208] {scheduler_job.py:189} INFO - Processing /home/julio/anaconda3/lib/python3.8/site-packages/airflow/example_dags/example_kubernetes_executor.py took 0.059 seconds
[2021-07-18 16:32:57,824] {scheduler_job.py:181} INFO - Started process (PID=15172) to work on /home/julio/anaconda3/lib/python3.8/site-packages/airflow/example_dags/example_kubernetes_executor.py
[2021-07-18 16:32:57,826] {scheduler_job.py:632} INFO - Processing file /home/julio/anaconda3/lib/python3.8/site-packages/airflow/example_dags/example_kubernetes_executor.py for tasks to queue
[2021-07-18 16:32:57,827] {logging_mixin.py:104} INFO - [2021-07-18 16:32:57,827] {dagbag.py:496} INFO - Filling up the DagBag from /home/julio/anaconda3/lib/python3.8/site-packages/airflow/example_dags/example_kubernetes_executor.py
[2021-07-18 16:32:57,839] {scheduler_job.py:642} INFO - DAG(s) dict_keys(['example_kubernetes_executor']) retrieved from /home/julio/anaconda3/lib/python3.8/site-packages/airflow/example_dags/example_kubernetes_executor.py
[2021-07-18 16:32:57,850] {logging_mixin.py:104} INFO - [2021-07-18 16:32:57,850] {dag.py:1833} INFO - Sync 1 DAGs
[2021-07-18 16:32:57,859] {logging_mixin.py:104} INFO - [2021-07-18 16:32:57,859] {dag.py:2306} INFO - Setting next_dagrun for example_kubernetes_executor to None
[2021-07-18 16:32:57,876] {scheduler_job.py:189} INFO - Processing /home/julio/anaconda3/lib/python3.8/site-packages/airflow/example_dags/example_kubernetes_executor.py took 0.056 seconds
[2021-07-18 16:33:32,059] {scheduler_job.py:181} INFO - Started process (PID=15256) to work on /home/julio/anaconda3/lib/python3.8/site-packages/airflow/example_dags/example_kubernetes_executor.py
[2021-07-18 16:33:32,064] {scheduler_job.py:632} INFO - Processing file /home/julio/anaconda3/lib/python3.8/site-packages/airflow/example_dags/example_kubernetes_executor.py for tasks to queue
[2021-07-18 16:33:32,065] {logging_mixin.py:104} INFO - [2021-07-18 16:33:32,064] {dagbag.py:496} INFO - Filling up the DagBag from /home/julio/anaconda3/lib/python3.8/site-packages/airflow/example_dags/example_kubernetes_executor.py
[2021-07-18 16:33:32,076] {scheduler_job.py:642} INFO - DAG(s) dict_keys(['example_kubernetes_executor']) retrieved from /home/julio/anaconda3/lib/python3.8/site-packages/airflow/example_dags/example_kubernetes_executor.py
[2021-07-18 16:33:32,091] {logging_mixin.py:104} INFO - [2021-07-18 16:33:32,091] {dag.py:1833} INFO - Sync 1 DAGs
[2021-07-18 16:33:32,102] {logging_mixin.py:104} INFO - [2021-07-18 16:33:32,102] {dag.py:2306} INFO - Setting next_dagrun for example_kubernetes_executor to None
[2021-07-18 16:33:32,120] {scheduler_job.py:189} INFO - Processing /home/julio/anaconda3/lib/python3.8/site-packages/airflow/example_dags/example_kubernetes_executor.py took 0.065 seconds
[2021-07-18 16:34:06,102] {scheduler_job.py:181} INFO - Started process (PID=15321) to work on /home/julio/anaconda3/lib/python3.8/site-packages/airflow/example_dags/example_kubernetes_executor.py
[2021-07-18 16:34:06,104] {scheduler_job.py:632} INFO - Processing file /home/julio/anaconda3/lib/python3.8/site-packages/airflow/example_dags/example_kubernetes_executor.py for tasks to queue
[2021-07-18 16:34:06,105] {logging_mixin.py:104} INFO - [2021-07-18 16:34:06,105] {dagbag.py:496} INFO - Filling up the DagBag from /home/julio/anaconda3/lib/python3.8/site-packages/airflow/example_dags/example_kubernetes_executor.py
[2021-07-18 16:34:06,116] {scheduler_job.py:642} INFO - DAG(s) dict_keys(['example_kubernetes_executor']) retrieved from /home/julio/anaconda3/lib/python3.8/site-packages/airflow/example_dags/example_kubernetes_executor.py
[2021-07-18 16:34:06,126] {logging_mixin.py:104} INFO - [2021-07-18 16:34:06,126] {dag.py:1833} INFO - Sync 1 DAGs
[2021-07-18 16:34:06,134] {logging_mixin.py:104} INFO - [2021-07-18 16:34:06,134] {dag.py:2306} INFO - Setting next_dagrun for example_kubernetes_executor to None
[2021-07-18 16:34:06,150] {scheduler_job.py:189} INFO - Processing /home/julio/anaconda3/lib/python3.8/site-packages/airflow/example_dags/example_kubernetes_executor.py took 0.051 seconds
[2021-07-18 16:34:37,230] {scheduler_job.py:181} INFO - Started process (PID=15378) to work on /home/julio/anaconda3/lib/python3.8/site-packages/airflow/example_dags/example_kubernetes_executor.py
[2021-07-18 16:34:37,231] {scheduler_job.py:632} INFO - Processing file /home/julio/anaconda3/lib/python3.8/site-packages/airflow/example_dags/example_kubernetes_executor.py for tasks to queue
[2021-07-18 16:34:37,234] {logging_mixin.py:104} INFO - [2021-07-18 16:34:37,234] {dagbag.py:496} INFO - Filling up the DagBag from /home/julio/anaconda3/lib/python3.8/site-packages/airflow/example_dags/example_kubernetes_executor.py
[2021-07-18 16:34:37,242] {scheduler_job.py:642} INFO - DAG(s) dict_keys(['example_kubernetes_executor']) retrieved from /home/julio/anaconda3/lib/python3.8/site-packages/airflow/example_dags/example_kubernetes_executor.py
[2021-07-18 16:34:37,253] {logging_mixin.py:104} INFO - [2021-07-18 16:34:37,253] {dag.py:1833} INFO - Sync 1 DAGs
[2021-07-18 16:34:37,260] {logging_mixin.py:104} INFO - [2021-07-18 16:34:37,260] {dag.py:2306} INFO - Setting next_dagrun for example_kubernetes_executor to None
[2021-07-18 16:34:37,282] {scheduler_job.py:189} INFO - Processing /home/julio/anaconda3/lib/python3.8/site-packages/airflow/example_dags/example_kubernetes_executor.py took 0.054 seconds
[2021-07-18 16:35:11,431] {scheduler_job.py:181} INFO - Started process (PID=15437) to work on /home/julio/anaconda3/lib/python3.8/site-packages/airflow/example_dags/example_kubernetes_executor.py
[2021-07-18 16:35:11,436] {scheduler_job.py:632} INFO - Processing file /home/julio/anaconda3/lib/python3.8/site-packages/airflow/example_dags/example_kubernetes_executor.py for tasks to queue
[2021-07-18 16:35:11,436] {logging_mixin.py:104} INFO - [2021-07-18 16:35:11,436] {dagbag.py:496} INFO - Filling up the DagBag from /home/julio/anaconda3/lib/python3.8/site-packages/airflow/example_dags/example_kubernetes_executor.py
[2021-07-18 16:35:11,448] {scheduler_job.py:642} INFO - DAG(s) dict_keys(['example_kubernetes_executor']) retrieved from /home/julio/anaconda3/lib/python3.8/site-packages/airflow/example_dags/example_kubernetes_executor.py
[2021-07-18 16:35:11,461] {logging_mixin.py:104} INFO - [2021-07-18 16:35:11,461] {dag.py:1833} INFO - Sync 1 DAGs
[2021-07-18 16:35:11,471] {logging_mixin.py:104} INFO - [2021-07-18 16:35:11,471] {dag.py:2306} INFO - Setting next_dagrun for example_kubernetes_executor to None
[2021-07-18 16:35:11,493] {scheduler_job.py:189} INFO - Processing /home/julio/anaconda3/lib/python3.8/site-packages/airflow/example_dags/example_kubernetes_executor.py took 0.068 seconds
[2021-07-18 16:35:44,621] {scheduler_job.py:181} INFO - Started process (PID=15499) to work on /home/julio/anaconda3/lib/python3.8/site-packages/airflow/example_dags/example_kubernetes_executor.py
[2021-07-18 16:35:44,622] {scheduler_job.py:632} INFO - Processing file /home/julio/anaconda3/lib/python3.8/site-packages/airflow/example_dags/example_kubernetes_executor.py for tasks to queue
[2021-07-18 16:35:44,623] {logging_mixin.py:104} INFO - [2021-07-18 16:35:44,623] {dagbag.py:496} INFO - Filling up the DagBag from /home/julio/anaconda3/lib/python3.8/site-packages/airflow/example_dags/example_kubernetes_executor.py
[2021-07-18 16:35:44,633] {scheduler_job.py:642} INFO - DAG(s) dict_keys(['example_kubernetes_executor']) retrieved from /home/julio/anaconda3/lib/python3.8/site-packages/airflow/example_dags/example_kubernetes_executor.py
[2021-07-18 16:35:44,648] {logging_mixin.py:104} INFO - [2021-07-18 16:35:44,648] {dag.py:1833} INFO - Sync 1 DAGs
[2021-07-18 16:35:44,657] {logging_mixin.py:104} INFO - [2021-07-18 16:35:44,656] {dag.py:2306} INFO - Setting next_dagrun for example_kubernetes_executor to None
[2021-07-18 16:35:44,679] {scheduler_job.py:189} INFO - Processing /home/julio/anaconda3/lib/python3.8/site-packages/airflow/example_dags/example_kubernetes_executor.py took 0.060 seconds
[2021-07-18 16:36:15,931] {scheduler_job.py:181} INFO - Started process (PID=15553) to work on /home/julio/anaconda3/lib/python3.8/site-packages/airflow/example_dags/example_kubernetes_executor.py
[2021-07-18 16:36:15,942] {scheduler_job.py:632} INFO - Processing file /home/julio/anaconda3/lib/python3.8/site-packages/airflow/example_dags/example_kubernetes_executor.py for tasks to queue
[2021-07-18 16:36:15,943] {logging_mixin.py:104} INFO - [2021-07-18 16:36:15,942] {dagbag.py:496} INFO - Filling up the DagBag from /home/julio/anaconda3/lib/python3.8/site-packages/airflow/example_dags/example_kubernetes_executor.py
[2021-07-18 16:36:15,965] {scheduler_job.py:642} INFO - DAG(s) dict_keys(['example_kubernetes_executor']) retrieved from /home/julio/anaconda3/lib/python3.8/site-packages/airflow/example_dags/example_kubernetes_executor.py
[2021-07-18 16:36:15,980] {logging_mixin.py:104} INFO - [2021-07-18 16:36:15,980] {dag.py:1833} INFO - Sync 1 DAGs
[2021-07-18 16:36:15,991] {logging_mixin.py:104} INFO - [2021-07-18 16:36:15,990] {dag.py:2306} INFO - Setting next_dagrun for example_kubernetes_executor to None
[2021-07-18 16:36:16,006] {scheduler_job.py:189} INFO - Processing /home/julio/anaconda3/lib/python3.8/site-packages/airflow/example_dags/example_kubernetes_executor.py took 0.080 seconds
[2021-07-18 16:36:49,546] {scheduler_job.py:181} INFO - Started process (PID=15614) to work on /home/julio/anaconda3/lib/python3.8/site-packages/airflow/example_dags/example_kubernetes_executor.py
[2021-07-18 16:36:49,551] {scheduler_job.py:632} INFO - Processing file /home/julio/anaconda3/lib/python3.8/site-packages/airflow/example_dags/example_kubernetes_executor.py for tasks to queue
[2021-07-18 16:36:49,552] {logging_mixin.py:104} INFO - [2021-07-18 16:36:49,551] {dagbag.py:496} INFO - Filling up the DagBag from /home/julio/anaconda3/lib/python3.8/site-packages/airflow/example_dags/example_kubernetes_executor.py
[2021-07-18 16:36:49,567] {scheduler_job.py:642} INFO - DAG(s) dict_keys(['example_kubernetes_executor']) retrieved from /home/julio/anaconda3/lib/python3.8/site-packages/airflow/example_dags/example_kubernetes_executor.py
[2021-07-18 16:36:49,589] {logging_mixin.py:104} INFO - [2021-07-18 16:36:49,588] {dag.py:1833} INFO - Sync 1 DAGs
[2021-07-18 16:36:49,605] {logging_mixin.py:104} INFO - [2021-07-18 16:36:49,605] {dag.py:2306} INFO - Setting next_dagrun for example_kubernetes_executor to None
[2021-07-18 16:36:49,627] {scheduler_job.py:189} INFO - Processing /home/julio/anaconda3/lib/python3.8/site-packages/airflow/example_dags/example_kubernetes_executor.py took 0.087 seconds
[2021-07-18 16:37:21,934] {scheduler_job.py:181} INFO - Started process (PID=15672) to work on /home/julio/anaconda3/lib/python3.8/site-packages/airflow/example_dags/example_kubernetes_executor.py
[2021-07-18 16:37:21,939] {scheduler_job.py:632} INFO - Processing file /home/julio/anaconda3/lib/python3.8/site-packages/airflow/example_dags/example_kubernetes_executor.py for tasks to queue
[2021-07-18 16:37:21,940] {logging_mixin.py:104} INFO - [2021-07-18 16:37:21,940] {dagbag.py:496} INFO - Filling up the DagBag from /home/julio/anaconda3/lib/python3.8/site-packages/airflow/example_dags/example_kubernetes_executor.py
[2021-07-18 16:37:21,950] {scheduler_job.py:642} INFO - DAG(s) dict_keys(['example_kubernetes_executor']) retrieved from /home/julio/anaconda3/lib/python3.8/site-packages/airflow/example_dags/example_kubernetes_executor.py
[2021-07-18 16:37:21,962] {logging_mixin.py:104} INFO - [2021-07-18 16:37:21,961] {dag.py:1833} INFO - Sync 1 DAGs
[2021-07-18 16:37:21,970] {logging_mixin.py:104} INFO - [2021-07-18 16:37:21,970] {dag.py:2306} INFO - Setting next_dagrun for example_kubernetes_executor to None
[2021-07-18 16:37:21,989] {scheduler_job.py:189} INFO - Processing /home/julio/anaconda3/lib/python3.8/site-packages/airflow/example_dags/example_kubernetes_executor.py took 0.060 seconds
[2021-07-18 16:37:59,554] {scheduler_job.py:181} INFO - Started process (PID=15758) to work on /home/julio/anaconda3/lib/python3.8/site-packages/airflow/example_dags/example_kubernetes_executor.py
[2021-07-18 16:37:59,557] {scheduler_job.py:632} INFO - Processing file /home/julio/anaconda3/lib/python3.8/site-packages/airflow/example_dags/example_kubernetes_executor.py for tasks to queue
[2021-07-18 16:37:59,559] {logging_mixin.py:104} INFO - [2021-07-18 16:37:59,559] {dagbag.py:496} INFO - Filling up the DagBag from /home/julio/anaconda3/lib/python3.8/site-packages/airflow/example_dags/example_kubernetes_executor.py
[2021-07-18 16:37:59,569] {scheduler_job.py:642} INFO - DAG(s) dict_keys(['example_kubernetes_executor']) retrieved from /home/julio/anaconda3/lib/python3.8/site-packages/airflow/example_dags/example_kubernetes_executor.py
[2021-07-18 16:37:59,584] {logging_mixin.py:104} INFO - [2021-07-18 16:37:59,584] {dag.py:1833} INFO - Sync 1 DAGs
[2021-07-18 16:37:59,596] {logging_mixin.py:104} INFO - [2021-07-18 16:37:59,596] {dag.py:2306} INFO - Setting next_dagrun for example_kubernetes_executor to None
[2021-07-18 16:37:59,614] {scheduler_job.py:189} INFO - Processing /home/julio/anaconda3/lib/python3.8/site-packages/airflow/example_dags/example_kubernetes_executor.py took 0.063 seconds
[2021-07-18 16:38:32,689] {scheduler_job.py:181} INFO - Started process (PID=15818) to work on /home/julio/anaconda3/lib/python3.8/site-packages/airflow/example_dags/example_kubernetes_executor.py
[2021-07-18 16:38:32,691] {scheduler_job.py:632} INFO - Processing file /home/julio/anaconda3/lib/python3.8/site-packages/airflow/example_dags/example_kubernetes_executor.py for tasks to queue
[2021-07-18 16:38:32,691] {logging_mixin.py:104} INFO - [2021-07-18 16:38:32,691] {dagbag.py:496} INFO - Filling up the DagBag from /home/julio/anaconda3/lib/python3.8/site-packages/airflow/example_dags/example_kubernetes_executor.py
[2021-07-18 16:38:32,703] {scheduler_job.py:642} INFO - DAG(s) dict_keys(['example_kubernetes_executor']) retrieved from /home/julio/anaconda3/lib/python3.8/site-packages/airflow/example_dags/example_kubernetes_executor.py
[2021-07-18 16:38:32,716] {logging_mixin.py:104} INFO - [2021-07-18 16:38:32,716] {dag.py:1833} INFO - Sync 1 DAGs
[2021-07-18 16:38:32,725] {logging_mixin.py:104} INFO - [2021-07-18 16:38:32,725] {dag.py:2306} INFO - Setting next_dagrun for example_kubernetes_executor to None
[2021-07-18 16:38:32,740] {scheduler_job.py:189} INFO - Processing /home/julio/anaconda3/lib/python3.8/site-packages/airflow/example_dags/example_kubernetes_executor.py took 0.056 seconds
[2021-07-18 16:40:57,709] {scheduler_job.py:181} INFO - Started process (PID=15956) to work on /home/julio/anaconda3/lib/python3.8/site-packages/airflow/example_dags/example_kubernetes_executor.py
[2021-07-18 16:40:57,710] {scheduler_job.py:632} INFO - Processing file /home/julio/anaconda3/lib/python3.8/site-packages/airflow/example_dags/example_kubernetes_executor.py for tasks to queue
[2021-07-18 16:40:57,711] {logging_mixin.py:104} INFO - [2021-07-18 16:40:57,711] {dagbag.py:496} INFO - Filling up the DagBag from /home/julio/anaconda3/lib/python3.8/site-packages/airflow/example_dags/example_kubernetes_executor.py
[2021-07-18 16:40:57,719] {scheduler_job.py:642} INFO - DAG(s) dict_keys(['example_kubernetes_executor']) retrieved from /home/julio/anaconda3/lib/python3.8/site-packages/airflow/example_dags/example_kubernetes_executor.py
[2021-07-18 16:40:57,741] {logging_mixin.py:104} INFO - [2021-07-18 16:40:57,741] {dag.py:1833} INFO - Sync 1 DAGs
[2021-07-18 16:40:57,759] {logging_mixin.py:104} INFO - [2021-07-18 16:40:57,759] {dag.py:2306} INFO - Setting next_dagrun for example_kubernetes_executor to None
[2021-07-18 16:40:57,782] {scheduler_job.py:189} INFO - Processing /home/julio/anaconda3/lib/python3.8/site-packages/airflow/example_dags/example_kubernetes_executor.py took 0.075 seconds
[2021-07-18 16:41:33,585] {scheduler_job.py:181} INFO - Started process (PID=16043) to work on /home/julio/anaconda3/lib/python3.8/site-packages/airflow/example_dags/example_kubernetes_executor.py
[2021-07-18 16:41:33,587] {scheduler_job.py:632} INFO - Processing file /home/julio/anaconda3/lib/python3.8/site-packages/airflow/example_dags/example_kubernetes_executor.py for tasks to queue
[2021-07-18 16:41:33,587] {logging_mixin.py:104} INFO - [2021-07-18 16:41:33,587] {dagbag.py:496} INFO - Filling up the DagBag from /home/julio/anaconda3/lib/python3.8/site-packages/airflow/example_dags/example_kubernetes_executor.py
[2021-07-18 16:41:33,597] {scheduler_job.py:642} INFO - DAG(s) dict_keys(['example_kubernetes_executor']) retrieved from /home/julio/anaconda3/lib/python3.8/site-packages/airflow/example_dags/example_kubernetes_executor.py
[2021-07-18 16:41:33,611] {logging_mixin.py:104} INFO - [2021-07-18 16:41:33,611] {dag.py:1833} INFO - Sync 1 DAGs
[2021-07-18 16:41:33,621] {logging_mixin.py:104} INFO - [2021-07-18 16:41:33,621] {dag.py:2306} INFO - Setting next_dagrun for example_kubernetes_executor to None
[2021-07-18 16:41:33,648] {scheduler_job.py:189} INFO - Processing /home/julio/anaconda3/lib/python3.8/site-packages/airflow/example_dags/example_kubernetes_executor.py took 0.065 seconds
[2021-07-18 16:42:07,612] {scheduler_job.py:181} INFO - Started process (PID=16129) to work on /home/julio/anaconda3/lib/python3.8/site-packages/airflow/example_dags/example_kubernetes_executor.py
[2021-07-18 16:42:07,616] {scheduler_job.py:632} INFO - Processing file /home/julio/anaconda3/lib/python3.8/site-packages/airflow/example_dags/example_kubernetes_executor.py for tasks to queue
[2021-07-18 16:42:07,617] {logging_mixin.py:104} INFO - [2021-07-18 16:42:07,617] {dagbag.py:496} INFO - Filling up the DagBag from /home/julio/anaconda3/lib/python3.8/site-packages/airflow/example_dags/example_kubernetes_executor.py
[2021-07-18 16:42:07,624] {scheduler_job.py:642} INFO - DAG(s) dict_keys(['example_kubernetes_executor']) retrieved from /home/julio/anaconda3/lib/python3.8/site-packages/airflow/example_dags/example_kubernetes_executor.py
[2021-07-18 16:42:07,639] {logging_mixin.py:104} INFO - [2021-07-18 16:42:07,639] {dag.py:1833} INFO - Sync 1 DAGs
[2021-07-18 16:42:07,647] {logging_mixin.py:104} INFO - [2021-07-18 16:42:07,647] {dag.py:2306} INFO - Setting next_dagrun for example_kubernetes_executor to None
[2021-07-18 16:42:07,680] {scheduler_job.py:189} INFO - Processing /home/julio/anaconda3/lib/python3.8/site-packages/airflow/example_dags/example_kubernetes_executor.py took 0.071 seconds
