[2021-07-18 15:56:07,233] {scheduler_job.py:181} INFO - Started process (PID=11705) to work on /home/julio/anaconda3/lib/python3.8/site-packages/airflow/example_dags/example_xcomargs.py
[2021-07-18 15:56:07,235] {scheduler_job.py:632} INFO - Processing file /home/julio/anaconda3/lib/python3.8/site-packages/airflow/example_dags/example_xcomargs.py for tasks to queue
[2021-07-18 15:56:07,235] {logging_mixin.py:104} INFO - [2021-07-18 15:56:07,235] {dagbag.py:496} INFO - Filling up the DagBag from /home/julio/anaconda3/lib/python3.8/site-packages/airflow/example_dags/example_xcomargs.py
[2021-07-18 15:56:07,250] {scheduler_job.py:642} INFO - DAG(s) dict_keys(['example_xcom_args', 'example_xcom_args_with_operators']) retrieved from /home/julio/anaconda3/lib/python3.8/site-packages/airflow/example_dags/example_xcomargs.py
[2021-07-18 15:56:07,431] {logging_mixin.py:104} INFO - [2021-07-18 15:56:07,431] {dag.py:1833} INFO - Sync 2 DAGs
[2021-07-18 15:56:07,438] {logging_mixin.py:104} INFO - [2021-07-18 15:56:07,438] {dag.py:2306} INFO - Setting next_dagrun for example_xcom_args to None
[2021-07-18 15:56:07,438] {logging_mixin.py:104} INFO - [2021-07-18 15:56:07,438] {dag.py:2306} INFO - Setting next_dagrun for example_xcom_args_with_operators to None
[2021-07-18 15:56:07,455] {scheduler_job.py:189} INFO - Processing /home/julio/anaconda3/lib/python3.8/site-packages/airflow/example_dags/example_xcomargs.py took 0.228 seconds
[2021-07-18 15:56:38,657] {scheduler_job.py:181} INFO - Started process (PID=11760) to work on /home/julio/anaconda3/lib/python3.8/site-packages/airflow/example_dags/example_xcomargs.py
[2021-07-18 15:56:38,658] {scheduler_job.py:632} INFO - Processing file /home/julio/anaconda3/lib/python3.8/site-packages/airflow/example_dags/example_xcomargs.py for tasks to queue
[2021-07-18 15:56:38,658] {logging_mixin.py:104} INFO - [2021-07-18 15:56:38,658] {dagbag.py:496} INFO - Filling up the DagBag from /home/julio/anaconda3/lib/python3.8/site-packages/airflow/example_dags/example_xcomargs.py
[2021-07-18 15:56:38,672] {scheduler_job.py:642} INFO - DAG(s) dict_keys(['example_xcom_args', 'example_xcom_args_with_operators']) retrieved from /home/julio/anaconda3/lib/python3.8/site-packages/airflow/example_dags/example_xcomargs.py
[2021-07-18 15:56:38,865] {logging_mixin.py:104} INFO - [2021-07-18 15:56:38,865] {dag.py:1833} INFO - Sync 2 DAGs
[2021-07-18 15:56:38,871] {logging_mixin.py:104} INFO - [2021-07-18 15:56:38,871] {dag.py:2306} INFO - Setting next_dagrun for example_xcom_args to None
[2021-07-18 15:56:38,871] {logging_mixin.py:104} INFO - [2021-07-18 15:56:38,871] {dag.py:2306} INFO - Setting next_dagrun for example_xcom_args_with_operators to None
[2021-07-18 15:56:38,891] {scheduler_job.py:189} INFO - Processing /home/julio/anaconda3/lib/python3.8/site-packages/airflow/example_dags/example_xcomargs.py took 0.237 seconds
[2021-07-18 15:57:11,326] {scheduler_job.py:181} INFO - Started process (PID=11795) to work on /home/julio/anaconda3/lib/python3.8/site-packages/airflow/example_dags/example_xcomargs.py
[2021-07-18 15:57:11,326] {scheduler_job.py:632} INFO - Processing file /home/julio/anaconda3/lib/python3.8/site-packages/airflow/example_dags/example_xcomargs.py for tasks to queue
[2021-07-18 15:57:11,327] {logging_mixin.py:104} INFO - [2021-07-18 15:57:11,327] {dagbag.py:496} INFO - Filling up the DagBag from /home/julio/anaconda3/lib/python3.8/site-packages/airflow/example_dags/example_xcomargs.py
[2021-07-18 15:57:11,341] {scheduler_job.py:642} INFO - DAG(s) dict_keys(['example_xcom_args', 'example_xcom_args_with_operators']) retrieved from /home/julio/anaconda3/lib/python3.8/site-packages/airflow/example_dags/example_xcomargs.py
[2021-07-18 15:57:11,549] {logging_mixin.py:104} INFO - [2021-07-18 15:57:11,549] {dag.py:1833} INFO - Sync 2 DAGs
[2021-07-18 15:57:11,557] {logging_mixin.py:104} INFO - [2021-07-18 15:57:11,557] {dag.py:2306} INFO - Setting next_dagrun for example_xcom_args to None
[2021-07-18 15:57:11,557] {logging_mixin.py:104} INFO - [2021-07-18 15:57:11,557] {dag.py:2306} INFO - Setting next_dagrun for example_xcom_args_with_operators to None
[2021-07-18 15:57:11,570] {scheduler_job.py:189} INFO - Processing /home/julio/anaconda3/lib/python3.8/site-packages/airflow/example_dags/example_xcomargs.py took 0.247 seconds
[2021-07-18 15:57:43,538] {scheduler_job.py:181} INFO - Started process (PID=11834) to work on /home/julio/anaconda3/lib/python3.8/site-packages/airflow/example_dags/example_xcomargs.py
[2021-07-18 15:57:43,539] {scheduler_job.py:632} INFO - Processing file /home/julio/anaconda3/lib/python3.8/site-packages/airflow/example_dags/example_xcomargs.py for tasks to queue
[2021-07-18 15:57:43,539] {logging_mixin.py:104} INFO - [2021-07-18 15:57:43,539] {dagbag.py:496} INFO - Filling up the DagBag from /home/julio/anaconda3/lib/python3.8/site-packages/airflow/example_dags/example_xcomargs.py
[2021-07-18 15:57:43,556] {scheduler_job.py:642} INFO - DAG(s) dict_keys(['example_xcom_args', 'example_xcom_args_with_operators']) retrieved from /home/julio/anaconda3/lib/python3.8/site-packages/airflow/example_dags/example_xcomargs.py
[2021-07-18 15:57:43,798] {logging_mixin.py:104} INFO - [2021-07-18 15:57:43,798] {dag.py:1833} INFO - Sync 2 DAGs
[2021-07-18 15:57:43,805] {logging_mixin.py:104} INFO - [2021-07-18 15:57:43,805] {dag.py:2306} INFO - Setting next_dagrun for example_xcom_args to None
[2021-07-18 15:57:43,806] {logging_mixin.py:104} INFO - [2021-07-18 15:57:43,805] {dag.py:2306} INFO - Setting next_dagrun for example_xcom_args_with_operators to None
[2021-07-18 15:57:43,824] {scheduler_job.py:189} INFO - Processing /home/julio/anaconda3/lib/python3.8/site-packages/airflow/example_dags/example_xcomargs.py took 0.289 seconds
[2021-07-18 15:58:15,672] {scheduler_job.py:181} INFO - Started process (PID=11867) to work on /home/julio/anaconda3/lib/python3.8/site-packages/airflow/example_dags/example_xcomargs.py
[2021-07-18 15:58:15,673] {scheduler_job.py:632} INFO - Processing file /home/julio/anaconda3/lib/python3.8/site-packages/airflow/example_dags/example_xcomargs.py for tasks to queue
[2021-07-18 15:58:15,673] {logging_mixin.py:104} INFO - [2021-07-18 15:58:15,673] {dagbag.py:496} INFO - Filling up the DagBag from /home/julio/anaconda3/lib/python3.8/site-packages/airflow/example_dags/example_xcomargs.py
[2021-07-18 15:58:15,690] {scheduler_job.py:642} INFO - DAG(s) dict_keys(['example_xcom_args', 'example_xcom_args_with_operators']) retrieved from /home/julio/anaconda3/lib/python3.8/site-packages/airflow/example_dags/example_xcomargs.py
[2021-07-18 15:58:15,974] {logging_mixin.py:104} INFO - [2021-07-18 15:58:15,974] {dag.py:1833} INFO - Sync 2 DAGs
[2021-07-18 15:58:15,991] {logging_mixin.py:104} INFO - [2021-07-18 15:58:15,991] {dag.py:2306} INFO - Setting next_dagrun for example_xcom_args to None
[2021-07-18 15:58:15,992] {logging_mixin.py:104} INFO - [2021-07-18 15:58:15,992] {dag.py:2306} INFO - Setting next_dagrun for example_xcom_args_with_operators to None
[2021-07-18 15:58:16,017] {scheduler_job.py:189} INFO - Processing /home/julio/anaconda3/lib/python3.8/site-packages/airflow/example_dags/example_xcomargs.py took 0.349 seconds
[2021-07-18 15:58:47,640] {scheduler_job.py:181} INFO - Started process (PID=11901) to work on /home/julio/anaconda3/lib/python3.8/site-packages/airflow/example_dags/example_xcomargs.py
[2021-07-18 15:58:47,640] {scheduler_job.py:632} INFO - Processing file /home/julio/anaconda3/lib/python3.8/site-packages/airflow/example_dags/example_xcomargs.py for tasks to queue
[2021-07-18 15:58:47,641] {logging_mixin.py:104} INFO - [2021-07-18 15:58:47,641] {dagbag.py:496} INFO - Filling up the DagBag from /home/julio/anaconda3/lib/python3.8/site-packages/airflow/example_dags/example_xcomargs.py
[2021-07-18 15:58:47,653] {scheduler_job.py:642} INFO - DAG(s) dict_keys(['example_xcom_args', 'example_xcom_args_with_operators']) retrieved from /home/julio/anaconda3/lib/python3.8/site-packages/airflow/example_dags/example_xcomargs.py
[2021-07-18 15:58:47,841] {logging_mixin.py:104} INFO - [2021-07-18 15:58:47,841] {dag.py:1833} INFO - Sync 2 DAGs
[2021-07-18 15:58:47,847] {logging_mixin.py:104} INFO - [2021-07-18 15:58:47,847] {dag.py:2306} INFO - Setting next_dagrun for example_xcom_args to None
[2021-07-18 15:58:47,847] {logging_mixin.py:104} INFO - [2021-07-18 15:58:47,847] {dag.py:2306} INFO - Setting next_dagrun for example_xcom_args_with_operators to None
[2021-07-18 15:58:47,875] {scheduler_job.py:189} INFO - Processing /home/julio/anaconda3/lib/python3.8/site-packages/airflow/example_dags/example_xcomargs.py took 0.238 seconds
[2021-07-18 16:23:19,218] {scheduler_job.py:181} INFO - Started process (PID=13366) to work on /home/julio/anaconda3/lib/python3.8/site-packages/airflow/example_dags/example_xcomargs.py
[2021-07-18 16:23:19,221] {scheduler_job.py:632} INFO - Processing file /home/julio/anaconda3/lib/python3.8/site-packages/airflow/example_dags/example_xcomargs.py for tasks to queue
[2021-07-18 16:23:19,221] {logging_mixin.py:104} INFO - [2021-07-18 16:23:19,221] {dagbag.py:496} INFO - Filling up the DagBag from /home/julio/anaconda3/lib/python3.8/site-packages/airflow/example_dags/example_xcomargs.py
[2021-07-18 16:23:19,237] {scheduler_job.py:642} INFO - DAG(s) dict_keys(['example_xcom_args', 'example_xcom_args_with_operators']) retrieved from /home/julio/anaconda3/lib/python3.8/site-packages/airflow/example_dags/example_xcomargs.py
[2021-07-18 16:23:19,458] {logging_mixin.py:104} INFO - [2021-07-18 16:23:19,458] {dag.py:1833} INFO - Sync 2 DAGs
[2021-07-18 16:23:19,470] {logging_mixin.py:104} INFO - [2021-07-18 16:23:19,469] {dag.py:2306} INFO - Setting next_dagrun for example_xcom_args to None
[2021-07-18 16:23:19,471] {logging_mixin.py:104} INFO - [2021-07-18 16:23:19,470] {dag.py:2306} INFO - Setting next_dagrun for example_xcom_args_with_operators to None
[2021-07-18 16:23:19,488] {scheduler_job.py:189} INFO - Processing /home/julio/anaconda3/lib/python3.8/site-packages/airflow/example_dags/example_xcomargs.py took 0.274 seconds
[2021-07-18 16:23:51,318] {scheduler_job.py:181} INFO - Started process (PID=13631) to work on /home/julio/anaconda3/lib/python3.8/site-packages/airflow/example_dags/example_xcomargs.py
[2021-07-18 16:23:51,319] {scheduler_job.py:632} INFO - Processing file /home/julio/anaconda3/lib/python3.8/site-packages/airflow/example_dags/example_xcomargs.py for tasks to queue
[2021-07-18 16:23:51,319] {logging_mixin.py:104} INFO - [2021-07-18 16:23:51,319] {dagbag.py:496} INFO - Filling up the DagBag from /home/julio/anaconda3/lib/python3.8/site-packages/airflow/example_dags/example_xcomargs.py
[2021-07-18 16:23:51,340] {scheduler_job.py:642} INFO - DAG(s) dict_keys(['example_xcom_args', 'example_xcom_args_with_operators']) retrieved from /home/julio/anaconda3/lib/python3.8/site-packages/airflow/example_dags/example_xcomargs.py
[2021-07-18 16:23:51,574] {logging_mixin.py:104} INFO - [2021-07-18 16:23:51,574] {dag.py:1833} INFO - Sync 2 DAGs
[2021-07-18 16:23:51,582] {logging_mixin.py:104} INFO - [2021-07-18 16:23:51,582] {dag.py:2306} INFO - Setting next_dagrun for example_xcom_args to None
[2021-07-18 16:23:51,583] {logging_mixin.py:104} INFO - [2021-07-18 16:23:51,583] {dag.py:2306} INFO - Setting next_dagrun for example_xcom_args_with_operators to None
[2021-07-18 16:23:51,601] {scheduler_job.py:189} INFO - Processing /home/julio/anaconda3/lib/python3.8/site-packages/airflow/example_dags/example_xcomargs.py took 0.285 seconds
[2021-07-18 16:24:24,269] {scheduler_job.py:181} INFO - Started process (PID=13688) to work on /home/julio/anaconda3/lib/python3.8/site-packages/airflow/example_dags/example_xcomargs.py
[2021-07-18 16:24:24,271] {scheduler_job.py:632} INFO - Processing file /home/julio/anaconda3/lib/python3.8/site-packages/airflow/example_dags/example_xcomargs.py for tasks to queue
[2021-07-18 16:24:24,272] {logging_mixin.py:104} INFO - [2021-07-18 16:24:24,272] {dagbag.py:496} INFO - Filling up the DagBag from /home/julio/anaconda3/lib/python3.8/site-packages/airflow/example_dags/example_xcomargs.py
[2021-07-18 16:24:24,290] {scheduler_job.py:642} INFO - DAG(s) dict_keys(['example_xcom_args', 'example_xcom_args_with_operators']) retrieved from /home/julio/anaconda3/lib/python3.8/site-packages/airflow/example_dags/example_xcomargs.py
[2021-07-18 16:24:24,529] {logging_mixin.py:104} INFO - [2021-07-18 16:24:24,529] {dag.py:1833} INFO - Sync 2 DAGs
[2021-07-18 16:24:24,540] {logging_mixin.py:104} INFO - [2021-07-18 16:24:24,540] {dag.py:2306} INFO - Setting next_dagrun for example_xcom_args to None
[2021-07-18 16:24:24,541] {logging_mixin.py:104} INFO - [2021-07-18 16:24:24,541] {dag.py:2306} INFO - Setting next_dagrun for example_xcom_args_with_operators to None
[2021-07-18 16:24:24,557] {scheduler_job.py:189} INFO - Processing /home/julio/anaconda3/lib/python3.8/site-packages/airflow/example_dags/example_xcomargs.py took 0.294 seconds
[2021-07-18 16:24:57,239] {scheduler_job.py:181} INFO - Started process (PID=13757) to work on /home/julio/anaconda3/lib/python3.8/site-packages/airflow/example_dags/example_xcomargs.py
[2021-07-18 16:24:57,243] {scheduler_job.py:632} INFO - Processing file /home/julio/anaconda3/lib/python3.8/site-packages/airflow/example_dags/example_xcomargs.py for tasks to queue
[2021-07-18 16:24:57,244] {logging_mixin.py:104} INFO - [2021-07-18 16:24:57,244] {dagbag.py:496} INFO - Filling up the DagBag from /home/julio/anaconda3/lib/python3.8/site-packages/airflow/example_dags/example_xcomargs.py
[2021-07-18 16:24:57,265] {scheduler_job.py:642} INFO - DAG(s) dict_keys(['example_xcom_args', 'example_xcom_args_with_operators']) retrieved from /home/julio/anaconda3/lib/python3.8/site-packages/airflow/example_dags/example_xcomargs.py
[2021-07-18 16:24:57,463] {logging_mixin.py:104} INFO - [2021-07-18 16:24:57,463] {dag.py:1833} INFO - Sync 2 DAGs
[2021-07-18 16:24:57,476] {logging_mixin.py:104} INFO - [2021-07-18 16:24:57,474] {dag.py:2306} INFO - Setting next_dagrun for example_xcom_args to None
[2021-07-18 16:24:57,477] {logging_mixin.py:104} INFO - [2021-07-18 16:24:57,477] {dag.py:2306} INFO - Setting next_dagrun for example_xcom_args_with_operators to None
[2021-07-18 16:24:57,505] {scheduler_job.py:189} INFO - Processing /home/julio/anaconda3/lib/python3.8/site-packages/airflow/example_dags/example_xcomargs.py took 0.270 seconds
[2021-07-18 16:25:30,318] {scheduler_job.py:181} INFO - Started process (PID=13829) to work on /home/julio/anaconda3/lib/python3.8/site-packages/airflow/example_dags/example_xcomargs.py
[2021-07-18 16:25:30,319] {scheduler_job.py:632} INFO - Processing file /home/julio/anaconda3/lib/python3.8/site-packages/airflow/example_dags/example_xcomargs.py for tasks to queue
[2021-07-18 16:25:30,319] {logging_mixin.py:104} INFO - [2021-07-18 16:25:30,319] {dagbag.py:496} INFO - Filling up the DagBag from /home/julio/anaconda3/lib/python3.8/site-packages/airflow/example_dags/example_xcomargs.py
[2021-07-18 16:25:30,339] {scheduler_job.py:642} INFO - DAG(s) dict_keys(['example_xcom_args', 'example_xcom_args_with_operators']) retrieved from /home/julio/anaconda3/lib/python3.8/site-packages/airflow/example_dags/example_xcomargs.py
[2021-07-18 16:25:30,598] {logging_mixin.py:104} INFO - [2021-07-18 16:25:30,598] {dag.py:1833} INFO - Sync 2 DAGs
[2021-07-18 16:25:30,608] {logging_mixin.py:104} INFO - [2021-07-18 16:25:30,608] {dag.py:2306} INFO - Setting next_dagrun for example_xcom_args to None
[2021-07-18 16:25:30,611] {logging_mixin.py:104} INFO - [2021-07-18 16:25:30,611] {dag.py:2306} INFO - Setting next_dagrun for example_xcom_args_with_operators to None
[2021-07-18 16:25:30,628] {scheduler_job.py:189} INFO - Processing /home/julio/anaconda3/lib/python3.8/site-packages/airflow/example_dags/example_xcomargs.py took 0.312 seconds
[2021-07-18 16:26:39,239] {scheduler_job.py:181} INFO - Started process (PID=14175) to work on /home/julio/anaconda3/lib/python3.8/site-packages/airflow/example_dags/example_xcomargs.py
[2021-07-18 16:26:39,243] {scheduler_job.py:632} INFO - Processing file /home/julio/anaconda3/lib/python3.8/site-packages/airflow/example_dags/example_xcomargs.py for tasks to queue
[2021-07-18 16:26:39,245] {logging_mixin.py:104} INFO - [2021-07-18 16:26:39,245] {dagbag.py:496} INFO - Filling up the DagBag from /home/julio/anaconda3/lib/python3.8/site-packages/airflow/example_dags/example_xcomargs.py
[2021-07-18 16:26:39,258] {scheduler_job.py:642} INFO - DAG(s) dict_keys(['example_xcom_args', 'example_xcom_args_with_operators']) retrieved from /home/julio/anaconda3/lib/python3.8/site-packages/airflow/example_dags/example_xcomargs.py
[2021-07-18 16:26:39,448] {logging_mixin.py:104} INFO - [2021-07-18 16:26:39,447] {dag.py:1833} INFO - Sync 2 DAGs
[2021-07-18 16:26:39,456] {logging_mixin.py:104} INFO - [2021-07-18 16:26:39,456] {dag.py:2306} INFO - Setting next_dagrun for example_xcom_args to None
[2021-07-18 16:26:39,458] {logging_mixin.py:104} INFO - [2021-07-18 16:26:39,458] {dag.py:2306} INFO - Setting next_dagrun for example_xcom_args_with_operators to None
[2021-07-18 16:26:39,482] {scheduler_job.py:189} INFO - Processing /home/julio/anaconda3/lib/python3.8/site-packages/airflow/example_dags/example_xcomargs.py took 0.246 seconds
[2021-07-18 16:27:14,443] {scheduler_job.py:181} INFO - Started process (PID=14274) to work on /home/julio/anaconda3/lib/python3.8/site-packages/airflow/example_dags/example_xcomargs.py
[2021-07-18 16:27:14,445] {scheduler_job.py:632} INFO - Processing file /home/julio/anaconda3/lib/python3.8/site-packages/airflow/example_dags/example_xcomargs.py for tasks to queue
[2021-07-18 16:27:14,445] {logging_mixin.py:104} INFO - [2021-07-18 16:27:14,445] {dagbag.py:496} INFO - Filling up the DagBag from /home/julio/anaconda3/lib/python3.8/site-packages/airflow/example_dags/example_xcomargs.py
[2021-07-18 16:27:14,462] {scheduler_job.py:642} INFO - DAG(s) dict_keys(['example_xcom_args', 'example_xcom_args_with_operators']) retrieved from /home/julio/anaconda3/lib/python3.8/site-packages/airflow/example_dags/example_xcomargs.py
[2021-07-18 16:27:14,699] {logging_mixin.py:104} INFO - [2021-07-18 16:27:14,699] {dag.py:1833} INFO - Sync 2 DAGs
[2021-07-18 16:27:14,710] {logging_mixin.py:104} INFO - [2021-07-18 16:27:14,710] {dag.py:2306} INFO - Setting next_dagrun for example_xcom_args to None
[2021-07-18 16:27:14,714] {logging_mixin.py:104} INFO - [2021-07-18 16:27:14,714] {dag.py:2306} INFO - Setting next_dagrun for example_xcom_args_with_operators to None
[2021-07-18 16:27:14,746] {scheduler_job.py:189} INFO - Processing /home/julio/anaconda3/lib/python3.8/site-packages/airflow/example_dags/example_xcomargs.py took 0.305 seconds
[2021-07-18 16:27:49,658] {scheduler_job.py:181} INFO - Started process (PID=14380) to work on /home/julio/anaconda3/lib/python3.8/site-packages/airflow/example_dags/example_xcomargs.py
[2021-07-18 16:27:49,660] {scheduler_job.py:632} INFO - Processing file /home/julio/anaconda3/lib/python3.8/site-packages/airflow/example_dags/example_xcomargs.py for tasks to queue
[2021-07-18 16:27:49,660] {logging_mixin.py:104} INFO - [2021-07-18 16:27:49,660] {dagbag.py:496} INFO - Filling up the DagBag from /home/julio/anaconda3/lib/python3.8/site-packages/airflow/example_dags/example_xcomargs.py
[2021-07-18 16:27:49,687] {scheduler_job.py:642} INFO - DAG(s) dict_keys(['example_xcom_args', 'example_xcom_args_with_operators']) retrieved from /home/julio/anaconda3/lib/python3.8/site-packages/airflow/example_dags/example_xcomargs.py
[2021-07-18 16:27:49,998] {logging_mixin.py:104} INFO - [2021-07-18 16:27:49,998] {dag.py:1833} INFO - Sync 2 DAGs
[2021-07-18 16:27:50,008] {logging_mixin.py:104} INFO - [2021-07-18 16:27:50,008] {dag.py:2306} INFO - Setting next_dagrun for example_xcom_args to None
[2021-07-18 16:27:50,009] {logging_mixin.py:104} INFO - [2021-07-18 16:27:50,009] {dag.py:2306} INFO - Setting next_dagrun for example_xcom_args_with_operators to None
[2021-07-18 16:27:50,030] {scheduler_job.py:189} INFO - Processing /home/julio/anaconda3/lib/python3.8/site-packages/airflow/example_dags/example_xcomargs.py took 0.377 seconds
[2021-07-18 16:28:25,424] {scheduler_job.py:181} INFO - Started process (PID=14469) to work on /home/julio/anaconda3/lib/python3.8/site-packages/airflow/example_dags/example_xcomargs.py
[2021-07-18 16:28:25,467] {scheduler_job.py:632} INFO - Processing file /home/julio/anaconda3/lib/python3.8/site-packages/airflow/example_dags/example_xcomargs.py for tasks to queue
[2021-07-18 16:28:25,467] {logging_mixin.py:104} INFO - [2021-07-18 16:28:25,467] {dagbag.py:496} INFO - Filling up the DagBag from /home/julio/anaconda3/lib/python3.8/site-packages/airflow/example_dags/example_xcomargs.py
[2021-07-18 16:28:25,481] {scheduler_job.py:642} INFO - DAG(s) dict_keys(['example_xcom_args', 'example_xcom_args_with_operators']) retrieved from /home/julio/anaconda3/lib/python3.8/site-packages/airflow/example_dags/example_xcomargs.py
[2021-07-18 16:28:25,759] {logging_mixin.py:104} INFO - [2021-07-18 16:28:25,759] {dag.py:1833} INFO - Sync 2 DAGs
[2021-07-18 16:28:25,770] {logging_mixin.py:104} INFO - [2021-07-18 16:28:25,770] {dag.py:2306} INFO - Setting next_dagrun for example_xcom_args to None
[2021-07-18 16:28:25,773] {logging_mixin.py:104} INFO - [2021-07-18 16:28:25,773] {dag.py:2306} INFO - Setting next_dagrun for example_xcom_args_with_operators to None
[2021-07-18 16:28:25,790] {scheduler_job.py:189} INFO - Processing /home/julio/anaconda3/lib/python3.8/site-packages/airflow/example_dags/example_xcomargs.py took 0.368 seconds
[2021-07-18 16:29:00,676] {scheduler_job.py:181} INFO - Started process (PID=14561) to work on /home/julio/anaconda3/lib/python3.8/site-packages/airflow/example_dags/example_xcomargs.py
[2021-07-18 16:29:00,685] {scheduler_job.py:632} INFO - Processing file /home/julio/anaconda3/lib/python3.8/site-packages/airflow/example_dags/example_xcomargs.py for tasks to queue
[2021-07-18 16:29:00,686] {logging_mixin.py:104} INFO - [2021-07-18 16:29:00,686] {dagbag.py:496} INFO - Filling up the DagBag from /home/julio/anaconda3/lib/python3.8/site-packages/airflow/example_dags/example_xcomargs.py
[2021-07-18 16:29:00,715] {scheduler_job.py:642} INFO - DAG(s) dict_keys(['example_xcom_args', 'example_xcom_args_with_operators']) retrieved from /home/julio/anaconda3/lib/python3.8/site-packages/airflow/example_dags/example_xcomargs.py
[2021-07-18 16:29:00,979] {logging_mixin.py:104} INFO - [2021-07-18 16:29:00,979] {dag.py:1833} INFO - Sync 2 DAGs
[2021-07-18 16:29:00,993] {logging_mixin.py:104} INFO - [2021-07-18 16:29:00,993] {dag.py:2306} INFO - Setting next_dagrun for example_xcom_args to None
[2021-07-18 16:29:00,994] {logging_mixin.py:104} INFO - [2021-07-18 16:29:00,994] {dag.py:2306} INFO - Setting next_dagrun for example_xcom_args_with_operators to None
[2021-07-18 16:29:01,017] {scheduler_job.py:189} INFO - Processing /home/julio/anaconda3/lib/python3.8/site-packages/airflow/example_dags/example_xcomargs.py took 0.343 seconds
[2021-07-18 16:29:40,685] {scheduler_job.py:181} INFO - Started process (PID=14675) to work on /home/julio/anaconda3/lib/python3.8/site-packages/airflow/example_dags/example_xcomargs.py
[2021-07-18 16:29:40,690] {scheduler_job.py:632} INFO - Processing file /home/julio/anaconda3/lib/python3.8/site-packages/airflow/example_dags/example_xcomargs.py for tasks to queue
[2021-07-18 16:29:40,692] {logging_mixin.py:104} INFO - [2021-07-18 16:29:40,691] {dagbag.py:496} INFO - Filling up the DagBag from /home/julio/anaconda3/lib/python3.8/site-packages/airflow/example_dags/example_xcomargs.py
[2021-07-18 16:29:40,724] {scheduler_job.py:642} INFO - DAG(s) dict_keys(['example_xcom_args', 'example_xcom_args_with_operators']) retrieved from /home/julio/anaconda3/lib/python3.8/site-packages/airflow/example_dags/example_xcomargs.py
[2021-07-18 16:29:41,052] {logging_mixin.py:104} INFO - [2021-07-18 16:29:41,051] {dag.py:1833} INFO - Sync 2 DAGs
[2021-07-18 16:29:41,061] {logging_mixin.py:104} INFO - [2021-07-18 16:29:41,061] {dag.py:2306} INFO - Setting next_dagrun for example_xcom_args to None
[2021-07-18 16:29:41,062] {logging_mixin.py:104} INFO - [2021-07-18 16:29:41,062] {dag.py:2306} INFO - Setting next_dagrun for example_xcom_args_with_operators to None
[2021-07-18 16:29:41,088] {scheduler_job.py:189} INFO - Processing /home/julio/anaconda3/lib/python3.8/site-packages/airflow/example_dags/example_xcomargs.py took 0.405 seconds
[2021-07-18 16:30:23,798] {scheduler_job.py:181} INFO - Started process (PID=14805) to work on /home/julio/anaconda3/lib/python3.8/site-packages/airflow/example_dags/example_xcomargs.py
[2021-07-18 16:30:23,801] {scheduler_job.py:632} INFO - Processing file /home/julio/anaconda3/lib/python3.8/site-packages/airflow/example_dags/example_xcomargs.py for tasks to queue
[2021-07-18 16:30:23,801] {logging_mixin.py:104} INFO - [2021-07-18 16:30:23,801] {dagbag.py:496} INFO - Filling up the DagBag from /home/julio/anaconda3/lib/python3.8/site-packages/airflow/example_dags/example_xcomargs.py
[2021-07-18 16:30:23,820] {scheduler_job.py:642} INFO - DAG(s) dict_keys(['example_xcom_args', 'example_xcom_args_with_operators']) retrieved from /home/julio/anaconda3/lib/python3.8/site-packages/airflow/example_dags/example_xcomargs.py
[2021-07-18 16:30:24,034] {logging_mixin.py:104} INFO - [2021-07-18 16:30:24,034] {dag.py:1833} INFO - Sync 2 DAGs
[2021-07-18 16:30:24,047] {logging_mixin.py:104} INFO - [2021-07-18 16:30:24,047] {dag.py:2306} INFO - Setting next_dagrun for example_xcom_args to None
[2021-07-18 16:30:24,052] {logging_mixin.py:104} INFO - [2021-07-18 16:30:24,051] {dag.py:2306} INFO - Setting next_dagrun for example_xcom_args_with_operators to None
[2021-07-18 16:30:24,079] {scheduler_job.py:189} INFO - Processing /home/julio/anaconda3/lib/python3.8/site-packages/airflow/example_dags/example_xcomargs.py took 0.287 seconds
[2021-07-18 16:31:55,633] {scheduler_job.py:181} INFO - Started process (PID=15011) to work on /home/julio/anaconda3/lib/python3.8/site-packages/airflow/example_dags/example_xcomargs.py
[2021-07-18 16:31:55,639] {scheduler_job.py:632} INFO - Processing file /home/julio/anaconda3/lib/python3.8/site-packages/airflow/example_dags/example_xcomargs.py for tasks to queue
[2021-07-18 16:31:55,643] {logging_mixin.py:104} INFO - [2021-07-18 16:31:55,642] {dagbag.py:496} INFO - Filling up the DagBag from /home/julio/anaconda3/lib/python3.8/site-packages/airflow/example_dags/example_xcomargs.py
[2021-07-18 16:31:55,661] {scheduler_job.py:642} INFO - DAG(s) dict_keys(['example_xcom_args', 'example_xcom_args_with_operators']) retrieved from /home/julio/anaconda3/lib/python3.8/site-packages/airflow/example_dags/example_xcomargs.py
[2021-07-18 16:31:56,006] {logging_mixin.py:104} INFO - [2021-07-18 16:31:56,006] {dag.py:1833} INFO - Sync 2 DAGs
[2021-07-18 16:31:56,013] {logging_mixin.py:104} INFO - [2021-07-18 16:31:56,013] {dag.py:2306} INFO - Setting next_dagrun for example_xcom_args to None
[2021-07-18 16:31:56,014] {logging_mixin.py:104} INFO - [2021-07-18 16:31:56,014] {dag.py:2306} INFO - Setting next_dagrun for example_xcom_args_with_operators to None
[2021-07-18 16:31:56,037] {scheduler_job.py:189} INFO - Processing /home/julio/anaconda3/lib/python3.8/site-packages/airflow/example_dags/example_xcomargs.py took 0.412 seconds
[2021-07-18 16:32:30,722] {scheduler_job.py:181} INFO - Started process (PID=15106) to work on /home/julio/anaconda3/lib/python3.8/site-packages/airflow/example_dags/example_xcomargs.py
[2021-07-18 16:32:30,723] {scheduler_job.py:632} INFO - Processing file /home/julio/anaconda3/lib/python3.8/site-packages/airflow/example_dags/example_xcomargs.py for tasks to queue
[2021-07-18 16:32:30,723] {logging_mixin.py:104} INFO - [2021-07-18 16:32:30,723] {dagbag.py:496} INFO - Filling up the DagBag from /home/julio/anaconda3/lib/python3.8/site-packages/airflow/example_dags/example_xcomargs.py
[2021-07-18 16:32:30,735] {scheduler_job.py:642} INFO - DAG(s) dict_keys(['example_xcom_args', 'example_xcom_args_with_operators']) retrieved from /home/julio/anaconda3/lib/python3.8/site-packages/airflow/example_dags/example_xcomargs.py
[2021-07-18 16:32:30,953] {logging_mixin.py:104} INFO - [2021-07-18 16:32:30,953] {dag.py:1833} INFO - Sync 2 DAGs
[2021-07-18 16:32:30,964] {logging_mixin.py:104} INFO - [2021-07-18 16:32:30,964] {dag.py:2306} INFO - Setting next_dagrun for example_xcom_args to None
[2021-07-18 16:32:30,968] {logging_mixin.py:104} INFO - [2021-07-18 16:32:30,968] {dag.py:2306} INFO - Setting next_dagrun for example_xcom_args_with_operators to None
[2021-07-18 16:32:30,987] {scheduler_job.py:189} INFO - Processing /home/julio/anaconda3/lib/python3.8/site-packages/airflow/example_dags/example_xcomargs.py took 0.267 seconds
[2021-07-18 16:33:09,258] {scheduler_job.py:181} INFO - Started process (PID=15199) to work on /home/julio/anaconda3/lib/python3.8/site-packages/airflow/example_dags/example_xcomargs.py
[2021-07-18 16:33:09,259] {scheduler_job.py:632} INFO - Processing file /home/julio/anaconda3/lib/python3.8/site-packages/airflow/example_dags/example_xcomargs.py for tasks to queue
[2021-07-18 16:33:09,260] {logging_mixin.py:104} INFO - [2021-07-18 16:33:09,260] {dagbag.py:496} INFO - Filling up the DagBag from /home/julio/anaconda3/lib/python3.8/site-packages/airflow/example_dags/example_xcomargs.py
[2021-07-18 16:33:09,277] {scheduler_job.py:642} INFO - DAG(s) dict_keys(['example_xcom_args', 'example_xcom_args_with_operators']) retrieved from /home/julio/anaconda3/lib/python3.8/site-packages/airflow/example_dags/example_xcomargs.py
[2021-07-18 16:33:09,524] {logging_mixin.py:104} INFO - [2021-07-18 16:33:09,524] {dag.py:1833} INFO - Sync 2 DAGs
[2021-07-18 16:33:09,535] {logging_mixin.py:104} INFO - [2021-07-18 16:33:09,535] {dag.py:2306} INFO - Setting next_dagrun for example_xcom_args to None
[2021-07-18 16:33:09,536] {logging_mixin.py:104} INFO - [2021-07-18 16:33:09,536] {dag.py:2306} INFO - Setting next_dagrun for example_xcom_args_with_operators to None
[2021-07-18 16:33:09,555] {scheduler_job.py:189} INFO - Processing /home/julio/anaconda3/lib/python3.8/site-packages/airflow/example_dags/example_xcomargs.py took 0.300 seconds
[2021-07-18 16:33:42,866] {scheduler_job.py:181} INFO - Started process (PID=15281) to work on /home/julio/anaconda3/lib/python3.8/site-packages/airflow/example_dags/example_xcomargs.py
[2021-07-18 16:33:42,869] {scheduler_job.py:632} INFO - Processing file /home/julio/anaconda3/lib/python3.8/site-packages/airflow/example_dags/example_xcomargs.py for tasks to queue
[2021-07-18 16:33:42,869] {logging_mixin.py:104} INFO - [2021-07-18 16:33:42,869] {dagbag.py:496} INFO - Filling up the DagBag from /home/julio/anaconda3/lib/python3.8/site-packages/airflow/example_dags/example_xcomargs.py
[2021-07-18 16:33:42,887] {scheduler_job.py:642} INFO - DAG(s) dict_keys(['example_xcom_args', 'example_xcom_args_with_operators']) retrieved from /home/julio/anaconda3/lib/python3.8/site-packages/airflow/example_dags/example_xcomargs.py
[2021-07-18 16:33:43,108] {logging_mixin.py:104} INFO - [2021-07-18 16:33:43,108] {dag.py:1833} INFO - Sync 2 DAGs
[2021-07-18 16:33:43,118] {logging_mixin.py:104} INFO - [2021-07-18 16:33:43,118] {dag.py:2306} INFO - Setting next_dagrun for example_xcom_args to None
[2021-07-18 16:33:43,120] {logging_mixin.py:104} INFO - [2021-07-18 16:33:43,120] {dag.py:2306} INFO - Setting next_dagrun for example_xcom_args_with_operators to None
[2021-07-18 16:33:43,141] {scheduler_job.py:189} INFO - Processing /home/julio/anaconda3/lib/python3.8/site-packages/airflow/example_dags/example_xcomargs.py took 0.278 seconds
[2021-07-18 16:34:16,417] {scheduler_job.py:181} INFO - Started process (PID=15339) to work on /home/julio/anaconda3/lib/python3.8/site-packages/airflow/example_dags/example_xcomargs.py
[2021-07-18 16:34:16,419] {scheduler_job.py:632} INFO - Processing file /home/julio/anaconda3/lib/python3.8/site-packages/airflow/example_dags/example_xcomargs.py for tasks to queue
[2021-07-18 16:34:16,421] {logging_mixin.py:104} INFO - [2021-07-18 16:34:16,421] {dagbag.py:496} INFO - Filling up the DagBag from /home/julio/anaconda3/lib/python3.8/site-packages/airflow/example_dags/example_xcomargs.py
[2021-07-18 16:34:16,437] {scheduler_job.py:642} INFO - DAG(s) dict_keys(['example_xcom_args', 'example_xcom_args_with_operators']) retrieved from /home/julio/anaconda3/lib/python3.8/site-packages/airflow/example_dags/example_xcomargs.py
[2021-07-18 16:34:16,680] {logging_mixin.py:104} INFO - [2021-07-18 16:34:16,680] {dag.py:1833} INFO - Sync 2 DAGs
[2021-07-18 16:34:16,688] {logging_mixin.py:104} INFO - [2021-07-18 16:34:16,688] {dag.py:2306} INFO - Setting next_dagrun for example_xcom_args to None
[2021-07-18 16:34:16,688] {logging_mixin.py:104} INFO - [2021-07-18 16:34:16,688] {dag.py:2306} INFO - Setting next_dagrun for example_xcom_args_with_operators to None
[2021-07-18 16:34:16,708] {scheduler_job.py:189} INFO - Processing /home/julio/anaconda3/lib/python3.8/site-packages/airflow/example_dags/example_xcomargs.py took 0.294 seconds
[2021-07-18 16:34:52,702] {scheduler_job.py:181} INFO - Started process (PID=15401) to work on /home/julio/anaconda3/lib/python3.8/site-packages/airflow/example_dags/example_xcomargs.py
[2021-07-18 16:34:52,703] {scheduler_job.py:632} INFO - Processing file /home/julio/anaconda3/lib/python3.8/site-packages/airflow/example_dags/example_xcomargs.py for tasks to queue
[2021-07-18 16:34:52,703] {logging_mixin.py:104} INFO - [2021-07-18 16:34:52,703] {dagbag.py:496} INFO - Filling up the DagBag from /home/julio/anaconda3/lib/python3.8/site-packages/airflow/example_dags/example_xcomargs.py
[2021-07-18 16:34:52,719] {scheduler_job.py:642} INFO - DAG(s) dict_keys(['example_xcom_args', 'example_xcom_args_with_operators']) retrieved from /home/julio/anaconda3/lib/python3.8/site-packages/airflow/example_dags/example_xcomargs.py
[2021-07-18 16:34:52,924] {logging_mixin.py:104} INFO - [2021-07-18 16:34:52,924] {dag.py:1833} INFO - Sync 2 DAGs
[2021-07-18 16:34:52,934] {logging_mixin.py:104} INFO - [2021-07-18 16:34:52,934] {dag.py:2306} INFO - Setting next_dagrun for example_xcom_args to None
[2021-07-18 16:34:52,934] {logging_mixin.py:104} INFO - [2021-07-18 16:34:52,934] {dag.py:2306} INFO - Setting next_dagrun for example_xcom_args_with_operators to None
[2021-07-18 16:34:52,950] {scheduler_job.py:189} INFO - Processing /home/julio/anaconda3/lib/python3.8/site-packages/airflow/example_dags/example_xcomargs.py took 0.251 seconds
[2021-07-18 16:35:26,661] {scheduler_job.py:181} INFO - Started process (PID=15466) to work on /home/julio/anaconda3/lib/python3.8/site-packages/airflow/example_dags/example_xcomargs.py
[2021-07-18 16:35:26,662] {scheduler_job.py:632} INFO - Processing file /home/julio/anaconda3/lib/python3.8/site-packages/airflow/example_dags/example_xcomargs.py for tasks to queue
[2021-07-18 16:35:26,663] {logging_mixin.py:104} INFO - [2021-07-18 16:35:26,663] {dagbag.py:496} INFO - Filling up the DagBag from /home/julio/anaconda3/lib/python3.8/site-packages/airflow/example_dags/example_xcomargs.py
[2021-07-18 16:35:26,676] {scheduler_job.py:642} INFO - DAG(s) dict_keys(['example_xcom_args', 'example_xcom_args_with_operators']) retrieved from /home/julio/anaconda3/lib/python3.8/site-packages/airflow/example_dags/example_xcomargs.py
[2021-07-18 16:35:26,859] {logging_mixin.py:104} INFO - [2021-07-18 16:35:26,859] {dag.py:1833} INFO - Sync 2 DAGs
[2021-07-18 16:35:26,865] {logging_mixin.py:104} INFO - [2021-07-18 16:35:26,865] {dag.py:2306} INFO - Setting next_dagrun for example_xcom_args to None
[2021-07-18 16:35:26,866] {logging_mixin.py:104} INFO - [2021-07-18 16:35:26,866] {dag.py:2306} INFO - Setting next_dagrun for example_xcom_args_with_operators to None
[2021-07-18 16:35:26,886] {scheduler_job.py:189} INFO - Processing /home/julio/anaconda3/lib/python3.8/site-packages/airflow/example_dags/example_xcomargs.py took 0.227 seconds
[2021-07-18 16:35:59,781] {scheduler_job.py:181} INFO - Started process (PID=15523) to work on /home/julio/anaconda3/lib/python3.8/site-packages/airflow/example_dags/example_xcomargs.py
[2021-07-18 16:35:59,786] {scheduler_job.py:632} INFO - Processing file /home/julio/anaconda3/lib/python3.8/site-packages/airflow/example_dags/example_xcomargs.py for tasks to queue
[2021-07-18 16:35:59,787] {logging_mixin.py:104} INFO - [2021-07-18 16:35:59,787] {dagbag.py:496} INFO - Filling up the DagBag from /home/julio/anaconda3/lib/python3.8/site-packages/airflow/example_dags/example_xcomargs.py
[2021-07-18 16:35:59,808] {scheduler_job.py:642} INFO - DAG(s) dict_keys(['example_xcom_args', 'example_xcom_args_with_operators']) retrieved from /home/julio/anaconda3/lib/python3.8/site-packages/airflow/example_dags/example_xcomargs.py
[2021-07-18 16:36:00,051] {logging_mixin.py:104} INFO - [2021-07-18 16:36:00,051] {dag.py:1833} INFO - Sync 2 DAGs
[2021-07-18 16:36:00,062] {logging_mixin.py:104} INFO - [2021-07-18 16:36:00,062] {dag.py:2306} INFO - Setting next_dagrun for example_xcom_args to None
[2021-07-18 16:36:00,064] {logging_mixin.py:104} INFO - [2021-07-18 16:36:00,064] {dag.py:2306} INFO - Setting next_dagrun for example_xcom_args_with_operators to None
[2021-07-18 16:36:00,095] {scheduler_job.py:189} INFO - Processing /home/julio/anaconda3/lib/python3.8/site-packages/airflow/example_dags/example_xcomargs.py took 0.319 seconds
[2021-07-18 16:36:36,480] {scheduler_job.py:181} INFO - Started process (PID=15589) to work on /home/julio/anaconda3/lib/python3.8/site-packages/airflow/example_dags/example_xcomargs.py
[2021-07-18 16:36:36,486] {scheduler_job.py:632} INFO - Processing file /home/julio/anaconda3/lib/python3.8/site-packages/airflow/example_dags/example_xcomargs.py for tasks to queue
[2021-07-18 16:36:36,489] {logging_mixin.py:104} INFO - [2021-07-18 16:36:36,489] {dagbag.py:496} INFO - Filling up the DagBag from /home/julio/anaconda3/lib/python3.8/site-packages/airflow/example_dags/example_xcomargs.py
[2021-07-18 16:36:36,507] {scheduler_job.py:642} INFO - DAG(s) dict_keys(['example_xcom_args', 'example_xcom_args_with_operators']) retrieved from /home/julio/anaconda3/lib/python3.8/site-packages/airflow/example_dags/example_xcomargs.py
[2021-07-18 16:36:36,712] {logging_mixin.py:104} INFO - [2021-07-18 16:36:36,712] {dag.py:1833} INFO - Sync 2 DAGs
[2021-07-18 16:36:36,721] {logging_mixin.py:104} INFO - [2021-07-18 16:36:36,721] {dag.py:2306} INFO - Setting next_dagrun for example_xcom_args to None
[2021-07-18 16:36:36,725] {logging_mixin.py:104} INFO - [2021-07-18 16:36:36,725] {dag.py:2306} INFO - Setting next_dagrun for example_xcom_args_with_operators to None
[2021-07-18 16:36:36,743] {scheduler_job.py:189} INFO - Processing /home/julio/anaconda3/lib/python3.8/site-packages/airflow/example_dags/example_xcomargs.py took 0.268 seconds
[2021-07-18 16:37:10,760] {scheduler_job.py:181} INFO - Started process (PID=15648) to work on /home/julio/anaconda3/lib/python3.8/site-packages/airflow/example_dags/example_xcomargs.py
[2021-07-18 16:37:10,761] {scheduler_job.py:632} INFO - Processing file /home/julio/anaconda3/lib/python3.8/site-packages/airflow/example_dags/example_xcomargs.py for tasks to queue
[2021-07-18 16:37:10,768] {logging_mixin.py:104} INFO - [2021-07-18 16:37:10,763] {dagbag.py:496} INFO - Filling up the DagBag from /home/julio/anaconda3/lib/python3.8/site-packages/airflow/example_dags/example_xcomargs.py
[2021-07-18 16:37:10,787] {scheduler_job.py:642} INFO - DAG(s) dict_keys(['example_xcom_args', 'example_xcom_args_with_operators']) retrieved from /home/julio/anaconda3/lib/python3.8/site-packages/airflow/example_dags/example_xcomargs.py
[2021-07-18 16:37:11,038] {logging_mixin.py:104} INFO - [2021-07-18 16:37:11,038] {dag.py:1833} INFO - Sync 2 DAGs
[2021-07-18 16:37:11,048] {logging_mixin.py:104} INFO - [2021-07-18 16:37:11,048] {dag.py:2306} INFO - Setting next_dagrun for example_xcom_args to None
[2021-07-18 16:37:11,050] {logging_mixin.py:104} INFO - [2021-07-18 16:37:11,050] {dag.py:2306} INFO - Setting next_dagrun for example_xcom_args_with_operators to None
[2021-07-18 16:37:11,071] {scheduler_job.py:189} INFO - Processing /home/julio/anaconda3/lib/python3.8/site-packages/airflow/example_dags/example_xcomargs.py took 0.312 seconds
[2021-07-18 16:37:43,218] {scheduler_job.py:181} INFO - Started process (PID=15715) to work on /home/julio/anaconda3/lib/python3.8/site-packages/airflow/example_dags/example_xcomargs.py
[2021-07-18 16:37:43,220] {scheduler_job.py:632} INFO - Processing file /home/julio/anaconda3/lib/python3.8/site-packages/airflow/example_dags/example_xcomargs.py for tasks to queue
[2021-07-18 16:37:43,220] {logging_mixin.py:104} INFO - [2021-07-18 16:37:43,220] {dagbag.py:496} INFO - Filling up the DagBag from /home/julio/anaconda3/lib/python3.8/site-packages/airflow/example_dags/example_xcomargs.py
[2021-07-18 16:37:43,240] {scheduler_job.py:642} INFO - DAG(s) dict_keys(['example_xcom_args', 'example_xcom_args_with_operators']) retrieved from /home/julio/anaconda3/lib/python3.8/site-packages/airflow/example_dags/example_xcomargs.py
[2021-07-18 16:37:43,496] {logging_mixin.py:104} INFO - [2021-07-18 16:37:43,496] {dag.py:1833} INFO - Sync 2 DAGs
[2021-07-18 16:37:43,503] {logging_mixin.py:104} INFO - [2021-07-18 16:37:43,503] {dag.py:2306} INFO - Setting next_dagrun for example_xcom_args to None
[2021-07-18 16:37:43,504] {logging_mixin.py:104} INFO - [2021-07-18 16:37:43,504] {dag.py:2306} INFO - Setting next_dagrun for example_xcom_args_with_operators to None
[2021-07-18 16:37:43,523] {scheduler_job.py:189} INFO - Processing /home/julio/anaconda3/lib/python3.8/site-packages/airflow/example_dags/example_xcomargs.py took 0.309 seconds
[2021-07-18 16:38:19,643] {scheduler_job.py:181} INFO - Started process (PID=15796) to work on /home/julio/anaconda3/lib/python3.8/site-packages/airflow/example_dags/example_xcomargs.py
[2021-07-18 16:38:19,644] {scheduler_job.py:632} INFO - Processing file /home/julio/anaconda3/lib/python3.8/site-packages/airflow/example_dags/example_xcomargs.py for tasks to queue
[2021-07-18 16:38:19,648] {logging_mixin.py:104} INFO - [2021-07-18 16:38:19,648] {dagbag.py:496} INFO - Filling up the DagBag from /home/julio/anaconda3/lib/python3.8/site-packages/airflow/example_dags/example_xcomargs.py
[2021-07-18 16:38:19,662] {scheduler_job.py:642} INFO - DAG(s) dict_keys(['example_xcom_args', 'example_xcom_args_with_operators']) retrieved from /home/julio/anaconda3/lib/python3.8/site-packages/airflow/example_dags/example_xcomargs.py
[2021-07-18 16:38:19,856] {logging_mixin.py:104} INFO - [2021-07-18 16:38:19,856] {dag.py:1833} INFO - Sync 2 DAGs
[2021-07-18 16:38:19,871] {logging_mixin.py:104} INFO - [2021-07-18 16:38:19,871] {dag.py:2306} INFO - Setting next_dagrun for example_xcom_args to None
[2021-07-18 16:38:19,872] {logging_mixin.py:104} INFO - [2021-07-18 16:38:19,872] {dag.py:2306} INFO - Setting next_dagrun for example_xcom_args_with_operators to None
[2021-07-18 16:38:19,898] {scheduler_job.py:189} INFO - Processing /home/julio/anaconda3/lib/python3.8/site-packages/airflow/example_dags/example_xcomargs.py took 0.257 seconds
[2021-07-18 16:41:05,057] {scheduler_job.py:181} INFO - Started process (PID=15976) to work on /home/julio/anaconda3/lib/python3.8/site-packages/airflow/example_dags/example_xcomargs.py
[2021-07-18 16:41:05,058] {scheduler_job.py:632} INFO - Processing file /home/julio/anaconda3/lib/python3.8/site-packages/airflow/example_dags/example_xcomargs.py for tasks to queue
[2021-07-18 16:41:05,060] {logging_mixin.py:104} INFO - [2021-07-18 16:41:05,059] {dagbag.py:496} INFO - Filling up the DagBag from /home/julio/anaconda3/lib/python3.8/site-packages/airflow/example_dags/example_xcomargs.py
[2021-07-18 16:41:05,077] {scheduler_job.py:642} INFO - DAG(s) dict_keys(['example_xcom_args', 'example_xcom_args_with_operators']) retrieved from /home/julio/anaconda3/lib/python3.8/site-packages/airflow/example_dags/example_xcomargs.py
[2021-07-18 16:41:05,400] {logging_mixin.py:104} INFO - [2021-07-18 16:41:05,399] {dag.py:1833} INFO - Sync 2 DAGs
[2021-07-18 16:41:05,409] {logging_mixin.py:104} INFO - [2021-07-18 16:41:05,409] {dag.py:2306} INFO - Setting next_dagrun for example_xcom_args to None
[2021-07-18 16:41:05,409] {logging_mixin.py:104} INFO - [2021-07-18 16:41:05,409] {dag.py:2306} INFO - Setting next_dagrun for example_xcom_args_with_operators to None
[2021-07-18 16:41:05,430] {scheduler_job.py:189} INFO - Processing /home/julio/anaconda3/lib/python3.8/site-packages/airflow/example_dags/example_xcomargs.py took 0.377 seconds
[2021-07-18 16:41:39,064] {scheduler_job.py:181} INFO - Started process (PID=16060) to work on /home/julio/anaconda3/lib/python3.8/site-packages/airflow/example_dags/example_xcomargs.py
[2021-07-18 16:41:39,070] {scheduler_job.py:632} INFO - Processing file /home/julio/anaconda3/lib/python3.8/site-packages/airflow/example_dags/example_xcomargs.py for tasks to queue
[2021-07-18 16:41:39,070] {logging_mixin.py:104} INFO - [2021-07-18 16:41:39,070] {dagbag.py:496} INFO - Filling up the DagBag from /home/julio/anaconda3/lib/python3.8/site-packages/airflow/example_dags/example_xcomargs.py
[2021-07-18 16:41:39,090] {scheduler_job.py:642} INFO - DAG(s) dict_keys(['example_xcom_args', 'example_xcom_args_with_operators']) retrieved from /home/julio/anaconda3/lib/python3.8/site-packages/airflow/example_dags/example_xcomargs.py
[2021-07-18 16:41:39,333] {logging_mixin.py:104} INFO - [2021-07-18 16:41:39,333] {dag.py:1833} INFO - Sync 2 DAGs
[2021-07-18 16:41:39,342] {logging_mixin.py:104} INFO - [2021-07-18 16:41:39,342] {dag.py:2306} INFO - Setting next_dagrun for example_xcom_args to None
[2021-07-18 16:41:39,344] {logging_mixin.py:104} INFO - [2021-07-18 16:41:39,343] {dag.py:2306} INFO - Setting next_dagrun for example_xcom_args_with_operators to None
[2021-07-18 16:41:39,359] {scheduler_job.py:189} INFO - Processing /home/julio/anaconda3/lib/python3.8/site-packages/airflow/example_dags/example_xcomargs.py took 0.297 seconds
[2021-07-18 16:42:14,076] {scheduler_job.py:181} INFO - Started process (PID=16144) to work on /home/julio/anaconda3/lib/python3.8/site-packages/airflow/example_dags/example_xcomargs.py
[2021-07-18 16:42:14,077] {scheduler_job.py:632} INFO - Processing file /home/julio/anaconda3/lib/python3.8/site-packages/airflow/example_dags/example_xcomargs.py for tasks to queue
[2021-07-18 16:42:14,077] {logging_mixin.py:104} INFO - [2021-07-18 16:42:14,077] {dagbag.py:496} INFO - Filling up the DagBag from /home/julio/anaconda3/lib/python3.8/site-packages/airflow/example_dags/example_xcomargs.py
[2021-07-18 16:42:14,089] {scheduler_job.py:642} INFO - DAG(s) dict_keys(['example_xcom_args', 'example_xcom_args_with_operators']) retrieved from /home/julio/anaconda3/lib/python3.8/site-packages/airflow/example_dags/example_xcomargs.py
[2021-07-18 16:42:14,336] {logging_mixin.py:104} INFO - [2021-07-18 16:42:14,336] {dag.py:1833} INFO - Sync 2 DAGs
[2021-07-18 16:42:14,345] {logging_mixin.py:104} INFO - [2021-07-18 16:42:14,345] {dag.py:2306} INFO - Setting next_dagrun for example_xcom_args to None
[2021-07-18 16:42:14,347] {logging_mixin.py:104} INFO - [2021-07-18 16:42:14,347] {dag.py:2306} INFO - Setting next_dagrun for example_xcom_args_with_operators to None
[2021-07-18 16:42:14,368] {scheduler_job.py:189} INFO - Processing /home/julio/anaconda3/lib/python3.8/site-packages/airflow/example_dags/example_xcomargs.py took 0.295 seconds
