[2021-07-18 15:56:20,485] {scheduler_job.py:181} INFO - Started process (PID=11742) to work on /home/julio/anaconda3/lib/python3.8/site-packages/airflow/example_dags/example_branch_operator.py
[2021-07-18 15:56:20,487] {scheduler_job.py:632} INFO - Processing file /home/julio/anaconda3/lib/python3.8/site-packages/airflow/example_dags/example_branch_operator.py for tasks to queue
[2021-07-18 15:56:20,487] {logging_mixin.py:104} INFO - [2021-07-18 15:56:20,487] {dagbag.py:496} INFO - Filling up the DagBag from /home/julio/anaconda3/lib/python3.8/site-packages/airflow/example_dags/example_branch_operator.py
[2021-07-18 15:56:20,500] {scheduler_job.py:642} INFO - DAG(s) dict_keys(['example_branch_operator']) retrieved from /home/julio/anaconda3/lib/python3.8/site-packages/airflow/example_dags/example_branch_operator.py
[2021-07-18 15:56:20,511] {logging_mixin.py:104} INFO - [2021-07-18 15:56:20,511] {dag.py:1833} INFO - Sync 1 DAGs
[2021-07-18 15:56:20,520] {logging_mixin.py:104} INFO - [2021-07-18 15:56:20,520] {dag.py:2306} INFO - Setting next_dagrun for example_branch_operator to 2021-07-16 00:00:00+00:00
[2021-07-18 15:56:20,534] {scheduler_job.py:189} INFO - Processing /home/julio/anaconda3/lib/python3.8/site-packages/airflow/example_dags/example_branch_operator.py took 0.054 seconds
[2021-07-18 15:56:51,763] {scheduler_job.py:181} INFO - Started process (PID=11775) to work on /home/julio/anaconda3/lib/python3.8/site-packages/airflow/example_dags/example_branch_operator.py
[2021-07-18 15:56:51,764] {scheduler_job.py:632} INFO - Processing file /home/julio/anaconda3/lib/python3.8/site-packages/airflow/example_dags/example_branch_operator.py for tasks to queue
[2021-07-18 15:56:51,764] {logging_mixin.py:104} INFO - [2021-07-18 15:56:51,764] {dagbag.py:496} INFO - Filling up the DagBag from /home/julio/anaconda3/lib/python3.8/site-packages/airflow/example_dags/example_branch_operator.py
[2021-07-18 15:56:51,777] {scheduler_job.py:642} INFO - DAG(s) dict_keys(['example_branch_operator']) retrieved from /home/julio/anaconda3/lib/python3.8/site-packages/airflow/example_dags/example_branch_operator.py
[2021-07-18 15:56:51,788] {logging_mixin.py:104} INFO - [2021-07-18 15:56:51,788] {dag.py:1833} INFO - Sync 1 DAGs
[2021-07-18 15:56:51,797] {logging_mixin.py:104} INFO - [2021-07-18 15:56:51,797] {dag.py:2306} INFO - Setting next_dagrun for example_branch_operator to 2021-07-16 00:00:00+00:00
[2021-07-18 15:56:51,812] {scheduler_job.py:189} INFO - Processing /home/julio/anaconda3/lib/python3.8/site-packages/airflow/example_dags/example_branch_operator.py took 0.051 seconds
[2021-07-18 15:57:24,114] {scheduler_job.py:181} INFO - Started process (PID=11814) to work on /home/julio/anaconda3/lib/python3.8/site-packages/airflow/example_dags/example_branch_operator.py
[2021-07-18 15:57:24,115] {scheduler_job.py:632} INFO - Processing file /home/julio/anaconda3/lib/python3.8/site-packages/airflow/example_dags/example_branch_operator.py for tasks to queue
[2021-07-18 15:57:24,115] {logging_mixin.py:104} INFO - [2021-07-18 15:57:24,115] {dagbag.py:496} INFO - Filling up the DagBag from /home/julio/anaconda3/lib/python3.8/site-packages/airflow/example_dags/example_branch_operator.py
[2021-07-18 15:57:24,126] {scheduler_job.py:642} INFO - DAG(s) dict_keys(['example_branch_operator']) retrieved from /home/julio/anaconda3/lib/python3.8/site-packages/airflow/example_dags/example_branch_operator.py
[2021-07-18 15:57:24,135] {logging_mixin.py:104} INFO - [2021-07-18 15:57:24,135] {dag.py:1833} INFO - Sync 1 DAGs
[2021-07-18 15:57:24,144] {logging_mixin.py:104} INFO - [2021-07-18 15:57:24,144] {dag.py:2306} INFO - Setting next_dagrun for example_branch_operator to 2021-07-16 00:00:00+00:00
[2021-07-18 15:57:24,159] {scheduler_job.py:189} INFO - Processing /home/julio/anaconda3/lib/python3.8/site-packages/airflow/example_dags/example_branch_operator.py took 0.048 seconds
[2021-07-18 15:57:57,304] {scheduler_job.py:181} INFO - Started process (PID=11847) to work on /home/julio/anaconda3/lib/python3.8/site-packages/airflow/example_dags/example_branch_operator.py
[2021-07-18 15:57:57,305] {scheduler_job.py:632} INFO - Processing file /home/julio/anaconda3/lib/python3.8/site-packages/airflow/example_dags/example_branch_operator.py for tasks to queue
[2021-07-18 15:57:57,306] {logging_mixin.py:104} INFO - [2021-07-18 15:57:57,305] {dagbag.py:496} INFO - Filling up the DagBag from /home/julio/anaconda3/lib/python3.8/site-packages/airflow/example_dags/example_branch_operator.py
[2021-07-18 15:57:57,320] {scheduler_job.py:642} INFO - DAG(s) dict_keys(['example_branch_operator']) retrieved from /home/julio/anaconda3/lib/python3.8/site-packages/airflow/example_dags/example_branch_operator.py
[2021-07-18 15:57:57,332] {logging_mixin.py:104} INFO - [2021-07-18 15:57:57,332] {dag.py:1833} INFO - Sync 1 DAGs
[2021-07-18 15:57:57,344] {logging_mixin.py:104} INFO - [2021-07-18 15:57:57,344] {dag.py:2306} INFO - Setting next_dagrun for example_branch_operator to 2021-07-16 00:00:00+00:00
[2021-07-18 15:57:57,363] {scheduler_job.py:189} INFO - Processing /home/julio/anaconda3/lib/python3.8/site-packages/airflow/example_dags/example_branch_operator.py took 0.062 seconds
[2021-07-18 15:58:29,090] {scheduler_job.py:181} INFO - Started process (PID=11882) to work on /home/julio/anaconda3/lib/python3.8/site-packages/airflow/example_dags/example_branch_operator.py
[2021-07-18 15:58:29,092] {scheduler_job.py:632} INFO - Processing file /home/julio/anaconda3/lib/python3.8/site-packages/airflow/example_dags/example_branch_operator.py for tasks to queue
[2021-07-18 15:58:29,093] {logging_mixin.py:104} INFO - [2021-07-18 15:58:29,093] {dagbag.py:496} INFO - Filling up the DagBag from /home/julio/anaconda3/lib/python3.8/site-packages/airflow/example_dags/example_branch_operator.py
[2021-07-18 15:58:29,106] {scheduler_job.py:642} INFO - DAG(s) dict_keys(['example_branch_operator']) retrieved from /home/julio/anaconda3/lib/python3.8/site-packages/airflow/example_dags/example_branch_operator.py
[2021-07-18 15:58:29,126] {logging_mixin.py:104} INFO - [2021-07-18 15:58:29,126] {dag.py:1833} INFO - Sync 1 DAGs
[2021-07-18 15:58:29,142] {logging_mixin.py:104} INFO - [2021-07-18 15:58:29,139] {dag.py:2306} INFO - Setting next_dagrun for example_branch_operator to 2021-07-16 00:00:00+00:00
[2021-07-18 15:58:29,165] {scheduler_job.py:189} INFO - Processing /home/julio/anaconda3/lib/python3.8/site-packages/airflow/example_dags/example_branch_operator.py took 0.077 seconds
[2021-07-18 15:59:01,632] {scheduler_job.py:181} INFO - Started process (PID=11914) to work on /home/julio/anaconda3/lib/python3.8/site-packages/airflow/example_dags/example_branch_operator.py
[2021-07-18 15:59:01,634] {scheduler_job.py:632} INFO - Processing file /home/julio/anaconda3/lib/python3.8/site-packages/airflow/example_dags/example_branch_operator.py for tasks to queue
[2021-07-18 15:59:01,635] {logging_mixin.py:104} INFO - [2021-07-18 15:59:01,634] {dagbag.py:496} INFO - Filling up the DagBag from /home/julio/anaconda3/lib/python3.8/site-packages/airflow/example_dags/example_branch_operator.py
[2021-07-18 15:59:01,647] {scheduler_job.py:642} INFO - DAG(s) dict_keys(['example_branch_operator']) retrieved from /home/julio/anaconda3/lib/python3.8/site-packages/airflow/example_dags/example_branch_operator.py
[2021-07-18 15:59:01,657] {logging_mixin.py:104} INFO - [2021-07-18 15:59:01,657] {dag.py:1833} INFO - Sync 1 DAGs
[2021-07-18 15:59:01,669] {logging_mixin.py:104} INFO - [2021-07-18 15:59:01,669] {dag.py:2306} INFO - Setting next_dagrun for example_branch_operator to 2021-07-16 00:00:00+00:00
[2021-07-18 15:59:01,688] {scheduler_job.py:189} INFO - Processing /home/julio/anaconda3/lib/python3.8/site-packages/airflow/example_dags/example_branch_operator.py took 0.062 seconds
[2021-07-18 16:23:31,971] {scheduler_job.py:181} INFO - Started process (PID=13593) to work on /home/julio/anaconda3/lib/python3.8/site-packages/airflow/example_dags/example_branch_operator.py
[2021-07-18 16:23:31,975] {scheduler_job.py:632} INFO - Processing file /home/julio/anaconda3/lib/python3.8/site-packages/airflow/example_dags/example_branch_operator.py for tasks to queue
[2021-07-18 16:23:31,975] {logging_mixin.py:104} INFO - [2021-07-18 16:23:31,975] {dagbag.py:496} INFO - Filling up the DagBag from /home/julio/anaconda3/lib/python3.8/site-packages/airflow/example_dags/example_branch_operator.py
[2021-07-18 16:23:31,990] {scheduler_job.py:642} INFO - DAG(s) dict_keys(['example_branch_operator']) retrieved from /home/julio/anaconda3/lib/python3.8/site-packages/airflow/example_dags/example_branch_operator.py
[2021-07-18 16:23:32,012] {logging_mixin.py:104} INFO - [2021-07-18 16:23:32,012] {dag.py:1833} INFO - Sync 1 DAGs
[2021-07-18 16:23:32,035] {logging_mixin.py:104} INFO - [2021-07-18 16:23:32,035] {dag.py:2306} INFO - Setting next_dagrun for example_branch_operator to 2021-07-16 00:00:00+00:00
[2021-07-18 16:23:32,052] {scheduler_job.py:189} INFO - Processing /home/julio/anaconda3/lib/python3.8/site-packages/airflow/example_dags/example_branch_operator.py took 0.084 seconds
[2021-07-18 16:24:03,472] {scheduler_job.py:181} INFO - Started process (PID=13652) to work on /home/julio/anaconda3/lib/python3.8/site-packages/airflow/example_dags/example_branch_operator.py
[2021-07-18 16:24:03,473] {scheduler_job.py:632} INFO - Processing file /home/julio/anaconda3/lib/python3.8/site-packages/airflow/example_dags/example_branch_operator.py for tasks to queue
[2021-07-18 16:24:03,474] {logging_mixin.py:104} INFO - [2021-07-18 16:24:03,474] {dagbag.py:496} INFO - Filling up the DagBag from /home/julio/anaconda3/lib/python3.8/site-packages/airflow/example_dags/example_branch_operator.py
[2021-07-18 16:24:03,486] {scheduler_job.py:642} INFO - DAG(s) dict_keys(['example_branch_operator']) retrieved from /home/julio/anaconda3/lib/python3.8/site-packages/airflow/example_dags/example_branch_operator.py
[2021-07-18 16:24:03,497] {logging_mixin.py:104} INFO - [2021-07-18 16:24:03,497] {dag.py:1833} INFO - Sync 1 DAGs
[2021-07-18 16:24:03,512] {logging_mixin.py:104} INFO - [2021-07-18 16:24:03,511] {dag.py:2306} INFO - Setting next_dagrun for example_branch_operator to 2021-07-16 00:00:00+00:00
[2021-07-18 16:24:03,529] {scheduler_job.py:189} INFO - Processing /home/julio/anaconda3/lib/python3.8/site-packages/airflow/example_dags/example_branch_operator.py took 0.060 seconds
[2021-07-18 16:24:38,003] {scheduler_job.py:181} INFO - Started process (PID=13718) to work on /home/julio/anaconda3/lib/python3.8/site-packages/airflow/example_dags/example_branch_operator.py
[2021-07-18 16:24:38,005] {scheduler_job.py:632} INFO - Processing file /home/julio/anaconda3/lib/python3.8/site-packages/airflow/example_dags/example_branch_operator.py for tasks to queue
[2021-07-18 16:24:38,006] {logging_mixin.py:104} INFO - [2021-07-18 16:24:38,006] {dagbag.py:496} INFO - Filling up the DagBag from /home/julio/anaconda3/lib/python3.8/site-packages/airflow/example_dags/example_branch_operator.py
[2021-07-18 16:24:38,027] {scheduler_job.py:642} INFO - DAG(s) dict_keys(['example_branch_operator']) retrieved from /home/julio/anaconda3/lib/python3.8/site-packages/airflow/example_dags/example_branch_operator.py
[2021-07-18 16:24:38,072] {logging_mixin.py:104} INFO - [2021-07-18 16:24:38,072] {dag.py:1833} INFO - Sync 1 DAGs
[2021-07-18 16:24:38,095] {logging_mixin.py:104} INFO - [2021-07-18 16:24:38,095] {dag.py:2306} INFO - Setting next_dagrun for example_branch_operator to 2021-07-16 00:00:00+00:00
[2021-07-18 16:24:38,128] {scheduler_job.py:189} INFO - Processing /home/julio/anaconda3/lib/python3.8/site-packages/airflow/example_dags/example_branch_operator.py took 0.130 seconds
[2021-07-18 16:25:11,238] {scheduler_job.py:181} INFO - Started process (PID=13790) to work on /home/julio/anaconda3/lib/python3.8/site-packages/airflow/example_dags/example_branch_operator.py
[2021-07-18 16:25:11,240] {scheduler_job.py:632} INFO - Processing file /home/julio/anaconda3/lib/python3.8/site-packages/airflow/example_dags/example_branch_operator.py for tasks to queue
[2021-07-18 16:25:11,240] {logging_mixin.py:104} INFO - [2021-07-18 16:25:11,240] {dagbag.py:496} INFO - Filling up the DagBag from /home/julio/anaconda3/lib/python3.8/site-packages/airflow/example_dags/example_branch_operator.py
[2021-07-18 16:25:11,256] {scheduler_job.py:642} INFO - DAG(s) dict_keys(['example_branch_operator']) retrieved from /home/julio/anaconda3/lib/python3.8/site-packages/airflow/example_dags/example_branch_operator.py
[2021-07-18 16:25:11,275] {logging_mixin.py:104} INFO - [2021-07-18 16:25:11,275] {dag.py:1833} INFO - Sync 1 DAGs
[2021-07-18 16:25:11,284] {logging_mixin.py:104} INFO - [2021-07-18 16:25:11,284] {dag.py:2306} INFO - Setting next_dagrun for example_branch_operator to 2021-07-16 00:00:00+00:00
[2021-07-18 16:25:11,308] {scheduler_job.py:189} INFO - Processing /home/julio/anaconda3/lib/python3.8/site-packages/airflow/example_dags/example_branch_operator.py took 0.073 seconds
[2021-07-18 16:25:43,695] {scheduler_job.py:181} INFO - Started process (PID=13859) to work on /home/julio/anaconda3/lib/python3.8/site-packages/airflow/example_dags/example_branch_operator.py
[2021-07-18 16:25:43,697] {scheduler_job.py:632} INFO - Processing file /home/julio/anaconda3/lib/python3.8/site-packages/airflow/example_dags/example_branch_operator.py for tasks to queue
[2021-07-18 16:25:43,698] {logging_mixin.py:104} INFO - [2021-07-18 16:25:43,697] {dagbag.py:496} INFO - Filling up the DagBag from /home/julio/anaconda3/lib/python3.8/site-packages/airflow/example_dags/example_branch_operator.py
[2021-07-18 16:25:43,707] {scheduler_job.py:642} INFO - DAG(s) dict_keys(['example_branch_operator']) retrieved from /home/julio/anaconda3/lib/python3.8/site-packages/airflow/example_dags/example_branch_operator.py
[2021-07-18 16:25:43,721] {logging_mixin.py:104} INFO - [2021-07-18 16:25:43,721] {dag.py:1833} INFO - Sync 1 DAGs
[2021-07-18 16:25:43,746] {logging_mixin.py:104} INFO - [2021-07-18 16:25:43,746] {dag.py:2306} INFO - Setting next_dagrun for example_branch_operator to 2021-07-16 00:00:00+00:00
[2021-07-18 16:25:43,763] {scheduler_job.py:189} INFO - Processing /home/julio/anaconda3/lib/python3.8/site-packages/airflow/example_dags/example_branch_operator.py took 0.076 seconds
[2021-07-18 16:26:53,517] {scheduler_job.py:181} INFO - Started process (PID=14227) to work on /home/julio/anaconda3/lib/python3.8/site-packages/airflow/example_dags/example_branch_operator.py
[2021-07-18 16:26:53,523] {scheduler_job.py:632} INFO - Processing file /home/julio/anaconda3/lib/python3.8/site-packages/airflow/example_dags/example_branch_operator.py for tasks to queue
[2021-07-18 16:26:53,526] {logging_mixin.py:104} INFO - [2021-07-18 16:26:53,526] {dagbag.py:496} INFO - Filling up the DagBag from /home/julio/anaconda3/lib/python3.8/site-packages/airflow/example_dags/example_branch_operator.py
[2021-07-18 16:26:53,563] {scheduler_job.py:642} INFO - DAG(s) dict_keys(['example_branch_operator']) retrieved from /home/julio/anaconda3/lib/python3.8/site-packages/airflow/example_dags/example_branch_operator.py
[2021-07-18 16:26:53,599] {logging_mixin.py:104} INFO - [2021-07-18 16:26:53,599] {dag.py:1833} INFO - Sync 1 DAGs
[2021-07-18 16:26:53,625] {logging_mixin.py:104} INFO - [2021-07-18 16:26:53,625] {dag.py:2306} INFO - Setting next_dagrun for example_branch_operator to 2021-07-16 00:00:00+00:00
[2021-07-18 16:26:53,657] {scheduler_job.py:189} INFO - Processing /home/julio/anaconda3/lib/python3.8/site-packages/airflow/example_dags/example_branch_operator.py took 0.143 seconds
[2021-07-18 16:27:29,448] {scheduler_job.py:181} INFO - Started process (PID=14313) to work on /home/julio/anaconda3/lib/python3.8/site-packages/airflow/example_dags/example_branch_operator.py
[2021-07-18 16:27:29,450] {scheduler_job.py:632} INFO - Processing file /home/julio/anaconda3/lib/python3.8/site-packages/airflow/example_dags/example_branch_operator.py for tasks to queue
[2021-07-18 16:27:29,453] {logging_mixin.py:104} INFO - [2021-07-18 16:27:29,452] {dagbag.py:496} INFO - Filling up the DagBag from /home/julio/anaconda3/lib/python3.8/site-packages/airflow/example_dags/example_branch_operator.py
[2021-07-18 16:27:29,466] {scheduler_job.py:642} INFO - DAG(s) dict_keys(['example_branch_operator']) retrieved from /home/julio/anaconda3/lib/python3.8/site-packages/airflow/example_dags/example_branch_operator.py
[2021-07-18 16:27:29,481] {logging_mixin.py:104} INFO - [2021-07-18 16:27:29,481] {dag.py:1833} INFO - Sync 1 DAGs
[2021-07-18 16:27:29,495] {logging_mixin.py:104} INFO - [2021-07-18 16:27:29,495] {dag.py:2306} INFO - Setting next_dagrun for example_branch_operator to 2021-07-16 00:00:00+00:00
[2021-07-18 16:27:29,516] {scheduler_job.py:189} INFO - Processing /home/julio/anaconda3/lib/python3.8/site-packages/airflow/example_dags/example_branch_operator.py took 0.070 seconds
[2021-07-18 16:28:04,064] {scheduler_job.py:181} INFO - Started process (PID=14415) to work on /home/julio/anaconda3/lib/python3.8/site-packages/airflow/example_dags/example_branch_operator.py
[2021-07-18 16:28:04,067] {scheduler_job.py:632} INFO - Processing file /home/julio/anaconda3/lib/python3.8/site-packages/airflow/example_dags/example_branch_operator.py for tasks to queue
[2021-07-18 16:28:04,068] {logging_mixin.py:104} INFO - [2021-07-18 16:28:04,068] {dagbag.py:496} INFO - Filling up the DagBag from /home/julio/anaconda3/lib/python3.8/site-packages/airflow/example_dags/example_branch_operator.py
[2021-07-18 16:28:04,095] {scheduler_job.py:642} INFO - DAG(s) dict_keys(['example_branch_operator']) retrieved from /home/julio/anaconda3/lib/python3.8/site-packages/airflow/example_dags/example_branch_operator.py
[2021-07-18 16:28:04,124] {logging_mixin.py:104} INFO - [2021-07-18 16:28:04,124] {dag.py:1833} INFO - Sync 1 DAGs
[2021-07-18 16:28:04,138] {logging_mixin.py:104} INFO - [2021-07-18 16:28:04,138] {dag.py:2306} INFO - Setting next_dagrun for example_branch_operator to 2021-07-16 00:00:00+00:00
[2021-07-18 16:28:04,161] {scheduler_job.py:189} INFO - Processing /home/julio/anaconda3/lib/python3.8/site-packages/airflow/example_dags/example_branch_operator.py took 0.099 seconds
[2021-07-18 16:28:39,266] {scheduler_job.py:181} INFO - Started process (PID=14504) to work on /home/julio/anaconda3/lib/python3.8/site-packages/airflow/example_dags/example_branch_operator.py
[2021-07-18 16:28:39,271] {scheduler_job.py:632} INFO - Processing file /home/julio/anaconda3/lib/python3.8/site-packages/airflow/example_dags/example_branch_operator.py for tasks to queue
[2021-07-18 16:28:39,272] {logging_mixin.py:104} INFO - [2021-07-18 16:28:39,272] {dagbag.py:496} INFO - Filling up the DagBag from /home/julio/anaconda3/lib/python3.8/site-packages/airflow/example_dags/example_branch_operator.py
[2021-07-18 16:28:39,292] {scheduler_job.py:642} INFO - DAG(s) dict_keys(['example_branch_operator']) retrieved from /home/julio/anaconda3/lib/python3.8/site-packages/airflow/example_dags/example_branch_operator.py
[2021-07-18 16:28:39,314] {logging_mixin.py:104} INFO - [2021-07-18 16:28:39,314] {dag.py:1833} INFO - Sync 1 DAGs
[2021-07-18 16:28:39,359] {logging_mixin.py:104} INFO - [2021-07-18 16:28:39,359] {dag.py:2306} INFO - Setting next_dagrun for example_branch_operator to 2021-07-16 00:00:00+00:00
[2021-07-18 16:28:39,385] {scheduler_job.py:189} INFO - Processing /home/julio/anaconda3/lib/python3.8/site-packages/airflow/example_dags/example_branch_operator.py took 0.123 seconds
[2021-07-18 16:29:14,811] {scheduler_job.py:181} INFO - Started process (PID=14591) to work on /home/julio/anaconda3/lib/python3.8/site-packages/airflow/example_dags/example_branch_operator.py
[2021-07-18 16:29:14,812] {scheduler_job.py:632} INFO - Processing file /home/julio/anaconda3/lib/python3.8/site-packages/airflow/example_dags/example_branch_operator.py for tasks to queue
[2021-07-18 16:29:14,814] {logging_mixin.py:104} INFO - [2021-07-18 16:29:14,814] {dagbag.py:496} INFO - Filling up the DagBag from /home/julio/anaconda3/lib/python3.8/site-packages/airflow/example_dags/example_branch_operator.py
[2021-07-18 16:29:14,827] {scheduler_job.py:642} INFO - DAG(s) dict_keys(['example_branch_operator']) retrieved from /home/julio/anaconda3/lib/python3.8/site-packages/airflow/example_dags/example_branch_operator.py
[2021-07-18 16:29:14,839] {logging_mixin.py:104} INFO - [2021-07-18 16:29:14,839] {dag.py:1833} INFO - Sync 1 DAGs
[2021-07-18 16:29:14,854] {logging_mixin.py:104} INFO - [2021-07-18 16:29:14,853] {dag.py:2306} INFO - Setting next_dagrun for example_branch_operator to 2021-07-16 00:00:00+00:00
[2021-07-18 16:29:14,872] {scheduler_job.py:189} INFO - Processing /home/julio/anaconda3/lib/python3.8/site-packages/airflow/example_dags/example_branch_operator.py took 0.063 seconds
[2021-07-18 16:30:07,581] {scheduler_job.py:181} INFO - Started process (PID=14770) to work on /home/julio/anaconda3/lib/python3.8/site-packages/airflow/example_dags/example_branch_operator.py
[2021-07-18 16:30:07,589] {scheduler_job.py:632} INFO - Processing file /home/julio/anaconda3/lib/python3.8/site-packages/airflow/example_dags/example_branch_operator.py for tasks to queue
[2021-07-18 16:30:07,589] {logging_mixin.py:104} INFO - [2021-07-18 16:30:07,589] {dagbag.py:496} INFO - Filling up the DagBag from /home/julio/anaconda3/lib/python3.8/site-packages/airflow/example_dags/example_branch_operator.py
[2021-07-18 16:30:07,615] {scheduler_job.py:642} INFO - DAG(s) dict_keys(['example_branch_operator']) retrieved from /home/julio/anaconda3/lib/python3.8/site-packages/airflow/example_dags/example_branch_operator.py
[2021-07-18 16:30:07,648] {logging_mixin.py:104} INFO - [2021-07-18 16:30:07,648] {dag.py:1833} INFO - Sync 1 DAGs
[2021-07-18 16:30:07,679] {logging_mixin.py:104} INFO - [2021-07-18 16:30:07,679] {dag.py:2306} INFO - Setting next_dagrun for example_branch_operator to 2021-07-16 00:00:00+00:00
[2021-07-18 16:30:07,713] {scheduler_job.py:189} INFO - Processing /home/julio/anaconda3/lib/python3.8/site-packages/airflow/example_dags/example_branch_operator.py took 0.135 seconds
[2021-07-18 16:32:06,937] {scheduler_job.py:181} INFO - Started process (PID=15046) to work on /home/julio/anaconda3/lib/python3.8/site-packages/airflow/example_dags/example_branch_operator.py
[2021-07-18 16:32:06,939] {scheduler_job.py:632} INFO - Processing file /home/julio/anaconda3/lib/python3.8/site-packages/airflow/example_dags/example_branch_operator.py for tasks to queue
[2021-07-18 16:32:06,940] {logging_mixin.py:104} INFO - [2021-07-18 16:32:06,940] {dagbag.py:496} INFO - Filling up the DagBag from /home/julio/anaconda3/lib/python3.8/site-packages/airflow/example_dags/example_branch_operator.py
[2021-07-18 16:32:06,954] {scheduler_job.py:642} INFO - DAG(s) dict_keys(['example_branch_operator']) retrieved from /home/julio/anaconda3/lib/python3.8/site-packages/airflow/example_dags/example_branch_operator.py
[2021-07-18 16:32:06,967] {logging_mixin.py:104} INFO - [2021-07-18 16:32:06,967] {dag.py:1833} INFO - Sync 1 DAGs
[2021-07-18 16:32:07,011] {logging_mixin.py:104} INFO - [2021-07-18 16:32:07,011] {dag.py:2306} INFO - Setting next_dagrun for example_branch_operator to 2021-07-16 00:00:00+00:00
[2021-07-18 16:32:07,039] {scheduler_job.py:189} INFO - Processing /home/julio/anaconda3/lib/python3.8/site-packages/airflow/example_dags/example_branch_operator.py took 0.106 seconds
[2021-07-18 16:32:39,954] {scheduler_job.py:181} INFO - Started process (PID=15127) to work on /home/julio/anaconda3/lib/python3.8/site-packages/airflow/example_dags/example_branch_operator.py
[2021-07-18 16:32:39,954] {scheduler_job.py:632} INFO - Processing file /home/julio/anaconda3/lib/python3.8/site-packages/airflow/example_dags/example_branch_operator.py for tasks to queue
[2021-07-18 16:32:39,955] {logging_mixin.py:104} INFO - [2021-07-18 16:32:39,955] {dagbag.py:496} INFO - Filling up the DagBag from /home/julio/anaconda3/lib/python3.8/site-packages/airflow/example_dags/example_branch_operator.py
[2021-07-18 16:32:39,971] {scheduler_job.py:642} INFO - DAG(s) dict_keys(['example_branch_operator']) retrieved from /home/julio/anaconda3/lib/python3.8/site-packages/airflow/example_dags/example_branch_operator.py
[2021-07-18 16:32:39,984] {logging_mixin.py:104} INFO - [2021-07-18 16:32:39,984] {dag.py:1833} INFO - Sync 1 DAGs
[2021-07-18 16:32:39,996] {logging_mixin.py:104} INFO - [2021-07-18 16:32:39,996] {dag.py:2306} INFO - Setting next_dagrun for example_branch_operator to 2021-07-16 00:00:00+00:00
[2021-07-18 16:32:40,015] {scheduler_job.py:189} INFO - Processing /home/julio/anaconda3/lib/python3.8/site-packages/airflow/example_dags/example_branch_operator.py took 0.063 seconds
[2021-07-18 16:33:19,441] {scheduler_job.py:181} INFO - Started process (PID=15226) to work on /home/julio/anaconda3/lib/python3.8/site-packages/airflow/example_dags/example_branch_operator.py
[2021-07-18 16:33:19,448] {scheduler_job.py:632} INFO - Processing file /home/julio/anaconda3/lib/python3.8/site-packages/airflow/example_dags/example_branch_operator.py for tasks to queue
[2021-07-18 16:33:19,450] {logging_mixin.py:104} INFO - [2021-07-18 16:33:19,450] {dagbag.py:496} INFO - Filling up the DagBag from /home/julio/anaconda3/lib/python3.8/site-packages/airflow/example_dags/example_branch_operator.py
[2021-07-18 16:33:19,468] {scheduler_job.py:642} INFO - DAG(s) dict_keys(['example_branch_operator']) retrieved from /home/julio/anaconda3/lib/python3.8/site-packages/airflow/example_dags/example_branch_operator.py
[2021-07-18 16:33:19,484] {logging_mixin.py:104} INFO - [2021-07-18 16:33:19,484] {dag.py:1833} INFO - Sync 1 DAGs
[2021-07-18 16:33:19,495] {logging_mixin.py:104} INFO - [2021-07-18 16:33:19,494] {dag.py:2306} INFO - Setting next_dagrun for example_branch_operator to 2021-07-16 00:00:00+00:00
[2021-07-18 16:33:19,514] {scheduler_job.py:189} INFO - Processing /home/julio/anaconda3/lib/python3.8/site-packages/airflow/example_dags/example_branch_operator.py took 0.079 seconds
[2021-07-18 16:33:52,958] {scheduler_job.py:181} INFO - Started process (PID=15298) to work on /home/julio/anaconda3/lib/python3.8/site-packages/airflow/example_dags/example_branch_operator.py
[2021-07-18 16:33:52,963] {scheduler_job.py:632} INFO - Processing file /home/julio/anaconda3/lib/python3.8/site-packages/airflow/example_dags/example_branch_operator.py for tasks to queue
[2021-07-18 16:33:52,964] {logging_mixin.py:104} INFO - [2021-07-18 16:33:52,964] {dagbag.py:496} INFO - Filling up the DagBag from /home/julio/anaconda3/lib/python3.8/site-packages/airflow/example_dags/example_branch_operator.py
[2021-07-18 16:33:52,976] {scheduler_job.py:642} INFO - DAG(s) dict_keys(['example_branch_operator']) retrieved from /home/julio/anaconda3/lib/python3.8/site-packages/airflow/example_dags/example_branch_operator.py
[2021-07-18 16:33:52,986] {logging_mixin.py:104} INFO - [2021-07-18 16:33:52,986] {dag.py:1833} INFO - Sync 1 DAGs
[2021-07-18 16:33:52,995] {logging_mixin.py:104} INFO - [2021-07-18 16:33:52,995] {dag.py:2306} INFO - Setting next_dagrun for example_branch_operator to 2021-07-16 00:00:00+00:00
[2021-07-18 16:33:53,012] {scheduler_job.py:189} INFO - Processing /home/julio/anaconda3/lib/python3.8/site-packages/airflow/example_dags/example_branch_operator.py took 0.058 seconds
[2021-07-18 16:34:29,386] {scheduler_job.py:181} INFO - Started process (PID=15364) to work on /home/julio/anaconda3/lib/python3.8/site-packages/airflow/example_dags/example_branch_operator.py
[2021-07-18 16:34:29,387] {scheduler_job.py:632} INFO - Processing file /home/julio/anaconda3/lib/python3.8/site-packages/airflow/example_dags/example_branch_operator.py for tasks to queue
[2021-07-18 16:34:29,387] {logging_mixin.py:104} INFO - [2021-07-18 16:34:29,387] {dagbag.py:496} INFO - Filling up the DagBag from /home/julio/anaconda3/lib/python3.8/site-packages/airflow/example_dags/example_branch_operator.py
[2021-07-18 16:34:29,402] {scheduler_job.py:642} INFO - DAG(s) dict_keys(['example_branch_operator']) retrieved from /home/julio/anaconda3/lib/python3.8/site-packages/airflow/example_dags/example_branch_operator.py
[2021-07-18 16:34:29,412] {logging_mixin.py:104} INFO - [2021-07-18 16:34:29,412] {dag.py:1833} INFO - Sync 1 DAGs
[2021-07-18 16:34:29,422] {logging_mixin.py:104} INFO - [2021-07-18 16:34:29,422] {dag.py:2306} INFO - Setting next_dagrun for example_branch_operator to 2021-07-16 00:00:00+00:00
[2021-07-18 16:34:29,437] {scheduler_job.py:189} INFO - Processing /home/julio/anaconda3/lib/python3.8/site-packages/airflow/example_dags/example_branch_operator.py took 0.053 seconds
[2021-07-18 16:35:06,687] {scheduler_job.py:181} INFO - Started process (PID=15427) to work on /home/julio/anaconda3/lib/python3.8/site-packages/airflow/example_dags/example_branch_operator.py
[2021-07-18 16:35:06,688] {scheduler_job.py:632} INFO - Processing file /home/julio/anaconda3/lib/python3.8/site-packages/airflow/example_dags/example_branch_operator.py for tasks to queue
[2021-07-18 16:35:06,689] {logging_mixin.py:104} INFO - [2021-07-18 16:35:06,689] {dagbag.py:496} INFO - Filling up the DagBag from /home/julio/anaconda3/lib/python3.8/site-packages/airflow/example_dags/example_branch_operator.py
[2021-07-18 16:35:06,702] {scheduler_job.py:642} INFO - DAG(s) dict_keys(['example_branch_operator']) retrieved from /home/julio/anaconda3/lib/python3.8/site-packages/airflow/example_dags/example_branch_operator.py
[2021-07-18 16:35:06,716] {logging_mixin.py:104} INFO - [2021-07-18 16:35:06,716] {dag.py:1833} INFO - Sync 1 DAGs
[2021-07-18 16:35:06,726] {logging_mixin.py:104} INFO - [2021-07-18 16:35:06,726] {dag.py:2306} INFO - Setting next_dagrun for example_branch_operator to 2021-07-16 00:00:00+00:00
[2021-07-18 16:35:06,743] {scheduler_job.py:189} INFO - Processing /home/julio/anaconda3/lib/python3.8/site-packages/airflow/example_dags/example_branch_operator.py took 0.061 seconds
[2021-07-18 16:35:40,622] {scheduler_job.py:181} INFO - Started process (PID=15492) to work on /home/julio/anaconda3/lib/python3.8/site-packages/airflow/example_dags/example_branch_operator.py
[2021-07-18 16:35:40,622] {scheduler_job.py:632} INFO - Processing file /home/julio/anaconda3/lib/python3.8/site-packages/airflow/example_dags/example_branch_operator.py for tasks to queue
[2021-07-18 16:35:40,623] {logging_mixin.py:104} INFO - [2021-07-18 16:35:40,623] {dagbag.py:496} INFO - Filling up the DagBag from /home/julio/anaconda3/lib/python3.8/site-packages/airflow/example_dags/example_branch_operator.py
[2021-07-18 16:35:40,636] {scheduler_job.py:642} INFO - DAG(s) dict_keys(['example_branch_operator']) retrieved from /home/julio/anaconda3/lib/python3.8/site-packages/airflow/example_dags/example_branch_operator.py
[2021-07-18 16:35:40,649] {logging_mixin.py:104} INFO - [2021-07-18 16:35:40,649] {dag.py:1833} INFO - Sync 1 DAGs
[2021-07-18 16:35:40,660] {logging_mixin.py:104} INFO - [2021-07-18 16:35:40,659] {dag.py:2306} INFO - Setting next_dagrun for example_branch_operator to 2021-07-16 00:00:00+00:00
[2021-07-18 16:35:40,677] {scheduler_job.py:189} INFO - Processing /home/julio/anaconda3/lib/python3.8/site-packages/airflow/example_dags/example_branch_operator.py took 0.057 seconds
[2021-07-18 16:36:17,095] {scheduler_job.py:181} INFO - Started process (PID=15555) to work on /home/julio/anaconda3/lib/python3.8/site-packages/airflow/example_dags/example_branch_operator.py
[2021-07-18 16:36:17,100] {scheduler_job.py:632} INFO - Processing file /home/julio/anaconda3/lib/python3.8/site-packages/airflow/example_dags/example_branch_operator.py for tasks to queue
[2021-07-18 16:36:17,103] {logging_mixin.py:104} INFO - [2021-07-18 16:36:17,103] {dagbag.py:496} INFO - Filling up the DagBag from /home/julio/anaconda3/lib/python3.8/site-packages/airflow/example_dags/example_branch_operator.py
[2021-07-18 16:36:17,118] {scheduler_job.py:642} INFO - DAG(s) dict_keys(['example_branch_operator']) retrieved from /home/julio/anaconda3/lib/python3.8/site-packages/airflow/example_dags/example_branch_operator.py
[2021-07-18 16:36:17,132] {logging_mixin.py:104} INFO - [2021-07-18 16:36:17,132] {dag.py:1833} INFO - Sync 1 DAGs
[2021-07-18 16:36:17,146] {logging_mixin.py:104} INFO - [2021-07-18 16:36:17,145] {dag.py:2306} INFO - Setting next_dagrun for example_branch_operator to 2021-07-16 00:00:00+00:00
[2021-07-18 16:36:17,168] {scheduler_job.py:189} INFO - Processing /home/julio/anaconda3/lib/python3.8/site-packages/airflow/example_dags/example_branch_operator.py took 0.076 seconds
[2021-07-18 16:36:52,240] {scheduler_job.py:181} INFO - Started process (PID=15618) to work on /home/julio/anaconda3/lib/python3.8/site-packages/airflow/example_dags/example_branch_operator.py
[2021-07-18 16:36:52,245] {scheduler_job.py:632} INFO - Processing file /home/julio/anaconda3/lib/python3.8/site-packages/airflow/example_dags/example_branch_operator.py for tasks to queue
[2021-07-18 16:36:52,247] {logging_mixin.py:104} INFO - [2021-07-18 16:36:52,247] {dagbag.py:496} INFO - Filling up the DagBag from /home/julio/anaconda3/lib/python3.8/site-packages/airflow/example_dags/example_branch_operator.py
[2021-07-18 16:36:52,265] {scheduler_job.py:642} INFO - DAG(s) dict_keys(['example_branch_operator']) retrieved from /home/julio/anaconda3/lib/python3.8/site-packages/airflow/example_dags/example_branch_operator.py
[2021-07-18 16:36:52,281] {logging_mixin.py:104} INFO - [2021-07-18 16:36:52,281] {dag.py:1833} INFO - Sync 1 DAGs
[2021-07-18 16:36:52,297] {logging_mixin.py:104} INFO - [2021-07-18 16:36:52,297] {dag.py:2306} INFO - Setting next_dagrun for example_branch_operator to 2021-07-16 00:00:00+00:00
[2021-07-18 16:36:52,319] {scheduler_job.py:189} INFO - Processing /home/julio/anaconda3/lib/python3.8/site-packages/airflow/example_dags/example_branch_operator.py took 0.082 seconds
[2021-07-18 16:37:28,061] {scheduler_job.py:181} INFO - Started process (PID=15683) to work on /home/julio/anaconda3/lib/python3.8/site-packages/airflow/example_dags/example_branch_operator.py
[2021-07-18 16:37:28,062] {scheduler_job.py:632} INFO - Processing file /home/julio/anaconda3/lib/python3.8/site-packages/airflow/example_dags/example_branch_operator.py for tasks to queue
[2021-07-18 16:37:28,063] {logging_mixin.py:104} INFO - [2021-07-18 16:37:28,063] {dagbag.py:496} INFO - Filling up the DagBag from /home/julio/anaconda3/lib/python3.8/site-packages/airflow/example_dags/example_branch_operator.py
[2021-07-18 16:37:28,073] {scheduler_job.py:642} INFO - DAG(s) dict_keys(['example_branch_operator']) retrieved from /home/julio/anaconda3/lib/python3.8/site-packages/airflow/example_dags/example_branch_operator.py
[2021-07-18 16:37:28,084] {logging_mixin.py:104} INFO - [2021-07-18 16:37:28,084] {dag.py:1833} INFO - Sync 1 DAGs
[2021-07-18 16:37:28,095] {logging_mixin.py:104} INFO - [2021-07-18 16:37:28,094] {dag.py:2306} INFO - Setting next_dagrun for example_branch_operator to 2021-07-16 00:00:00+00:00
[2021-07-18 16:37:28,112] {scheduler_job.py:189} INFO - Processing /home/julio/anaconda3/lib/python3.8/site-packages/airflow/example_dags/example_branch_operator.py took 0.053 seconds
[2021-07-18 16:38:06,975] {scheduler_job.py:181} INFO - Started process (PID=15774) to work on /home/julio/anaconda3/lib/python3.8/site-packages/airflow/example_dags/example_branch_operator.py
[2021-07-18 16:38:06,976] {scheduler_job.py:632} INFO - Processing file /home/julio/anaconda3/lib/python3.8/site-packages/airflow/example_dags/example_branch_operator.py for tasks to queue
[2021-07-18 16:38:06,976] {logging_mixin.py:104} INFO - [2021-07-18 16:38:06,976] {dagbag.py:496} INFO - Filling up the DagBag from /home/julio/anaconda3/lib/python3.8/site-packages/airflow/example_dags/example_branch_operator.py
[2021-07-18 16:38:06,987] {scheduler_job.py:642} INFO - DAG(s) dict_keys(['example_branch_operator']) retrieved from /home/julio/anaconda3/lib/python3.8/site-packages/airflow/example_dags/example_branch_operator.py
[2021-07-18 16:38:06,999] {logging_mixin.py:104} INFO - [2021-07-18 16:38:06,998] {dag.py:1833} INFO - Sync 1 DAGs
[2021-07-18 16:38:07,009] {logging_mixin.py:104} INFO - [2021-07-18 16:38:07,009] {dag.py:2306} INFO - Setting next_dagrun for example_branch_operator to 2021-07-16 00:00:00+00:00
[2021-07-18 16:38:07,029] {scheduler_job.py:189} INFO - Processing /home/julio/anaconda3/lib/python3.8/site-packages/airflow/example_dags/example_branch_operator.py took 0.057 seconds
[2021-07-18 16:38:44,016] {scheduler_job.py:181} INFO - Started process (PID=15841) to work on /home/julio/anaconda3/lib/python3.8/site-packages/airflow/example_dags/example_branch_operator.py
[2021-07-18 16:38:44,019] {scheduler_job.py:632} INFO - Processing file /home/julio/anaconda3/lib/python3.8/site-packages/airflow/example_dags/example_branch_operator.py for tasks to queue
[2021-07-18 16:38:44,020] {logging_mixin.py:104} INFO - [2021-07-18 16:38:44,020] {dagbag.py:496} INFO - Filling up the DagBag from /home/julio/anaconda3/lib/python3.8/site-packages/airflow/example_dags/example_branch_operator.py
[2021-07-18 16:38:44,035] {scheduler_job.py:642} INFO - DAG(s) dict_keys(['example_branch_operator']) retrieved from /home/julio/anaconda3/lib/python3.8/site-packages/airflow/example_dags/example_branch_operator.py
[2021-07-18 16:38:44,047] {logging_mixin.py:104} INFO - [2021-07-18 16:38:44,047] {dag.py:1833} INFO - Sync 1 DAGs
[2021-07-18 16:38:44,059] {logging_mixin.py:104} INFO - [2021-07-18 16:38:44,059] {dag.py:2306} INFO - Setting next_dagrun for example_branch_operator to 2021-07-16 00:00:00+00:00
[2021-07-18 16:38:44,073] {scheduler_job.py:189} INFO - Processing /home/julio/anaconda3/lib/python3.8/site-packages/airflow/example_dags/example_branch_operator.py took 0.061 seconds
[2021-07-18 16:41:19,221] {scheduler_job.py:181} INFO - Started process (PID=16011) to work on /home/julio/anaconda3/lib/python3.8/site-packages/airflow/example_dags/example_branch_operator.py
[2021-07-18 16:41:19,222] {scheduler_job.py:632} INFO - Processing file /home/julio/anaconda3/lib/python3.8/site-packages/airflow/example_dags/example_branch_operator.py for tasks to queue
[2021-07-18 16:41:19,223] {logging_mixin.py:104} INFO - [2021-07-18 16:41:19,223] {dagbag.py:496} INFO - Filling up the DagBag from /home/julio/anaconda3/lib/python3.8/site-packages/airflow/example_dags/example_branch_operator.py
[2021-07-18 16:41:19,229] {scheduler_job.py:642} INFO - DAG(s) dict_keys(['example_branch_operator']) retrieved from /home/julio/anaconda3/lib/python3.8/site-packages/airflow/example_dags/example_branch_operator.py
[2021-07-18 16:41:19,253] {logging_mixin.py:104} INFO - [2021-07-18 16:41:19,253] {dag.py:1833} INFO - Sync 1 DAGs
[2021-07-18 16:41:19,262] {logging_mixin.py:104} INFO - [2021-07-18 16:41:19,262] {dag.py:2306} INFO - Setting next_dagrun for example_branch_operator to 2021-07-16 00:00:00+00:00
[2021-07-18 16:41:19,282] {scheduler_job.py:189} INFO - Processing /home/julio/anaconda3/lib/python3.8/site-packages/airflow/example_dags/example_branch_operator.py took 0.063 seconds
[2021-07-18 16:41:52,944] {scheduler_job.py:181} INFO - Started process (PID=16097) to work on /home/julio/anaconda3/lib/python3.8/site-packages/airflow/example_dags/example_branch_operator.py
[2021-07-18 16:41:52,945] {scheduler_job.py:632} INFO - Processing file /home/julio/anaconda3/lib/python3.8/site-packages/airflow/example_dags/example_branch_operator.py for tasks to queue
[2021-07-18 16:41:52,946] {logging_mixin.py:104} INFO - [2021-07-18 16:41:52,946] {dagbag.py:496} INFO - Filling up the DagBag from /home/julio/anaconda3/lib/python3.8/site-packages/airflow/example_dags/example_branch_operator.py
[2021-07-18 16:41:52,960] {scheduler_job.py:642} INFO - DAG(s) dict_keys(['example_branch_operator']) retrieved from /home/julio/anaconda3/lib/python3.8/site-packages/airflow/example_dags/example_branch_operator.py
[2021-07-18 16:41:52,973] {logging_mixin.py:104} INFO - [2021-07-18 16:41:52,973] {dag.py:1833} INFO - Sync 1 DAGs
[2021-07-18 16:41:52,990] {logging_mixin.py:104} INFO - [2021-07-18 16:41:52,990] {dag.py:2306} INFO - Setting next_dagrun for example_branch_operator to 2021-07-16 00:00:00+00:00
[2021-07-18 16:41:53,021] {scheduler_job.py:189} INFO - Processing /home/julio/anaconda3/lib/python3.8/site-packages/airflow/example_dags/example_branch_operator.py took 0.079 seconds
[2021-07-18 16:42:28,044] {scheduler_job.py:181} INFO - Started process (PID=16180) to work on /home/julio/anaconda3/lib/python3.8/site-packages/airflow/example_dags/example_branch_operator.py
[2021-07-18 16:42:28,048] {scheduler_job.py:632} INFO - Processing file /home/julio/anaconda3/lib/python3.8/site-packages/airflow/example_dags/example_branch_operator.py for tasks to queue
[2021-07-18 16:42:28,049] {logging_mixin.py:104} INFO - [2021-07-18 16:42:28,049] {dagbag.py:496} INFO - Filling up the DagBag from /home/julio/anaconda3/lib/python3.8/site-packages/airflow/example_dags/example_branch_operator.py
[2021-07-18 16:42:28,056] {scheduler_job.py:642} INFO - DAG(s) dict_keys(['example_branch_operator']) retrieved from /home/julio/anaconda3/lib/python3.8/site-packages/airflow/example_dags/example_branch_operator.py
[2021-07-18 16:42:28,083] {logging_mixin.py:104} INFO - [2021-07-18 16:42:28,083] {dag.py:1833} INFO - Sync 1 DAGs
[2021-07-18 16:42:28,094] {logging_mixin.py:104} INFO - [2021-07-18 16:42:28,093] {dag.py:2306} INFO - Setting next_dagrun for example_branch_operator to 2021-07-16 00:00:00+00:00
[2021-07-18 16:42:28,118] {scheduler_job.py:189} INFO - Processing /home/julio/anaconda3/lib/python3.8/site-packages/airflow/example_dags/example_branch_operator.py took 0.078 seconds
