[2021-07-18 15:56:09,713] {scheduler_job.py:181} INFO - Started process (PID=11714) to work on /home/julio/anaconda3/lib/python3.8/site-packages/airflow/example_dags/tutorial.py
[2021-07-18 15:56:09,714] {scheduler_job.py:632} INFO - Processing file /home/julio/anaconda3/lib/python3.8/site-packages/airflow/example_dags/tutorial.py for tasks to queue
[2021-07-18 15:56:09,714] {logging_mixin.py:104} INFO - [2021-07-18 15:56:09,714] {dagbag.py:496} INFO - Filling up the DagBag from /home/julio/anaconda3/lib/python3.8/site-packages/airflow/example_dags/tutorial.py
[2021-07-18 15:56:09,723] {scheduler_job.py:642} INFO - DAG(s) dict_keys(['tutorial']) retrieved from /home/julio/anaconda3/lib/python3.8/site-packages/airflow/example_dags/tutorial.py
[2021-07-18 15:56:09,735] {logging_mixin.py:104} INFO - [2021-07-18 15:56:09,735] {dag.py:1833} INFO - Sync 1 DAGs
[2021-07-18 15:56:09,744] {logging_mixin.py:104} INFO - [2021-07-18 15:56:09,744] {dag.py:2306} INFO - Setting next_dagrun for tutorial to 2021-07-16 00:00:00+00:00
[2021-07-18 15:56:09,762] {scheduler_job.py:189} INFO - Processing /home/julio/anaconda3/lib/python3.8/site-packages/airflow/example_dags/tutorial.py took 0.051 seconds
[2021-07-18 15:56:41,176] {scheduler_job.py:181} INFO - Started process (PID=11762) to work on /home/julio/anaconda3/lib/python3.8/site-packages/airflow/example_dags/tutorial.py
[2021-07-18 15:56:41,177] {scheduler_job.py:632} INFO - Processing file /home/julio/anaconda3/lib/python3.8/site-packages/airflow/example_dags/tutorial.py for tasks to queue
[2021-07-18 15:56:41,178] {logging_mixin.py:104} INFO - [2021-07-18 15:56:41,178] {dagbag.py:496} INFO - Filling up the DagBag from /home/julio/anaconda3/lib/python3.8/site-packages/airflow/example_dags/tutorial.py
[2021-07-18 15:56:41,190] {scheduler_job.py:642} INFO - DAG(s) dict_keys(['tutorial']) retrieved from /home/julio/anaconda3/lib/python3.8/site-packages/airflow/example_dags/tutorial.py
[2021-07-18 15:56:41,203] {logging_mixin.py:104} INFO - [2021-07-18 15:56:41,203] {dag.py:1833} INFO - Sync 1 DAGs
[2021-07-18 15:56:41,212] {logging_mixin.py:104} INFO - [2021-07-18 15:56:41,212] {dag.py:2306} INFO - Setting next_dagrun for tutorial to 2021-07-16 00:00:00+00:00
[2021-07-18 15:56:41,227] {scheduler_job.py:189} INFO - Processing /home/julio/anaconda3/lib/python3.8/site-packages/airflow/example_dags/tutorial.py took 0.056 seconds
[2021-07-18 15:57:13,794] {scheduler_job.py:181} INFO - Started process (PID=11799) to work on /home/julio/anaconda3/lib/python3.8/site-packages/airflow/example_dags/tutorial.py
[2021-07-18 15:57:13,795] {scheduler_job.py:632} INFO - Processing file /home/julio/anaconda3/lib/python3.8/site-packages/airflow/example_dags/tutorial.py for tasks to queue
[2021-07-18 15:57:13,795] {logging_mixin.py:104} INFO - [2021-07-18 15:57:13,795] {dagbag.py:496} INFO - Filling up the DagBag from /home/julio/anaconda3/lib/python3.8/site-packages/airflow/example_dags/tutorial.py
[2021-07-18 15:57:13,804] {scheduler_job.py:642} INFO - DAG(s) dict_keys(['tutorial']) retrieved from /home/julio/anaconda3/lib/python3.8/site-packages/airflow/example_dags/tutorial.py
[2021-07-18 15:57:13,814] {logging_mixin.py:104} INFO - [2021-07-18 15:57:13,814] {dag.py:1833} INFO - Sync 1 DAGs
[2021-07-18 15:57:13,822] {logging_mixin.py:104} INFO - [2021-07-18 15:57:13,822] {dag.py:2306} INFO - Setting next_dagrun for tutorial to 2021-07-16 00:00:00+00:00
[2021-07-18 15:57:13,837] {scheduler_job.py:189} INFO - Processing /home/julio/anaconda3/lib/python3.8/site-packages/airflow/example_dags/tutorial.py took 0.045 seconds
[2021-07-18 15:57:45,391] {scheduler_job.py:181} INFO - Started process (PID=11836) to work on /home/julio/anaconda3/lib/python3.8/site-packages/airflow/example_dags/tutorial.py
[2021-07-18 15:57:45,392] {scheduler_job.py:632} INFO - Processing file /home/julio/anaconda3/lib/python3.8/site-packages/airflow/example_dags/tutorial.py for tasks to queue
[2021-07-18 15:57:45,393] {logging_mixin.py:104} INFO - [2021-07-18 15:57:45,393] {dagbag.py:496} INFO - Filling up the DagBag from /home/julio/anaconda3/lib/python3.8/site-packages/airflow/example_dags/tutorial.py
[2021-07-18 15:57:45,404] {scheduler_job.py:642} INFO - DAG(s) dict_keys(['tutorial']) retrieved from /home/julio/anaconda3/lib/python3.8/site-packages/airflow/example_dags/tutorial.py
[2021-07-18 15:57:45,425] {logging_mixin.py:104} INFO - [2021-07-18 15:57:45,425] {dag.py:1833} INFO - Sync 1 DAGs
[2021-07-18 15:57:45,434] {logging_mixin.py:104} INFO - [2021-07-18 15:57:45,434] {dag.py:2306} INFO - Setting next_dagrun for tutorial to 2021-07-16 00:00:00+00:00
[2021-07-18 15:57:45,453] {scheduler_job.py:189} INFO - Processing /home/julio/anaconda3/lib/python3.8/site-packages/airflow/example_dags/tutorial.py took 0.065 seconds
[2021-07-18 15:58:18,241] {scheduler_job.py:181} INFO - Started process (PID=11869) to work on /home/julio/anaconda3/lib/python3.8/site-packages/airflow/example_dags/tutorial.py
[2021-07-18 15:58:18,243] {scheduler_job.py:632} INFO - Processing file /home/julio/anaconda3/lib/python3.8/site-packages/airflow/example_dags/tutorial.py for tasks to queue
[2021-07-18 15:58:18,244] {logging_mixin.py:104} INFO - [2021-07-18 15:58:18,244] {dagbag.py:496} INFO - Filling up the DagBag from /home/julio/anaconda3/lib/python3.8/site-packages/airflow/example_dags/tutorial.py
[2021-07-18 15:58:18,261] {scheduler_job.py:642} INFO - DAG(s) dict_keys(['tutorial']) retrieved from /home/julio/anaconda3/lib/python3.8/site-packages/airflow/example_dags/tutorial.py
[2021-07-18 15:58:18,277] {logging_mixin.py:104} INFO - [2021-07-18 15:58:18,277] {dag.py:1833} INFO - Sync 1 DAGs
[2021-07-18 15:58:18,287] {logging_mixin.py:104} INFO - [2021-07-18 15:58:18,286] {dag.py:2306} INFO - Setting next_dagrun for tutorial to 2021-07-16 00:00:00+00:00
[2021-07-18 15:58:18,316] {scheduler_job.py:189} INFO - Processing /home/julio/anaconda3/lib/python3.8/site-packages/airflow/example_dags/tutorial.py took 0.079 seconds
[2021-07-18 15:58:49,714] {scheduler_job.py:181} INFO - Started process (PID=11903) to work on /home/julio/anaconda3/lib/python3.8/site-packages/airflow/example_dags/tutorial.py
[2021-07-18 15:58:49,714] {scheduler_job.py:632} INFO - Processing file /home/julio/anaconda3/lib/python3.8/site-packages/airflow/example_dags/tutorial.py for tasks to queue
[2021-07-18 15:58:49,715] {logging_mixin.py:104} INFO - [2021-07-18 15:58:49,715] {dagbag.py:496} INFO - Filling up the DagBag from /home/julio/anaconda3/lib/python3.8/site-packages/airflow/example_dags/tutorial.py
[2021-07-18 15:58:49,727] {scheduler_job.py:642} INFO - DAG(s) dict_keys(['tutorial']) retrieved from /home/julio/anaconda3/lib/python3.8/site-packages/airflow/example_dags/tutorial.py
[2021-07-18 15:58:49,743] {logging_mixin.py:104} INFO - [2021-07-18 15:58:49,743] {dag.py:1833} INFO - Sync 1 DAGs
[2021-07-18 15:58:49,754] {logging_mixin.py:104} INFO - [2021-07-18 15:58:49,754] {dag.py:2306} INFO - Setting next_dagrun for tutorial to 2021-07-16 00:00:00+00:00
[2021-07-18 15:58:49,771] {scheduler_job.py:189} INFO - Processing /home/julio/anaconda3/lib/python3.8/site-packages/airflow/example_dags/tutorial.py took 0.061 seconds
[2021-07-18 16:23:21,383] {scheduler_job.py:181} INFO - Started process (PID=13369) to work on /home/julio/anaconda3/lib/python3.8/site-packages/airflow/example_dags/tutorial.py
[2021-07-18 16:23:21,387] {scheduler_job.py:632} INFO - Processing file /home/julio/anaconda3/lib/python3.8/site-packages/airflow/example_dags/tutorial.py for tasks to queue
[2021-07-18 16:23:21,387] {logging_mixin.py:104} INFO - [2021-07-18 16:23:21,387] {dagbag.py:496} INFO - Filling up the DagBag from /home/julio/anaconda3/lib/python3.8/site-packages/airflow/example_dags/tutorial.py
[2021-07-18 16:23:21,400] {scheduler_job.py:642} INFO - DAG(s) dict_keys(['tutorial']) retrieved from /home/julio/anaconda3/lib/python3.8/site-packages/airflow/example_dags/tutorial.py
[2021-07-18 16:23:21,413] {logging_mixin.py:104} INFO - [2021-07-18 16:23:21,413] {dag.py:1833} INFO - Sync 1 DAGs
[2021-07-18 16:23:21,427] {logging_mixin.py:104} INFO - [2021-07-18 16:23:21,427] {dag.py:2306} INFO - Setting next_dagrun for tutorial to 2021-07-16 00:00:00+00:00
[2021-07-18 16:23:21,446] {scheduler_job.py:189} INFO - Processing /home/julio/anaconda3/lib/python3.8/site-packages/airflow/example_dags/tutorial.py took 0.066 seconds
[2021-07-18 16:23:52,851] {scheduler_job.py:181} INFO - Started process (PID=13634) to work on /home/julio/anaconda3/lib/python3.8/site-packages/airflow/example_dags/tutorial.py
[2021-07-18 16:23:52,854] {scheduler_job.py:632} INFO - Processing file /home/julio/anaconda3/lib/python3.8/site-packages/airflow/example_dags/tutorial.py for tasks to queue
[2021-07-18 16:23:52,854] {logging_mixin.py:104} INFO - [2021-07-18 16:23:52,854] {dagbag.py:496} INFO - Filling up the DagBag from /home/julio/anaconda3/lib/python3.8/site-packages/airflow/example_dags/tutorial.py
[2021-07-18 16:23:52,869] {scheduler_job.py:642} INFO - DAG(s) dict_keys(['tutorial']) retrieved from /home/julio/anaconda3/lib/python3.8/site-packages/airflow/example_dags/tutorial.py
[2021-07-18 16:23:52,882] {logging_mixin.py:104} INFO - [2021-07-18 16:23:52,882] {dag.py:1833} INFO - Sync 1 DAGs
[2021-07-18 16:23:52,890] {logging_mixin.py:104} INFO - [2021-07-18 16:23:52,890] {dag.py:2306} INFO - Setting next_dagrun for tutorial to 2021-07-16 00:00:00+00:00
[2021-07-18 16:23:52,907] {scheduler_job.py:189} INFO - Processing /home/julio/anaconda3/lib/python3.8/site-packages/airflow/example_dags/tutorial.py took 0.061 seconds
[2021-07-18 16:24:26,658] {scheduler_job.py:181} INFO - Started process (PID=13696) to work on /home/julio/anaconda3/lib/python3.8/site-packages/airflow/example_dags/tutorial.py
[2021-07-18 16:24:26,660] {scheduler_job.py:632} INFO - Processing file /home/julio/anaconda3/lib/python3.8/site-packages/airflow/example_dags/tutorial.py for tasks to queue
[2021-07-18 16:24:26,661] {logging_mixin.py:104} INFO - [2021-07-18 16:24:26,661] {dagbag.py:496} INFO - Filling up the DagBag from /home/julio/anaconda3/lib/python3.8/site-packages/airflow/example_dags/tutorial.py
[2021-07-18 16:24:26,674] {scheduler_job.py:642} INFO - DAG(s) dict_keys(['tutorial']) retrieved from /home/julio/anaconda3/lib/python3.8/site-packages/airflow/example_dags/tutorial.py
[2021-07-18 16:24:26,687] {logging_mixin.py:104} INFO - [2021-07-18 16:24:26,687] {dag.py:1833} INFO - Sync 1 DAGs
[2021-07-18 16:24:26,696] {logging_mixin.py:104} INFO - [2021-07-18 16:24:26,696] {dag.py:2306} INFO - Setting next_dagrun for tutorial to 2021-07-16 00:00:00+00:00
[2021-07-18 16:24:26,718] {scheduler_job.py:189} INFO - Processing /home/julio/anaconda3/lib/python3.8/site-packages/airflow/example_dags/tutorial.py took 0.062 seconds
[2021-07-18 16:24:59,747] {scheduler_job.py:181} INFO - Started process (PID=13761) to work on /home/julio/anaconda3/lib/python3.8/site-packages/airflow/example_dags/tutorial.py
[2021-07-18 16:24:59,750] {scheduler_job.py:632} INFO - Processing file /home/julio/anaconda3/lib/python3.8/site-packages/airflow/example_dags/tutorial.py for tasks to queue
[2021-07-18 16:24:59,751] {logging_mixin.py:104} INFO - [2021-07-18 16:24:59,751] {dagbag.py:496} INFO - Filling up the DagBag from /home/julio/anaconda3/lib/python3.8/site-packages/airflow/example_dags/tutorial.py
[2021-07-18 16:24:59,766] {scheduler_job.py:642} INFO - DAG(s) dict_keys(['tutorial']) retrieved from /home/julio/anaconda3/lib/python3.8/site-packages/airflow/example_dags/tutorial.py
[2021-07-18 16:24:59,788] {logging_mixin.py:104} INFO - [2021-07-18 16:24:59,788] {dag.py:1833} INFO - Sync 1 DAGs
[2021-07-18 16:24:59,802] {logging_mixin.py:104} INFO - [2021-07-18 16:24:59,802] {dag.py:2306} INFO - Setting next_dagrun for tutorial to 2021-07-16 00:00:00+00:00
[2021-07-18 16:24:59,824] {scheduler_job.py:189} INFO - Processing /home/julio/anaconda3/lib/python3.8/site-packages/airflow/example_dags/tutorial.py took 0.080 seconds
[2021-07-18 16:25:32,254] {scheduler_job.py:181} INFO - Started process (PID=13833) to work on /home/julio/anaconda3/lib/python3.8/site-packages/airflow/example_dags/tutorial.py
[2021-07-18 16:25:32,258] {scheduler_job.py:632} INFO - Processing file /home/julio/anaconda3/lib/python3.8/site-packages/airflow/example_dags/tutorial.py for tasks to queue
[2021-07-18 16:25:32,258] {logging_mixin.py:104} INFO - [2021-07-18 16:25:32,258] {dagbag.py:496} INFO - Filling up the DagBag from /home/julio/anaconda3/lib/python3.8/site-packages/airflow/example_dags/tutorial.py
[2021-07-18 16:25:32,275] {scheduler_job.py:642} INFO - DAG(s) dict_keys(['tutorial']) retrieved from /home/julio/anaconda3/lib/python3.8/site-packages/airflow/example_dags/tutorial.py
[2021-07-18 16:25:32,289] {logging_mixin.py:104} INFO - [2021-07-18 16:25:32,289] {dag.py:1833} INFO - Sync 1 DAGs
[2021-07-18 16:25:32,300] {logging_mixin.py:104} INFO - [2021-07-18 16:25:32,300] {dag.py:2306} INFO - Setting next_dagrun for tutorial to 2021-07-16 00:00:00+00:00
[2021-07-18 16:25:32,317] {scheduler_job.py:189} INFO - Processing /home/julio/anaconda3/lib/python3.8/site-packages/airflow/example_dags/tutorial.py took 0.067 seconds
[2021-07-18 16:26:41,752] {scheduler_job.py:181} INFO - Started process (PID=14185) to work on /home/julio/anaconda3/lib/python3.8/site-packages/airflow/example_dags/tutorial.py
[2021-07-18 16:26:41,753] {scheduler_job.py:632} INFO - Processing file /home/julio/anaconda3/lib/python3.8/site-packages/airflow/example_dags/tutorial.py for tasks to queue
[2021-07-18 16:26:41,755] {logging_mixin.py:104} INFO - [2021-07-18 16:26:41,754] {dagbag.py:496} INFO - Filling up the DagBag from /home/julio/anaconda3/lib/python3.8/site-packages/airflow/example_dags/tutorial.py
[2021-07-18 16:26:41,769] {scheduler_job.py:642} INFO - DAG(s) dict_keys(['tutorial']) retrieved from /home/julio/anaconda3/lib/python3.8/site-packages/airflow/example_dags/tutorial.py
[2021-07-18 16:26:41,786] {logging_mixin.py:104} INFO - [2021-07-18 16:26:41,786] {dag.py:1833} INFO - Sync 1 DAGs
[2021-07-18 16:26:41,802] {logging_mixin.py:104} INFO - [2021-07-18 16:26:41,802] {dag.py:2306} INFO - Setting next_dagrun for tutorial to 2021-07-16 00:00:00+00:00
[2021-07-18 16:26:41,839] {scheduler_job.py:189} INFO - Processing /home/julio/anaconda3/lib/python3.8/site-packages/airflow/example_dags/tutorial.py took 0.090 seconds
[2021-07-18 16:27:16,984] {scheduler_job.py:181} INFO - Started process (PID=14280) to work on /home/julio/anaconda3/lib/python3.8/site-packages/airflow/example_dags/tutorial.py
[2021-07-18 16:27:16,990] {scheduler_job.py:632} INFO - Processing file /home/julio/anaconda3/lib/python3.8/site-packages/airflow/example_dags/tutorial.py for tasks to queue
[2021-07-18 16:27:16,991] {logging_mixin.py:104} INFO - [2021-07-18 16:27:16,991] {dagbag.py:496} INFO - Filling up the DagBag from /home/julio/anaconda3/lib/python3.8/site-packages/airflow/example_dags/tutorial.py
[2021-07-18 16:27:17,006] {scheduler_job.py:642} INFO - DAG(s) dict_keys(['tutorial']) retrieved from /home/julio/anaconda3/lib/python3.8/site-packages/airflow/example_dags/tutorial.py
[2021-07-18 16:27:17,030] {logging_mixin.py:104} INFO - [2021-07-18 16:27:17,030] {dag.py:1833} INFO - Sync 1 DAGs
[2021-07-18 16:27:17,053] {logging_mixin.py:104} INFO - [2021-07-18 16:27:17,052] {dag.py:2306} INFO - Setting next_dagrun for tutorial to 2021-07-16 00:00:00+00:00
[2021-07-18 16:27:17,084] {scheduler_job.py:189} INFO - Processing /home/julio/anaconda3/lib/python3.8/site-packages/airflow/example_dags/tutorial.py took 0.102 seconds
[2021-07-18 16:27:52,238] {scheduler_job.py:181} INFO - Started process (PID=14384) to work on /home/julio/anaconda3/lib/python3.8/site-packages/airflow/example_dags/tutorial.py
[2021-07-18 16:27:52,240] {scheduler_job.py:632} INFO - Processing file /home/julio/anaconda3/lib/python3.8/site-packages/airflow/example_dags/tutorial.py for tasks to queue
[2021-07-18 16:27:52,242] {logging_mixin.py:104} INFO - [2021-07-18 16:27:52,242] {dagbag.py:496} INFO - Filling up the DagBag from /home/julio/anaconda3/lib/python3.8/site-packages/airflow/example_dags/tutorial.py
[2021-07-18 16:27:52,261] {scheduler_job.py:642} INFO - DAG(s) dict_keys(['tutorial']) retrieved from /home/julio/anaconda3/lib/python3.8/site-packages/airflow/example_dags/tutorial.py
[2021-07-18 16:27:52,277] {logging_mixin.py:104} INFO - [2021-07-18 16:27:52,277] {dag.py:1833} INFO - Sync 1 DAGs
[2021-07-18 16:27:52,291] {logging_mixin.py:104} INFO - [2021-07-18 16:27:52,291] {dag.py:2306} INFO - Setting next_dagrun for tutorial to 2021-07-16 00:00:00+00:00
[2021-07-18 16:27:52,312] {scheduler_job.py:189} INFO - Processing /home/julio/anaconda3/lib/python3.8/site-packages/airflow/example_dags/tutorial.py took 0.076 seconds
[2021-07-18 16:28:28,117] {scheduler_job.py:181} INFO - Started process (PID=14474) to work on /home/julio/anaconda3/lib/python3.8/site-packages/airflow/example_dags/tutorial.py
[2021-07-18 16:28:28,120] {scheduler_job.py:632} INFO - Processing file /home/julio/anaconda3/lib/python3.8/site-packages/airflow/example_dags/tutorial.py for tasks to queue
[2021-07-18 16:28:28,121] {logging_mixin.py:104} INFO - [2021-07-18 16:28:28,121] {dagbag.py:496} INFO - Filling up the DagBag from /home/julio/anaconda3/lib/python3.8/site-packages/airflow/example_dags/tutorial.py
[2021-07-18 16:28:28,131] {scheduler_job.py:642} INFO - DAG(s) dict_keys(['tutorial']) retrieved from /home/julio/anaconda3/lib/python3.8/site-packages/airflow/example_dags/tutorial.py
[2021-07-18 16:28:28,143] {logging_mixin.py:104} INFO - [2021-07-18 16:28:28,143] {dag.py:1833} INFO - Sync 1 DAGs
[2021-07-18 16:28:28,153] {logging_mixin.py:104} INFO - [2021-07-18 16:28:28,153] {dag.py:2306} INFO - Setting next_dagrun for tutorial to 2021-07-16 00:00:00+00:00
[2021-07-18 16:28:28,175] {scheduler_job.py:189} INFO - Processing /home/julio/anaconda3/lib/python3.8/site-packages/airflow/example_dags/tutorial.py took 0.062 seconds
[2021-07-18 16:29:03,318] {scheduler_job.py:181} INFO - Started process (PID=14566) to work on /home/julio/anaconda3/lib/python3.8/site-packages/airflow/example_dags/tutorial.py
[2021-07-18 16:29:03,322] {scheduler_job.py:632} INFO - Processing file /home/julio/anaconda3/lib/python3.8/site-packages/airflow/example_dags/tutorial.py for tasks to queue
[2021-07-18 16:29:03,324] {logging_mixin.py:104} INFO - [2021-07-18 16:29:03,323] {dagbag.py:496} INFO - Filling up the DagBag from /home/julio/anaconda3/lib/python3.8/site-packages/airflow/example_dags/tutorial.py
[2021-07-18 16:29:03,344] {scheduler_job.py:642} INFO - DAG(s) dict_keys(['tutorial']) retrieved from /home/julio/anaconda3/lib/python3.8/site-packages/airflow/example_dags/tutorial.py
[2021-07-18 16:29:03,369] {logging_mixin.py:104} INFO - [2021-07-18 16:29:03,369] {dag.py:1833} INFO - Sync 1 DAGs
[2021-07-18 16:29:03,386] {logging_mixin.py:104} INFO - [2021-07-18 16:29:03,386] {dag.py:2306} INFO - Setting next_dagrun for tutorial to 2021-07-16 00:00:00+00:00
[2021-07-18 16:29:03,404] {scheduler_job.py:189} INFO - Processing /home/julio/anaconda3/lib/python3.8/site-packages/airflow/example_dags/tutorial.py took 0.091 seconds
[2021-07-18 16:29:47,992] {scheduler_job.py:181} INFO - Started process (PID=14704) to work on /home/julio/anaconda3/lib/python3.8/site-packages/airflow/example_dags/tutorial.py
[2021-07-18 16:29:47,993] {scheduler_job.py:632} INFO - Processing file /home/julio/anaconda3/lib/python3.8/site-packages/airflow/example_dags/tutorial.py for tasks to queue
[2021-07-18 16:29:47,995] {logging_mixin.py:104} INFO - [2021-07-18 16:29:47,995] {dagbag.py:496} INFO - Filling up the DagBag from /home/julio/anaconda3/lib/python3.8/site-packages/airflow/example_dags/tutorial.py
[2021-07-18 16:29:48,012] {scheduler_job.py:642} INFO - DAG(s) dict_keys(['tutorial']) retrieved from /home/julio/anaconda3/lib/python3.8/site-packages/airflow/example_dags/tutorial.py
[2021-07-18 16:29:48,037] {logging_mixin.py:104} INFO - [2021-07-18 16:29:48,037] {dag.py:1833} INFO - Sync 1 DAGs
[2021-07-18 16:29:48,052] {logging_mixin.py:104} INFO - [2021-07-18 16:29:48,051] {dag.py:2306} INFO - Setting next_dagrun for tutorial to 2021-07-16 00:00:00+00:00
[2021-07-18 16:29:48,074] {scheduler_job.py:189} INFO - Processing /home/julio/anaconda3/lib/python3.8/site-packages/airflow/example_dags/tutorial.py took 0.086 seconds
[2021-07-18 16:30:31,327] {scheduler_job.py:181} INFO - Started process (PID=14822) to work on /home/julio/anaconda3/lib/python3.8/site-packages/airflow/example_dags/tutorial.py
[2021-07-18 16:30:31,331] {scheduler_job.py:632} INFO - Processing file /home/julio/anaconda3/lib/python3.8/site-packages/airflow/example_dags/tutorial.py for tasks to queue
[2021-07-18 16:30:31,332] {logging_mixin.py:104} INFO - [2021-07-18 16:30:31,331] {dagbag.py:496} INFO - Filling up the DagBag from /home/julio/anaconda3/lib/python3.8/site-packages/airflow/example_dags/tutorial.py
[2021-07-18 16:30:31,354] {scheduler_job.py:642} INFO - DAG(s) dict_keys(['tutorial']) retrieved from /home/julio/anaconda3/lib/python3.8/site-packages/airflow/example_dags/tutorial.py
[2021-07-18 16:30:31,370] {logging_mixin.py:104} INFO - [2021-07-18 16:30:31,370] {dag.py:1833} INFO - Sync 1 DAGs
[2021-07-18 16:30:31,389] {logging_mixin.py:104} INFO - [2021-07-18 16:30:31,389] {dag.py:2306} INFO - Setting next_dagrun for tutorial to 2021-07-16 00:00:00+00:00
[2021-07-18 16:30:31,411] {scheduler_job.py:189} INFO - Processing /home/julio/anaconda3/lib/python3.8/site-packages/airflow/example_dags/tutorial.py took 0.086 seconds
[2021-07-18 16:31:58,320] {scheduler_job.py:181} INFO - Started process (PID=15016) to work on /home/julio/anaconda3/lib/python3.8/site-packages/airflow/example_dags/tutorial.py
[2021-07-18 16:31:58,322] {scheduler_job.py:632} INFO - Processing file /home/julio/anaconda3/lib/python3.8/site-packages/airflow/example_dags/tutorial.py for tasks to queue
[2021-07-18 16:31:58,324] {logging_mixin.py:104} INFO - [2021-07-18 16:31:58,324] {dagbag.py:496} INFO - Filling up the DagBag from /home/julio/anaconda3/lib/python3.8/site-packages/airflow/example_dags/tutorial.py
[2021-07-18 16:31:58,341] {scheduler_job.py:642} INFO - DAG(s) dict_keys(['tutorial']) retrieved from /home/julio/anaconda3/lib/python3.8/site-packages/airflow/example_dags/tutorial.py
[2021-07-18 16:31:58,379] {logging_mixin.py:104} INFO - [2021-07-18 16:31:58,379] {dag.py:1833} INFO - Sync 1 DAGs
[2021-07-18 16:31:58,393] {logging_mixin.py:104} INFO - [2021-07-18 16:31:58,393] {dag.py:2306} INFO - Setting next_dagrun for tutorial to 2021-07-16 00:00:00+00:00
[2021-07-18 16:31:58,420] {scheduler_job.py:189} INFO - Processing /home/julio/anaconda3/lib/python3.8/site-packages/airflow/example_dags/tutorial.py took 0.104 seconds
[2021-07-18 16:32:33,300] {scheduler_job.py:181} INFO - Started process (PID=15111) to work on /home/julio/anaconda3/lib/python3.8/site-packages/airflow/example_dags/tutorial.py
[2021-07-18 16:32:33,304] {scheduler_job.py:632} INFO - Processing file /home/julio/anaconda3/lib/python3.8/site-packages/airflow/example_dags/tutorial.py for tasks to queue
[2021-07-18 16:32:33,304] {logging_mixin.py:104} INFO - [2021-07-18 16:32:33,304] {dagbag.py:496} INFO - Filling up the DagBag from /home/julio/anaconda3/lib/python3.8/site-packages/airflow/example_dags/tutorial.py
[2021-07-18 16:32:33,320] {scheduler_job.py:642} INFO - DAG(s) dict_keys(['tutorial']) retrieved from /home/julio/anaconda3/lib/python3.8/site-packages/airflow/example_dags/tutorial.py
[2021-07-18 16:32:33,333] {logging_mixin.py:104} INFO - [2021-07-18 16:32:33,333] {dag.py:1833} INFO - Sync 1 DAGs
[2021-07-18 16:32:33,341] {logging_mixin.py:104} INFO - [2021-07-18 16:32:33,341] {dag.py:2306} INFO - Setting next_dagrun for tutorial to 2021-07-16 00:00:00+00:00
[2021-07-18 16:32:33,363] {scheduler_job.py:189} INFO - Processing /home/julio/anaconda3/lib/python3.8/site-packages/airflow/example_dags/tutorial.py took 0.067 seconds
[2021-07-18 16:33:11,831] {scheduler_job.py:181} INFO - Started process (PID=15205) to work on /home/julio/anaconda3/lib/python3.8/site-packages/airflow/example_dags/tutorial.py
[2021-07-18 16:33:11,832] {scheduler_job.py:632} INFO - Processing file /home/julio/anaconda3/lib/python3.8/site-packages/airflow/example_dags/tutorial.py for tasks to queue
[2021-07-18 16:33:11,833] {logging_mixin.py:104} INFO - [2021-07-18 16:33:11,832] {dagbag.py:496} INFO - Filling up the DagBag from /home/julio/anaconda3/lib/python3.8/site-packages/airflow/example_dags/tutorial.py
[2021-07-18 16:33:11,847] {scheduler_job.py:642} INFO - DAG(s) dict_keys(['tutorial']) retrieved from /home/julio/anaconda3/lib/python3.8/site-packages/airflow/example_dags/tutorial.py
[2021-07-18 16:33:11,860] {logging_mixin.py:104} INFO - [2021-07-18 16:33:11,860] {dag.py:1833} INFO - Sync 1 DAGs
[2021-07-18 16:33:11,870] {logging_mixin.py:104} INFO - [2021-07-18 16:33:11,870] {dag.py:2306} INFO - Setting next_dagrun for tutorial to 2021-07-16 00:00:00+00:00
[2021-07-18 16:33:11,894] {scheduler_job.py:189} INFO - Processing /home/julio/anaconda3/lib/python3.8/site-packages/airflow/example_dags/tutorial.py took 0.066 seconds
[2021-07-18 16:33:45,434] {scheduler_job.py:181} INFO - Started process (PID=15285) to work on /home/julio/anaconda3/lib/python3.8/site-packages/airflow/example_dags/tutorial.py
[2021-07-18 16:33:45,436] {scheduler_job.py:632} INFO - Processing file /home/julio/anaconda3/lib/python3.8/site-packages/airflow/example_dags/tutorial.py for tasks to queue
[2021-07-18 16:33:45,437] {logging_mixin.py:104} INFO - [2021-07-18 16:33:45,437] {dagbag.py:496} INFO - Filling up the DagBag from /home/julio/anaconda3/lib/python3.8/site-packages/airflow/example_dags/tutorial.py
[2021-07-18 16:33:45,446] {scheduler_job.py:642} INFO - DAG(s) dict_keys(['tutorial']) retrieved from /home/julio/anaconda3/lib/python3.8/site-packages/airflow/example_dags/tutorial.py
[2021-07-18 16:33:45,456] {logging_mixin.py:104} INFO - [2021-07-18 16:33:45,455] {dag.py:1833} INFO - Sync 1 DAGs
[2021-07-18 16:33:45,464] {logging_mixin.py:104} INFO - [2021-07-18 16:33:45,464] {dag.py:2306} INFO - Setting next_dagrun for tutorial to 2021-07-16 00:00:00+00:00
[2021-07-18 16:33:45,480] {scheduler_job.py:189} INFO - Processing /home/julio/anaconda3/lib/python3.8/site-packages/airflow/example_dags/tutorial.py took 0.051 seconds
[2021-07-18 16:34:18,895] {scheduler_job.py:181} INFO - Started process (PID=15343) to work on /home/julio/anaconda3/lib/python3.8/site-packages/airflow/example_dags/tutorial.py
[2021-07-18 16:34:18,898] {scheduler_job.py:632} INFO - Processing file /home/julio/anaconda3/lib/python3.8/site-packages/airflow/example_dags/tutorial.py for tasks to queue
[2021-07-18 16:34:18,899] {logging_mixin.py:104} INFO - [2021-07-18 16:34:18,899] {dagbag.py:496} INFO - Filling up the DagBag from /home/julio/anaconda3/lib/python3.8/site-packages/airflow/example_dags/tutorial.py
[2021-07-18 16:34:18,912] {scheduler_job.py:642} INFO - DAG(s) dict_keys(['tutorial']) retrieved from /home/julio/anaconda3/lib/python3.8/site-packages/airflow/example_dags/tutorial.py
[2021-07-18 16:34:18,923] {logging_mixin.py:104} INFO - [2021-07-18 16:34:18,923] {dag.py:1833} INFO - Sync 1 DAGs
[2021-07-18 16:34:18,931] {logging_mixin.py:104} INFO - [2021-07-18 16:34:18,931] {dag.py:2306} INFO - Setting next_dagrun for tutorial to 2021-07-16 00:00:00+00:00
[2021-07-18 16:34:18,949] {scheduler_job.py:189} INFO - Processing /home/julio/anaconda3/lib/python3.8/site-packages/airflow/example_dags/tutorial.py took 0.058 seconds
[2021-07-18 16:34:55,132] {scheduler_job.py:181} INFO - Started process (PID=15405) to work on /home/julio/anaconda3/lib/python3.8/site-packages/airflow/example_dags/tutorial.py
[2021-07-18 16:34:55,135] {scheduler_job.py:632} INFO - Processing file /home/julio/anaconda3/lib/python3.8/site-packages/airflow/example_dags/tutorial.py for tasks to queue
[2021-07-18 16:34:55,135] {logging_mixin.py:104} INFO - [2021-07-18 16:34:55,135] {dagbag.py:496} INFO - Filling up the DagBag from /home/julio/anaconda3/lib/python3.8/site-packages/airflow/example_dags/tutorial.py
[2021-07-18 16:34:55,146] {scheduler_job.py:642} INFO - DAG(s) dict_keys(['tutorial']) retrieved from /home/julio/anaconda3/lib/python3.8/site-packages/airflow/example_dags/tutorial.py
[2021-07-18 16:34:55,157] {logging_mixin.py:104} INFO - [2021-07-18 16:34:55,157] {dag.py:1833} INFO - Sync 1 DAGs
[2021-07-18 16:34:55,165] {logging_mixin.py:104} INFO - [2021-07-18 16:34:55,165] {dag.py:2306} INFO - Setting next_dagrun for tutorial to 2021-07-16 00:00:00+00:00
[2021-07-18 16:34:55,181] {scheduler_job.py:189} INFO - Processing /home/julio/anaconda3/lib/python3.8/site-packages/airflow/example_dags/tutorial.py took 0.053 seconds
[2021-07-18 16:35:29,140] {scheduler_job.py:181} INFO - Started process (PID=15470) to work on /home/julio/anaconda3/lib/python3.8/site-packages/airflow/example_dags/tutorial.py
[2021-07-18 16:35:29,141] {scheduler_job.py:632} INFO - Processing file /home/julio/anaconda3/lib/python3.8/site-packages/airflow/example_dags/tutorial.py for tasks to queue
[2021-07-18 16:35:29,142] {logging_mixin.py:104} INFO - [2021-07-18 16:35:29,142] {dagbag.py:496} INFO - Filling up the DagBag from /home/julio/anaconda3/lib/python3.8/site-packages/airflow/example_dags/tutorial.py
[2021-07-18 16:35:29,152] {scheduler_job.py:642} INFO - DAG(s) dict_keys(['tutorial']) retrieved from /home/julio/anaconda3/lib/python3.8/site-packages/airflow/example_dags/tutorial.py
[2021-07-18 16:35:29,163] {logging_mixin.py:104} INFO - [2021-07-18 16:35:29,163] {dag.py:1833} INFO - Sync 1 DAGs
[2021-07-18 16:35:29,172] {logging_mixin.py:104} INFO - [2021-07-18 16:35:29,172] {dag.py:2306} INFO - Setting next_dagrun for tutorial to 2021-07-16 00:00:00+00:00
[2021-07-18 16:35:29,188] {scheduler_job.py:189} INFO - Processing /home/julio/anaconda3/lib/python3.8/site-packages/airflow/example_dags/tutorial.py took 0.050 seconds
[2021-07-18 16:36:01,608] {scheduler_job.py:181} INFO - Started process (PID=15526) to work on /home/julio/anaconda3/lib/python3.8/site-packages/airflow/example_dags/tutorial.py
[2021-07-18 16:36:01,609] {scheduler_job.py:632} INFO - Processing file /home/julio/anaconda3/lib/python3.8/site-packages/airflow/example_dags/tutorial.py for tasks to queue
[2021-07-18 16:36:01,609] {logging_mixin.py:104} INFO - [2021-07-18 16:36:01,609] {dagbag.py:496} INFO - Filling up the DagBag from /home/julio/anaconda3/lib/python3.8/site-packages/airflow/example_dags/tutorial.py
[2021-07-18 16:36:01,621] {scheduler_job.py:642} INFO - DAG(s) dict_keys(['tutorial']) retrieved from /home/julio/anaconda3/lib/python3.8/site-packages/airflow/example_dags/tutorial.py
[2021-07-18 16:36:01,631] {logging_mixin.py:104} INFO - [2021-07-18 16:36:01,631] {dag.py:1833} INFO - Sync 1 DAGs
[2021-07-18 16:36:01,640] {logging_mixin.py:104} INFO - [2021-07-18 16:36:01,640] {dag.py:2306} INFO - Setting next_dagrun for tutorial to 2021-07-16 00:00:00+00:00
[2021-07-18 16:36:01,657] {scheduler_job.py:189} INFO - Processing /home/julio/anaconda3/lib/python3.8/site-packages/airflow/example_dags/tutorial.py took 0.051 seconds
[2021-07-18 16:36:38,148] {scheduler_job.py:181} INFO - Started process (PID=15592) to work on /home/julio/anaconda3/lib/python3.8/site-packages/airflow/example_dags/tutorial.py
[2021-07-18 16:36:38,153] {scheduler_job.py:632} INFO - Processing file /home/julio/anaconda3/lib/python3.8/site-packages/airflow/example_dags/tutorial.py for tasks to queue
[2021-07-18 16:36:38,153] {logging_mixin.py:104} INFO - [2021-07-18 16:36:38,153] {dagbag.py:496} INFO - Filling up the DagBag from /home/julio/anaconda3/lib/python3.8/site-packages/airflow/example_dags/tutorial.py
[2021-07-18 16:36:38,163] {scheduler_job.py:642} INFO - DAG(s) dict_keys(['tutorial']) retrieved from /home/julio/anaconda3/lib/python3.8/site-packages/airflow/example_dags/tutorial.py
[2021-07-18 16:36:38,174] {logging_mixin.py:104} INFO - [2021-07-18 16:36:38,174] {dag.py:1833} INFO - Sync 1 DAGs
[2021-07-18 16:36:38,183] {logging_mixin.py:104} INFO - [2021-07-18 16:36:38,183] {dag.py:2306} INFO - Setting next_dagrun for tutorial to 2021-07-16 00:00:00+00:00
[2021-07-18 16:36:38,198] {scheduler_job.py:189} INFO - Processing /home/julio/anaconda3/lib/python3.8/site-packages/airflow/example_dags/tutorial.py took 0.052 seconds
[2021-07-18 16:37:12,926] {scheduler_job.py:181} INFO - Started process (PID=15652) to work on /home/julio/anaconda3/lib/python3.8/site-packages/airflow/example_dags/tutorial.py
[2021-07-18 16:37:12,928] {scheduler_job.py:632} INFO - Processing file /home/julio/anaconda3/lib/python3.8/site-packages/airflow/example_dags/tutorial.py for tasks to queue
[2021-07-18 16:37:12,929] {logging_mixin.py:104} INFO - [2021-07-18 16:37:12,928] {dagbag.py:496} INFO - Filling up the DagBag from /home/julio/anaconda3/lib/python3.8/site-packages/airflow/example_dags/tutorial.py
[2021-07-18 16:37:12,938] {scheduler_job.py:642} INFO - DAG(s) dict_keys(['tutorial']) retrieved from /home/julio/anaconda3/lib/python3.8/site-packages/airflow/example_dags/tutorial.py
[2021-07-18 16:37:12,947] {logging_mixin.py:104} INFO - [2021-07-18 16:37:12,947] {dag.py:1833} INFO - Sync 1 DAGs
[2021-07-18 16:37:12,956] {logging_mixin.py:104} INFO - [2021-07-18 16:37:12,955] {dag.py:2306} INFO - Setting next_dagrun for tutorial to 2021-07-16 00:00:00+00:00
[2021-07-18 16:37:12,969] {scheduler_job.py:189} INFO - Processing /home/julio/anaconda3/lib/python3.8/site-packages/airflow/example_dags/tutorial.py took 0.046 seconds
[2021-07-18 16:37:51,588] {scheduler_job.py:181} INFO - Started process (PID=15742) to work on /home/julio/anaconda3/lib/python3.8/site-packages/airflow/example_dags/tutorial.py
[2021-07-18 16:37:51,589] {scheduler_job.py:632} INFO - Processing file /home/julio/anaconda3/lib/python3.8/site-packages/airflow/example_dags/tutorial.py for tasks to queue
[2021-07-18 16:37:51,590] {logging_mixin.py:104} INFO - [2021-07-18 16:37:51,590] {dagbag.py:496} INFO - Filling up the DagBag from /home/julio/anaconda3/lib/python3.8/site-packages/airflow/example_dags/tutorial.py
[2021-07-18 16:37:51,607] {scheduler_job.py:642} INFO - DAG(s) dict_keys(['tutorial']) retrieved from /home/julio/anaconda3/lib/python3.8/site-packages/airflow/example_dags/tutorial.py
[2021-07-18 16:37:51,620] {logging_mixin.py:104} INFO - [2021-07-18 16:37:51,619] {dag.py:1833} INFO - Sync 1 DAGs
[2021-07-18 16:37:51,630] {logging_mixin.py:104} INFO - [2021-07-18 16:37:51,630] {dag.py:2306} INFO - Setting next_dagrun for tutorial to 2021-07-16 00:00:00+00:00
[2021-07-18 16:37:51,645] {scheduler_job.py:189} INFO - Processing /home/julio/anaconda3/lib/python3.8/site-packages/airflow/example_dags/tutorial.py took 0.059 seconds
[2021-07-18 16:38:25,950] {scheduler_job.py:181} INFO - Started process (PID=15806) to work on /home/julio/anaconda3/lib/python3.8/site-packages/airflow/example_dags/tutorial.py
[2021-07-18 16:38:25,951] {scheduler_job.py:632} INFO - Processing file /home/julio/anaconda3/lib/python3.8/site-packages/airflow/example_dags/tutorial.py for tasks to queue
[2021-07-18 16:38:25,952] {logging_mixin.py:104} INFO - [2021-07-18 16:38:25,952] {dagbag.py:496} INFO - Filling up the DagBag from /home/julio/anaconda3/lib/python3.8/site-packages/airflow/example_dags/tutorial.py
[2021-07-18 16:38:25,966] {scheduler_job.py:642} INFO - DAG(s) dict_keys(['tutorial']) retrieved from /home/julio/anaconda3/lib/python3.8/site-packages/airflow/example_dags/tutorial.py
[2021-07-18 16:38:25,978] {logging_mixin.py:104} INFO - [2021-07-18 16:38:25,978] {dag.py:1833} INFO - Sync 1 DAGs
[2021-07-18 16:38:25,989] {logging_mixin.py:104} INFO - [2021-07-18 16:38:25,988] {dag.py:2306} INFO - Setting next_dagrun for tutorial to 2021-07-16 00:00:00+00:00
[2021-07-18 16:38:26,009] {scheduler_job.py:189} INFO - Processing /home/julio/anaconda3/lib/python3.8/site-packages/airflow/example_dags/tutorial.py took 0.061 seconds
[2021-07-18 16:41:07,636] {scheduler_job.py:181} INFO - Started process (PID=15980) to work on /home/julio/anaconda3/lib/python3.8/site-packages/airflow/example_dags/tutorial.py
[2021-07-18 16:41:07,637] {scheduler_job.py:632} INFO - Processing file /home/julio/anaconda3/lib/python3.8/site-packages/airflow/example_dags/tutorial.py for tasks to queue
[2021-07-18 16:41:07,638] {logging_mixin.py:104} INFO - [2021-07-18 16:41:07,637] {dagbag.py:496} INFO - Filling up the DagBag from /home/julio/anaconda3/lib/python3.8/site-packages/airflow/example_dags/tutorial.py
[2021-07-18 16:41:07,644] {scheduler_job.py:642} INFO - DAG(s) dict_keys(['tutorial']) retrieved from /home/julio/anaconda3/lib/python3.8/site-packages/airflow/example_dags/tutorial.py
[2021-07-18 16:41:07,659] {logging_mixin.py:104} INFO - [2021-07-18 16:41:07,659] {dag.py:1833} INFO - Sync 1 DAGs
[2021-07-18 16:41:07,679] {logging_mixin.py:104} INFO - [2021-07-18 16:41:07,679] {dag.py:2306} INFO - Setting next_dagrun for tutorial to 2021-07-16 00:00:00+00:00
[2021-07-18 16:41:07,697] {scheduler_job.py:189} INFO - Processing /home/julio/anaconda3/lib/python3.8/site-packages/airflow/example_dags/tutorial.py took 0.064 seconds
[2021-07-18 16:41:41,605] {scheduler_job.py:181} INFO - Started process (PID=16065) to work on /home/julio/anaconda3/lib/python3.8/site-packages/airflow/example_dags/tutorial.py
[2021-07-18 16:41:41,606] {scheduler_job.py:632} INFO - Processing file /home/julio/anaconda3/lib/python3.8/site-packages/airflow/example_dags/tutorial.py for tasks to queue
[2021-07-18 16:41:41,606] {logging_mixin.py:104} INFO - [2021-07-18 16:41:41,606] {dagbag.py:496} INFO - Filling up the DagBag from /home/julio/anaconda3/lib/python3.8/site-packages/airflow/example_dags/tutorial.py
[2021-07-18 16:41:41,612] {scheduler_job.py:642} INFO - DAG(s) dict_keys(['tutorial']) retrieved from /home/julio/anaconda3/lib/python3.8/site-packages/airflow/example_dags/tutorial.py
[2021-07-18 16:41:41,627] {logging_mixin.py:104} INFO - [2021-07-18 16:41:41,627] {dag.py:1833} INFO - Sync 1 DAGs
[2021-07-18 16:41:41,638] {logging_mixin.py:104} INFO - [2021-07-18 16:41:41,638] {dag.py:2306} INFO - Setting next_dagrun for tutorial to 2021-07-16 00:00:00+00:00
[2021-07-18 16:41:41,657] {scheduler_job.py:189} INFO - Processing /home/julio/anaconda3/lib/python3.8/site-packages/airflow/example_dags/tutorial.py took 0.056 seconds
[2021-07-18 16:42:16,578] {scheduler_job.py:181} INFO - Started process (PID=16150) to work on /home/julio/anaconda3/lib/python3.8/site-packages/airflow/example_dags/tutorial.py
[2021-07-18 16:42:16,583] {scheduler_job.py:632} INFO - Processing file /home/julio/anaconda3/lib/python3.8/site-packages/airflow/example_dags/tutorial.py for tasks to queue
[2021-07-18 16:42:16,586] {logging_mixin.py:104} INFO - [2021-07-18 16:42:16,586] {dagbag.py:496} INFO - Filling up the DagBag from /home/julio/anaconda3/lib/python3.8/site-packages/airflow/example_dags/tutorial.py
[2021-07-18 16:42:16,593] {scheduler_job.py:642} INFO - DAG(s) dict_keys(['tutorial']) retrieved from /home/julio/anaconda3/lib/python3.8/site-packages/airflow/example_dags/tutorial.py
[2021-07-18 16:42:16,606] {logging_mixin.py:104} INFO - [2021-07-18 16:42:16,606] {dag.py:1833} INFO - Sync 1 DAGs
[2021-07-18 16:42:16,615] {logging_mixin.py:104} INFO - [2021-07-18 16:42:16,615] {dag.py:2306} INFO - Setting next_dagrun for tutorial to 2021-07-16 00:00:00+00:00
[2021-07-18 16:42:16,636] {scheduler_job.py:189} INFO - Processing /home/julio/anaconda3/lib/python3.8/site-packages/airflow/example_dags/tutorial.py took 0.060 seconds
