[2021-07-18 15:56:26,981] {scheduler_job.py:181} INFO - Started process (PID=11748) to work on /home/julio/anaconda3/lib/python3.8/site-packages/airflow/example_dags/tutorial_taskflow_api_etl.py
[2021-07-18 15:56:26,982] {scheduler_job.py:632} INFO - Processing file /home/julio/anaconda3/lib/python3.8/site-packages/airflow/example_dags/tutorial_taskflow_api_etl.py for tasks to queue
[2021-07-18 15:56:26,983] {logging_mixin.py:104} INFO - [2021-07-18 15:56:26,983] {dagbag.py:496} INFO - Filling up the DagBag from /home/julio/anaconda3/lib/python3.8/site-packages/airflow/example_dags/tutorial_taskflow_api_etl.py
[2021-07-18 15:56:26,999] {scheduler_job.py:642} INFO - DAG(s) dict_keys(['tutorial_taskflow_api_etl']) retrieved from /home/julio/anaconda3/lib/python3.8/site-packages/airflow/example_dags/tutorial_taskflow_api_etl.py
[2021-07-18 15:56:27,196] {logging_mixin.py:104} INFO - [2021-07-18 15:56:27,196] {dag.py:1833} INFO - Sync 1 DAGs
[2021-07-18 15:56:27,201] {logging_mixin.py:104} INFO - [2021-07-18 15:56:27,201] {dag.py:2306} INFO - Setting next_dagrun for tutorial_taskflow_api_etl to None
[2021-07-18 15:56:27,222] {scheduler_job.py:189} INFO - Processing /home/julio/anaconda3/lib/python3.8/site-packages/airflow/example_dags/tutorial_taskflow_api_etl.py took 0.248 seconds
[2021-07-18 15:56:58,300] {scheduler_job.py:181} INFO - Started process (PID=11781) to work on /home/julio/anaconda3/lib/python3.8/site-packages/airflow/example_dags/tutorial_taskflow_api_etl.py
[2021-07-18 15:56:58,302] {scheduler_job.py:632} INFO - Processing file /home/julio/anaconda3/lib/python3.8/site-packages/airflow/example_dags/tutorial_taskflow_api_etl.py for tasks to queue
[2021-07-18 15:56:58,302] {logging_mixin.py:104} INFO - [2021-07-18 15:56:58,302] {dagbag.py:496} INFO - Filling up the DagBag from /home/julio/anaconda3/lib/python3.8/site-packages/airflow/example_dags/tutorial_taskflow_api_etl.py
[2021-07-18 15:56:58,317] {scheduler_job.py:642} INFO - DAG(s) dict_keys(['tutorial_taskflow_api_etl']) retrieved from /home/julio/anaconda3/lib/python3.8/site-packages/airflow/example_dags/tutorial_taskflow_api_etl.py
[2021-07-18 15:56:58,551] {logging_mixin.py:104} INFO - [2021-07-18 15:56:58,550] {dag.py:1833} INFO - Sync 1 DAGs
[2021-07-18 15:56:58,556] {logging_mixin.py:104} INFO - [2021-07-18 15:56:58,556] {dag.py:2306} INFO - Setting next_dagrun for tutorial_taskflow_api_etl to None
[2021-07-18 15:56:58,572] {scheduler_job.py:189} INFO - Processing /home/julio/anaconda3/lib/python3.8/site-packages/airflow/example_dags/tutorial_taskflow_api_etl.py took 0.277 seconds
[2021-07-18 15:57:30,254] {scheduler_job.py:181} INFO - Started process (PID=11820) to work on /home/julio/anaconda3/lib/python3.8/site-packages/airflow/example_dags/tutorial_taskflow_api_etl.py
[2021-07-18 15:57:30,255] {scheduler_job.py:632} INFO - Processing file /home/julio/anaconda3/lib/python3.8/site-packages/airflow/example_dags/tutorial_taskflow_api_etl.py for tasks to queue
[2021-07-18 15:57:30,255] {logging_mixin.py:104} INFO - [2021-07-18 15:57:30,255] {dagbag.py:496} INFO - Filling up the DagBag from /home/julio/anaconda3/lib/python3.8/site-packages/airflow/example_dags/tutorial_taskflow_api_etl.py
[2021-07-18 15:57:30,267] {scheduler_job.py:642} INFO - DAG(s) dict_keys(['tutorial_taskflow_api_etl']) retrieved from /home/julio/anaconda3/lib/python3.8/site-packages/airflow/example_dags/tutorial_taskflow_api_etl.py
[2021-07-18 15:57:30,462] {logging_mixin.py:104} INFO - [2021-07-18 15:57:30,462] {dag.py:1833} INFO - Sync 1 DAGs
[2021-07-18 15:57:30,469] {logging_mixin.py:104} INFO - [2021-07-18 15:57:30,469] {dag.py:2306} INFO - Setting next_dagrun for tutorial_taskflow_api_etl to None
[2021-07-18 15:57:30,485] {scheduler_job.py:189} INFO - Processing /home/julio/anaconda3/lib/python3.8/site-packages/airflow/example_dags/tutorial_taskflow_api_etl.py took 0.234 seconds
[2021-07-18 15:58:04,163] {scheduler_job.py:181} INFO - Started process (PID=11854) to work on /home/julio/anaconda3/lib/python3.8/site-packages/airflow/example_dags/tutorial_taskflow_api_etl.py
[2021-07-18 15:58:04,164] {scheduler_job.py:632} INFO - Processing file /home/julio/anaconda3/lib/python3.8/site-packages/airflow/example_dags/tutorial_taskflow_api_etl.py for tasks to queue
[2021-07-18 15:58:04,165] {logging_mixin.py:104} INFO - [2021-07-18 15:58:04,164] {dagbag.py:496} INFO - Filling up the DagBag from /home/julio/anaconda3/lib/python3.8/site-packages/airflow/example_dags/tutorial_taskflow_api_etl.py
[2021-07-18 15:58:04,178] {scheduler_job.py:642} INFO - DAG(s) dict_keys(['tutorial_taskflow_api_etl']) retrieved from /home/julio/anaconda3/lib/python3.8/site-packages/airflow/example_dags/tutorial_taskflow_api_etl.py
[2021-07-18 15:58:04,436] {logging_mixin.py:104} INFO - [2021-07-18 15:58:04,436] {dag.py:1833} INFO - Sync 1 DAGs
[2021-07-18 15:58:04,443] {logging_mixin.py:104} INFO - [2021-07-18 15:58:04,443] {dag.py:2306} INFO - Setting next_dagrun for tutorial_taskflow_api_etl to None
[2021-07-18 15:58:04,460] {scheduler_job.py:189} INFO - Processing /home/julio/anaconda3/lib/python3.8/site-packages/airflow/example_dags/tutorial_taskflow_api_etl.py took 0.302 seconds
[2021-07-18 15:58:36,552] {scheduler_job.py:181} INFO - Started process (PID=11889) to work on /home/julio/anaconda3/lib/python3.8/site-packages/airflow/example_dags/tutorial_taskflow_api_etl.py
[2021-07-18 15:58:36,553] {scheduler_job.py:632} INFO - Processing file /home/julio/anaconda3/lib/python3.8/site-packages/airflow/example_dags/tutorial_taskflow_api_etl.py for tasks to queue
[2021-07-18 15:58:36,553] {logging_mixin.py:104} INFO - [2021-07-18 15:58:36,553] {dagbag.py:496} INFO - Filling up the DagBag from /home/julio/anaconda3/lib/python3.8/site-packages/airflow/example_dags/tutorial_taskflow_api_etl.py
[2021-07-18 15:58:36,566] {scheduler_job.py:642} INFO - DAG(s) dict_keys(['tutorial_taskflow_api_etl']) retrieved from /home/julio/anaconda3/lib/python3.8/site-packages/airflow/example_dags/tutorial_taskflow_api_etl.py
[2021-07-18 15:58:36,849] {logging_mixin.py:104} INFO - [2021-07-18 15:58:36,848] {dag.py:1833} INFO - Sync 1 DAGs
[2021-07-18 15:58:36,859] {logging_mixin.py:104} INFO - [2021-07-18 15:58:36,859] {dag.py:2306} INFO - Setting next_dagrun for tutorial_taskflow_api_etl to None
[2021-07-18 15:58:36,882] {scheduler_job.py:189} INFO - Processing /home/julio/anaconda3/lib/python3.8/site-packages/airflow/example_dags/tutorial_taskflow_api_etl.py took 0.336 seconds
[2021-07-18 16:23:38,587] {scheduler_job.py:181} INFO - Started process (PID=13610) to work on /home/julio/anaconda3/lib/python3.8/site-packages/airflow/example_dags/tutorial_taskflow_api_etl.py
[2021-07-18 16:23:38,592] {scheduler_job.py:632} INFO - Processing file /home/julio/anaconda3/lib/python3.8/site-packages/airflow/example_dags/tutorial_taskflow_api_etl.py for tasks to queue
[2021-07-18 16:23:38,593] {logging_mixin.py:104} INFO - [2021-07-18 16:23:38,593] {dagbag.py:496} INFO - Filling up the DagBag from /home/julio/anaconda3/lib/python3.8/site-packages/airflow/example_dags/tutorial_taskflow_api_etl.py
[2021-07-18 16:23:38,603] {scheduler_job.py:642} INFO - DAG(s) dict_keys(['tutorial_taskflow_api_etl']) retrieved from /home/julio/anaconda3/lib/python3.8/site-packages/airflow/example_dags/tutorial_taskflow_api_etl.py
[2021-07-18 16:23:38,819] {logging_mixin.py:104} INFO - [2021-07-18 16:23:38,819] {dag.py:1833} INFO - Sync 1 DAGs
[2021-07-18 16:23:38,826] {logging_mixin.py:104} INFO - [2021-07-18 16:23:38,826] {dag.py:2306} INFO - Setting next_dagrun for tutorial_taskflow_api_etl to None
[2021-07-18 16:23:38,845] {scheduler_job.py:189} INFO - Processing /home/julio/anaconda3/lib/python3.8/site-packages/airflow/example_dags/tutorial_taskflow_api_etl.py took 0.260 seconds
[2021-07-18 16:24:10,066] {scheduler_job.py:181} INFO - Started process (PID=13662) to work on /home/julio/anaconda3/lib/python3.8/site-packages/airflow/example_dags/tutorial_taskflow_api_etl.py
[2021-07-18 16:24:10,069] {scheduler_job.py:632} INFO - Processing file /home/julio/anaconda3/lib/python3.8/site-packages/airflow/example_dags/tutorial_taskflow_api_etl.py for tasks to queue
[2021-07-18 16:24:10,070] {logging_mixin.py:104} INFO - [2021-07-18 16:24:10,070] {dagbag.py:496} INFO - Filling up the DagBag from /home/julio/anaconda3/lib/python3.8/site-packages/airflow/example_dags/tutorial_taskflow_api_etl.py
[2021-07-18 16:24:10,088] {scheduler_job.py:642} INFO - DAG(s) dict_keys(['tutorial_taskflow_api_etl']) retrieved from /home/julio/anaconda3/lib/python3.8/site-packages/airflow/example_dags/tutorial_taskflow_api_etl.py
[2021-07-18 16:24:10,340] {logging_mixin.py:104} INFO - [2021-07-18 16:24:10,340] {dag.py:1833} INFO - Sync 1 DAGs
[2021-07-18 16:24:10,348] {logging_mixin.py:104} INFO - [2021-07-18 16:24:10,348] {dag.py:2306} INFO - Setting next_dagrun for tutorial_taskflow_api_etl to None
[2021-07-18 16:24:10,368] {scheduler_job.py:189} INFO - Processing /home/julio/anaconda3/lib/python3.8/site-packages/airflow/example_dags/tutorial_taskflow_api_etl.py took 0.304 seconds
[2021-07-18 16:24:43,850] {scheduler_job.py:181} INFO - Started process (PID=13730) to work on /home/julio/anaconda3/lib/python3.8/site-packages/airflow/example_dags/tutorial_taskflow_api_etl.py
[2021-07-18 16:24:43,852] {scheduler_job.py:632} INFO - Processing file /home/julio/anaconda3/lib/python3.8/site-packages/airflow/example_dags/tutorial_taskflow_api_etl.py for tasks to queue
[2021-07-18 16:24:43,852] {logging_mixin.py:104} INFO - [2021-07-18 16:24:43,852] {dagbag.py:496} INFO - Filling up the DagBag from /home/julio/anaconda3/lib/python3.8/site-packages/airflow/example_dags/tutorial_taskflow_api_etl.py
[2021-07-18 16:24:43,870] {scheduler_job.py:642} INFO - DAG(s) dict_keys(['tutorial_taskflow_api_etl']) retrieved from /home/julio/anaconda3/lib/python3.8/site-packages/airflow/example_dags/tutorial_taskflow_api_etl.py
[2021-07-18 16:24:44,129] {logging_mixin.py:104} INFO - [2021-07-18 16:24:44,129] {dag.py:1833} INFO - Sync 1 DAGs
[2021-07-18 16:24:44,136] {logging_mixin.py:104} INFO - [2021-07-18 16:24:44,136] {dag.py:2306} INFO - Setting next_dagrun for tutorial_taskflow_api_etl to None
[2021-07-18 16:24:44,161] {scheduler_job.py:189} INFO - Processing /home/julio/anaconda3/lib/python3.8/site-packages/airflow/example_dags/tutorial_taskflow_api_etl.py took 0.313 seconds
[2021-07-18 16:25:19,047] {scheduler_job.py:181} INFO - Started process (PID=13807) to work on /home/julio/anaconda3/lib/python3.8/site-packages/airflow/example_dags/tutorial_taskflow_api_etl.py
[2021-07-18 16:25:19,050] {scheduler_job.py:632} INFO - Processing file /home/julio/anaconda3/lib/python3.8/site-packages/airflow/example_dags/tutorial_taskflow_api_etl.py for tasks to queue
[2021-07-18 16:25:19,051] {logging_mixin.py:104} INFO - [2021-07-18 16:25:19,050] {dagbag.py:496} INFO - Filling up the DagBag from /home/julio/anaconda3/lib/python3.8/site-packages/airflow/example_dags/tutorial_taskflow_api_etl.py
[2021-07-18 16:25:19,062] {scheduler_job.py:642} INFO - DAG(s) dict_keys(['tutorial_taskflow_api_etl']) retrieved from /home/julio/anaconda3/lib/python3.8/site-packages/airflow/example_dags/tutorial_taskflow_api_etl.py
[2021-07-18 16:25:19,256] {logging_mixin.py:104} INFO - [2021-07-18 16:25:19,256] {dag.py:1833} INFO - Sync 1 DAGs
[2021-07-18 16:25:19,270] {logging_mixin.py:104} INFO - [2021-07-18 16:25:19,270] {dag.py:2306} INFO - Setting next_dagrun for tutorial_taskflow_api_etl to None
[2021-07-18 16:25:19,290] {scheduler_job.py:189} INFO - Processing /home/julio/anaconda3/lib/python3.8/site-packages/airflow/example_dags/tutorial_taskflow_api_etl.py took 0.245 seconds
[2021-07-18 16:25:51,344] {scheduler_job.py:181} INFO - Started process (PID=13871) to work on /home/julio/anaconda3/lib/python3.8/site-packages/airflow/example_dags/tutorial_taskflow_api_etl.py
[2021-07-18 16:25:51,350] {scheduler_job.py:632} INFO - Processing file /home/julio/anaconda3/lib/python3.8/site-packages/airflow/example_dags/tutorial_taskflow_api_etl.py for tasks to queue
[2021-07-18 16:25:51,350] {logging_mixin.py:104} INFO - [2021-07-18 16:25:51,350] {dagbag.py:496} INFO - Filling up the DagBag from /home/julio/anaconda3/lib/python3.8/site-packages/airflow/example_dags/tutorial_taskflow_api_etl.py
[2021-07-18 16:25:51,366] {scheduler_job.py:642} INFO - DAG(s) dict_keys(['tutorial_taskflow_api_etl']) retrieved from /home/julio/anaconda3/lib/python3.8/site-packages/airflow/example_dags/tutorial_taskflow_api_etl.py
[2021-07-18 16:25:51,622] {logging_mixin.py:104} INFO - [2021-07-18 16:25:51,622] {dag.py:1833} INFO - Sync 1 DAGs
[2021-07-18 16:25:51,631] {logging_mixin.py:104} INFO - [2021-07-18 16:25:51,631] {dag.py:2306} INFO - Setting next_dagrun for tutorial_taskflow_api_etl to None
[2021-07-18 16:25:51,651] {scheduler_job.py:189} INFO - Processing /home/julio/anaconda3/lib/python3.8/site-packages/airflow/example_dags/tutorial_taskflow_api_etl.py took 0.309 seconds
[2021-07-18 16:27:00,030] {scheduler_job.py:181} INFO - Started process (PID=14239) to work on /home/julio/anaconda3/lib/python3.8/site-packages/airflow/example_dags/tutorial_taskflow_api_etl.py
[2021-07-18 16:27:00,033] {scheduler_job.py:632} INFO - Processing file /home/julio/anaconda3/lib/python3.8/site-packages/airflow/example_dags/tutorial_taskflow_api_etl.py for tasks to queue
[2021-07-18 16:27:00,033] {logging_mixin.py:104} INFO - [2021-07-18 16:27:00,033] {dagbag.py:496} INFO - Filling up the DagBag from /home/julio/anaconda3/lib/python3.8/site-packages/airflow/example_dags/tutorial_taskflow_api_etl.py
[2021-07-18 16:27:00,048] {scheduler_job.py:642} INFO - DAG(s) dict_keys(['tutorial_taskflow_api_etl']) retrieved from /home/julio/anaconda3/lib/python3.8/site-packages/airflow/example_dags/tutorial_taskflow_api_etl.py
[2021-07-18 16:27:00,335] {logging_mixin.py:104} INFO - [2021-07-18 16:27:00,335] {dag.py:1833} INFO - Sync 1 DAGs
[2021-07-18 16:27:00,345] {logging_mixin.py:104} INFO - [2021-07-18 16:27:00,345] {dag.py:2306} INFO - Setting next_dagrun for tutorial_taskflow_api_etl to None
[2021-07-18 16:27:00,365] {scheduler_job.py:189} INFO - Processing /home/julio/anaconda3/lib/python3.8/site-packages/airflow/example_dags/tutorial_taskflow_api_etl.py took 0.340 seconds
[2021-07-18 16:27:34,984] {scheduler_job.py:181} INFO - Started process (PID=14342) to work on /home/julio/anaconda3/lib/python3.8/site-packages/airflow/example_dags/tutorial_taskflow_api_etl.py
[2021-07-18 16:27:34,990] {scheduler_job.py:632} INFO - Processing file /home/julio/anaconda3/lib/python3.8/site-packages/airflow/example_dags/tutorial_taskflow_api_etl.py for tasks to queue
[2021-07-18 16:27:34,991] {logging_mixin.py:104} INFO - [2021-07-18 16:27:34,990] {dagbag.py:496} INFO - Filling up the DagBag from /home/julio/anaconda3/lib/python3.8/site-packages/airflow/example_dags/tutorial_taskflow_api_etl.py
[2021-07-18 16:27:35,008] {scheduler_job.py:642} INFO - DAG(s) dict_keys(['tutorial_taskflow_api_etl']) retrieved from /home/julio/anaconda3/lib/python3.8/site-packages/airflow/example_dags/tutorial_taskflow_api_etl.py
[2021-07-18 16:27:35,244] {logging_mixin.py:104} INFO - [2021-07-18 16:27:35,244] {dag.py:1833} INFO - Sync 1 DAGs
[2021-07-18 16:27:35,256] {logging_mixin.py:104} INFO - [2021-07-18 16:27:35,256] {dag.py:2306} INFO - Setting next_dagrun for tutorial_taskflow_api_etl to None
[2021-07-18 16:27:35,284] {scheduler_job.py:189} INFO - Processing /home/julio/anaconda3/lib/python3.8/site-packages/airflow/example_dags/tutorial_taskflow_api_etl.py took 0.303 seconds
[2021-07-18 16:28:13,249] {scheduler_job.py:181} INFO - Started process (PID=14437) to work on /home/julio/anaconda3/lib/python3.8/site-packages/airflow/example_dags/tutorial_taskflow_api_etl.py
[2021-07-18 16:28:13,254] {scheduler_job.py:632} INFO - Processing file /home/julio/anaconda3/lib/python3.8/site-packages/airflow/example_dags/tutorial_taskflow_api_etl.py for tasks to queue
[2021-07-18 16:28:13,255] {logging_mixin.py:104} INFO - [2021-07-18 16:28:13,255] {dagbag.py:496} INFO - Filling up the DagBag from /home/julio/anaconda3/lib/python3.8/site-packages/airflow/example_dags/tutorial_taskflow_api_etl.py
[2021-07-18 16:28:13,278] {scheduler_job.py:642} INFO - DAG(s) dict_keys(['tutorial_taskflow_api_etl']) retrieved from /home/julio/anaconda3/lib/python3.8/site-packages/airflow/example_dags/tutorial_taskflow_api_etl.py
[2021-07-18 16:28:13,596] {logging_mixin.py:104} INFO - [2021-07-18 16:28:13,596] {dag.py:1833} INFO - Sync 1 DAGs
[2021-07-18 16:28:13,606] {logging_mixin.py:104} INFO - [2021-07-18 16:28:13,606] {dag.py:2306} INFO - Setting next_dagrun for tutorial_taskflow_api_etl to None
[2021-07-18 16:28:13,625] {scheduler_job.py:189} INFO - Processing /home/julio/anaconda3/lib/python3.8/site-packages/airflow/example_dags/tutorial_taskflow_api_etl.py took 0.378 seconds
[2021-07-18 16:28:47,801] {scheduler_job.py:181} INFO - Started process (PID=14532) to work on /home/julio/anaconda3/lib/python3.8/site-packages/airflow/example_dags/tutorial_taskflow_api_etl.py
[2021-07-18 16:28:47,805] {scheduler_job.py:632} INFO - Processing file /home/julio/anaconda3/lib/python3.8/site-packages/airflow/example_dags/tutorial_taskflow_api_etl.py for tasks to queue
[2021-07-18 16:28:47,806] {logging_mixin.py:104} INFO - [2021-07-18 16:28:47,806] {dagbag.py:496} INFO - Filling up the DagBag from /home/julio/anaconda3/lib/python3.8/site-packages/airflow/example_dags/tutorial_taskflow_api_etl.py
[2021-07-18 16:28:47,829] {scheduler_job.py:642} INFO - DAG(s) dict_keys(['tutorial_taskflow_api_etl']) retrieved from /home/julio/anaconda3/lib/python3.8/site-packages/airflow/example_dags/tutorial_taskflow_api_etl.py
[2021-07-18 16:28:48,292] {logging_mixin.py:104} INFO - [2021-07-18 16:28:48,291] {dag.py:1833} INFO - Sync 1 DAGs
[2021-07-18 16:28:48,317] {logging_mixin.py:104} INFO - [2021-07-18 16:28:48,317] {dag.py:2306} INFO - Setting next_dagrun for tutorial_taskflow_api_etl to None
[2021-07-18 16:28:48,368] {scheduler_job.py:189} INFO - Processing /home/julio/anaconda3/lib/python3.8/site-packages/airflow/example_dags/tutorial_taskflow_api_etl.py took 0.570 seconds
[2021-07-18 16:29:26,368] {scheduler_job.py:181} INFO - Started process (PID=14624) to work on /home/julio/anaconda3/lib/python3.8/site-packages/airflow/example_dags/tutorial_taskflow_api_etl.py
[2021-07-18 16:29:26,374] {scheduler_job.py:632} INFO - Processing file /home/julio/anaconda3/lib/python3.8/site-packages/airflow/example_dags/tutorial_taskflow_api_etl.py for tasks to queue
[2021-07-18 16:29:26,374] {logging_mixin.py:104} INFO - [2021-07-18 16:29:26,374] {dagbag.py:496} INFO - Filling up the DagBag from /home/julio/anaconda3/lib/python3.8/site-packages/airflow/example_dags/tutorial_taskflow_api_etl.py
[2021-07-18 16:29:26,392] {scheduler_job.py:642} INFO - DAG(s) dict_keys(['tutorial_taskflow_api_etl']) retrieved from /home/julio/anaconda3/lib/python3.8/site-packages/airflow/example_dags/tutorial_taskflow_api_etl.py
[2021-07-18 16:29:26,676] {logging_mixin.py:104} INFO - [2021-07-18 16:29:26,676] {dag.py:1833} INFO - Sync 1 DAGs
[2021-07-18 16:29:26,692] {logging_mixin.py:104} INFO - [2021-07-18 16:29:26,692] {dag.py:2306} INFO - Setting next_dagrun for tutorial_taskflow_api_etl to None
[2021-07-18 16:29:26,718] {scheduler_job.py:189} INFO - Processing /home/julio/anaconda3/lib/python3.8/site-packages/airflow/example_dags/tutorial_taskflow_api_etl.py took 0.353 seconds
[2021-07-18 16:30:27,448] {scheduler_job.py:181} INFO - Started process (PID=14813) to work on /home/julio/anaconda3/lib/python3.8/site-packages/airflow/example_dags/tutorial_taskflow_api_etl.py
[2021-07-18 16:30:27,450] {scheduler_job.py:632} INFO - Processing file /home/julio/anaconda3/lib/python3.8/site-packages/airflow/example_dags/tutorial_taskflow_api_etl.py for tasks to queue
[2021-07-18 16:30:27,451] {logging_mixin.py:104} INFO - [2021-07-18 16:30:27,450] {dagbag.py:496} INFO - Filling up the DagBag from /home/julio/anaconda3/lib/python3.8/site-packages/airflow/example_dags/tutorial_taskflow_api_etl.py
[2021-07-18 16:30:27,466] {scheduler_job.py:642} INFO - DAG(s) dict_keys(['tutorial_taskflow_api_etl']) retrieved from /home/julio/anaconda3/lib/python3.8/site-packages/airflow/example_dags/tutorial_taskflow_api_etl.py
[2021-07-18 16:30:27,704] {logging_mixin.py:104} INFO - [2021-07-18 16:30:27,704] {dag.py:1833} INFO - Sync 1 DAGs
[2021-07-18 16:30:27,717] {logging_mixin.py:104} INFO - [2021-07-18 16:30:27,716] {dag.py:2306} INFO - Setting next_dagrun for tutorial_taskflow_api_etl to None
[2021-07-18 16:30:27,739] {scheduler_job.py:189} INFO - Processing /home/julio/anaconda3/lib/python3.8/site-packages/airflow/example_dags/tutorial_taskflow_api_etl.py took 0.297 seconds
[2021-07-18 16:32:12,423] {scheduler_job.py:181} INFO - Started process (PID=15060) to work on /home/julio/anaconda3/lib/python3.8/site-packages/airflow/example_dags/tutorial_taskflow_api_etl.py
[2021-07-18 16:32:12,426] {scheduler_job.py:632} INFO - Processing file /home/julio/anaconda3/lib/python3.8/site-packages/airflow/example_dags/tutorial_taskflow_api_etl.py for tasks to queue
[2021-07-18 16:32:12,428] {logging_mixin.py:104} INFO - [2021-07-18 16:32:12,428] {dagbag.py:496} INFO - Filling up the DagBag from /home/julio/anaconda3/lib/python3.8/site-packages/airflow/example_dags/tutorial_taskflow_api_etl.py
[2021-07-18 16:32:12,446] {scheduler_job.py:642} INFO - DAG(s) dict_keys(['tutorial_taskflow_api_etl']) retrieved from /home/julio/anaconda3/lib/python3.8/site-packages/airflow/example_dags/tutorial_taskflow_api_etl.py
[2021-07-18 16:32:12,680] {logging_mixin.py:104} INFO - [2021-07-18 16:32:12,679] {dag.py:1833} INFO - Sync 1 DAGs
[2021-07-18 16:32:12,687] {logging_mixin.py:104} INFO - [2021-07-18 16:32:12,687] {dag.py:2306} INFO - Setting next_dagrun for tutorial_taskflow_api_etl to None
[2021-07-18 16:32:12,704] {scheduler_job.py:189} INFO - Processing /home/julio/anaconda3/lib/python3.8/site-packages/airflow/example_dags/tutorial_taskflow_api_etl.py took 0.284 seconds
[2021-07-18 16:32:47,548] {scheduler_job.py:181} INFO - Started process (PID=15145) to work on /home/julio/anaconda3/lib/python3.8/site-packages/airflow/example_dags/tutorial_taskflow_api_etl.py
[2021-07-18 16:32:47,559] {scheduler_job.py:632} INFO - Processing file /home/julio/anaconda3/lib/python3.8/site-packages/airflow/example_dags/tutorial_taskflow_api_etl.py for tasks to queue
[2021-07-18 16:32:47,562] {logging_mixin.py:104} INFO - [2021-07-18 16:32:47,562] {dagbag.py:496} INFO - Filling up the DagBag from /home/julio/anaconda3/lib/python3.8/site-packages/airflow/example_dags/tutorial_taskflow_api_etl.py
[2021-07-18 16:32:47,581] {scheduler_job.py:642} INFO - DAG(s) dict_keys(['tutorial_taskflow_api_etl']) retrieved from /home/julio/anaconda3/lib/python3.8/site-packages/airflow/example_dags/tutorial_taskflow_api_etl.py
[2021-07-18 16:32:47,805] {logging_mixin.py:104} INFO - [2021-07-18 16:32:47,805] {dag.py:1833} INFO - Sync 1 DAGs
[2021-07-18 16:32:47,818] {logging_mixin.py:104} INFO - [2021-07-18 16:32:47,818] {dag.py:2306} INFO - Setting next_dagrun for tutorial_taskflow_api_etl to None
[2021-07-18 16:32:47,837] {scheduler_job.py:189} INFO - Processing /home/julio/anaconda3/lib/python3.8/site-packages/airflow/example_dags/tutorial_taskflow_api_etl.py took 0.293 seconds
[2021-07-18 16:33:28,276] {scheduler_job.py:181} INFO - Started process (PID=15249) to work on /home/julio/anaconda3/lib/python3.8/site-packages/airflow/example_dags/tutorial_taskflow_api_etl.py
[2021-07-18 16:33:28,280] {scheduler_job.py:632} INFO - Processing file /home/julio/anaconda3/lib/python3.8/site-packages/airflow/example_dags/tutorial_taskflow_api_etl.py for tasks to queue
[2021-07-18 16:33:28,281] {logging_mixin.py:104} INFO - [2021-07-18 16:33:28,281] {dagbag.py:496} INFO - Filling up the DagBag from /home/julio/anaconda3/lib/python3.8/site-packages/airflow/example_dags/tutorial_taskflow_api_etl.py
[2021-07-18 16:33:28,293] {scheduler_job.py:642} INFO - DAG(s) dict_keys(['tutorial_taskflow_api_etl']) retrieved from /home/julio/anaconda3/lib/python3.8/site-packages/airflow/example_dags/tutorial_taskflow_api_etl.py
[2021-07-18 16:33:28,505] {logging_mixin.py:104} INFO - [2021-07-18 16:33:28,505] {dag.py:1833} INFO - Sync 1 DAGs
[2021-07-18 16:33:28,512] {logging_mixin.py:104} INFO - [2021-07-18 16:33:28,512] {dag.py:2306} INFO - Setting next_dagrun for tutorial_taskflow_api_etl to None
[2021-07-18 16:33:28,531] {scheduler_job.py:189} INFO - Processing /home/julio/anaconda3/lib/python3.8/site-packages/airflow/example_dags/tutorial_taskflow_api_etl.py took 0.257 seconds
[2021-07-18 16:34:03,316] {scheduler_job.py:181} INFO - Started process (PID=15317) to work on /home/julio/anaconda3/lib/python3.8/site-packages/airflow/example_dags/tutorial_taskflow_api_etl.py
[2021-07-18 16:34:03,319] {scheduler_job.py:632} INFO - Processing file /home/julio/anaconda3/lib/python3.8/site-packages/airflow/example_dags/tutorial_taskflow_api_etl.py for tasks to queue
[2021-07-18 16:34:03,320] {logging_mixin.py:104} INFO - [2021-07-18 16:34:03,320] {dagbag.py:496} INFO - Filling up the DagBag from /home/julio/anaconda3/lib/python3.8/site-packages/airflow/example_dags/tutorial_taskflow_api_etl.py
[2021-07-18 16:34:03,338] {scheduler_job.py:642} INFO - DAG(s) dict_keys(['tutorial_taskflow_api_etl']) retrieved from /home/julio/anaconda3/lib/python3.8/site-packages/airflow/example_dags/tutorial_taskflow_api_etl.py
[2021-07-18 16:34:03,541] {logging_mixin.py:104} INFO - [2021-07-18 16:34:03,541] {dag.py:1833} INFO - Sync 1 DAGs
[2021-07-18 16:34:03,549] {logging_mixin.py:104} INFO - [2021-07-18 16:34:03,549] {dag.py:2306} INFO - Setting next_dagrun for tutorial_taskflow_api_etl to None
[2021-07-18 16:34:03,571] {scheduler_job.py:189} INFO - Processing /home/julio/anaconda3/lib/python3.8/site-packages/airflow/example_dags/tutorial_taskflow_api_etl.py took 0.262 seconds
[2021-07-18 16:34:38,375] {scheduler_job.py:181} INFO - Started process (PID=15380) to work on /home/julio/anaconda3/lib/python3.8/site-packages/airflow/example_dags/tutorial_taskflow_api_etl.py
[2021-07-18 16:34:38,376] {scheduler_job.py:632} INFO - Processing file /home/julio/anaconda3/lib/python3.8/site-packages/airflow/example_dags/tutorial_taskflow_api_etl.py for tasks to queue
[2021-07-18 16:34:38,377] {logging_mixin.py:104} INFO - [2021-07-18 16:34:38,376] {dagbag.py:496} INFO - Filling up the DagBag from /home/julio/anaconda3/lib/python3.8/site-packages/airflow/example_dags/tutorial_taskflow_api_etl.py
[2021-07-18 16:34:38,390] {scheduler_job.py:642} INFO - DAG(s) dict_keys(['tutorial_taskflow_api_etl']) retrieved from /home/julio/anaconda3/lib/python3.8/site-packages/airflow/example_dags/tutorial_taskflow_api_etl.py
[2021-07-18 16:34:38,755] {logging_mixin.py:104} INFO - [2021-07-18 16:34:38,754] {dag.py:1833} INFO - Sync 1 DAGs
[2021-07-18 16:34:38,795] {logging_mixin.py:104} INFO - [2021-07-18 16:34:38,795] {dag.py:2306} INFO - Setting next_dagrun for tutorial_taskflow_api_etl to None
[2021-07-18 16:34:38,828] {scheduler_job.py:189} INFO - Processing /home/julio/anaconda3/lib/python3.8/site-packages/airflow/example_dags/tutorial_taskflow_api_etl.py took 0.456 seconds
[2021-07-18 16:35:14,716] {scheduler_job.py:181} INFO - Started process (PID=15447) to work on /home/julio/anaconda3/lib/python3.8/site-packages/airflow/example_dags/tutorial_taskflow_api_etl.py
[2021-07-18 16:35:14,717] {scheduler_job.py:632} INFO - Processing file /home/julio/anaconda3/lib/python3.8/site-packages/airflow/example_dags/tutorial_taskflow_api_etl.py for tasks to queue
[2021-07-18 16:35:14,717] {logging_mixin.py:104} INFO - [2021-07-18 16:35:14,717] {dagbag.py:496} INFO - Filling up the DagBag from /home/julio/anaconda3/lib/python3.8/site-packages/airflow/example_dags/tutorial_taskflow_api_etl.py
[2021-07-18 16:35:14,727] {scheduler_job.py:642} INFO - DAG(s) dict_keys(['tutorial_taskflow_api_etl']) retrieved from /home/julio/anaconda3/lib/python3.8/site-packages/airflow/example_dags/tutorial_taskflow_api_etl.py
[2021-07-18 16:35:14,902] {logging_mixin.py:104} INFO - [2021-07-18 16:35:14,902] {dag.py:1833} INFO - Sync 1 DAGs
[2021-07-18 16:35:14,911] {logging_mixin.py:104} INFO - [2021-07-18 16:35:14,911] {dag.py:2306} INFO - Setting next_dagrun for tutorial_taskflow_api_etl to None
[2021-07-18 16:35:14,934] {scheduler_job.py:189} INFO - Processing /home/julio/anaconda3/lib/python3.8/site-packages/airflow/example_dags/tutorial_taskflow_api_etl.py took 0.221 seconds
[2021-07-18 16:35:53,223] {scheduler_job.py:181} INFO - Started process (PID=15513) to work on /home/julio/anaconda3/lib/python3.8/site-packages/airflow/example_dags/tutorial_taskflow_api_etl.py
[2021-07-18 16:35:53,227] {scheduler_job.py:632} INFO - Processing file /home/julio/anaconda3/lib/python3.8/site-packages/airflow/example_dags/tutorial_taskflow_api_etl.py for tasks to queue
[2021-07-18 16:35:53,228] {logging_mixin.py:104} INFO - [2021-07-18 16:35:53,228] {dagbag.py:496} INFO - Filling up the DagBag from /home/julio/anaconda3/lib/python3.8/site-packages/airflow/example_dags/tutorial_taskflow_api_etl.py
[2021-07-18 16:35:53,249] {scheduler_job.py:642} INFO - DAG(s) dict_keys(['tutorial_taskflow_api_etl']) retrieved from /home/julio/anaconda3/lib/python3.8/site-packages/airflow/example_dags/tutorial_taskflow_api_etl.py
[2021-07-18 16:35:53,558] {logging_mixin.py:104} INFO - [2021-07-18 16:35:53,558] {dag.py:1833} INFO - Sync 1 DAGs
[2021-07-18 16:35:53,567] {logging_mixin.py:104} INFO - [2021-07-18 16:35:53,567] {dag.py:2306} INFO - Setting next_dagrun for tutorial_taskflow_api_etl to None
[2021-07-18 16:35:53,614] {scheduler_job.py:189} INFO - Processing /home/julio/anaconda3/lib/python3.8/site-packages/airflow/example_dags/tutorial_taskflow_api_etl.py took 0.395 seconds
[2021-07-18 16:36:27,446] {scheduler_job.py:181} INFO - Started process (PID=15573) to work on /home/julio/anaconda3/lib/python3.8/site-packages/airflow/example_dags/tutorial_taskflow_api_etl.py
[2021-07-18 16:36:27,448] {scheduler_job.py:632} INFO - Processing file /home/julio/anaconda3/lib/python3.8/site-packages/airflow/example_dags/tutorial_taskflow_api_etl.py for tasks to queue
[2021-07-18 16:36:27,448] {logging_mixin.py:104} INFO - [2021-07-18 16:36:27,448] {dagbag.py:496} INFO - Filling up the DagBag from /home/julio/anaconda3/lib/python3.8/site-packages/airflow/example_dags/tutorial_taskflow_api_etl.py
[2021-07-18 16:36:27,462] {scheduler_job.py:642} INFO - DAG(s) dict_keys(['tutorial_taskflow_api_etl']) retrieved from /home/julio/anaconda3/lib/python3.8/site-packages/airflow/example_dags/tutorial_taskflow_api_etl.py
[2021-07-18 16:36:27,680] {logging_mixin.py:104} INFO - [2021-07-18 16:36:27,680] {dag.py:1833} INFO - Sync 1 DAGs
[2021-07-18 16:36:27,688] {logging_mixin.py:104} INFO - [2021-07-18 16:36:27,688] {dag.py:2306} INFO - Setting next_dagrun for tutorial_taskflow_api_etl to None
[2021-07-18 16:36:27,714] {scheduler_job.py:189} INFO - Processing /home/julio/anaconda3/lib/python3.8/site-packages/airflow/example_dags/tutorial_taskflow_api_etl.py took 0.271 seconds
[2021-07-18 16:37:02,277] {scheduler_job.py:181} INFO - Started process (PID=15635) to work on /home/julio/anaconda3/lib/python3.8/site-packages/airflow/example_dags/tutorial_taskflow_api_etl.py
[2021-07-18 16:37:02,278] {scheduler_job.py:632} INFO - Processing file /home/julio/anaconda3/lib/python3.8/site-packages/airflow/example_dags/tutorial_taskflow_api_etl.py for tasks to queue
[2021-07-18 16:37:02,279] {logging_mixin.py:104} INFO - [2021-07-18 16:37:02,278] {dagbag.py:496} INFO - Filling up the DagBag from /home/julio/anaconda3/lib/python3.8/site-packages/airflow/example_dags/tutorial_taskflow_api_etl.py
[2021-07-18 16:37:02,289] {scheduler_job.py:642} INFO - DAG(s) dict_keys(['tutorial_taskflow_api_etl']) retrieved from /home/julio/anaconda3/lib/python3.8/site-packages/airflow/example_dags/tutorial_taskflow_api_etl.py
[2021-07-18 16:37:02,470] {logging_mixin.py:104} INFO - [2021-07-18 16:37:02,470] {dag.py:1833} INFO - Sync 1 DAGs
[2021-07-18 16:37:02,481] {logging_mixin.py:104} INFO - [2021-07-18 16:37:02,481] {dag.py:2306} INFO - Setting next_dagrun for tutorial_taskflow_api_etl to None
[2021-07-18 16:37:02,499] {scheduler_job.py:189} INFO - Processing /home/julio/anaconda3/lib/python3.8/site-packages/airflow/example_dags/tutorial_taskflow_api_etl.py took 0.224 seconds
[2021-07-18 16:37:39,551] {scheduler_job.py:181} INFO - Started process (PID=15706) to work on /home/julio/anaconda3/lib/python3.8/site-packages/airflow/example_dags/tutorial_taskflow_api_etl.py
[2021-07-18 16:37:39,552] {scheduler_job.py:632} INFO - Processing file /home/julio/anaconda3/lib/python3.8/site-packages/airflow/example_dags/tutorial_taskflow_api_etl.py for tasks to queue
[2021-07-18 16:37:39,553] {logging_mixin.py:104} INFO - [2021-07-18 16:37:39,553] {dagbag.py:496} INFO - Filling up the DagBag from /home/julio/anaconda3/lib/python3.8/site-packages/airflow/example_dags/tutorial_taskflow_api_etl.py
[2021-07-18 16:37:39,567] {scheduler_job.py:642} INFO - DAG(s) dict_keys(['tutorial_taskflow_api_etl']) retrieved from /home/julio/anaconda3/lib/python3.8/site-packages/airflow/example_dags/tutorial_taskflow_api_etl.py
[2021-07-18 16:37:39,837] {logging_mixin.py:104} INFO - [2021-07-18 16:37:39,837] {dag.py:1833} INFO - Sync 1 DAGs
[2021-07-18 16:37:39,844] {logging_mixin.py:104} INFO - [2021-07-18 16:37:39,844] {dag.py:2306} INFO - Setting next_dagrun for tutorial_taskflow_api_etl to None
[2021-07-18 16:37:39,860] {scheduler_job.py:189} INFO - Processing /home/julio/anaconda3/lib/python3.8/site-packages/airflow/example_dags/tutorial_taskflow_api_etl.py took 0.312 seconds
[2021-07-18 16:38:22,270] {scheduler_job.py:181} INFO - Started process (PID=15800) to work on /home/julio/anaconda3/lib/python3.8/site-packages/airflow/example_dags/tutorial_taskflow_api_etl.py
[2021-07-18 16:38:22,273] {scheduler_job.py:632} INFO - Processing file /home/julio/anaconda3/lib/python3.8/site-packages/airflow/example_dags/tutorial_taskflow_api_etl.py for tasks to queue
[2021-07-18 16:38:22,275] {logging_mixin.py:104} INFO - [2021-07-18 16:38:22,275] {dagbag.py:496} INFO - Filling up the DagBag from /home/julio/anaconda3/lib/python3.8/site-packages/airflow/example_dags/tutorial_taskflow_api_etl.py
[2021-07-18 16:38:22,294] {scheduler_job.py:642} INFO - DAG(s) dict_keys(['tutorial_taskflow_api_etl']) retrieved from /home/julio/anaconda3/lib/python3.8/site-packages/airflow/example_dags/tutorial_taskflow_api_etl.py
[2021-07-18 16:38:22,512] {logging_mixin.py:104} INFO - [2021-07-18 16:38:22,512] {dag.py:1833} INFO - Sync 1 DAGs
[2021-07-18 16:38:22,520] {logging_mixin.py:104} INFO - [2021-07-18 16:38:22,520] {dag.py:2306} INFO - Setting next_dagrun for tutorial_taskflow_api_etl to None
[2021-07-18 16:38:22,539] {scheduler_job.py:189} INFO - Processing /home/julio/anaconda3/lib/python3.8/site-packages/airflow/example_dags/tutorial_taskflow_api_etl.py took 0.273 seconds
[2021-07-18 16:41:25,829] {scheduler_job.py:181} INFO - Started process (PID=16026) to work on /home/julio/anaconda3/lib/python3.8/site-packages/airflow/example_dags/tutorial_taskflow_api_etl.py
[2021-07-18 16:41:25,832] {scheduler_job.py:632} INFO - Processing file /home/julio/anaconda3/lib/python3.8/site-packages/airflow/example_dags/tutorial_taskflow_api_etl.py for tasks to queue
[2021-07-18 16:41:25,833] {logging_mixin.py:104} INFO - [2021-07-18 16:41:25,833] {dagbag.py:496} INFO - Filling up the DagBag from /home/julio/anaconda3/lib/python3.8/site-packages/airflow/example_dags/tutorial_taskflow_api_etl.py
[2021-07-18 16:41:25,852] {scheduler_job.py:642} INFO - DAG(s) dict_keys(['tutorial_taskflow_api_etl']) retrieved from /home/julio/anaconda3/lib/python3.8/site-packages/airflow/example_dags/tutorial_taskflow_api_etl.py
[2021-07-18 16:41:26,112] {logging_mixin.py:104} INFO - [2021-07-18 16:41:26,112] {dag.py:1833} INFO - Sync 1 DAGs
[2021-07-18 16:41:26,122] {logging_mixin.py:104} INFO - [2021-07-18 16:41:26,121] {dag.py:2306} INFO - Setting next_dagrun for tutorial_taskflow_api_etl to None
[2021-07-18 16:41:26,148] {scheduler_job.py:189} INFO - Processing /home/julio/anaconda3/lib/python3.8/site-packages/airflow/example_dags/tutorial_taskflow_api_etl.py took 0.320 seconds
[2021-07-18 16:41:59,706] {scheduler_job.py:181} INFO - Started process (PID=16112) to work on /home/julio/anaconda3/lib/python3.8/site-packages/airflow/example_dags/tutorial_taskflow_api_etl.py
[2021-07-18 16:41:59,711] {scheduler_job.py:632} INFO - Processing file /home/julio/anaconda3/lib/python3.8/site-packages/airflow/example_dags/tutorial_taskflow_api_etl.py for tasks to queue
[2021-07-18 16:41:59,715] {logging_mixin.py:104} INFO - [2021-07-18 16:41:59,715] {dagbag.py:496} INFO - Filling up the DagBag from /home/julio/anaconda3/lib/python3.8/site-packages/airflow/example_dags/tutorial_taskflow_api_etl.py
[2021-07-18 16:41:59,734] {scheduler_job.py:642} INFO - DAG(s) dict_keys(['tutorial_taskflow_api_etl']) retrieved from /home/julio/anaconda3/lib/python3.8/site-packages/airflow/example_dags/tutorial_taskflow_api_etl.py
[2021-07-18 16:42:00,018] {logging_mixin.py:104} INFO - [2021-07-18 16:42:00,018] {dag.py:1833} INFO - Sync 1 DAGs
[2021-07-18 16:42:00,032] {logging_mixin.py:104} INFO - [2021-07-18 16:42:00,032] {dag.py:2306} INFO - Setting next_dagrun for tutorial_taskflow_api_etl to None
[2021-07-18 16:42:00,053] {scheduler_job.py:189} INFO - Processing /home/julio/anaconda3/lib/python3.8/site-packages/airflow/example_dags/tutorial_taskflow_api_etl.py took 0.350 seconds
