[2021-07-18 16:40:55,104] {taskinstance.py:896} INFO - Dependencies all met for <TaskInstance: treino-01.Hello_Python 2021-07-18T19:36:00+00:00 [queued]>
[2021-07-18 16:40:55,108] {taskinstance.py:896} INFO - Dependencies all met for <TaskInstance: treino-01.Hello_Python 2021-07-18T19:36:00+00:00 [queued]>
[2021-07-18 16:40:55,108] {taskinstance.py:1087} INFO - 
--------------------------------------------------------------------------------
[2021-07-18 16:40:55,108] {taskinstance.py:1088} INFO - Starting attempt 1 of 2
[2021-07-18 16:40:55,108] {taskinstance.py:1089} INFO - 
--------------------------------------------------------------------------------
[2021-07-18 16:40:55,129] {taskinstance.py:1107} INFO - Executing <Task(PythonOperator): Hello_Python> on 2021-07-18T19:36:00+00:00
[2021-07-18 16:40:55,132] {standard_task_runner.py:52} INFO - Started process 15942 to run task
[2021-07-18 16:40:55,136] {standard_task_runner.py:76} INFO - Running: ['airflow', 'tasks', 'run', 'treino-01', 'Hello_Python', '2021-07-18T19:36:00+00:00', '--job-id', '43', '--pool', 'default_pool', '--raw', '--subdir', 'DAGS_FOLDER/treino01.py', '--cfg-path', '/tmp/tmpxrvy2k2r', '--error-file', '/tmp/tmpn8midno7']
[2021-07-18 16:40:55,136] {standard_task_runner.py:77} INFO - Job 43: Subtask Hello_Python
[2021-07-18 16:40:55,179] {logging_mixin.py:104} INFO - Running <TaskInstance: treino-01.Hello_Python 2021-07-18T19:36:00+00:00 [running]> on host julio-VirtualBox
[2021-07-18 16:40:55,224] {taskinstance.py:1300} INFO - Exporting the following env vars:
AIRFLOW_CTX_DAG_EMAIL=julio.zeferino@bex-data.com
AIRFLOW_CTX_DAG_OWNER=Neylson - IGTI
AIRFLOW_CTX_DAG_ID=treino-01
AIRFLOW_CTX_TASK_ID=Hello_Python
AIRFLOW_CTX_EXECUTION_DATE=2021-07-18T19:36:00+00:00
AIRFLOW_CTX_DAG_RUN_ID=scheduled__2021-07-18T19:36:00+00:00
[2021-07-18 16:40:55,224] {logging_mixin.py:104} INFO - Hello Airflow from Python
[2021-07-18 16:40:55,224] {python.py:151} INFO - Done. Returned value was: None
[2021-07-18 16:40:55,228] {taskinstance.py:1204} INFO - Marking task as SUCCESS. dag_id=treino-01, task_id=Hello_Python, execution_date=20210718T193600, start_date=20210718T194055, end_date=20210718T194055
[2021-07-18 16:40:55,245] {taskinstance.py:1265} INFO - 0 downstream tasks scheduled from follow-on schedule check
[2021-07-18 16:40:55,251] {local_task_job.py:149} INFO - Task exited with return code 0
