[2021-07-18 16:29:54,336] {taskinstance.py:896} INFO - Dependencies all met for <TaskInstance: treino-01.Hello_Bash 2021-07-18T19:24:00+00:00 [queued]>
[2021-07-18 16:29:54,377] {taskinstance.py:896} INFO - Dependencies all met for <TaskInstance: treino-01.Hello_Bash 2021-07-18T19:24:00+00:00 [queued]>
[2021-07-18 16:29:54,377] {taskinstance.py:1087} INFO - 
--------------------------------------------------------------------------------
[2021-07-18 16:29:54,377] {taskinstance.py:1088} INFO - Starting attempt 1 of 2
[2021-07-18 16:29:54,377] {taskinstance.py:1089} INFO - 
--------------------------------------------------------------------------------
[2021-07-18 16:29:54,396] {taskinstance.py:1107} INFO - Executing <Task(BashOperator): Hello_Bash> on 2021-07-18T19:24:00+00:00
[2021-07-18 16:29:54,399] {standard_task_runner.py:52} INFO - Started process 14729 to run task
[2021-07-18 16:29:54,403] {standard_task_runner.py:76} INFO - Running: ['airflow', 'tasks', 'run', 'treino-01', 'Hello_Bash', '2021-07-18T19:24:00+00:00', '--job-id', '16', '--pool', 'default_pool', '--raw', '--subdir', 'DAGS_FOLDER/treino01.py', '--cfg-path', '/tmp/tmp1d1xy_xb', '--error-file', '/tmp/tmpicegg9sg']
[2021-07-18 16:29:54,404] {standard_task_runner.py:77} INFO - Job 16: Subtask Hello_Bash
[2021-07-18 16:29:54,466] {logging_mixin.py:104} INFO - Running <TaskInstance: treino-01.Hello_Bash 2021-07-18T19:24:00+00:00 [running]> on host julio-VirtualBox
[2021-07-18 16:29:54,544] {taskinstance.py:1300} INFO - Exporting the following env vars:
AIRFLOW_CTX_DAG_EMAIL=julio.zeferino@bex-team.com,julioszeferino@outlook.com.br
AIRFLOW_CTX_DAG_OWNER=Neylson - IGTI
AIRFLOW_CTX_DAG_ID=treino-01
AIRFLOW_CTX_TASK_ID=Hello_Bash
AIRFLOW_CTX_EXECUTION_DATE=2021-07-18T19:24:00+00:00
AIRFLOW_CTX_DAG_RUN_ID=scheduled__2021-07-18T19:24:00+00:00
[2021-07-18 16:29:54,544] {subprocess.py:52} INFO - Tmp dir root location: 
 /tmp
[2021-07-18 16:29:54,545] {subprocess.py:63} INFO - Running command: ['bash', '-c', '\n    echo "Hello Airflow from Bash!\n    ']
[2021-07-18 16:29:54,563] {subprocess.py:74} INFO - Output:
[2021-07-18 16:29:54,563] {subprocess.py:78} INFO - bash: -c: line 1: unexpected EOF while looking for matching `"'
[2021-07-18 16:29:54,563] {subprocess.py:78} INFO - bash: -c: line 3: syntax error: unexpected end of file
[2021-07-18 16:29:54,564] {subprocess.py:82} INFO - Command exited with return code 1
[2021-07-18 16:29:54,569] {taskinstance.py:1501} ERROR - Task failed with exception
Traceback (most recent call last):
  File "/home/julio/anaconda3/lib/python3.8/site-packages/airflow/models/taskinstance.py", line 1157, in _run_raw_task
    self._prepare_and_execute_task_with_callbacks(context, task)
  File "/home/julio/anaconda3/lib/python3.8/site-packages/airflow/models/taskinstance.py", line 1331, in _prepare_and_execute_task_with_callbacks
    result = self._execute_task(context, task_copy)
  File "/home/julio/anaconda3/lib/python3.8/site-packages/airflow/models/taskinstance.py", line 1361, in _execute_task
    result = task_copy.execute(context=context)
  File "/home/julio/anaconda3/lib/python3.8/site-packages/airflow/operators/bash.py", line 176, in execute
    raise AirflowException('Bash command failed. The command returned a non-zero exit code.')
airflow.exceptions.AirflowException: Bash command failed. The command returned a non-zero exit code.
[2021-07-18 16:29:54,577] {taskinstance.py:1544} INFO - Marking task as UP_FOR_RETRY. dag_id=treino-01, task_id=Hello_Bash, execution_date=20210718T192400, start_date=20210718T192954, end_date=20210718T192954
[2021-07-18 16:29:54,656] {local_task_job.py:149} INFO - Task exited with return code 1
