[2021-07-18 16:40:56,589] {taskinstance.py:896} INFO - Dependencies all met for <TaskInstance: treino-01.Hello_Python 2021-07-18T19:38:00+00:00 [queued]>
[2021-07-18 16:40:56,593] {taskinstance.py:896} INFO - Dependencies all met for <TaskInstance: treino-01.Hello_Python 2021-07-18T19:38:00+00:00 [queued]>
[2021-07-18 16:40:56,596] {taskinstance.py:1087} INFO - 
--------------------------------------------------------------------------------
[2021-07-18 16:40:56,597] {taskinstance.py:1088} INFO - Starting attempt 1 of 2
[2021-07-18 16:40:56,597] {taskinstance.py:1089} INFO - 
--------------------------------------------------------------------------------
[2021-07-18 16:40:56,614] {taskinstance.py:1107} INFO - Executing <Task(PythonOperator): Hello_Python> on 2021-07-18T19:38:00+00:00
[2021-07-18 16:40:56,617] {standard_task_runner.py:52} INFO - Started process 15952 to run task
[2021-07-18 16:40:56,622] {standard_task_runner.py:76} INFO - Running: ['airflow', 'tasks', 'run', 'treino-01', 'Hello_Python', '2021-07-18T19:38:00+00:00', '--job-id', '44', '--pool', 'default_pool', '--raw', '--subdir', 'DAGS_FOLDER/treino01.py', '--cfg-path', '/tmp/tmpinc836b1', '--error-file', '/tmp/tmpp6c882v8']
[2021-07-18 16:40:56,623] {standard_task_runner.py:77} INFO - Job 44: Subtask Hello_Python
[2021-07-18 16:40:56,669] {logging_mixin.py:104} INFO - Running <TaskInstance: treino-01.Hello_Python 2021-07-18T19:38:00+00:00 [running]> on host julio-VirtualBox
[2021-07-18 16:40:56,735] {taskinstance.py:1300} INFO - Exporting the following env vars:
AIRFLOW_CTX_DAG_EMAIL=julio.zeferino@bex-data.com
AIRFLOW_CTX_DAG_OWNER=Neylson - IGTI
AIRFLOW_CTX_DAG_ID=treino-01
AIRFLOW_CTX_TASK_ID=Hello_Python
AIRFLOW_CTX_EXECUTION_DATE=2021-07-18T19:38:00+00:00
AIRFLOW_CTX_DAG_RUN_ID=scheduled__2021-07-18T19:38:00+00:00
[2021-07-18 16:40:56,736] {logging_mixin.py:104} INFO - Hello Airflow from Python
[2021-07-18 16:40:56,736] {python.py:151} INFO - Done. Returned value was: None
[2021-07-18 16:40:56,742] {taskinstance.py:1204} INFO - Marking task as SUCCESS. dag_id=treino-01, task_id=Hello_Python, execution_date=20210718T193800, start_date=20210718T194056, end_date=20210718T194056
[2021-07-18 16:40:56,762] {taskinstance.py:1265} INFO - 0 downstream tasks scheduled from follow-on schedule check
[2021-07-18 16:40:56,776] {local_task_job.py:149} INFO - Task exited with return code 0
